<?xml version="1.0" encoding="UTF-8"?>
<!-- Generated by org.testng.reporters.JUnitXMLReporter -->
<testsuite ignored="0" hostname="DESKTOP-LP" failures="11" tests="132" name="Default test" time="1439.307" errors="0" timestamp="2023-06-23T14:05:45 IST">
  <testcase classname="litigationManagement.CFO" name="@BeforeMethod Login" time="8.315">
    <failure type="org.openqa.selenium.NoSuchWindowException" message="no such window: target window already closed
from unknown error: web view not found
  (Session info: chrome=114.0.5735.134)
Build info: version: &amp;apos;3.141.0&amp;apos;, revision: &amp;apos;2ecb7d9a&amp;apos;, time: &amp;apos;2018-10-31T20:09:30&amp;apos;
System info: host: &amp;apos;DESKTOP-LP&amp;apos;, ip: &amp;apos;172.22.32.1&amp;apos;, os.name: &amp;apos;Windows 10&amp;apos;, os.arch: &amp;apos;amd64&amp;apos;, os.version: &amp;apos;10.0&amp;apos;, java.version: &amp;apos;20&amp;apos;
Driver info: org.openqa.selenium.chrome.ChromeDriver
Capabilities {acceptInsecureCerts: false, browserName: chrome, browserVersion: 114.0.5735.134, chrome: {chromedriverVersion: 114.0.5735.90 (386bc09e8f4f..., userDataDir: C:\Users\SNEHAL~1\AppData\L...}, goog:chromeOptions: {debuggerAddress: localhost:51298}, javascriptEnabled: true, networkConnectionEnabled: false, pageLoadStrategy: normal, platform: WINDOWS, platformName: WINDOWS, proxy: Proxy(), setWindowRect: true, strictFileInteractability: false, timeouts: {implicit: 0, pageLoad: 300000, script: 30000}, unhandledPromptBehavior: dismiss and notify, webauthn:extension:credBlob: true, webauthn:extension:largeBlob: true, webauthn:extension:minPinLength: true, webauthn:extension:prf: true, webauthn:virtualAuthenticators: true}
Session ID: 830faab3849604cf1aadde28dcca95a0
*** Element info: {Using=xpath, value=//input[@placeholder=&amp;apos;Password&amp;apos;]}">
      <![CDATA[org.openqa.selenium.NoSuchWindowException: no such window: target window already closed
from unknown error: web view not found
  (Session info: chrome=114.0.5735.134)
Build info: version: '3.141.0', revision: '2ecb7d9a', time: '2018-10-31T20:09:30'
System info: host: 'DESKTOP-LP', ip: '172.22.32.1', os.name: 'Windows 10', os.arch: 'amd64', os.version: '10.0', java.version: '20'
Driver info: org.openqa.selenium.chrome.ChromeDriver
Capabilities {acceptInsecureCerts: false, browserName: chrome, browserVersion: 114.0.5735.134, chrome: {chromedriverVersion: 114.0.5735.90 (386bc09e8f4f..., userDataDir: C:\Users\SNEHAL~1\AppData\L...}, goog:chromeOptions: {debuggerAddress: localhost:51298}, javascriptEnabled: true, networkConnectionEnabled: false, pageLoadStrategy: normal, platform: WINDOWS, platformName: WINDOWS, proxy: Proxy(), setWindowRect: true, strictFileInteractability: false, timeouts: {implicit: 0, pageLoad: 300000, script: 30000}, unhandledPromptBehavior: dismiss and notify, webauthn:extension:credBlob: true, webauthn:extension:largeBlob: true, webauthn:extension:minPinLength: true, webauthn:extension:prf: true, webauthn:virtualAuthenticators: true}
Session ID: 830faab3849604cf1aadde28dcca95a0
*** Element info: {Using=xpath, value=//input[@placeholder='Password']}
at java.base/jdk.internal.reflect.DirectConstructorHandleAccessor.newInstance(DirectConstructorHandleAccessor.java:67)
at java.base/java.lang.reflect.Constructor.newInstanceWithCaller(Constructor.java:500)
at java.base/java.lang.reflect.Constructor.newInstance(Constructor.java:484)
at org.openqa.selenium.remote.http.W3CHttpResponseCodec.createException(W3CHttpResponseCodec.java:187)
at org.openqa.selenium.remote.http.W3CHttpResponseCodec.decode(W3CHttpResponseCodec.java:122)
at org.openqa.selenium.remote.http.W3CHttpResponseCodec.decode(W3CHttpResponseCodec.java:49)
at org.openqa.selenium.remote.HttpCommandExecutor.execute(HttpCommandExecutor.java:158)
at org.openqa.selenium.remote.service.DriverCommandExecutor.execute(DriverCommandExecutor.java:83)
at org.openqa.selenium.remote.RemoteWebDriver.execute(RemoteWebDriver.java:552)
at org.openqa.selenium.remote.RemoteWebDriver.findElement(RemoteWebDriver.java:323)
at org.openqa.selenium.remote.RemoteWebDriver.findElementByXPath(RemoteWebDriver.java:428)
at org.openqa.selenium.By$ByXPath.findElement(By.java:353)
at org.openqa.selenium.remote.RemoteWebDriver.findElement(RemoteWebDriver.java:315)
at login.LoginPOM.setPassword(LoginPOM.java:28)
at login.Login.UserLogin(Login.java:82)
at litigationManagement.CFO.Login(CFO.java:98)
at java.base/jdk.internal.reflect.DirectMethodHandleAccessor.invoke(DirectMethodHandleAccessor.java:104)
at java.base/java.lang.reflect.Method.invoke(Method.java:578)
at org.testng.internal.MethodInvocationHelper.invokeMethod(MethodInvocationHelper.java:133)
at org.testng.internal.MethodInvocationHelper.invokeMethodConsideringTimeout(MethodInvocationHelper.java:62)
at org.testng.internal.ConfigInvoker.invokeConfigurationMethod(ConfigInvoker.java:385)
at org.testng.internal.ConfigInvoker.invokeConfigurations(ConfigInvoker.java:321)
at org.testng.internal.TestInvoker.runConfigMethods(TestInvoker.java:700)
at org.testng.internal.TestInvoker.invokeMethod(TestInvoker.java:527)
at org.testng.internal.TestInvoker.invokeTestMethod(TestInvoker.java:173)
at org.testng.internal.MethodRunner.runInSequence(MethodRunner.java:46)
at org.testng.internal.TestInvoker$MethodInvocationAgent.invoke(TestInvoker.java:824)
at org.testng.internal.TestInvoker.invokeTestMethods(TestInvoker.java:146)
at org.testng.internal.TestMethodWorker.invokeTestMethods(TestMethodWorker.java:146)
at org.testng.internal.TestMethodWorker.run(TestMethodWorker.java:128)
at java.base/java.util.ArrayList.forEach(ArrayList.java:1511)
at org.testng.TestRunner.privateRun(TestRunner.java:794)
at org.testng.TestRunner.run(TestRunner.java:596)
at org.testng.SuiteRunner.runTest(SuiteRunner.java:377)
at org.testng.SuiteRunner.runSequentially(SuiteRunner.java:371)
at org.testng.SuiteRunner.privateRun(SuiteRunner.java:332)
at org.testng.SuiteRunner.run(SuiteRunner.java:276)
at org.testng.SuiteRunnerWorker.runSuite(SuiteRunnerWorker.java:53)
at org.testng.SuiteRunnerWorker.run(SuiteRunnerWorker.java:96)
at org.testng.TestNG.runSuitesSequentially(TestNG.java:1212)
at org.testng.TestNG.runSuitesLocally(TestNG.java:1134)
at org.testng.TestNG.runSuites(TestNG.java:1063)
at org.testng.TestNG.run(TestNG.java:1031)
at org.testng.remote.AbstractRemoteTestNG.run(AbstractRemoteTestNG.java:115)
at org.testng.remote.RemoteTestNG.initAndRun(RemoteTestNG.java:251)
at org.testng.remote.RemoteTestNG.main(RemoteTestNG.java:77)
]]>
    </failure>
  </testcase> <!-- @BeforeMethod Login -->
  <testcase classname="litigationManagement.CFO" name="@AfterMethod Close" time="-1.687509343498E9">
    <skipped/>
  </testcase> <!-- @AfterMethod Close -->
  <testcase classname="litigationManagement.CFO" name="@BeforeMethod Login" time="-1.6875093435E9">
    <skipped/>
  </testcase> <!-- @BeforeMethod Login -->
  <testcase classname="litigationManagement.CFO" name="@AfterMethod Close" time="-1.687509343504E9">
    <skipped/>
  </testcase> <!-- @AfterMethod Close -->
  <testcase classname="litigationManagement.CFO" name="@BeforeMethod Login" time="-1.687509343505E9">
    <skipped/>
  </testcase> <!-- @BeforeMethod Login -->
  <testcase classname="litigationManagement.CFO" name="@AfterMethod Close" time="-1.68750934351E9">
    <skipped/>
  </testcase> <!-- @AfterMethod Close -->
  <testcase classname="litigationManagement.CFO" name="@BeforeMethod Login" time="-1.687509343512E9">
    <skipped/>
  </testcase> <!-- @BeforeMethod Login -->
  <testcase classname="litigationManagement.CFO" name="@AfterMethod Close" time="-1.68750934353E9">
    <skipped/>
  </testcase> <!-- @AfterMethod Close -->
  <testcase classname="litigationManagement.CFO" name="@BeforeMethod Login" time="-1.687509343533E9">
    <skipped/>
  </testcase> <!-- @BeforeMethod Login -->
  <testcase classname="litigationManagement.CFO" name="@AfterMethod Close" time="-1.687509343538E9">
    <skipped/>
  </testcase> <!-- @AfterMethod Close -->
  <testcase classname="litigationManagement.CFO" name="@BeforeMethod Login" time="-1.687509343541E9">
    <skipped/>
  </testcase> <!-- @BeforeMethod Login -->
  <testcase classname="litigationManagement.CFO" name="@AfterMethod Close" time="-1.687509343545E9">
    <skipped/>
  </testcase> <!-- @AfterMethod Close -->
  <testcase classname="litigationManagement.CFO" name="@BeforeMethod Login" time="-1.68750934355E9">
    <skipped/>
  </testcase> <!-- @BeforeMethod Login -->
  <testcase classname="litigationManagement.CFO" name="@AfterMethod Close" time="-1.687509343555E9">
    <skipped/>
  </testcase> <!-- @AfterMethod Close -->
  <testcase classname="litigationManagement.CFO" name="@BeforeMethod Login" time="-1.687509343559E9">
    <skipped/>
  </testcase> <!-- @BeforeMethod Login -->
  <testcase classname="litigationManagement.CFO" name="@AfterMethod Close" time="-1.687509343575E9">
    <skipped/>
  </testcase> <!-- @AfterMethod Close -->
  <testcase classname="litigationManagement.CFO" name="@BeforeMethod Login" time="-1.68750934358E9">
    <skipped/>
  </testcase> <!-- @BeforeMethod Login -->
  <testcase classname="litigationManagement.CFO" name="@AfterMethod Close" time="-1.687509343592E9">
    <skipped/>
  </testcase> <!-- @AfterMethod Close -->
  <testcase classname="litigationManagement.CFO" name="@BeforeMethod Login" time="-1.687509343595E9">
    <skipped/>
  </testcase> <!-- @BeforeMethod Login -->
  <testcase classname="litigationManagement.CFO" name="@AfterMethod Close" time="-1.687509343603E9">
    <skipped/>
  </testcase> <!-- @AfterMethod Close -->
  <testcase classname="litigationManagement.CFO" name="@BeforeMethod Login" time="-1.687509343611E9">
    <skipped/>
  </testcase> <!-- @BeforeMethod Login -->
  <testcase classname="litigationManagement.CFO" name="@AfterMethod Close" time="-1.687509343627E9">
    <skipped/>
  </testcase> <!-- @AfterMethod Close -->
  <testcase classname="litigationManagement.CFO" name="@BeforeMethod Login" time="-1.687509343633E9">
    <skipped/>
  </testcase> <!-- @BeforeMethod Login -->
  <testcase classname="litigationManagement.CFO" name="@AfterMethod Close" time="-1.687509343642E9">
    <skipped/>
  </testcase> <!-- @AfterMethod Close -->
  <testcase classname="litigationManagement.CFO" name="@BeforeMethod Login" time="-1.687509343647E9">
    <skipped/>
  </testcase> <!-- @BeforeMethod Login -->
  <testcase classname="litigationManagement.CFO" name="@AfterMethod Close" time="-1.687509343657E9">
    <skipped/>
  </testcase> <!-- @AfterMethod Close -->
  <testcase classname="litigationManagement.CFO" name="@BeforeMethod Login" time="-1.687509343662E9">
    <skipped/>
  </testcase> <!-- @BeforeMethod Login -->
  <testcase classname="litigationManagement.CFO" name="@AfterMethod Close" time="-1.687509343667E9">
    <skipped/>
  </testcase> <!-- @AfterMethod Close -->
  <testcase classname="litigationManagement.CFO" name="@BeforeMethod Login" time="-1.687509343673E9">
    <skipped/>
  </testcase> <!-- @BeforeMethod Login -->
  <testcase classname="litigationManagement.CFO" name="@AfterMethod Close" time="-1.68750934368E9">
    <skipped/>
  </testcase> <!-- @AfterMethod Close -->
  <testcase classname="litigationManagement.CFO" name="@BeforeMethod Login" time="-1.687509343684E9">
    <skipped/>
  </testcase> <!-- @BeforeMethod Login -->
  <testcase classname="litigationManagement.CFO" name="@AfterMethod Close" time="-1.687509343691E9">
    <skipped/>
  </testcase> <!-- @AfterMethod Close -->
  <testcase classname="litigationManagement.CFO" name="@BeforeMethod Login" time="-1.687509343697E9">
    <skipped/>
  </testcase> <!-- @BeforeMethod Login -->
  <testcase classname="litigationManagement.CFO" name="@AfterMethod Close" time="-1.687509343708E9">
    <skipped/>
  </testcase> <!-- @AfterMethod Close -->
  <testcase classname="litigationManagement.CFO" name="@BeforeMethod Login" time="-1.687509343728E9">
    <skipped/>
  </testcase> <!-- @BeforeMethod Login -->
  <testcase classname="litigationManagement.CFO" name="@AfterMethod Close" time="-1.68750934376E9">
    <skipped/>
  </testcase> <!-- @AfterMethod Close -->
  <testcase classname="litigationManagement.CFO" name="@BeforeMethod Login" time="-1.687509343769E9">
    <skipped/>
  </testcase> <!-- @BeforeMethod Login -->
  <testcase classname="litigationManagement.CFO" name="@AfterMethod Close" time="-1.687509343793E9">
    <skipped/>
  </testcase> <!-- @AfterMethod Close -->
  <testcase classname="litigationManagement.CFO" name="@BeforeMethod Login" time="-1.687509343796E9">
    <skipped/>
  </testcase> <!-- @BeforeMethod Login -->
  <testcase classname="litigationManagement.CFO" name="@AfterMethod Close" time="-1.687509343804E9">
    <skipped/>
  </testcase> <!-- @AfterMethod Close -->
  <testcase classname="litigationManagement.CFO" name="@BeforeMethod Login" time="-1.687509343809E9">
    <skipped/>
  </testcase> <!-- @BeforeMethod Login -->
  <testcase classname="litigationManagement.CFO" name="@AfterMethod Close" time="-1.687509343822E9">
    <skipped/>
  </testcase> <!-- @AfterMethod Close -->
  <testcase classname="litigationManagement.CFO" name="@BeforeMethod Login" time="-1.687509343823E9">
    <skipped/>
  </testcase> <!-- @BeforeMethod Login -->
  <testcase classname="litigationManagement.CFO" name="@AfterMethod Close" time="-1.687509343849E9">
    <skipped/>
  </testcase> <!-- @AfterMethod Close -->
  <testcase classname="litigationManagement.CFO" name="@BeforeMethod Login" time="-1.687509343854E9">
    <skipped/>
  </testcase> <!-- @BeforeMethod Login -->
  <testcase classname="litigationManagement.CFO" name="@AfterMethod Close" time="-1.687509343861E9">
    <skipped/>
  </testcase> <!-- @AfterMethod Close -->
  <testcase classname="litigationManagement.CFO" name="@BeforeMethod Login" time="-1.687509343867E9">
    <skipped/>
  </testcase> <!-- @BeforeMethod Login -->
  <testcase classname="litigationManagement.CFO" name="@AfterMethod Close" time="-1.687509343873E9">
    <skipped/>
  </testcase> <!-- @AfterMethod Close -->
  <testcase classname="litigationManagement.CFO" name="@BeforeMethod Login" time="-1.687509343888E9">
    <skipped/>
  </testcase> <!-- @BeforeMethod Login -->
  <testcase classname="litigationManagement.CFO" name="@AfterMethod Close" time="-1.687509343892E9">
    <skipped/>
  </testcase> <!-- @AfterMethod Close -->
  <testcase classname="litigationManagement.CFO" name="@BeforeMethod Login" time="-1.687509343897E9">
    <skipped/>
  </testcase> <!-- @BeforeMethod Login -->
  <testcase classname="litigationManagement.CFO" name="@AfterMethod Close" time="-1.687509343907E9">
    <skipped/>
  </testcase> <!-- @AfterMethod Close -->
  <testcase classname="litigationManagement.CFO" name="@BeforeMethod Login" time="-1.68750934391E9">
    <skipped/>
  </testcase> <!-- @BeforeMethod Login -->
  <testcase classname="litigationManagement.CFO" name="@AfterMethod Close" time="-1.687509343924E9">
    <skipped/>
  </testcase> <!-- @AfterMethod Close -->
  <testcase classname="litigationManagement.CFO" name="@BeforeMethod Login" time="-1.687509343929E9">
    <skipped/>
  </testcase> <!-- @BeforeMethod Login -->
  <testcase classname="litigationManagement.CFO" name="@AfterMethod Close" time="-1.687509343947E9">
    <skipped/>
  </testcase> <!-- @AfterMethod Close -->
  <testcase classname="litigationManagement.CFO" name="@BeforeMethod Login" time="-1.687509343951E9">
    <skipped/>
  </testcase> <!-- @BeforeMethod Login -->
  <testcase classname="litigationManagement.CFO" name="@AfterMethod Close" time="-1.687509343957E9">
    <skipped/>
  </testcase> <!-- @AfterMethod Close -->
  <testcase classname="litigationManagement.CFO" name="@BeforeMethod Login" time="-1.687509343959E9">
    <skipped/>
  </testcase> <!-- @BeforeMethod Login -->
  <testcase classname="litigationManagement.CFO" name="@AfterMethod Close" time="-1.687509343963E9">
    <skipped/>
  </testcase> <!-- @AfterMethod Close -->
  <testcase classname="litigationManagement.CFO" name="@BeforeMethod Login" time="-1.687509343966E9">
    <skipped/>
  </testcase> <!-- @BeforeMethod Login -->
  <testcase classname="litigationManagement.CFO" name="@AfterMethod Close" time="-1.687509343971E9">
    <skipped/>
  </testcase> <!-- @AfterMethod Close -->
  <testcase classname="litigationManagement.CFO" name="@BeforeMethod Login" time="-1.687509343985E9">
    <skipped/>
  </testcase> <!-- @BeforeMethod Login -->
  <testcase classname="litigationManagement.CFO" name="@AfterMethod Close" time="-1.687509344001E9">
    <skipped/>
  </testcase> <!-- @AfterMethod Close -->
  <testcase classname="litigationManagement.CFO" name="@BeforeMethod Login" time="-1.68750934401E9">
    <skipped/>
  </testcase> <!-- @BeforeMethod Login -->
  <testcase classname="litigationManagement.CFO" name="@AfterMethod Close" time="-1.687509344029E9">
    <skipped/>
  </testcase> <!-- @AfterMethod Close -->
  <testcase classname="litigationManagement.CFO" name="@BeforeMethod Login" time="-1.687509344031E9">
    <skipped/>
  </testcase> <!-- @BeforeMethod Login -->
  <testcase classname="litigationManagement.CFO" name="@AfterMethod Close" time="-1.687509344039E9">
    <skipped/>
  </testcase> <!-- @AfterMethod Close -->
  <testcase classname="litigationManagement.CFO" name="@BeforeMethod Login" time="-1.687509344043E9">
    <skipped/>
  </testcase> <!-- @BeforeMethod Login -->
  <testcase classname="litigationManagement.CFO" name="@AfterMethod Close" time="-1.687509344052E9">
    <skipped/>
  </testcase> <!-- @AfterMethod Close -->
  <testcase classname="litigationManagement.CFO" name="@BeforeMethod Login" time="-1.687509344057E9">
    <skipped/>
  </testcase> <!-- @BeforeMethod Login -->
  <testcase classname="litigationManagement.CFO" name="@AfterMethod Close" time="-1.687509344089E9">
    <skipped/>
  </testcase> <!-- @AfterMethod Close -->
  <testcase classname="litigationManagement.CFO" name="@BeforeMethod Login" time="-1.687509344092E9">
    <skipped/>
  </testcase> <!-- @BeforeMethod Login -->
  <testcase classname="litigationManagement.CFO" name="@AfterMethod Close" time="-1.687509344102E9">
    <skipped/>
  </testcase> <!-- @AfterMethod Close -->
  <testcase classname="litigationManagement.CFO" name="@BeforeMethod Login" time="-1.687509344108E9">
    <skipped/>
  </testcase> <!-- @BeforeMethod Login -->
  <testcase classname="litigationManagement.CFO" name="@AfterMethod Close" time="-1.687509344114E9">
    <skipped/>
  </testcase> <!-- @AfterMethod Close -->
  <testcase classname="litigationManagement.CFO" name="@BeforeMethod Login" time="-1.687509344119E9">
    <skipped/>
  </testcase> <!-- @BeforeMethod Login -->
  <testcase classname="litigationManagement.CFO" name="@AfterMethod Close" time="-1.687509344123E9">
    <skipped/>
  </testcase> <!-- @AfterMethod Close -->
  <testcase classname="litigationManagement.CFO" name="@BeforeMethod Login" time="-1.687509344125E9">
    <skipped/>
  </testcase> <!-- @BeforeMethod Login -->
  <testcase classname="litigationManagement.CFO" name="@AfterMethod Close" time="-1.687509344129E9">
    <skipped/>
  </testcase> <!-- @AfterMethod Close -->
  <testcase classname="litigationManagement.CFO" name="@BeforeMethod Login" time="-1.68750934413E9">
    <skipped/>
  </testcase> <!-- @BeforeMethod Login -->
  <testcase classname="litigationManagement.CFO" name="@AfterMethod Close" time="-1.687509344134E9">
    <skipped/>
  </testcase> <!-- @AfterMethod Close -->
  <testcase classname="litigationManagement.CFO" name="@BeforeMethod Login" time="-1.687509344138E9">
    <skipped/>
  </testcase> <!-- @BeforeMethod Login -->
  <testcase classname="litigationManagement.CFO" name="@AfterMethod Close" time="-1.687509344141E9">
    <skipped/>
  </testcase> <!-- @AfterMethod Close -->
  <testcase classname="litigationManagement.CFO" name="@BeforeMethod Login" time="-1.687509344143E9">
    <skipped/>
  </testcase> <!-- @BeforeMethod Login -->
  <testcase classname="litigationManagement.CFO" name="@AfterMethod Close" time="-1.687509344146E9">
    <skipped/>
  </testcase> <!-- @AfterMethod Close -->
  <testcase classname="litigationManagement.CFO" name="@BeforeMethod Login" time="-1.687509344153E9">
    <skipped/>
  </testcase> <!-- @BeforeMethod Login -->
  <testcase classname="litigationManagement.CFO" name="@AfterMethod Close" time="-1.687509344159E9">
    <skipped/>
  </testcase> <!-- @AfterMethod Close -->
  <testcase classname="litigationManagement.CFO" name="@BeforeMethod Login" time="-1.68750934416E9">
    <skipped/>
  </testcase> <!-- @BeforeMethod Login -->
  <testcase classname="litigationManagement.CFO" name="@AfterMethod Close" time="-1.687509344164E9">
    <skipped/>
  </testcase> <!-- @AfterMethod Close -->
  <testcase classname="litigationManagement.CFO" name="@BeforeMethod Login" time="-1.68750934417E9">
    <skipped/>
  </testcase> <!-- @BeforeMethod Login -->
  <testcase classname="litigationManagement.CFO" name="@AfterMethod Close" time="-1.687509344174E9">
    <skipped/>
  </testcase> <!-- @AfterMethod Close -->
  <testcase classname="litigationManagement.CFO" name="@BeforeMethod Login" time="-1.687509344176E9">
    <skipped/>
  </testcase> <!-- @BeforeMethod Login -->
  <testcase classname="litigationManagement.CFO" name="@AfterMethod Close" time="-1.68750934418E9">
    <skipped/>
  </testcase> <!-- @AfterMethod Close -->
  <testcase classname="litigationManagement.CFO" name="@BeforeMethod Login" time="-1.687509344187E9">
    <skipped/>
  </testcase> <!-- @BeforeMethod Login -->
  <testcase classname="litigationManagement.CFO" name="@AfterMethod Close" time="-1.6875093442E9">
    <skipped/>
  </testcase> <!-- @AfterMethod Close -->
  <testcase classname="litigationManagement.CFO" name="@BeforeMethod Login" time="-1.687509344201E9">
    <skipped/>
  </testcase> <!-- @BeforeMethod Login -->
  <testcase classname="litigationManagement.CFO" name="@AfterMethod Close" time="-1.687509344211E9">
    <skipped/>
  </testcase> <!-- @AfterMethod Close -->
  <testcase classname="litigationManagement.CFO" name="@BeforeMethod Login" time="-1.687509344223E9">
    <skipped/>
  </testcase> <!-- @BeforeMethod Login -->
  <testcase classname="litigationManagement.CFO" name="@AfterMethod Close" time="-1.687509344235E9">
    <skipped/>
  </testcase> <!-- @AfterMethod Close -->
  <testcase classname="litigationManagement.CFO" name="@BeforeMethod Login" time="-1.687509344251E9">
    <skipped/>
  </testcase> <!-- @BeforeMethod Login -->
  <testcase classname="litigationManagement.CFO" name="@AfterMethod Close" time="-1.687509344264E9">
    <skipped/>
  </testcase> <!-- @AfterMethod Close -->
  <testcase classname="litigationManagement.CFO" name="@BeforeMethod Login" time="-1.687509344267E9">
    <skipped/>
  </testcase> <!-- @BeforeMethod Login -->
  <testcase classname="litigationManagement.CFO" name="@AfterMethod Close" time="-1.687509344297E9">
    <skipped/>
  </testcase> <!-- @AfterMethod Close -->
  <testcase classname="litigationManagement.CFO" name="@BeforeMethod Login" time="-1.6875093443E9">
    <skipped/>
  </testcase> <!-- @BeforeMethod Login -->
  <testcase classname="litigationManagement.CFO" name="@AfterMethod Close" time="-1.687509344303E9">
    <skipped/>
  </testcase> <!-- @AfterMethod Close -->
  <testcase classname="litigationManagement.CFO" name="@BeforeMethod Login" time="-1.687509344306E9">
    <skipped/>
  </testcase> <!-- @BeforeMethod Login -->
  <testcase classname="litigationManagement.CFO" name="@AfterMethod Close" time="-1.687509344311E9">
    <skipped/>
  </testcase> <!-- @AfterMethod Close -->
  <testcase classname="litigationManagement.CFO" name="@BeforeMethod Login" time="-1.687509344313E9">
    <skipped/>
  </testcase> <!-- @BeforeMethod Login -->
  <testcase classname="litigationManagement.CFO" name="@AfterMethod Close" time="-1.687509344367E9">
    <skipped/>
  </testcase> <!-- @AfterMethod Close -->
  <testcase classname="litigationManagement.CFO" name="@BeforeMethod Login" time="-1.687509344369E9">
    <skipped/>
  </testcase> <!-- @BeforeMethod Login -->
  <testcase classname="litigationManagement.CFO" name="@AfterMethod Close" time="-1.687509344379E9">
    <skipped/>
  </testcase> <!-- @AfterMethod Close -->
  <testcase classname="litigationManagement.CFO" name="@BeforeMethod Login" time="-1.68750934438E9">
    <skipped/>
  </testcase> <!-- @BeforeMethod Login -->
  <testcase classname="litigationManagement.CFO" name="@AfterMethod Close" time="-1.687509344386E9">
    <skipped/>
  </testcase> <!-- @AfterMethod Close -->
  <testcase classname="litigationManagement.CFO" name="@BeforeMethod Login" time="-1.687509344387E9">
    <skipped/>
  </testcase> <!-- @BeforeMethod Login -->
  <testcase classname="litigationManagement.CFO" name="@AfterMethod Close" time="-1.687509344391E9">
    <skipped/>
  </testcase> <!-- @AfterMethod Close -->
  <testcase classname="litigationManagement.CFO" name="@BeforeMethod Login" time="-1.687509344397E9">
    <skipped/>
  </testcase> <!-- @BeforeMethod Login -->
  <testcase classname="litigationManagement.CFO" name="@AfterMethod Close" time="-1.687509344407E9">
    <skipped/>
  </testcase> <!-- @AfterMethod Close -->
  <testcase classname="litigationManagement.CFO" name="@BeforeMethod Login" time="-1.68750934441E9">
    <skipped/>
  </testcase> <!-- @BeforeMethod Login -->
  <testcase classname="litigationManagement.CFO" name="@AfterMethod Close" time="-1.687509344436E9">
    <skipped/>
  </testcase> <!-- @AfterMethod Close -->
  <testcase classname="litigationManagement.CFO" name="@BeforeMethod Login" time="-1.687509344453E9">
    <skipped/>
  </testcase> <!-- @BeforeMethod Login -->
  <testcase classname="litigationManagement.CFO" name="@AfterMethod Close" time="-1.687509344461E9">
    <skipped/>
  </testcase> <!-- @AfterMethod Close -->
  <testcase classname="litigationManagement.CFO" name="@BeforeMethod Login" time="-1.687509344492E9">
    <skipped/>
  </testcase> <!-- @BeforeMethod Login -->
  <testcase classname="litigationManagement.CFO" name="@AfterMethod Close" time="-1.6875093445E9">
    <skipped/>
  </testcase> <!-- @AfterMethod Close -->
  <testcase classname="litigationManagement.CFO" name="@BeforeMethod Login" time="-1.687509344501E9">
    <skipped/>
  </testcase> <!-- @BeforeMethod Login -->
  <testcase classname="litigationManagement.CFO" name="@AfterMethod Close" time="-1.687509344506E9">
    <skipped/>
  </testcase> <!-- @AfterMethod Close -->
  <testcase classname="litigationManagement.CFO" name="@BeforeMethod Login" time="-1.687509344508E9">
    <skipped/>
  </testcase> <!-- @BeforeMethod Login -->
  <testcase classname="litigationManagement.CFO" name="@AfterMethod Close" time="-1.687509344512E9">
    <skipped/>
  </testcase> <!-- @AfterMethod Close -->
  <testcase classname="litigationManagement.CFO" name="@BeforeMethod Login" time="-1.687509344514E9">
    <skipped/>
  </testcase> <!-- @BeforeMethod Login -->
  <testcase classname="litigationManagement.CFO" name="@AfterMethod Close" time="-1.687509344523E9">
    <skipped/>
  </testcase> <!-- @AfterMethod Close -->
  <testcase classname="litigationManagement.CFO" name="@BeforeMethod Login" time="-1.687509344526E9">
    <skipped/>
  </testcase> <!-- @BeforeMethod Login -->
  <testcase classname="litigationManagement.CFO" name="@AfterMethod Close" time="-1.68750934453E9">
    <skipped/>
  </testcase> <!-- @AfterMethod Close -->
  <testcase classname="litigationManagement.CFO" name="@BeforeMethod Login" time="-1.687509344533E9">
    <skipped/>
  </testcase> <!-- @BeforeMethod Login -->
  <testcase classname="litigationManagement.CFO" name="@AfterMethod Close" time="-1.687509344539E9">
    <skipped/>
  </testcase> <!-- @AfterMethod Close -->
  <testcase classname="litigationManagement.CFO" name="@BeforeMethod Login" time="-1.687509344541E9">
    <skipped/>
  </testcase> <!-- @BeforeMethod Login -->
  <testcase classname="litigationManagement.CFO" name="@AfterMethod Close" time="-1.68750934455E9">
    <skipped/>
  </testcase> <!-- @AfterMethod Close -->
  <testcase classname="litigationManagement.CFO" name="@BeforeMethod Login" time="-1.687509344552E9">
    <skipped/>
  </testcase> <!-- @BeforeMethod Login -->
  <testcase classname="litigationManagement.CFO" name="@AfterMethod Close" time="-1.687509344554E9">
    <skipped/>
  </testcase> <!-- @AfterMethod Close -->
  <testcase classname="litigationManagement.CFO" name="@BeforeMethod Login" time="-1.687509344556E9">
    <skipped/>
  </testcase> <!-- @BeforeMethod Login -->
  <testcase classname="litigationManagement.CFO" name="@AfterMethod Close" time="-1.687509344561E9">
    <skipped/>
  </testcase> <!-- @AfterMethod Close -->
  <testcase classname="litigationManagement.CFO" name="@BeforeMethod Login" time="-1.687509344563E9">
    <skipped/>
  </testcase> <!-- @BeforeMethod Login -->
  <testcase classname="litigationManagement.CFO" name="@AfterMethod Close" time="-1.687509344568E9">
    <skipped/>
  </testcase> <!-- @AfterMethod Close -->
  <testcase classname="litigationManagement.CFO" name="@BeforeMethod Login" time="-1.68750934457E9">
    <skipped/>
  </testcase> <!-- @BeforeMethod Login -->
  <testcase classname="litigationManagement.CFO" name="@AfterMethod Close" time="-1.687509344573E9">
    <skipped/>
  </testcase> <!-- @AfterMethod Close -->
  <testcase classname="litigationManagement.CFO" name="@BeforeMethod Login" time="-1.687509344574E9">
    <skipped/>
  </testcase> <!-- @BeforeMethod Login -->
  <testcase classname="litigationManagement.CFO" name="@AfterMethod Close" time="-1.687509344578E9">
    <skipped/>
  </testcase> <!-- @AfterMethod Close -->
  <testcase classname="litigationManagement.CFO" name="@BeforeMethod Login" time="-1.687509344579E9">
    <skipped/>
  </testcase> <!-- @BeforeMethod Login -->
  <testcase classname="litigationManagement.CFO" name="@AfterMethod Close" time="-1.687509344584E9">
    <skipped/>
  </testcase> <!-- @AfterMethod Close -->
  <testcase classname="litigationManagement.CFO" name="@BeforeMethod Login" time="-1.687509344585E9">
    <skipped/>
  </testcase> <!-- @BeforeMethod Login -->
  <testcase classname="litigationManagement.CFO" name="@AfterMethod Close" time="-1.68750934459E9">
    <skipped/>
  </testcase> <!-- @AfterMethod Close -->
  <testcase classname="litigationManagement.CFO" name="@BeforeMethod Login" time="-1.687509344591E9">
    <skipped/>
  </testcase> <!-- @BeforeMethod Login -->
  <testcase classname="litigationManagement.CFO" name="@AfterMethod Close" time="-1.687509344597E9">
    <skipped/>
  </testcase> <!-- @AfterMethod Close -->
  <testcase classname="litigationManagement.CFO" name="@BeforeMethod Login" time="-1.687509344602E9">
    <skipped/>
  </testcase> <!-- @BeforeMethod Login -->
  <testcase classname="litigationManagement.CFO" name="@AfterMethod Close" time="-1.687509344606E9">
    <skipped/>
  </testcase> <!-- @AfterMethod Close -->
  <testcase classname="litigationManagement.CFO" name="@BeforeMethod Login" time="-1.687509344607E9">
    <skipped/>
  </testcase> <!-- @BeforeMethod Login -->
  <testcase classname="litigationManagement.CFO" name="@AfterMethod Close" time="-1.68750934461E9">
    <skipped/>
  </testcase> <!-- @AfterMethod Close -->
  <testcase classname="litigationManagement.CFO" name="@BeforeMethod Login" time="-1.687509344612E9">
    <skipped/>
  </testcase> <!-- @BeforeMethod Login -->
  <testcase classname="litigationManagement.CFO" name="@AfterMethod Close" time="-1.687509344617E9">
    <skipped/>
  </testcase> <!-- @AfterMethod Close -->
  <testcase classname="litigationManagement.CFO" name="@BeforeMethod Login" time="-1.687509344619E9">
    <skipped/>
  </testcase> <!-- @BeforeMethod Login -->
  <testcase classname="litigationManagement.CFO" name="@AfterMethod Close" time="-1.687509344623E9">
    <skipped/>
  </testcase> <!-- @AfterMethod Close -->
  <testcase classname="litigationManagement.CFO" name="@BeforeMethod Login" time="-1.687509344624E9">
    <skipped/>
  </testcase> <!-- @BeforeMethod Login -->
  <testcase classname="litigationManagement.CFO" name="@AfterMethod Close" time="-1.687509344628E9">
    <skipped/>
  </testcase> <!-- @AfterMethod Close -->
  <testcase classname="litigationManagement.CFO" name="@BeforeMethod Login" time="-1.68750934463E9">
    <skipped/>
  </testcase> <!-- @BeforeMethod Login -->
  <testcase classname="litigationManagement.CFO" name="@AfterMethod Close" time="-1.687509344635E9">
    <skipped/>
  </testcase> <!-- @AfterMethod Close -->
  <testcase classname="litigationManagement.CFO" name="@BeforeMethod Login" time="-1.687509344637E9">
    <skipped/>
  </testcase> <!-- @BeforeMethod Login -->
  <testcase classname="litigationManagement.CFO" name="@AfterMethod Close" time="-1.687509344642E9">
    <skipped/>
  </testcase> <!-- @AfterMethod Close -->
  <testcase classname="litigationManagement.CFO" name="@BeforeMethod Login" time="-1.687509344643E9">
    <skipped/>
  </testcase> <!-- @BeforeMethod Login -->
  <testcase classname="litigationManagement.CFO" name="@AfterMethod Close" time="-1.687509344647E9">
    <skipped/>
  </testcase> <!-- @AfterMethod Close -->
  <testcase classname="litigationManagement.CFO" name="@BeforeMethod Login" time="-1.687509344652E9">
    <skipped/>
  </testcase> <!-- @BeforeMethod Login -->
  <testcase classname="litigationManagement.CFO" name="@AfterMethod Close" time="-1.687509344655E9">
    <skipped/>
  </testcase> <!-- @AfterMethod Close -->
  <testcase classname="litigationManagement.CFO" name="@BeforeMethod Login" time="-1.68750934466E9">
    <skipped/>
  </testcase> <!-- @BeforeMethod Login -->
  <testcase classname="litigationManagement.CFO" name="@AfterMethod Close" time="-1.68750934467E9">
    <skipped/>
  </testcase> <!-- @AfterMethod Close -->
  <testcase classname="litigationManagement.CFO" name="@BeforeMethod Login" time="-1.687509344671E9">
    <skipped/>
  </testcase> <!-- @BeforeMethod Login -->
  <testcase classname="litigationManagement.CFO" name="@AfterMethod Close" time="-1.687509344674E9">
    <skipped/>
  </testcase> <!-- @AfterMethod Close -->
  <testcase classname="litigationManagement.CFO" name="@BeforeMethod Login" time="-1.687509344676E9">
    <skipped/>
  </testcase> <!-- @BeforeMethod Login -->
  <testcase classname="litigationManagement.CFO" name="@AfterMethod Close" time="-1.687509344681E9">
    <skipped/>
  </testcase> <!-- @AfterMethod Close -->
  <testcase classname="litigationManagement.CFO" name="@BeforeMethod Login" time="-1.687509344683E9">
    <skipped/>
  </testcase> <!-- @BeforeMethod Login -->
  <testcase classname="litigationManagement.CFO" name="@AfterMethod Close" time="-1.687509344687E9">
    <skipped/>
  </testcase> <!-- @AfterMethod Close -->
  <testcase classname="litigationManagement.CFO" name="@BeforeMethod Login" time="-1.687509344689E9">
    <skipped/>
  </testcase> <!-- @BeforeMethod Login -->
  <testcase classname="litigationManagement.CFO" name="@AfterMethod Close" time="-1.687509344692E9">
    <skipped/>
  </testcase> <!-- @AfterMethod Close -->
  <testcase classname="litigationManagement.CFO" name="@BeforeMethod Login" time="-1.687509344694E9">
    <skipped/>
  </testcase> <!-- @BeforeMethod Login -->
  <testcase classname="litigationManagement.CFO" name="@AfterMethod Close" time="-1.687509344697E9">
    <skipped/>
  </testcase> <!-- @AfterMethod Close -->
  <testcase classname="litigationManagement.CFO" name="@BeforeMethod Login" time="-1.687509344699E9">
    <skipped/>
  </testcase> <!-- @BeforeMethod Login -->
  <testcase classname="litigationManagement.CFO" name="@AfterMethod Close" time="-1.687509344702E9">
    <skipped/>
  </testcase> <!-- @AfterMethod Close -->
  <testcase classname="litigationManagement.CFO" name="@BeforeMethod Login" time="-1.687509344703E9">
    <skipped/>
  </testcase> <!-- @BeforeMethod Login -->
  <testcase classname="litigationManagement.CFO" name="@AfterMethod Close" time="-1.687509344707E9">
    <skipped/>
  </testcase> <!-- @AfterMethod Close -->
  <testcase classname="litigationManagement.CFO" name="@BeforeMethod Login" time="-1.687509344709E9">
    <skipped/>
  </testcase> <!-- @BeforeMethod Login -->
  <testcase classname="litigationManagement.CFO" name="@AfterMethod Close" time="-1.687509344712E9">
    <skipped/>
  </testcase> <!-- @AfterMethod Close -->
  <testcase classname="litigationManagement.CFO" name="@BeforeMethod Login" time="-1.687509344713E9">
    <skipped/>
  </testcase> <!-- @BeforeMethod Login -->
  <testcase classname="litigationManagement.CFO" name="@AfterMethod Close" time="-1.687509344717E9">
    <skipped/>
  </testcase> <!-- @AfterMethod Close -->
  <testcase classname="litigationManagement.CFO" name="@BeforeMethod Login" time="-1.687509344719E9">
    <skipped/>
  </testcase> <!-- @BeforeMethod Login -->
  <testcase classname="litigationManagement.CFO" name="@AfterMethod Close" time="-1.687509344722E9">
    <skipped/>
  </testcase> <!-- @AfterMethod Close -->
  <testcase classname="litigationManagement.CFO" name="@BeforeMethod Login" time="-1.687509344723E9">
    <skipped/>
  </testcase> <!-- @BeforeMethod Login -->
  <testcase classname="litigationManagement.CFO" name="@AfterMethod Close" time="-1.687509344725E9">
    <skipped/>
  </testcase> <!-- @AfterMethod Close -->
  <testcase classname="litigationManagement.CFO" name="@BeforeMethod Login" time="-1.687509344726E9">
    <skipped/>
  </testcase> <!-- @BeforeMethod Login -->
  <testcase classname="litigationManagement.CFO" name="@AfterMethod Close" time="-1.687509344729E9">
    <skipped/>
  </testcase> <!-- @AfterMethod Close -->
  <testcase classname="litigationManagement.CFO" name="@BeforeMethod Login" time="-1.68750934473E9">
    <skipped/>
  </testcase> <!-- @BeforeMethod Login -->
  <testcase classname="litigationManagement.CFO" name="@AfterMethod Close" time="-1.687509344733E9">
    <skipped/>
  </testcase> <!-- @AfterMethod Close -->
  <testcase classname="litigationManagement.CFO" name="@BeforeMethod Login" time="-1.687509344734E9">
    <skipped/>
  </testcase> <!-- @BeforeMethod Login -->
  <testcase classname="litigationManagement.CFO" name="@AfterMethod Close" time="-1.687509344737E9">
    <skipped/>
  </testcase> <!-- @AfterMethod Close -->
  <testcase classname="litigationManagement.CFO" name="@BeforeMethod Login" time="-1.687509344738E9">
    <skipped/>
  </testcase> <!-- @BeforeMethod Login -->
  <testcase classname="litigationManagement.CFO" name="@AfterMethod Close" time="-1.687509344741E9">
    <skipped/>
  </testcase> <!-- @AfterMethod Close -->
  <testcase classname="litigationManagement.CFO" name="@BeforeMethod Login" time="-1.687509344742E9">
    <skipped/>
  </testcase> <!-- @BeforeMethod Login -->
  <testcase classname="litigationManagement.CFO" name="@AfterMethod Close" time="-1.687509344744E9">
    <skipped/>
  </testcase> <!-- @AfterMethod Close -->
  <testcase classname="litigationManagement.CFO" name="@BeforeMethod Login" time="-1.687509344746E9">
    <skipped/>
  </testcase> <!-- @BeforeMethod Login -->
  <testcase classname="litigationManagement.CFO" name="@AfterMethod Close" time="-1.687509344751E9">
    <skipped/>
  </testcase> <!-- @AfterMethod Close -->
  <testcase classname="litigationManagement.CFO" name="@BeforeMethod Login" time="-1.687509344752E9">
    <skipped/>
  </testcase> <!-- @BeforeMethod Login -->
  <testcase classname="litigationManagement.CFO" name="@AfterMethod Close" time="-1.687509344755E9">
    <skipped/>
  </testcase> <!-- @AfterMethod Close -->
  <testcase classname="litigationManagement.CFO" name="@BeforeMethod Login" time="-1.687509344756E9">
    <skipped/>
  </testcase> <!-- @BeforeMethod Login -->
  <testcase classname="litigationManagement.CFO" name="@AfterMethod Close" time="-1.687509344759E9">
    <skipped/>
  </testcase> <!-- @AfterMethod Close -->
  <testcase classname="litigationManagement.CFO" name="@BeforeMethod Login" time="-1.68750934476E9">
    <skipped/>
  </testcase> <!-- @BeforeMethod Login -->
  <testcase classname="litigationManagement.CFO" name="@AfterMethod Close" time="-1.687509344762E9">
    <skipped/>
  </testcase> <!-- @AfterMethod Close -->
  <testcase classname="litigationManagement.CFO" name="@BeforeMethod Login" time="-1.687509344763E9">
    <skipped/>
  </testcase> <!-- @BeforeMethod Login -->
  <testcase classname="litigationManagement.CFO" name="@AfterMethod Close" time="-1.687509344767E9">
    <skipped/>
  </testcase> <!-- @AfterMethod Close -->
  <testcase classname="litigationManagement.CFO" name="NoticeOpen" time="158.692"/>
  <testcase classname="litigationManagement.CFO" name="CaseExternalLawyerCriteria" time="34.297"/>
  <testcase classname="litigationManagement.CFO" name="CloseNotice" time="45.503"/>
  <testcase classname="litigationManagement.CFO" name="NoticeClosed" time="32.448"/>
  <testcase classname="litigationManagement.CFO" name="StatusPaymentExistingdata" time="58.78"/>
  <testcase classname="litigationManagement.CFO" name="TaskwithExistingData" time="26.251"/>
  <testcase classname="litigationManagement.CFO" name="CaseExistingCriteria" time="34.577"/>
  <testcase classname="litigationManagement.CFO" name="StatusPaymentWithoutdata" time="24.379"/>
  <testcase classname="litigationManagement.CFO" name="TaskwithClearBtn" time="9.772"/>
  <testcase classname="litigationManagement.CFO" name="TaskwithTwoManadatoryFields" time="11.407"/>
  <testcase classname="litigationManagement.CFO" name="TaskwithoutData" time="6.9">
    <failure type="org.openqa.selenium.NoSuchElementException" message="no such element: Unable to locate element: {&amp;quot;method&amp;quot;:&amp;quot;xpath&amp;quot;,&amp;quot;selector&amp;quot;:&amp;quot;//*[@id=&amp;apos;VSCasePopup&amp;apos;]/ul&amp;quot;}
  (Session info: chrome=114.0.5735.134)
For documentation on this error, please visit: http://seleniumhq.org/exceptions/no_such_element.html
Build info: version: &amp;apos;3.141.0&amp;apos;, revision: &amp;apos;2ecb7d9a&amp;apos;, time: &amp;apos;2018-10-31T20:09:30&amp;apos;
System info: host: &amp;apos;DESKTOP-LP&amp;apos;, ip: &amp;apos;172.22.32.1&amp;apos;, os.name: &amp;apos;Windows 10&amp;apos;, os.arch: &amp;apos;amd64&amp;apos;, os.version: &amp;apos;10.0&amp;apos;, java.version: &amp;apos;20&amp;apos;
Driver info: org.openqa.selenium.chrome.ChromeDriver
Capabilities {acceptInsecureCerts: false, browserName: chrome, browserVersion: 114.0.5735.134, chrome: {chromedriverVersion: 114.0.5735.90 (386bc09e8f4f..., userDataDir: C:\Users\SNEHAL~1\AppData\L...}, goog:chromeOptions: {debuggerAddress: localhost:50615}, javascriptEnabled: true, networkConnectionEnabled: false, pageLoadStrategy: normal, platform: WINDOWS, platformName: WINDOWS, proxy: Proxy(), setWindowRect: true, strictFileInteractability: false, timeouts: {implicit: 0, pageLoad: 300000, script: 30000}, unhandledPromptBehavior: dismiss and notify, webauthn:extension:credBlob: true, webauthn:extension:largeBlob: true, webauthn:extension:minPinLength: true, webauthn:extension:prf: true, webauthn:virtualAuthenticators: true}
Session ID: d90d21fba921709601fcbb5dfa781883
*** Element info: {Using=xpath, value=//*[@id=&amp;apos;VSCasePopup&amp;apos;]/ul}">
      <![CDATA[org.openqa.selenium.NoSuchElementException: no such element: Unable to locate element: {"method":"xpath","selector":"//*[@id='VSCasePopup']/ul"}
  (Session info: chrome=114.0.5735.134)
For documentation on this error, please visit: http://seleniumhq.org/exceptions/no_such_element.html
Build info: version: '3.141.0', revision: '2ecb7d9a', time: '2018-10-31T20:09:30'
System info: host: 'DESKTOP-LP', ip: '172.22.32.1', os.name: 'Windows 10', os.arch: 'amd64', os.version: '10.0', java.version: '20'
Driver info: org.openqa.selenium.chrome.ChromeDriver
Capabilities {acceptInsecureCerts: false, browserName: chrome, browserVersion: 114.0.5735.134, chrome: {chromedriverVersion: 114.0.5735.90 (386bc09e8f4f..., userDataDir: C:\Users\SNEHAL~1\AppData\L...}, goog:chromeOptions: {debuggerAddress: localhost:50615}, javascriptEnabled: true, networkConnectionEnabled: false, pageLoadStrategy: normal, platform: WINDOWS, platformName: WINDOWS, proxy: Proxy(), setWindowRect: true, strictFileInteractability: false, timeouts: {implicit: 0, pageLoad: 300000, script: 30000}, unhandledPromptBehavior: dismiss and notify, webauthn:extension:credBlob: true, webauthn:extension:largeBlob: true, webauthn:extension:minPinLength: true, webauthn:extension:prf: true, webauthn:virtualAuthenticators: true}
Session ID: d90d21fba921709601fcbb5dfa781883
*** Element info: {Using=xpath, value=//*[@id='VSCasePopup']/ul}
at java.base/jdk.internal.reflect.DirectConstructorHandleAccessor.newInstance(DirectConstructorHandleAccessor.java:67)
at java.base/java.lang.reflect.Constructor.newInstanceWithCaller(Constructor.java:500)
at java.base/java.lang.reflect.Constructor.newInstance(Constructor.java:484)
at org.openqa.selenium.remote.http.W3CHttpResponseCodec.createException(W3CHttpResponseCodec.java:187)
at org.openqa.selenium.remote.http.W3CHttpResponseCodec.decode(W3CHttpResponseCodec.java:122)
at org.openqa.selenium.remote.http.W3CHttpResponseCodec.decode(W3CHttpResponseCodec.java:49)
at org.openqa.selenium.remote.HttpCommandExecutor.execute(HttpCommandExecutor.java:158)
at org.openqa.selenium.remote.service.DriverCommandExecutor.execute(DriverCommandExecutor.java:83)
at org.openqa.selenium.remote.RemoteWebDriver.execute(RemoteWebDriver.java:552)
at org.openqa.selenium.remote.RemoteWebDriver.findElement(RemoteWebDriver.java:323)
at org.openqa.selenium.remote.RemoteWebDriver.findElementByXPath(RemoteWebDriver.java:428)
at org.openqa.selenium.By$ByXPath.findElement(By.java:353)
at org.openqa.selenium.remote.RemoteWebDriver.findElement(RemoteWebDriver.java:315)
at litigationAdditionalOwner.performerPOM.clickMessagewithoutdata(performerPOM.java:828)
at litigationManagement.CFOMethod.TaskwithoutData(CFOMethod.java:17534)
at litigationManagement.CFO.TaskwithoutData(CFO.java:750)
at java.base/jdk.internal.reflect.DirectMethodHandleAccessor.invoke(DirectMethodHandleAccessor.java:104)
at java.base/java.lang.reflect.Method.invoke(Method.java:578)
at org.testng.internal.MethodInvocationHelper.invokeMethod(MethodInvocationHelper.java:133)
at org.testng.internal.TestInvoker.invokeMethod(TestInvoker.java:598)
at org.testng.internal.TestInvoker.invokeTestMethod(TestInvoker.java:173)
at org.testng.internal.MethodRunner.runInSequence(MethodRunner.java:46)
at org.testng.internal.TestInvoker$MethodInvocationAgent.invoke(TestInvoker.java:824)
at org.testng.internal.TestInvoker.invokeTestMethods(TestInvoker.java:146)
at org.testng.internal.TestMethodWorker.invokeTestMethods(TestMethodWorker.java:146)
at org.testng.internal.TestMethodWorker.run(TestMethodWorker.java:128)
at java.base/java.util.ArrayList.forEach(ArrayList.java:1511)
at org.testng.TestRunner.privateRun(TestRunner.java:794)
at org.testng.TestRunner.run(TestRunner.java:596)
at org.testng.SuiteRunner.runTest(SuiteRunner.java:377)
at org.testng.SuiteRunner.runSequentially(SuiteRunner.java:371)
at org.testng.SuiteRunner.privateRun(SuiteRunner.java:332)
at org.testng.SuiteRunner.run(SuiteRunner.java:276)
at org.testng.SuiteRunnerWorker.runSuite(SuiteRunnerWorker.java:53)
at org.testng.SuiteRunnerWorker.run(SuiteRunnerWorker.java:96)
at org.testng.TestNG.runSuitesSequentially(TestNG.java:1212)
at org.testng.TestNG.runSuitesLocally(TestNG.java:1134)
at org.testng.TestNG.runSuites(TestNG.java:1063)
at org.testng.TestNG.run(TestNG.java:1031)
at org.testng.remote.AbstractRemoteTestNG.run(AbstractRemoteTestNG.java:115)
at org.testng.remote.RemoteTestNG.initAndRun(RemoteTestNG.java:251)
at org.testng.remote.RemoteTestNG.main(RemoteTestNG.java:77)
]]>
    </failure>
  </testcase> <!-- TaskwithoutData -->
  <testcase classname="litigationManagement.CFO" name="CaseCriteriaInvalidData" time="40.316"/>
  <testcase classname="litigationManagement.CFO" name="CaseStatusAppealtoNextCourt" time="31.818">
    <failure type="org.openqa.selenium.NoSuchElementException" message="no such element: Unable to locate element: {&amp;quot;method&amp;quot;:&amp;quot;xpath&amp;quot;,&amp;quot;selector&amp;quot;:&amp;quot;//input[@id=&amp;apos;btnCaseTransfer&amp;apos;]&amp;quot;}
  (Session info: chrome=114.0.5735.134)
For documentation on this error, please visit: http://seleniumhq.org/exceptions/no_such_element.html
Build info: version: &amp;apos;3.141.0&amp;apos;, revision: &amp;apos;2ecb7d9a&amp;apos;, time: &amp;apos;2018-10-31T20:09:30&amp;apos;
System info: host: &amp;apos;DESKTOP-LP&amp;apos;, ip: &amp;apos;172.22.32.1&amp;apos;, os.name: &amp;apos;Windows 10&amp;apos;, os.arch: &amp;apos;amd64&amp;apos;, os.version: &amp;apos;10.0&amp;apos;, java.version: &amp;apos;20&amp;apos;
Driver info: org.openqa.selenium.chrome.ChromeDriver
Capabilities {acceptInsecureCerts: false, browserName: chrome, browserVersion: 114.0.5735.134, chrome: {chromedriverVersion: 114.0.5735.90 (386bc09e8f4f..., userDataDir: C:\Users\SNEHAL~1\AppData\L...}, goog:chromeOptions: {debuggerAddress: localhost:50696}, javascriptEnabled: true, networkConnectionEnabled: false, pageLoadStrategy: normal, platform: WINDOWS, platformName: WINDOWS, proxy: Proxy(), setWindowRect: true, strictFileInteractability: false, timeouts: {implicit: 0, pageLoad: 300000, script: 30000}, unhandledPromptBehavior: dismiss and notify, webauthn:extension:credBlob: true, webauthn:extension:largeBlob: true, webauthn:extension:minPinLength: true, webauthn:extension:prf: true, webauthn:virtualAuthenticators: true}
Session ID: 056d5914e262049bd7cdfb1e62e2bceb
*** Element info: {Using=xpath, value=//input[@id=&amp;apos;btnCaseTransfer&amp;apos;]}">
      <![CDATA[org.openqa.selenium.NoSuchElementException: no such element: Unable to locate element: {"method":"xpath","selector":"//input[@id='btnCaseTransfer']"}
  (Session info: chrome=114.0.5735.134)
For documentation on this error, please visit: http://seleniumhq.org/exceptions/no_such_element.html
Build info: version: '3.141.0', revision: '2ecb7d9a', time: '2018-10-31T20:09:30'
System info: host: 'DESKTOP-LP', ip: '172.22.32.1', os.name: 'Windows 10', os.arch: 'amd64', os.version: '10.0', java.version: '20'
Driver info: org.openqa.selenium.chrome.ChromeDriver
Capabilities {acceptInsecureCerts: false, browserName: chrome, browserVersion: 114.0.5735.134, chrome: {chromedriverVersion: 114.0.5735.90 (386bc09e8f4f..., userDataDir: C:\Users\SNEHAL~1\AppData\L...}, goog:chromeOptions: {debuggerAddress: localhost:50696}, javascriptEnabled: true, networkConnectionEnabled: false, pageLoadStrategy: normal, platform: WINDOWS, platformName: WINDOWS, proxy: Proxy(), setWindowRect: true, strictFileInteractability: false, timeouts: {implicit: 0, pageLoad: 300000, script: 30000}, unhandledPromptBehavior: dismiss and notify, webauthn:extension:credBlob: true, webauthn:extension:largeBlob: true, webauthn:extension:minPinLength: true, webauthn:extension:prf: true, webauthn:virtualAuthenticators: true}
Session ID: 056d5914e262049bd7cdfb1e62e2bceb
*** Element info: {Using=xpath, value=//input[@id='btnCaseTransfer']}
at java.base/jdk.internal.reflect.DirectConstructorHandleAccessor.newInstance(DirectConstructorHandleAccessor.java:67)
at java.base/java.lang.reflect.Constructor.newInstanceWithCaller(Constructor.java:500)
at java.base/java.lang.reflect.Constructor.newInstance(Constructor.java:484)
at org.openqa.selenium.remote.http.W3CHttpResponseCodec.createException(W3CHttpResponseCodec.java:187)
at org.openqa.selenium.remote.http.W3CHttpResponseCodec.decode(W3CHttpResponseCodec.java:122)
at org.openqa.selenium.remote.http.W3CHttpResponseCodec.decode(W3CHttpResponseCodec.java:49)
at org.openqa.selenium.remote.HttpCommandExecutor.execute(HttpCommandExecutor.java:158)
at org.openqa.selenium.remote.service.DriverCommandExecutor.execute(DriverCommandExecutor.java:83)
at org.openqa.selenium.remote.RemoteWebDriver.execute(RemoteWebDriver.java:552)
at org.openqa.selenium.remote.RemoteWebDriver.findElement(RemoteWebDriver.java:323)
at org.openqa.selenium.remote.RemoteWebDriver.findElementByXPath(RemoteWebDriver.java:428)
at org.openqa.selenium.By$ByXPath.findElement(By.java:353)
at org.openqa.selenium.remote.RemoteWebDriver.findElement(RemoteWebDriver.java:315)
at litigationAdditionalOwner.performerPOM.clickCaseAppealToNextCourt(performerPOM.java:1035)
at litigationManagement.CFOMethod.CaseStatusAppealtoNextCourt(CFOMethod.java:16986)
at litigationManagement.CFO.CaseStatusAppealtoNextCourt(CFO.java:1438)
at java.base/jdk.internal.reflect.DirectMethodHandleAccessor.invoke(DirectMethodHandleAccessor.java:104)
at java.base/java.lang.reflect.Method.invoke(Method.java:578)
at org.testng.internal.MethodInvocationHelper.invokeMethod(MethodInvocationHelper.java:133)
at org.testng.internal.TestInvoker.invokeMethod(TestInvoker.java:598)
at org.testng.internal.TestInvoker.invokeTestMethod(TestInvoker.java:173)
at org.testng.internal.MethodRunner.runInSequence(MethodRunner.java:46)
at org.testng.internal.TestInvoker$MethodInvocationAgent.invoke(TestInvoker.java:824)
at org.testng.internal.TestInvoker.invokeTestMethods(TestInvoker.java:146)
at org.testng.internal.TestMethodWorker.invokeTestMethods(TestMethodWorker.java:146)
at org.testng.internal.TestMethodWorker.run(TestMethodWorker.java:128)
at java.base/java.util.ArrayList.forEach(ArrayList.java:1511)
at org.testng.TestRunner.privateRun(TestRunner.java:794)
at org.testng.TestRunner.run(TestRunner.java:596)
at org.testng.SuiteRunner.runTest(SuiteRunner.java:377)
at org.testng.SuiteRunner.runSequentially(SuiteRunner.java:371)
at org.testng.SuiteRunner.privateRun(SuiteRunner.java:332)
at org.testng.SuiteRunner.run(SuiteRunner.java:276)
at org.testng.SuiteRunnerWorker.runSuite(SuiteRunnerWorker.java:53)
at org.testng.SuiteRunnerWorker.run(SuiteRunnerWorker.java:96)
at org.testng.TestNG.runSuitesSequentially(TestNG.java:1212)
at org.testng.TestNG.runSuitesLocally(TestNG.java:1134)
at org.testng.TestNG.runSuites(TestNG.java:1063)
at org.testng.TestNG.run(TestNG.java:1031)
at org.testng.remote.AbstractRemoteTestNG.run(AbstractRemoteTestNG.java:115)
at org.testng.remote.RemoteTestNG.initAndRun(RemoteTestNG.java:251)
at org.testng.remote.RemoteTestNG.main(RemoteTestNG.java:77)
]]>
    </failure>
  </testcase> <!-- CaseStatusAppealtoNextCourt -->
  <testcase classname="litigationManagement.CFO" name="TaskDelete" time="13.698"/>
  <testcase classname="litigationManagement.CFO" name="CaseCriteriaWithoutData" time="37.488"/>
  <testcase classname="litigationManagement.CFO" name="CaseStatuswithEmptyFields" time="23.564"/>
  <testcase classname="litigationManagement.CFO" name="ComplainantAgeingGraph" time="26.125">
    <failure type="java.lang.NumberFormatException" message="For input string: &amp;quot;&amp;quot;">
      <![CDATA[java.lang.NumberFormatException: For input string: ""
at java.base/java.lang.NumberFormatException.forInputString(NumberFormatException.java:67)
at java.base/java.lang.Integer.parseInt(Integer.java:675)
at java.base/java.lang.Integer.parseInt(Integer.java:781)
at litigationManagement.CFOMethod.ComplainantAgeingGraph(CFOMethod.java:10298)
at litigationManagement.CFO.ComplainantAgeingGraph(CFO.java:207)
at java.base/jdk.internal.reflect.DirectMethodHandleAccessor.invoke(DirectMethodHandleAccessor.java:104)
at java.base/java.lang.reflect.Method.invoke(Method.java:578)
at org.testng.internal.MethodInvocationHelper.invokeMethod(MethodInvocationHelper.java:133)
at org.testng.internal.TestInvoker.invokeMethod(TestInvoker.java:598)
at org.testng.internal.TestInvoker.invokeTestMethod(TestInvoker.java:173)
at org.testng.internal.MethodRunner.runInSequence(MethodRunner.java:46)
at org.testng.internal.TestInvoker$MethodInvocationAgent.invoke(TestInvoker.java:824)
at org.testng.internal.TestInvoker.invokeTestMethods(TestInvoker.java:146)
at org.testng.internal.TestMethodWorker.invokeTestMethods(TestMethodWorker.java:146)
at org.testng.internal.TestMethodWorker.run(TestMethodWorker.java:128)
at java.base/java.util.ArrayList.forEach(ArrayList.java:1511)
at org.testng.TestRunner.privateRun(TestRunner.java:794)
at org.testng.TestRunner.run(TestRunner.java:596)
at org.testng.SuiteRunner.runTest(SuiteRunner.java:377)
at org.testng.SuiteRunner.runSequentially(SuiteRunner.java:371)
at org.testng.SuiteRunner.privateRun(SuiteRunner.java:332)
at org.testng.SuiteRunner.run(SuiteRunner.java:276)
at org.testng.SuiteRunnerWorker.runSuite(SuiteRunnerWorker.java:53)
at org.testng.SuiteRunnerWorker.run(SuiteRunnerWorker.java:96)
at org.testng.TestNG.runSuitesSequentially(TestNG.java:1212)
at org.testng.TestNG.runSuitesLocally(TestNG.java:1134)
at org.testng.TestNG.runSuites(TestNG.java:1063)
at org.testng.TestNG.run(TestNG.java:1031)
at org.testng.remote.AbstractRemoteTestNG.run(AbstractRemoteTestNG.java:115)
at org.testng.remote.RemoteTestNG.initAndRun(RemoteTestNG.java:251)
at org.testng.remote.RemoteTestNG.main(RemoteTestNG.java:77)
]]>
    </failure>
  </testcase> <!-- ComplainantAgeingGraph -->
  <testcase classname="litigationManagement.CFO" name="ApplicantAgeingGraph" time="26.614">
    <failure type="java.lang.NumberFormatException" message="For input string: &amp;quot;&amp;quot;">
      <![CDATA[java.lang.NumberFormatException: For input string: ""
at java.base/java.lang.NumberFormatException.forInputString(NumberFormatException.java:67)
at java.base/java.lang.Integer.parseInt(Integer.java:675)
at java.base/java.lang.Integer.parseInt(Integer.java:781)
at litigationManagement.CFOMethod.ApplicantAgeingGraph(CFOMethod.java:10561)
at litigationManagement.CFO.ApplicantAgeingGraph(CFO.java:218)
at java.base/jdk.internal.reflect.DirectMethodHandleAccessor.invoke(DirectMethodHandleAccessor.java:104)
at java.base/java.lang.reflect.Method.invoke(Method.java:578)
at org.testng.internal.MethodInvocationHelper.invokeMethod(MethodInvocationHelper.java:133)
at org.testng.internal.TestInvoker.invokeMethod(TestInvoker.java:598)
at org.testng.internal.TestInvoker.invokeTestMethod(TestInvoker.java:173)
at org.testng.internal.MethodRunner.runInSequence(MethodRunner.java:46)
at org.testng.internal.TestInvoker$MethodInvocationAgent.invoke(TestInvoker.java:824)
at org.testng.internal.TestInvoker.invokeTestMethods(TestInvoker.java:146)
at org.testng.internal.TestMethodWorker.invokeTestMethods(TestMethodWorker.java:146)
at org.testng.internal.TestMethodWorker.run(TestMethodWorker.java:128)
at java.base/java.util.ArrayList.forEach(ArrayList.java:1511)
at org.testng.TestRunner.privateRun(TestRunner.java:794)
at org.testng.TestRunner.run(TestRunner.java:596)
at org.testng.SuiteRunner.runTest(SuiteRunner.java:377)
at org.testng.SuiteRunner.runSequentially(SuiteRunner.java:371)
at org.testng.SuiteRunner.privateRun(SuiteRunner.java:332)
at org.testng.SuiteRunner.run(SuiteRunner.java:276)
at org.testng.SuiteRunnerWorker.runSuite(SuiteRunnerWorker.java:53)
at org.testng.SuiteRunnerWorker.run(SuiteRunnerWorker.java:96)
at org.testng.TestNG.runSuitesSequentially(TestNG.java:1212)
at org.testng.TestNG.runSuitesLocally(TestNG.java:1134)
at org.testng.TestNG.runSuites(TestNG.java:1063)
at org.testng.TestNG.run(TestNG.java:1031)
at org.testng.remote.AbstractRemoteTestNG.run(AbstractRemoteTestNG.java:115)
at org.testng.remote.RemoteTestNG.initAndRun(RemoteTestNG.java:251)
at org.testng.remote.RemoteTestNG.main(RemoteTestNG.java:77)
]]>
    </failure>
  </testcase> <!-- ApplicantAgeingGraph -->
  <testcase classname="litigationManagement.CFO" name="OutwardPlaintiffAgeingGraph" time="26.4">
    <failure type="java.lang.NumberFormatException" message="For input string: &amp;quot;&amp;quot;">
      <![CDATA[java.lang.NumberFormatException: For input string: ""
at java.base/java.lang.NumberFormatException.forInputString(NumberFormatException.java:67)
at java.base/java.lang.Integer.parseInt(Integer.java:675)
at java.base/java.lang.Integer.parseInt(Integer.java:781)
at litigationManagement.CFOMethod.OutwardPlaintiffAgeingGraph(CFOMethod.java:10824)
at litigationManagement.CFO.OutwardPlaintiffAgeingGraph(CFO.java:229)
at java.base/jdk.internal.reflect.DirectMethodHandleAccessor.invoke(DirectMethodHandleAccessor.java:104)
at java.base/java.lang.reflect.Method.invoke(Method.java:578)
at org.testng.internal.MethodInvocationHelper.invokeMethod(MethodInvocationHelper.java:133)
at org.testng.internal.TestInvoker.invokeMethod(TestInvoker.java:598)
at org.testng.internal.TestInvoker.invokeTestMethod(TestInvoker.java:173)
at org.testng.internal.MethodRunner.runInSequence(MethodRunner.java:46)
at org.testng.internal.TestInvoker$MethodInvocationAgent.invoke(TestInvoker.java:824)
at org.testng.internal.TestInvoker.invokeTestMethods(TestInvoker.java:146)
at org.testng.internal.TestMethodWorker.invokeTestMethods(TestMethodWorker.java:146)
at org.testng.internal.TestMethodWorker.run(TestMethodWorker.java:128)
at java.base/java.util.ArrayList.forEach(ArrayList.java:1511)
at org.testng.TestRunner.privateRun(TestRunner.java:794)
at org.testng.TestRunner.run(TestRunner.java:596)
at org.testng.SuiteRunner.runTest(SuiteRunner.java:377)
at org.testng.SuiteRunner.runSequentially(SuiteRunner.java:371)
at org.testng.SuiteRunner.privateRun(SuiteRunner.java:332)
at org.testng.SuiteRunner.run(SuiteRunner.java:276)
at org.testng.SuiteRunnerWorker.runSuite(SuiteRunnerWorker.java:53)
at org.testng.SuiteRunnerWorker.run(SuiteRunnerWorker.java:96)
at org.testng.TestNG.runSuitesSequentially(TestNG.java:1212)
at org.testng.TestNG.runSuitesLocally(TestNG.java:1134)
at org.testng.TestNG.runSuites(TestNG.java:1063)
at org.testng.TestNG.run(TestNG.java:1031)
at org.testng.remote.AbstractRemoteTestNG.run(AbstractRemoteTestNG.java:115)
at org.testng.remote.RemoteTestNG.initAndRun(RemoteTestNG.java:251)
at org.testng.remote.RemoteTestNG.main(RemoteTestNG.java:77)
]]>
    </failure>
  </testcase> <!-- OutwardPlaintiffAgeingGraph -->
  <testcase classname="litigationManagement.CFO" name="PetitionerAgeingGraph" time="26.417">
    <failure type="java.lang.NumberFormatException" message="For input string: &amp;quot;&amp;quot;">
      <![CDATA[java.lang.NumberFormatException: For input string: ""
at java.base/java.lang.NumberFormatException.forInputString(NumberFormatException.java:67)
at java.base/java.lang.Integer.parseInt(Integer.java:675)
at java.base/java.lang.Integer.parseInt(Integer.java:781)
at litigationManagement.CFOMethod.PetitionerAgeingGraph(CFOMethod.java:11087)
at litigationManagement.CFO.PetitionerAgeingGraph(CFO.java:240)
at java.base/jdk.internal.reflect.DirectMethodHandleAccessor.invoke(DirectMethodHandleAccessor.java:104)
at java.base/java.lang.reflect.Method.invoke(Method.java:578)
at org.testng.internal.MethodInvocationHelper.invokeMethod(MethodInvocationHelper.java:133)
at org.testng.internal.TestInvoker.invokeMethod(TestInvoker.java:598)
at org.testng.internal.TestInvoker.invokeTestMethod(TestInvoker.java:173)
at org.testng.internal.MethodRunner.runInSequence(MethodRunner.java:46)
at org.testng.internal.TestInvoker$MethodInvocationAgent.invoke(TestInvoker.java:824)
at org.testng.internal.TestInvoker.invokeTestMethods(TestInvoker.java:146)
at org.testng.internal.TestMethodWorker.invokeTestMethods(TestMethodWorker.java:146)
at org.testng.internal.TestMethodWorker.run(TestMethodWorker.java:128)
at java.base/java.util.ArrayList.forEach(ArrayList.java:1511)
at org.testng.TestRunner.privateRun(TestRunner.java:794)
at org.testng.TestRunner.run(TestRunner.java:596)
at org.testng.SuiteRunner.runTest(SuiteRunner.java:377)
at org.testng.SuiteRunner.runSequentially(SuiteRunner.java:371)
at org.testng.SuiteRunner.privateRun(SuiteRunner.java:332)
at org.testng.SuiteRunner.run(SuiteRunner.java:276)
at org.testng.SuiteRunnerWorker.runSuite(SuiteRunnerWorker.java:53)
at org.testng.SuiteRunnerWorker.run(SuiteRunnerWorker.java:96)
at org.testng.TestNG.runSuitesSequentially(TestNG.java:1212)
at org.testng.TestNG.runSuitesLocally(TestNG.java:1134)
at org.testng.TestNG.runSuites(TestNG.java:1063)
at org.testng.TestNG.run(TestNG.java:1031)
at org.testng.remote.AbstractRemoteTestNG.run(AbstractRemoteTestNG.java:115)
at org.testng.remote.RemoteTestNG.initAndRun(RemoteTestNG.java:251)
at org.testng.remote.RemoteTestNG.main(RemoteTestNG.java:77)
]]>
    </failure>
  </testcase> <!-- PetitionerAgeingGraph -->
  <testcase classname="litigationManagement.CFO" name="RespondentAgeingGraph" time="25.955">
    <failure type="java.lang.NumberFormatException" message="For input string: &amp;quot;&amp;quot;">
      <![CDATA[java.lang.NumberFormatException: For input string: ""
at java.base/java.lang.NumberFormatException.forInputString(NumberFormatException.java:67)
at java.base/java.lang.Integer.parseInt(Integer.java:675)
at java.base/java.lang.Integer.parseInt(Integer.java:781)
at litigationManagement.CFOMethod.RespondentAgeingGraph(CFOMethod.java:11350)
at litigationManagement.CFO.RespondentAgeingGraph(CFO.java:251)
at java.base/jdk.internal.reflect.DirectMethodHandleAccessor.invoke(DirectMethodHandleAccessor.java:104)
at java.base/java.lang.reflect.Method.invoke(Method.java:578)
at org.testng.internal.MethodInvocationHelper.invokeMethod(MethodInvocationHelper.java:133)
at org.testng.internal.TestInvoker.invokeMethod(TestInvoker.java:598)
at org.testng.internal.TestInvoker.invokeTestMethod(TestInvoker.java:173)
at org.testng.internal.MethodRunner.runInSequence(MethodRunner.java:46)
at org.testng.internal.TestInvoker$MethodInvocationAgent.invoke(TestInvoker.java:824)
at org.testng.internal.TestInvoker.invokeTestMethods(TestInvoker.java:146)
at org.testng.internal.TestMethodWorker.invokeTestMethods(TestMethodWorker.java:146)
at org.testng.internal.TestMethodWorker.run(TestMethodWorker.java:128)
at java.base/java.util.ArrayList.forEach(ArrayList.java:1511)
at org.testng.TestRunner.privateRun(TestRunner.java:794)
at org.testng.TestRunner.run(TestRunner.java:596)
at org.testng.SuiteRunner.runTest(SuiteRunner.java:377)
at org.testng.SuiteRunner.runSequentially(SuiteRunner.java:371)
at org.testng.SuiteRunner.privateRun(SuiteRunner.java:332)
at org.testng.SuiteRunner.run(SuiteRunner.java:276)
at org.testng.SuiteRunnerWorker.runSuite(SuiteRunnerWorker.java:53)
at org.testng.SuiteRunnerWorker.run(SuiteRunnerWorker.java:96)
at org.testng.TestNG.runSuitesSequentially(TestNG.java:1212)
at org.testng.TestNG.runSuitesLocally(TestNG.java:1134)
at org.testng.TestNG.runSuites(TestNG.java:1063)
at org.testng.TestNG.run(TestNG.java:1031)
at org.testng.remote.AbstractRemoteTestNG.run(AbstractRemoteTestNG.java:115)
at org.testng.remote.RemoteTestNG.initAndRun(RemoteTestNG.java:251)
at org.testng.remote.RemoteTestNG.main(RemoteTestNG.java:77)
]]>
    </failure>
  </testcase> <!-- RespondentAgeingGraph -->
  <testcase classname="litigationManagement.CFO" name="ComplainantAgeingGraph1to2years" time="26.438">
    <failure type="java.lang.NumberFormatException" message="For input string: &amp;quot;&amp;quot;">
      <![CDATA[java.lang.NumberFormatException: For input string: ""
at java.base/java.lang.NumberFormatException.forInputString(NumberFormatException.java:67)
at java.base/java.lang.Integer.parseInt(Integer.java:675)
at java.base/java.lang.Integer.parseInt(Integer.java:781)
at litigationManagement.CFOMethod.ComplainantAgeingGraph1to2years(CFOMethod.java:11613)
at litigationManagement.CFO.ComplainantAgeingGraph1to2years(CFO.java:262)
at java.base/jdk.internal.reflect.DirectMethodHandleAccessor.invoke(DirectMethodHandleAccessor.java:104)
at java.base/java.lang.reflect.Method.invoke(Method.java:578)
at org.testng.internal.MethodInvocationHelper.invokeMethod(MethodInvocationHelper.java:133)
at org.testng.internal.TestInvoker.invokeMethod(TestInvoker.java:598)
at org.testng.internal.TestInvoker.invokeTestMethod(TestInvoker.java:173)
at org.testng.internal.MethodRunner.runInSequence(MethodRunner.java:46)
at org.testng.internal.TestInvoker$MethodInvocationAgent.invoke(TestInvoker.java:824)
at org.testng.internal.TestInvoker.invokeTestMethods(TestInvoker.java:146)
at org.testng.internal.TestMethodWorker.invokeTestMethods(TestMethodWorker.java:146)
at org.testng.internal.TestMethodWorker.run(TestMethodWorker.java:128)
at java.base/java.util.ArrayList.forEach(ArrayList.java:1511)
at org.testng.TestRunner.privateRun(TestRunner.java:794)
at org.testng.TestRunner.run(TestRunner.java:596)
at org.testng.SuiteRunner.runTest(SuiteRunner.java:377)
at org.testng.SuiteRunner.runSequentially(SuiteRunner.java:371)
at org.testng.SuiteRunner.privateRun(SuiteRunner.java:332)
at org.testng.SuiteRunner.run(SuiteRunner.java:276)
at org.testng.SuiteRunnerWorker.runSuite(SuiteRunnerWorker.java:53)
at org.testng.SuiteRunnerWorker.run(SuiteRunnerWorker.java:96)
at org.testng.TestNG.runSuitesSequentially(TestNG.java:1212)
at org.testng.TestNG.runSuitesLocally(TestNG.java:1134)
at org.testng.TestNG.runSuites(TestNG.java:1063)
at org.testng.TestNG.run(TestNG.java:1031)
at org.testng.remote.AbstractRemoteTestNG.run(AbstractRemoteTestNG.java:115)
at org.testng.remote.RemoteTestNG.initAndRun(RemoteTestNG.java:251)
at org.testng.remote.RemoteTestNG.main(RemoteTestNG.java:77)
]]>
    </failure>
  </testcase> <!-- ComplainantAgeingGraph1to2years -->
  <testcase classname="litigationManagement.CFO" name="InwardDefendentAgeingGraph1to2years" time="28.539">
    <failure type="java.lang.NumberFormatException" message="For input string: &amp;quot;&amp;quot;">
      <![CDATA[java.lang.NumberFormatException: For input string: ""
at java.base/java.lang.NumberFormatException.forInputString(NumberFormatException.java:67)
at java.base/java.lang.Integer.parseInt(Integer.java:675)
at java.base/java.lang.Integer.parseInt(Integer.java:781)
at litigationManagement.CFOMethod.InwardDefendentAgeingGraph1to2years(CFOMethod.java:11876)
at litigationManagement.CFO.InwardDefendentAgeingGraph1to2years(CFO.java:273)
at java.base/jdk.internal.reflect.DirectMethodHandleAccessor.invoke(DirectMethodHandleAccessor.java:104)
at java.base/java.lang.reflect.Method.invoke(Method.java:578)
at org.testng.internal.MethodInvocationHelper.invokeMethod(MethodInvocationHelper.java:133)
at org.testng.internal.TestInvoker.invokeMethod(TestInvoker.java:598)
at org.testng.internal.TestInvoker.invokeTestMethod(TestInvoker.java:173)
at org.testng.internal.MethodRunner.runInSequence(MethodRunner.java:46)
at org.testng.internal.TestInvoker$MethodInvocationAgent.invoke(TestInvoker.java:824)
at org.testng.internal.TestInvoker.invokeTestMethods(TestInvoker.java:146)
at org.testng.internal.TestMethodWorker.invokeTestMethods(TestMethodWorker.java:146)
at org.testng.internal.TestMethodWorker.run(TestMethodWorker.java:128)
at java.base/java.util.ArrayList.forEach(ArrayList.java:1511)
at org.testng.TestRunner.privateRun(TestRunner.java:794)
at org.testng.TestRunner.run(TestRunner.java:596)
at org.testng.SuiteRunner.runTest(SuiteRunner.java:377)
at org.testng.SuiteRunner.runSequentially(SuiteRunner.java:371)
at org.testng.SuiteRunner.privateRun(SuiteRunner.java:332)
at org.testng.SuiteRunner.run(SuiteRunner.java:276)
at org.testng.SuiteRunnerWorker.runSuite(SuiteRunnerWorker.java:53)
at org.testng.SuiteRunnerWorker.run(SuiteRunnerWorker.java:96)
at org.testng.TestNG.runSuitesSequentially(TestNG.java:1212)
at org.testng.TestNG.runSuitesLocally(TestNG.java:1134)
at org.testng.TestNG.runSuites(TestNG.java:1063)
at org.testng.TestNG.run(TestNG.java:1031)
at org.testng.remote.AbstractRemoteTestNG.run(AbstractRemoteTestNG.java:115)
at org.testng.remote.RemoteTestNG.initAndRun(RemoteTestNG.java:251)
at org.testng.remote.RemoteTestNG.main(RemoteTestNG.java:77)
]]>
    </failure>
  </testcase> <!-- InwardDefendentAgeingGraph1to2years -->
  <testcase classname="litigationManagement.CFO" name="OutwardPlaintiffAgeingGraph1to2years" time="25.861">
    <failure type="java.lang.NumberFormatException" message="For input string: &amp;quot;&amp;quot;">
      <![CDATA[java.lang.NumberFormatException: For input string: ""
at java.base/java.lang.NumberFormatException.forInputString(NumberFormatException.java:67)
at java.base/java.lang.Integer.parseInt(Integer.java:675)
at java.base/java.lang.Integer.parseInt(Integer.java:781)
at litigationManagement.CFOMethod.OutwardPlaintiffAgeingGraph1to2years(CFOMethod.java:12139)
at litigationManagement.CFO.OutwardPlaintiffAgeingGraph1to2years(CFO.java:284)
at java.base/jdk.internal.reflect.DirectMethodHandleAccessor.invoke(DirectMethodHandleAccessor.java:104)
at java.base/java.lang.reflect.Method.invoke(Method.java:578)
at org.testng.internal.MethodInvocationHelper.invokeMethod(MethodInvocationHelper.java:133)
at org.testng.internal.TestInvoker.invokeMethod(TestInvoker.java:598)
at org.testng.internal.TestInvoker.invokeTestMethod(TestInvoker.java:173)
at org.testng.internal.MethodRunner.runInSequence(MethodRunner.java:46)
at org.testng.internal.TestInvoker$MethodInvocationAgent.invoke(TestInvoker.java:824)
at org.testng.internal.TestInvoker.invokeTestMethods(TestInvoker.java:146)
at org.testng.internal.TestMethodWorker.invokeTestMethods(TestMethodWorker.java:146)
at org.testng.internal.TestMethodWorker.run(TestMethodWorker.java:128)
at java.base/java.util.ArrayList.forEach(ArrayList.java:1511)
at org.testng.TestRunner.privateRun(TestRunner.java:794)
at org.testng.TestRunner.run(TestRunner.java:596)
at org.testng.SuiteRunner.runTest(SuiteRunner.java:377)
at org.testng.SuiteRunner.runSequentially(SuiteRunner.java:371)
at org.testng.SuiteRunner.privateRun(SuiteRunner.java:332)
at org.testng.SuiteRunner.run(SuiteRunner.java:276)
at org.testng.SuiteRunnerWorker.runSuite(SuiteRunnerWorker.java:53)
at org.testng.SuiteRunnerWorker.run(SuiteRunnerWorker.java:96)
at org.testng.TestNG.runSuitesSequentially(TestNG.java:1212)
at org.testng.TestNG.runSuitesLocally(TestNG.java:1134)
at org.testng.TestNG.runSuites(TestNG.java:1063)
at org.testng.TestNG.run(TestNG.java:1031)
at org.testng.remote.AbstractRemoteTestNG.run(AbstractRemoteTestNG.java:115)
at org.testng.remote.RemoteTestNG.initAndRun(RemoteTestNG.java:251)
at org.testng.remote.RemoteTestNG.main(RemoteTestNG.java:77)
]]>
    </failure>
  </testcase> <!-- OutwardPlaintiffAgeingGraph1to2years -->
  <testcase classname="litigationManagement.CFO" name="RespondentAgeingGraph1to2yearsAgeingGraph1to2years" time="29.092">
    <failure type="java.lang.NumberFormatException" message="For input string: &amp;quot;&amp;quot;">
      <![CDATA[java.lang.NumberFormatException: For input string: ""
at java.base/java.lang.NumberFormatException.forInputString(NumberFormatException.java:67)
at java.base/java.lang.Integer.parseInt(Integer.java:675)
at java.base/java.lang.Integer.parseInt(Integer.java:781)
at litigationManagement.CFOMethod.RespondentAgeingGraph1to2years(CFOMethod.java:12402)
at litigationManagement.CFO.RespondentAgeingGraph1to2yearsAgeingGraph1to2years(CFO.java:295)
at java.base/jdk.internal.reflect.DirectMethodHandleAccessor.invoke(DirectMethodHandleAccessor.java:104)
at java.base/java.lang.reflect.Method.invoke(Method.java:578)
at org.testng.internal.MethodInvocationHelper.invokeMethod(MethodInvocationHelper.java:133)
at org.testng.internal.TestInvoker.invokeMethod(TestInvoker.java:598)
at org.testng.internal.TestInvoker.invokeTestMethod(TestInvoker.java:173)
at org.testng.internal.MethodRunner.runInSequence(MethodRunner.java:46)
at org.testng.internal.TestInvoker$MethodInvocationAgent.invoke(TestInvoker.java:824)
at org.testng.internal.TestInvoker.invokeTestMethods(TestInvoker.java:146)
at org.testng.internal.TestMethodWorker.invokeTestMethods(TestMethodWorker.java:146)
at org.testng.internal.TestMethodWorker.run(TestMethodWorker.java:128)
at java.base/java.util.ArrayList.forEach(ArrayList.java:1511)
at org.testng.TestRunner.privateRun(TestRunner.java:794)
at org.testng.TestRunner.run(TestRunner.java:596)
at org.testng.SuiteRunner.runTest(SuiteRunner.java:377)
at org.testng.SuiteRunner.runSequentially(SuiteRunner.java:371)
at org.testng.SuiteRunner.privateRun(SuiteRunner.java:332)
at org.testng.SuiteRunner.run(SuiteRunner.java:276)
at org.testng.SuiteRunnerWorker.runSuite(SuiteRunnerWorker.java:53)
at org.testng.SuiteRunnerWorker.run(SuiteRunnerWorker.java:96)
at org.testng.TestNG.runSuitesSequentially(TestNG.java:1212)
at org.testng.TestNG.runSuitesLocally(TestNG.java:1134)
at org.testng.TestNG.runSuites(TestNG.java:1063)
at org.testng.TestNG.run(TestNG.java:1031)
at org.testng.remote.AbstractRemoteTestNG.run(AbstractRemoteTestNG.java:115)
at org.testng.remote.RemoteTestNG.initAndRun(RemoteTestNG.java:251)
at org.testng.remote.RemoteTestNG.main(RemoteTestNG.java:77)
]]>
    </failure>
  </testcase> <!-- RespondentAgeingGraph1to2yearsAgeingGraph1to2years -->
  <testcase classname="litigationManagement.CFO" name="CaseNoticeTypeGraph1" time="0.0">
    <skipped/>
  </testcase> <!-- CaseNoticeTypeGraph1 -->
  <testcase classname="litigationManagement.CFO" name="CaseNoticeStageGraph1" time="0.0">
    <skipped/>
  </testcase> <!-- CaseNoticeStageGraph1 -->
  <testcase classname="litigationManagement.CFO" name="RiskSummaryGraph1" time="0.0">
    <skipped/>
  </testcase> <!-- RiskSummaryGraph1 -->
  <testcase classname="litigationManagement.CFO" name="DepartmentSummaryGraph1" time="0.0">
    <skipped/>
  </testcase> <!-- DepartmentSummaryGraph1 -->
  <testcase classname="litigationManagement.CFO" name="LocationSummaryGraph1" time="0.0">
    <skipped/>
  </testcase> <!-- LocationSummaryGraph1 -->
  <testcase classname="litigationManagement.CFO" name="CategorySummaryGraph1" time="0.0">
    <skipped/>
  </testcase> <!-- CategorySummaryGraph1 -->
  <testcase classname="litigationManagement.CFO" name="InwardDefendantAgeingGraphCase" time="0.0">
    <skipped/>
  </testcase> <!-- InwardDefendantAgeingGraphCase -->
  <testcase classname="litigationManagement.CFO" name="OutwardPlaintiffAgeingGraphCase" time="0.0">
    <skipped/>
  </testcase> <!-- OutwardPlaintiffAgeingGraphCase -->
  <testcase classname="litigationManagement.CFO" name="PetitionerAgeingGraphCase" time="0.0">
    <skipped/>
  </testcase> <!-- PetitionerAgeingGraphCase -->
  <testcase classname="litigationManagement.CFO" name="CaseOpen" time="0.0">
    <skipped/>
  </testcase> <!-- CaseOpen -->
  <testcase classname="litigationManagement.CFO" name="NoticeWithExistingData" time="0.0">
    <skipped/>
  </testcase> <!-- NoticeWithExistingData -->
  <testcase classname="litigationManagement.CFO" name="CaseExistingData" time="0.0">
    <skipped/>
  </testcase> <!-- CaseExistingData -->
  <testcase classname="litigationManagement.CFO" name="NoticeWithInvalidData" time="0.0">
    <skipped/>
  </testcase> <!-- NoticeWithInvalidData -->
  <testcase classname="litigationManagement.CFO" name="TaskOpen" time="0.0">
    <skipped/>
  </testcase> <!-- TaskOpen -->
  <testcase classname="litigationManagement.CFO" name="CaseWithInvalidData" time="0.0">
    <skipped/>
  </testcase> <!-- CaseWithInvalidData -->
  <testcase classname="litigationManagement.CFO" name="NoticeWithTwoMandatoryData" time="0.0">
    <skipped/>
  </testcase> <!-- NoticeWithTwoMandatoryData -->
  <testcase classname="litigationManagement.CFO" name="CaseClose" time="0.0">
    <skipped/>
  </testcase> <!-- CaseClose -->
  <testcase classname="litigationManagement.CFO" name="CaseWithTwoFieldsData" time="0.0">
    <skipped/>
  </testcase> <!-- CaseWithTwoFieldsData -->
  <testcase classname="litigationManagement.CFO" name="NoticeWithEmptyFields" time="0.0">
    <skipped/>
  </testcase> <!-- NoticeWithEmptyFields -->
  <testcase classname="litigationManagement.CFO" name="CaseWithEmptyFields" time="0.0">
    <skipped/>
  </testcase> <!-- CaseWithEmptyFields -->
  <testcase classname="litigationManagement.CFO" name="NoticeClearBtn" time="0.0">
    <skipped/>
  </testcase> <!-- NoticeClearBtn -->
  <testcase classname="litigationManagement.CFO" name="CaseWithClearBtn" time="0.0">
    <skipped/>
  </testcase> <!-- CaseWithClearBtn -->
  <testcase classname="litigationManagement.CFO" name="LinkCase" time="0.0">
    <skipped/>
  </testcase> <!-- LinkCase -->
  <testcase classname="litigationManagement.CFO" name="NoticeSendMailWithDoc" time="0.0">
    <skipped/>
  </testcase> <!-- NoticeSendMailWithDoc -->
  <testcase classname="litigationManagement.CFO" name="CaseSendMailWithDoc" time="0.0">
    <skipped/>
  </testcase> <!-- CaseSendMailWithDoc -->
  <testcase classname="litigationManagement.CFO" name="LinkCaseViewIcon" time="0.0">
    <skipped/>
  </testcase> <!-- LinkCaseViewIcon -->
  <testcase classname="litigationManagement.CFO" name="NoticeSendMailWithDocInvalidFields" time="0.0">
    <skipped/>
  </testcase> <!-- NoticeSendMailWithDocInvalidFields -->
  <testcase classname="litigationManagement.CFO" name="CaseSendMailWithDocInvalidFields" time="0.0">
    <skipped/>
  </testcase> <!-- CaseSendMailWithDocInvalidFields -->
  <testcase classname="litigationManagement.CFO" name="CloseCase" time="0.0">
    <skipped/>
  </testcase> <!-- CloseCase -->
  <testcase classname="litigationManagement.CFO" name="LinkCaseDeleteIcon" time="0.0">
    <skipped/>
  </testcase> <!-- LinkCaseDeleteIcon -->
  <testcase classname="litigationManagement.CFO" name="NoticeSendMailWithDocEmptyFields" time="0.0">
    <skipped/>
  </testcase> <!-- NoticeSendMailWithDocEmptyFields -->
  <testcase classname="litigationManagement.CFO" name="CaseSendMailWithDocEmptyFields" time="0.0">
    <skipped/>
  </testcase> <!-- CaseSendMailWithDocEmptyFields -->
  <testcase classname="litigationManagement.CFO" name="NoticeUserAssignment" time="0.0">
    <skipped/>
  </testcase> <!-- NoticeUserAssignment -->
  <testcase classname="litigationManagement.CFO" name="TaskClosed" time="0.0">
    <skipped/>
  </testcase> <!-- TaskClosed -->
  <testcase classname="litigationManagement.CFO" name="CaseUserAssignment" time="0.0">
    <skipped/>
  </testcase> <!-- CaseUserAssignment -->
  <testcase classname="litigationManagement.CFO" name="NoticeUserAssignmentDelete" time="0.0">
    <skipped/>
  </testcase> <!-- NoticeUserAssignmentDelete -->
  <testcase classname="litigationManagement.CFO" name="CaseUserAssignmentDelete" time="0.0">
    <skipped/>
  </testcase> <!-- CaseUserAssignmentDelete -->
  <testcase classname="litigationManagement.CFO" name="LinkNotice" time="0.0">
    <skipped/>
  </testcase> <!-- LinkNotice -->
  <testcase classname="litigationManagement.CFO" name="LinkNoticeViewIcon" time="0.001">
    <skipped/>
  </testcase> <!-- LinkNoticeViewIcon -->
  <testcase classname="litigationManagement.CFO" name="LinkNoticeDeleteIcon" time="0.0">
    <skipped/>
  </testcase> <!-- LinkNoticeDeleteIcon -->
  <testcase classname="litigationManagement.CFO" name="NoticeDocumentSearchFields" time="0.0">
    <skipped/>
  </testcase> <!-- NoticeDocumentSearchFields -->
  <testcase classname="litigationManagement.CFO" name="CaseDocument" time="0.0">
    <skipped/>
  </testcase> <!-- CaseDocument -->
  <testcase classname="litigationManagement.CFO" name="NoticeDocumentShareCloseBtn" time="0.0">
    <skipped/>
  </testcase> <!-- NoticeDocumentShareCloseBtn -->
  <testcase classname="litigationManagement.CFO" name="CaseTaskActivity" time="0.0">
    <skipped/>
  </testcase> <!-- CaseTaskActivity -->
  <testcase classname="litigationManagement.CFO" name="CaseWithoutUploadDocument" time="0.0">
    <skipped/>
  </testcase> <!-- CaseWithoutUploadDocument -->
  <testcase classname="litigationManagement.CFO" name="NoticeTaskActivity" time="0.0">
    <skipped/>
  </testcase> <!-- NoticeTaskActivity -->
  <testcase classname="litigationManagement.CFO" name="CaseDocumentEmptyFields" time="0.0">
    <skipped/>
  </testcase> <!-- CaseDocumentEmptyFields -->
  <testcase classname="litigationManagement.CFO" name="CaseExistingHearingDate" time="0.0">
    <skipped/>
  </testcase> <!-- CaseExistingHearingDate -->
  <testcase classname="litigationManagement.CFO" name="CaseHearingcfo" time="0.0">
    <skipped/>
  </testcase> <!-- CaseHearingcfo -->
  <testcase classname="litigationManagement.CFO" name="CaseTaskActivityWithoutData" time="0.0">
    <skipped/>
  </testcase> <!-- CaseTaskActivityWithoutData -->
  <testcase classname="litigationManagement.CFO" name="TaskActivtityDeleteResponse" time="0.0">
    <skipped/>
  </testcase> <!-- TaskActivtityDeleteResponse -->
  <testcase classname="litigationManagement.CFO" name="CaseDocumentSearchFields" time="0.0">
    <skipped/>
  </testcase> <!-- CaseDocumentSearchFields -->
  <testcase classname="litigationManagement.CFO" name="CaseTaskActivitywithExistingData" time="0.0">
    <skipped/>
  </testcase> <!-- CaseTaskActivitywithExistingData -->
  <testcase classname="litigationManagement.CFO" name="CaseWithoutHearingData" time="0.0">
    <skipped/>
  </testcase> <!-- CaseWithoutHearingData -->
  <testcase classname="litigationManagement.CFO" name="TaskActivtityExistingData" time="0.0">
    <skipped/>
  </testcase> <!-- TaskActivtityExistingData -->
  <testcase classname="litigationManagement.CFO" name="CaseDocumentShareInvalidData" time="0.0">
    <skipped/>
  </testcase> <!-- CaseDocumentShareInvalidData -->
  <testcase classname="litigationManagement.CFO" name="CaseHearingInvalidDate" time="0.0">
    <skipped/>
  </testcase> <!-- CaseHearingInvalidDate -->
  <testcase classname="litigationManagement.CFO" name="CaseStatusPayment" time="0.0">
    <skipped/>
  </testcase> <!-- CaseStatusPayment -->
  <testcase classname="litigationManagement.CFO" name="CaseTaskActivtityResponseWithoutStatus" time="0.0">
    <skipped/>
  </testcase> <!-- CaseTaskActivtityResponseWithoutStatus -->
  <testcase classname="litigationManagement.CFO" name="TaskActivtityWithoutData" time="0.0">
    <skipped/>
  </testcase> <!-- TaskActivtityWithoutData -->
  <testcase classname="litigationManagement.CFO" name="CaseDocumentShareWithoutData" time="0.0">
    <skipped/>
  </testcase> <!-- CaseDocumentShareWithoutData -->
  <testcase classname="litigationManagement.CFO" name="CaseExternalLawyerRating" time="0.002">
    <skipped/>
  </testcase> <!-- CaseExternalLawyerRating -->
  <testcase classname="litigationManagement.CFO" name="CaseHearingClearBtn" time="0.0">
    <skipped/>
  </testcase> <!-- CaseHearingClearBtn -->
  <testcase classname="litigationManagement.CFO" name="CaseTaskActivtityResponseClearBtn" time="0.0">
    <skipped/>
  </testcase> <!-- CaseTaskActivtityResponseClearBtn -->
  <testcase classname="litigationManagement.CFO" name="TaskActivtityResponseWithoutStatus" time="0.0">
    <skipped/>
  </testcase> <!-- TaskActivtityResponseWithoutStatus -->
  <testcase classname="litigationManagement.CFO" name="CaseAuditLog" time="0.0">
    <skipped/>
  </testcase> <!-- CaseAuditLog -->
  <testcase classname="litigationManagement.CFO" name="CaseDocumentShareCloseBtn" time="0.0">
    <skipped/>
  </testcase> <!-- CaseDocumentShareCloseBtn -->
  <testcase classname="litigationManagement.CFO" name="CaseOrder" time="0.0">
    <skipped/>
  </testcase> <!-- CaseOrder -->
  <testcase classname="litigationManagement.CFO" name="TaskActivtityResponseClearBtn" time="0.0">
    <skipped/>
  </testcase> <!-- TaskActivtityResponseClearBtn -->
  <testcase classname="litigationManagement.CFO" name="CaseOrderExistingData" time="0.0">
    <skipped/>
  </testcase> <!-- CaseOrderExistingData -->
  <testcase classname="litigationManagement.CFO" name="MyDocument" time="0.0">
    <skipped/>
  </testcase> <!-- MyDocument -->
  <testcase classname="litigationManagement.CFO" name="NoticeResponse" time="0.0">
    <skipped/>
  </testcase> <!-- NoticeResponse -->
  <testcase classname="litigationManagement.CFO" name="CaseOrderWithoutData" time="0.0">
    <skipped/>
  </testcase> <!-- CaseOrderWithoutData -->
  <testcase classname="litigationManagement.CFO" name="MyReports" time="0.0">
    <skipped/>
  </testcase> <!-- MyReports -->
  <testcase classname="litigationManagement.CFO" name="CaseOrderwithClearBtn" time="0.0">
    <skipped/>
  </testcase> <!-- CaseOrderwithClearBtn -->
  <testcase classname="litigationManagement.CFO" name="MoreReports" time="0.0">
    <skipped/>
  </testcase> <!-- MoreReports -->
  <testcase classname="litigationManagement.CFO" name="MyReminder" time="0.0">
    <skipped/>
  </testcase> <!-- MyReminder -->
  <testcase classname="litigationManagement.CFO" name="ResponseClearBtn" time="0.0">
    <skipped/>
  </testcase> <!-- ResponseClearBtn -->
  <testcase classname="litigationManagement.CFO" name="ImportUtility" time="0.0">
    <skipped/>
  </testcase> <!-- ImportUtility -->
  <testcase classname="litigationManagement.CFO" name="NoticePayment" time="0.0">
    <skipped/>
  </testcase> <!-- NoticePayment -->
  <testcase classname="litigationManagement.CFO" name="AdvancedSearch" time="0.0">
    <skipped/>
  </testcase> <!-- AdvancedSearch -->
  <testcase classname="litigationManagement.CFO" name="PaymentLogwithExistingData" time="0.0">
    <skipped/>
  </testcase> <!-- PaymentLogwithExistingData -->
  <testcase classname="litigationManagement.CFO" name="AdvancedSearchDoc" time="0.0">
    <skipped/>
  </testcase> <!-- AdvancedSearchDoc -->
  <testcase classname="litigationManagement.CFO" name="NoticeExternalLawyer" time="0.0">
    <skipped/>
  </testcase> <!-- NoticeExternalLawyer -->
  <testcase classname="litigationManagement.CFO" name="NoticePaymentWithoutData" time="0.0">
    <skipped/>
  </testcase> <!-- NoticePaymentWithoutData -->
  <testcase classname="litigationManagement.CFO" name="AdvancedSearchreport" time="0.0">
    <skipped/>
  </testcase> <!-- AdvancedSearchreport -->
  <testcase classname="litigationManagement.CFO" name="CriteriaExistingData" time="0.0">
    <skipped/>
  </testcase> <!-- CriteriaExistingData -->
  <testcase classname="litigationManagement.CFO" name="CriteriaInvalidData" time="0.0">
    <skipped/>
  </testcase> <!-- CriteriaInvalidData -->
  <testcase classname="litigationManagement.CFO" name="Masters" time="0.0">
    <skipped/>
  </testcase> <!-- Masters -->
  <testcase classname="litigationManagement.CFO" name="CriteriaWithoutData" time="0.0">
    <skipped/>
  </testcase> <!-- CriteriaWithoutData -->
  <testcase classname="litigationManagement.CFO" name="Masters1" time="0.0">
    <skipped/>
  </testcase> <!-- Masters1 -->
  <testcase classname="litigationManagement.CFO" name="Masters2" time="0.0">
    <skipped/>
  </testcase> <!-- Masters2 -->
  <testcase classname="litigationManagement.CFO" name="NoticeAuditLog" time="0.0">
    <skipped/>
  </testcase> <!-- NoticeAuditLog -->
  <testcase classname="litigationManagement.CFO" name="Masters3" time="0.0">
    <skipped/>
  </testcase> <!-- Masters3 -->
  <testcase classname="litigationManagement.CFO" name="Masters4" time="0.0">
    <skipped/>
  </testcase> <!-- Masters4 -->
  <testcase classname="litigationManagement.CFO" name="Masters5" time="0.0">
    <skipped/>
  </testcase> <!-- Masters5 -->
  <testcase classname="litigationManagement.CFO" name="Masters6" time="0.0">
    <skipped/>
  </testcase> <!-- Masters6 -->
  <testcase classname="litigationManagement.CFO" name="Masters7" time="0.0">
    <skipped/>
  </testcase> <!-- Masters7 -->
  <testcase classname="litigationManagement.CFO" name="Masters8" time="0.0">
    <skipped/>
  </testcase> <!-- Masters8 -->
  <testcase classname="litigationManagement.CFO" name="Masters9" time="0.0">
    <skipped/>
  </testcase> <!-- Masters9 -->
  <testcase classname="litigationManagement.CFO" name="Masters10" time="0.0">
    <skipped/>
  </testcase> <!-- Masters10 -->
  <testcase classname="litigationManagement.CFO" name="Masters12" time="0.0">
    <skipped/>
  </testcase> <!-- Masters12 -->
  <testcase classname="litigationManagement.CFO" name="Masters11" time="0.0">
    <skipped/>
  </testcase> <!-- Masters11 -->
  <testcase classname="litigationManagement.CFO" name="Masters13" time="0.0">
    <skipped/>
  </testcase> <!-- Masters13 -->
  <testcase classname="litigationManagement.CFO" name="HearingCalender" time="0.0">
    <skipped/>
  </testcase> <!-- HearingCalender -->
  <testcase classname="litigationManagement.CFO" name="CaseHearing" time="0.0">
    <skipped/>
  </testcase> <!-- CaseHearing -->
  <testcase classname="litigationManagement.CFO" name="NoticeDocViewandDownload" time="0.0">
    <skipped/>
  </testcase> <!-- NoticeDocViewandDownload -->
</testsuite> <!-- Default test -->
