<?xml version="1.0" encoding="UTF-8"?>
<!-- Generated by org.testng.reporters.JUnitXMLReporter -->
<testsuite ignored="0" hostname="DESKTOP-LP" failures="2" tests="112" name="Default test" time="206.159" errors="0" timestamp="2023-08-09T19:56:45 IST">
  <testcase classname="litigationManagement.CFO" name="@AfterMethod Close" time="0.007">
    <failure type="org.openqa.selenium.WebDriverException" message="disconnected: not connected to DevTools
  (failed to check if window was closed: disconnected: not connected to DevTools)
  (Session info: chrome=115.0.5790.111)
Build info: version: &amp;apos;3.141.0&amp;apos;, revision: &amp;apos;2ecb7d9a&amp;apos;, time: &amp;apos;2018-10-31T20:09:30&amp;apos;
System info: host: &amp;apos;DESKTOP-LP&amp;apos;, ip: &amp;apos;172.25.160.1&amp;apos;, os.name: &amp;apos;Windows 10&amp;apos;, os.arch: &amp;apos;amd64&amp;apos;, os.version: &amp;apos;10.0&amp;apos;, java.version: &amp;apos;20&amp;apos;
Driver info: org.openqa.selenium.chrome.ChromeDriver
Capabilities {acceptInsecureCerts: false, browserName: chrome, browserVersion: 115.0.5790.111, chrome: {chromedriverVersion: 114.0.5735.90 (386bc09e8f4f..., userDataDir: C:\Users\SNEHAL~1\AppData\L...}, goog:chromeOptions: {debuggerAddress: localhost:63398}, javascriptEnabled: true, networkConnectionEnabled: false, pageLoadStrategy: normal, platform: WINDOWS, platformName: WINDOWS, proxy: Proxy(), setWindowRect: true, strictFileInteractability: false, timeouts: {implicit: 0, pageLoad: 300000, script: 30000}, unhandledPromptBehavior: dismiss and notify, webauthn:extension:credBlob: true, webauthn:extension:largeBlob: true, webauthn:extension:minPinLength: true, webauthn:extension:prf: true, webauthn:virtualAuthenticators: true}
Session ID: cdff6e8e8d2d4634f154628f29ebf1b6">
      <![CDATA[org.openqa.selenium.WebDriverException: disconnected: not connected to DevTools
  (failed to check if window was closed: disconnected: not connected to DevTools)
  (Session info: chrome=115.0.5790.111)
Build info: version: '3.141.0', revision: '2ecb7d9a', time: '2018-10-31T20:09:30'
System info: host: 'DESKTOP-LP', ip: '172.25.160.1', os.name: 'Windows 10', os.arch: 'amd64', os.version: '10.0', java.version: '20'
Driver info: org.openqa.selenium.chrome.ChromeDriver
Capabilities {acceptInsecureCerts: false, browserName: chrome, browserVersion: 115.0.5790.111, chrome: {chromedriverVersion: 114.0.5735.90 (386bc09e8f4f..., userDataDir: C:\Users\SNEHAL~1\AppData\L...}, goog:chromeOptions: {debuggerAddress: localhost:63398}, javascriptEnabled: true, networkConnectionEnabled: false, pageLoadStrategy: normal, platform: WINDOWS, platformName: WINDOWS, proxy: Proxy(), setWindowRect: true, strictFileInteractability: false, timeouts: {implicit: 0, pageLoad: 300000, script: 30000}, unhandledPromptBehavior: dismiss and notify, webauthn:extension:credBlob: true, webauthn:extension:largeBlob: true, webauthn:extension:minPinLength: true, webauthn:extension:prf: true, webauthn:virtualAuthenticators: true}
Session ID: cdff6e8e8d2d4634f154628f29ebf1b6
at java.base/jdk.internal.reflect.DirectConstructorHandleAccessor.newInstance(DirectConstructorHandleAccessor.java:67)
at java.base/java.lang.reflect.Constructor.newInstanceWithCaller(Constructor.java:500)
at java.base/java.lang.reflect.Constructor.newInstance(Constructor.java:484)
at org.openqa.selenium.remote.http.W3CHttpResponseCodec.createException(W3CHttpResponseCodec.java:187)
at org.openqa.selenium.remote.http.W3CHttpResponseCodec.decode(W3CHttpResponseCodec.java:122)
at org.openqa.selenium.remote.http.W3CHttpResponseCodec.decode(W3CHttpResponseCodec.java:49)
at org.openqa.selenium.remote.HttpCommandExecutor.execute(HttpCommandExecutor.java:158)
at org.openqa.selenium.remote.service.DriverCommandExecutor.execute(DriverCommandExecutor.java:83)
at org.openqa.selenium.remote.RemoteWebDriver.execute(RemoteWebDriver.java:552)
at org.openqa.selenium.remote.RemoteWebDriver.execute(RemoteWebDriver.java:609)
at org.openqa.selenium.remote.RemoteWebDriver.close(RemoteWebDriver.java:442)
at litigationManagement.CFO.Close(CFO.java:2630)
at java.base/jdk.internal.reflect.DirectMethodHandleAccessor.invoke(DirectMethodHandleAccessor.java:104)
at java.base/java.lang.reflect.Method.invoke(Method.java:578)
at org.testng.internal.MethodInvocationHelper.invokeMethod(MethodInvocationHelper.java:133)
at org.testng.internal.MethodInvocationHelper.invokeMethodConsideringTimeout(MethodInvocationHelper.java:62)
at org.testng.internal.ConfigInvoker.invokeConfigurationMethod(ConfigInvoker.java:385)
at org.testng.internal.ConfigInvoker.invokeConfigurations(ConfigInvoker.java:321)
at org.testng.internal.TestInvoker.runConfigMethods(TestInvoker.java:700)
at org.testng.internal.TestInvoker.runAfterGroupsConfigurations(TestInvoker.java:676)
at org.testng.internal.TestInvoker.invokeMethod(TestInvoker.java:660)
at org.testng.internal.TestInvoker.invokeTestMethod(TestInvoker.java:173)
at org.testng.internal.MethodRunner.runInSequence(MethodRunner.java:46)
at org.testng.internal.TestInvoker$MethodInvocationAgent.invoke(TestInvoker.java:824)
at org.testng.internal.TestInvoker.invokeTestMethods(TestInvoker.java:146)
at org.testng.internal.TestMethodWorker.invokeTestMethods(TestMethodWorker.java:146)
at org.testng.internal.TestMethodWorker.run(TestMethodWorker.java:128)
at java.base/java.util.ArrayList.forEach(ArrayList.java:1511)
at org.testng.TestRunner.privateRun(TestRunner.java:794)
at org.testng.TestRunner.run(TestRunner.java:596)
at org.testng.SuiteRunner.runTest(SuiteRunner.java:377)
at org.testng.SuiteRunner.runSequentially(SuiteRunner.java:371)
at org.testng.SuiteRunner.privateRun(SuiteRunner.java:332)
at org.testng.SuiteRunner.run(SuiteRunner.java:276)
at org.testng.SuiteRunnerWorker.runSuite(SuiteRunnerWorker.java:53)
at org.testng.SuiteRunnerWorker.run(SuiteRunnerWorker.java:96)
at org.testng.TestNG.runSuitesSequentially(TestNG.java:1212)
at org.testng.TestNG.runSuitesLocally(TestNG.java:1134)
at org.testng.TestNG.runSuites(TestNG.java:1063)
at org.testng.TestNG.run(TestNG.java:1031)
at org.testng.remote.AbstractRemoteTestNG.run(AbstractRemoteTestNG.java:115)
at org.testng.remote.RemoteTestNG.initAndRun(RemoteTestNG.java:251)
at org.testng.remote.RemoteTestNG.main(RemoteTestNG.java:77)
]]>
    </failure>
  </testcase> <!-- @AfterMethod Close -->
  <testcase classname="litigationManagement.CFO" name="@BeforeMethod Login" time="-1.691591203059E9">
    <skipped/>
  </testcase> <!-- @BeforeMethod Login -->
  <testcase classname="litigationManagement.CFO" name="@AfterMethod Close" time="-1.691591203072E9">
    <skipped/>
  </testcase> <!-- @AfterMethod Close -->
  <testcase classname="litigationManagement.CFO" name="@BeforeMethod Login" time="-1.691591203078E9">
    <skipped/>
  </testcase> <!-- @BeforeMethod Login -->
  <testcase classname="litigationManagement.CFO" name="@AfterMethod Close" time="-1.691591203087E9">
    <skipped/>
  </testcase> <!-- @AfterMethod Close -->
  <testcase classname="litigationManagement.CFO" name="@BeforeMethod Login" time="-1.691591203091E9">
    <skipped/>
  </testcase> <!-- @BeforeMethod Login -->
  <testcase classname="litigationManagement.CFO" name="@AfterMethod Close" time="-1.691591203098E9">
    <skipped/>
  </testcase> <!-- @AfterMethod Close -->
  <testcase classname="litigationManagement.CFO" name="@BeforeMethod Login" time="-1.691591203102E9">
    <skipped/>
  </testcase> <!-- @BeforeMethod Login -->
  <testcase classname="litigationManagement.CFO" name="@AfterMethod Close" time="-1.691591203114E9">
    <skipped/>
  </testcase> <!-- @AfterMethod Close -->
  <testcase classname="litigationManagement.CFO" name="@BeforeMethod Login" time="-1.691591203122E9">
    <skipped/>
  </testcase> <!-- @BeforeMethod Login -->
  <testcase classname="litigationManagement.CFO" name="@AfterMethod Close" time="-1.691591203151E9">
    <skipped/>
  </testcase> <!-- @AfterMethod Close -->
  <testcase classname="litigationManagement.CFO" name="@BeforeMethod Login" time="-1.691591203158E9">
    <skipped/>
  </testcase> <!-- @BeforeMethod Login -->
  <testcase classname="litigationManagement.CFO" name="@AfterMethod Close" time="-1.691591203182E9">
    <skipped/>
  </testcase> <!-- @AfterMethod Close -->
  <testcase classname="litigationManagement.CFO" name="@BeforeMethod Login" time="-1.691591203186E9">
    <skipped/>
  </testcase> <!-- @BeforeMethod Login -->
  <testcase classname="litigationManagement.CFO" name="@AfterMethod Close" time="-1.691591203194E9">
    <skipped/>
  </testcase> <!-- @AfterMethod Close -->
  <testcase classname="litigationManagement.CFO" name="@BeforeMethod Login" time="-1.691591203199E9">
    <skipped/>
  </testcase> <!-- @BeforeMethod Login -->
  <testcase classname="litigationManagement.CFO" name="@AfterMethod Close" time="-1.691591203213E9">
    <skipped/>
  </testcase> <!-- @AfterMethod Close -->
  <testcase classname="litigationManagement.CFO" name="@BeforeMethod Login" time="-1.69159120322E9">
    <skipped/>
  </testcase> <!-- @BeforeMethod Login -->
  <testcase classname="litigationManagement.CFO" name="@AfterMethod Close" time="-1.691591203229E9">
    <skipped/>
  </testcase> <!-- @AfterMethod Close -->
  <testcase classname="litigationManagement.CFO" name="@BeforeMethod Login" time="-1.691591203233E9">
    <skipped/>
  </testcase> <!-- @BeforeMethod Login -->
  <testcase classname="litigationManagement.CFO" name="@AfterMethod Close" time="-1.691591203239E9">
    <skipped/>
  </testcase> <!-- @AfterMethod Close -->
  <testcase classname="litigationManagement.CFO" name="@BeforeMethod Login" time="-1.691591203244E9">
    <skipped/>
  </testcase> <!-- @BeforeMethod Login -->
  <testcase classname="litigationManagement.CFO" name="@AfterMethod Close" time="-1.691591203251E9">
    <skipped/>
  </testcase> <!-- @AfterMethod Close -->
  <testcase classname="litigationManagement.CFO" name="@BeforeMethod Login" time="-1.691591203259E9">
    <skipped/>
  </testcase> <!-- @BeforeMethod Login -->
  <testcase classname="litigationManagement.CFO" name="@AfterMethod Close" time="-1.691591203265E9">
    <skipped/>
  </testcase> <!-- @AfterMethod Close -->
  <testcase classname="litigationManagement.CFO" name="@BeforeMethod Login" time="-1.69159120327E9">
    <skipped/>
  </testcase> <!-- @BeforeMethod Login -->
  <testcase classname="litigationManagement.CFO" name="@AfterMethod Close" time="-1.691591203278E9">
    <skipped/>
  </testcase> <!-- @AfterMethod Close -->
  <testcase classname="litigationManagement.CFO" name="@BeforeMethod Login" time="-1.691591203283E9">
    <skipped/>
  </testcase> <!-- @BeforeMethod Login -->
  <testcase classname="litigationManagement.CFO" name="@AfterMethod Close" time="-1.69159120329E9">
    <skipped/>
  </testcase> <!-- @AfterMethod Close -->
  <testcase classname="litigationManagement.CFO" name="@BeforeMethod Login" time="-1.691591203295E9">
    <skipped/>
  </testcase> <!-- @BeforeMethod Login -->
  <testcase classname="litigationManagement.CFO" name="@AfterMethod Close" time="-1.691591203309E9">
    <skipped/>
  </testcase> <!-- @AfterMethod Close -->
  <testcase classname="litigationManagement.CFO" name="@BeforeMethod Login" time="-1.691591203313E9">
    <skipped/>
  </testcase> <!-- @BeforeMethod Login -->
  <testcase classname="litigationManagement.CFO" name="@AfterMethod Close" time="-1.691591203322E9">
    <skipped/>
  </testcase> <!-- @AfterMethod Close -->
  <testcase classname="litigationManagement.CFO" name="@BeforeMethod Login" time="-1.691591203329E9">
    <skipped/>
  </testcase> <!-- @BeforeMethod Login -->
  <testcase classname="litigationManagement.CFO" name="@AfterMethod Close" time="-1.691591203336E9">
    <skipped/>
  </testcase> <!-- @AfterMethod Close -->
  <testcase classname="litigationManagement.CFO" name="@BeforeMethod Login" time="-1.691591203341E9">
    <skipped/>
  </testcase> <!-- @BeforeMethod Login -->
  <testcase classname="litigationManagement.CFO" name="@AfterMethod Close" time="-1.691591203349E9">
    <skipped/>
  </testcase> <!-- @AfterMethod Close -->
  <testcase classname="litigationManagement.CFO" name="@BeforeMethod Login" time="-1.691591203352E9">
    <skipped/>
  </testcase> <!-- @BeforeMethod Login -->
  <testcase classname="litigationManagement.CFO" name="@AfterMethod Close" time="-1.691591203361E9">
    <skipped/>
  </testcase> <!-- @AfterMethod Close -->
  <testcase classname="litigationManagement.CFO" name="@BeforeMethod Login" time="-1.691591203366E9">
    <skipped/>
  </testcase> <!-- @BeforeMethod Login -->
  <testcase classname="litigationManagement.CFO" name="@AfterMethod Close" time="-1.691591203375E9">
    <skipped/>
  </testcase> <!-- @AfterMethod Close -->
  <testcase classname="litigationManagement.CFO" name="@BeforeMethod Login" time="-1.69159120338E9">
    <skipped/>
  </testcase> <!-- @BeforeMethod Login -->
  <testcase classname="litigationManagement.CFO" name="@AfterMethod Close" time="-1.691591203398E9">
    <skipped/>
  </testcase> <!-- @AfterMethod Close -->
  <testcase classname="litigationManagement.CFO" name="@BeforeMethod Login" time="-1.691591203401E9">
    <skipped/>
  </testcase> <!-- @BeforeMethod Login -->
  <testcase classname="litigationManagement.CFO" name="@AfterMethod Close" time="-1.691591203409E9">
    <skipped/>
  </testcase> <!-- @AfterMethod Close -->
  <testcase classname="litigationManagement.CFO" name="@BeforeMethod Login" time="-1.691591203415E9">
    <skipped/>
  </testcase> <!-- @BeforeMethod Login -->
  <testcase classname="litigationManagement.CFO" name="@AfterMethod Close" time="-1.691591203423E9">
    <skipped/>
  </testcase> <!-- @AfterMethod Close -->
  <testcase classname="litigationManagement.CFO" name="@BeforeMethod Login" time="-1.691591203425E9">
    <skipped/>
  </testcase> <!-- @BeforeMethod Login -->
  <testcase classname="litigationManagement.CFO" name="@AfterMethod Close" time="-1.691591203433E9">
    <skipped/>
  </testcase> <!-- @AfterMethod Close -->
  <testcase classname="litigationManagement.CFO" name="@BeforeMethod Login" time="-1.691591203435E9">
    <skipped/>
  </testcase> <!-- @BeforeMethod Login -->
  <testcase classname="litigationManagement.CFO" name="@AfterMethod Close" time="-1.691591203456E9">
    <skipped/>
  </testcase> <!-- @AfterMethod Close -->
  <testcase classname="litigationManagement.CFO" name="@BeforeMethod Login" time="-1.69159120346E9">
    <skipped/>
  </testcase> <!-- @BeforeMethod Login -->
  <testcase classname="litigationManagement.CFO" name="@AfterMethod Close" time="-1.691591203465E9">
    <skipped/>
  </testcase> <!-- @AfterMethod Close -->
  <testcase classname="litigationManagement.CFO" name="@BeforeMethod Login" time="-1.691591203468E9">
    <skipped/>
  </testcase> <!-- @BeforeMethod Login -->
  <testcase classname="litigationManagement.CFO" name="@AfterMethod Close" time="-1.691591203476E9">
    <skipped/>
  </testcase> <!-- @AfterMethod Close -->
  <testcase classname="litigationManagement.CFO" name="@BeforeMethod Login" time="-1.691591203482E9">
    <skipped/>
  </testcase> <!-- @BeforeMethod Login -->
  <testcase classname="litigationManagement.CFO" name="@AfterMethod Close" time="-1.691591203491E9">
    <skipped/>
  </testcase> <!-- @AfterMethod Close -->
  <testcase classname="litigationManagement.CFO" name="@BeforeMethod Login" time="-1.691591203492E9">
    <skipped/>
  </testcase> <!-- @BeforeMethod Login -->
  <testcase classname="litigationManagement.CFO" name="@AfterMethod Close" time="-1.6915912035E9">
    <skipped/>
  </testcase> <!-- @AfterMethod Close -->
  <testcase classname="litigationManagement.CFO" name="@BeforeMethod Login" time="-1.691591203507E9">
    <skipped/>
  </testcase> <!-- @BeforeMethod Login -->
  <testcase classname="litigationManagement.CFO" name="@AfterMethod Close" time="-1.691591203518E9">
    <skipped/>
  </testcase> <!-- @AfterMethod Close -->
  <testcase classname="litigationManagement.CFO" name="@BeforeMethod Login" time="-1.691591203522E9">
    <skipped/>
  </testcase> <!-- @BeforeMethod Login -->
  <testcase classname="litigationManagement.CFO" name="@AfterMethod Close" time="-1.691591203529E9">
    <skipped/>
  </testcase> <!-- @AfterMethod Close -->
  <testcase classname="litigationManagement.CFO" name="@BeforeMethod Login" time="-1.691591203531E9">
    <skipped/>
  </testcase> <!-- @BeforeMethod Login -->
  <testcase classname="litigationManagement.CFO" name="@AfterMethod Close" time="-1.69159120354E9">
    <skipped/>
  </testcase> <!-- @AfterMethod Close -->
  <testcase classname="litigationManagement.CFO" name="@BeforeMethod Login" time="-1.691591203541E9">
    <skipped/>
  </testcase> <!-- @BeforeMethod Login -->
  <testcase classname="litigationManagement.CFO" name="@AfterMethod Close" time="-1.69159120355E9">
    <skipped/>
  </testcase> <!-- @AfterMethod Close -->
  <testcase classname="litigationManagement.CFO" name="@BeforeMethod Login" time="-1.691591203554E9">
    <skipped/>
  </testcase> <!-- @BeforeMethod Login -->
  <testcase classname="litigationManagement.CFO" name="@AfterMethod Close" time="-1.691591203558E9">
    <skipped/>
  </testcase> <!-- @AfterMethod Close -->
  <testcase classname="litigationManagement.CFO" name="@BeforeMethod Login" time="-1.69159120356E9">
    <skipped/>
  </testcase> <!-- @BeforeMethod Login -->
  <testcase classname="litigationManagement.CFO" name="@AfterMethod Close" time="-1.691591203564E9">
    <skipped/>
  </testcase> <!-- @AfterMethod Close -->
  <testcase classname="litigationManagement.CFO" name="@BeforeMethod Login" time="-1.691591203573E9">
    <skipped/>
  </testcase> <!-- @BeforeMethod Login -->
  <testcase classname="litigationManagement.CFO" name="@AfterMethod Close" time="-1.691591203581E9">
    <skipped/>
  </testcase> <!-- @AfterMethod Close -->
  <testcase classname="litigationManagement.CFO" name="@BeforeMethod Login" time="-1.691591203583E9">
    <skipped/>
  </testcase> <!-- @BeforeMethod Login -->
  <testcase classname="litigationManagement.CFO" name="@AfterMethod Close" time="-1.691591203592E9">
    <skipped/>
  </testcase> <!-- @AfterMethod Close -->
  <testcase classname="litigationManagement.CFO" name="@BeforeMethod Login" time="-1.691591203595E9">
    <skipped/>
  </testcase> <!-- @BeforeMethod Login -->
  <testcase classname="litigationManagement.CFO" name="@AfterMethod Close" time="-1.691591203602E9">
    <skipped/>
  </testcase> <!-- @AfterMethod Close -->
  <testcase classname="litigationManagement.CFO" name="@BeforeMethod Login" time="-1.691591203605E9">
    <skipped/>
  </testcase> <!-- @BeforeMethod Login -->
  <testcase classname="litigationManagement.CFO" name="@AfterMethod Close" time="-1.691591203615E9">
    <skipped/>
  </testcase> <!-- @AfterMethod Close -->
  <testcase classname="litigationManagement.CFO" name="@BeforeMethod Login" time="-1.69159120362E9">
    <skipped/>
  </testcase> <!-- @BeforeMethod Login -->
  <testcase classname="litigationManagement.CFO" name="@AfterMethod Close" time="-1.691591203627E9">
    <skipped/>
  </testcase> <!-- @AfterMethod Close -->
  <testcase classname="litigationManagement.CFO" name="@BeforeMethod Login" time="-1.691591203638E9">
    <skipped/>
  </testcase> <!-- @BeforeMethod Login -->
  <testcase classname="litigationManagement.CFO" name="@AfterMethod Close" time="-1.691591203713E9">
    <skipped/>
  </testcase> <!-- @AfterMethod Close -->
  <testcase classname="litigationManagement.CFO" name="@BeforeMethod Login" time="-1.691591203725E9">
    <skipped/>
  </testcase> <!-- @BeforeMethod Login -->
  <testcase classname="litigationManagement.CFO" name="@AfterMethod Close" time="-1.691591203744E9">
    <skipped/>
  </testcase> <!-- @AfterMethod Close -->
  <testcase classname="litigationManagement.CFO" name="@BeforeMethod Login" time="-1.691591203756E9">
    <skipped/>
  </testcase> <!-- @BeforeMethod Login -->
  <testcase classname="litigationManagement.CFO" name="@AfterMethod Close" time="-1.691591203778E9">
    <skipped/>
  </testcase> <!-- @AfterMethod Close -->
  <testcase classname="litigationManagement.CFO" name="@BeforeMethod Login" time="-1.691591203792E9">
    <skipped/>
  </testcase> <!-- @BeforeMethod Login -->
  <testcase classname="litigationManagement.CFO" name="@AfterMethod Close" time="-1.69159120381E9">
    <skipped/>
  </testcase> <!-- @AfterMethod Close -->
  <testcase classname="litigationManagement.CFO" name="@BeforeMethod Login" time="-1.691591203811E9">
    <skipped/>
  </testcase> <!-- @BeforeMethod Login -->
  <testcase classname="litigationManagement.CFO" name="@AfterMethod Close" time="-1.691591203826E9">
    <skipped/>
  </testcase> <!-- @AfterMethod Close -->
  <testcase classname="litigationManagement.CFO" name="@BeforeMethod Login" time="-1.691591203831E9">
    <skipped/>
  </testcase> <!-- @BeforeMethod Login -->
  <testcase classname="litigationManagement.CFO" name="@AfterMethod Close" time="-1.691591203856E9">
    <skipped/>
  </testcase> <!-- @AfterMethod Close -->
  <testcase classname="litigationManagement.CFO" name="@BeforeMethod Login" time="-1.691591203861E9">
    <skipped/>
  </testcase> <!-- @BeforeMethod Login -->
  <testcase classname="litigationManagement.CFO" name="@AfterMethod Close" time="-1.691591203866E9">
    <skipped/>
  </testcase> <!-- @AfterMethod Close -->
  <testcase classname="litigationManagement.CFO" name="@BeforeMethod Login" time="-1.691591203873E9">
    <skipped/>
  </testcase> <!-- @BeforeMethod Login -->
  <testcase classname="litigationManagement.CFO" name="@AfterMethod Close" time="-1.691591203876E9">
    <skipped/>
  </testcase> <!-- @AfterMethod Close -->
  <testcase classname="litigationManagement.CFO" name="@BeforeMethod Login" time="-1.69159120388E9">
    <skipped/>
  </testcase> <!-- @BeforeMethod Login -->
  <testcase classname="litigationManagement.CFO" name="@AfterMethod Close" time="-1.691591203886E9">
    <skipped/>
  </testcase> <!-- @AfterMethod Close -->
  <testcase classname="litigationManagement.CFO" name="@BeforeMethod Login" time="-1.691591203888E9">
    <skipped/>
  </testcase> <!-- @BeforeMethod Login -->
  <testcase classname="litigationManagement.CFO" name="@AfterMethod Close" time="-1.691591203894E9">
    <skipped/>
  </testcase> <!-- @AfterMethod Close -->
  <testcase classname="litigationManagement.CFO" name="@BeforeMethod Login" time="-1.691591203895E9">
    <skipped/>
  </testcase> <!-- @BeforeMethod Login -->
  <testcase classname="litigationManagement.CFO" name="@AfterMethod Close" time="-1.691591203917E9">
    <skipped/>
  </testcase> <!-- @AfterMethod Close -->
  <testcase classname="litigationManagement.CFO" name="@BeforeMethod Login" time="-1.691591203922E9">
    <skipped/>
  </testcase> <!-- @BeforeMethod Login -->
  <testcase classname="litigationManagement.CFO" name="@AfterMethod Close" time="-1.691591203928E9">
    <skipped/>
  </testcase> <!-- @AfterMethod Close -->
  <testcase classname="litigationManagement.CFO" name="@BeforeMethod Login" time="-1.691591203934E9">
    <skipped/>
  </testcase> <!-- @BeforeMethod Login -->
  <testcase classname="litigationManagement.CFO" name="@AfterMethod Close" time="-1.691591203945E9">
    <skipped/>
  </testcase> <!-- @AfterMethod Close -->
  <testcase classname="litigationManagement.CFO" name="@BeforeMethod Login" time="-1.691591203948E9">
    <skipped/>
  </testcase> <!-- @BeforeMethod Login -->
  <testcase classname="litigationManagement.CFO" name="@AfterMethod Close" time="-1.691591203963E9">
    <skipped/>
  </testcase> <!-- @AfterMethod Close -->
  <testcase classname="litigationManagement.CFO" name="@BeforeMethod Login" time="-1.691591203967E9">
    <skipped/>
  </testcase> <!-- @BeforeMethod Login -->
  <testcase classname="litigationManagement.CFO" name="@AfterMethod Close" time="-1.691591203979E9">
    <skipped/>
  </testcase> <!-- @AfterMethod Close -->
  <testcase classname="litigationManagement.CFO" name="@BeforeMethod Login" time="-1.691591203981E9">
    <skipped/>
  </testcase> <!-- @BeforeMethod Login -->
  <testcase classname="litigationManagement.CFO" name="@AfterMethod Close" time="-1.691591203985E9">
    <skipped/>
  </testcase> <!-- @AfterMethod Close -->
  <testcase classname="litigationManagement.CFO" name="@BeforeMethod Login" time="-1.69159120399E9">
    <skipped/>
  </testcase> <!-- @BeforeMethod Login -->
  <testcase classname="litigationManagement.CFO" name="@AfterMethod Close" time="-1.691591203996E9">
    <skipped/>
  </testcase> <!-- @AfterMethod Close -->
  <testcase classname="litigationManagement.CFO" name="@BeforeMethod Login" time="-1.691591204005E9">
    <skipped/>
  </testcase> <!-- @BeforeMethod Login -->
  <testcase classname="litigationManagement.CFO" name="@AfterMethod Close" time="-1.691591204012E9">
    <skipped/>
  </testcase> <!-- @AfterMethod Close -->
  <testcase classname="litigationManagement.CFO" name="@BeforeMethod Login" time="-1.691591204014E9">
    <skipped/>
  </testcase> <!-- @BeforeMethod Login -->
  <testcase classname="litigationManagement.CFO" name="@AfterMethod Close" time="-1.691591204027E9">
    <skipped/>
  </testcase> <!-- @AfterMethod Close -->
  <testcase classname="litigationManagement.CFO" name="@BeforeMethod Login" time="-1.691591204032E9">
    <skipped/>
  </testcase> <!-- @BeforeMethod Login -->
  <testcase classname="litigationManagement.CFO" name="@AfterMethod Close" time="-1.691591204045E9">
    <skipped/>
  </testcase> <!-- @AfterMethod Close -->
  <testcase classname="litigationManagement.CFO" name="@BeforeMethod Login" time="-1.691591204053E9">
    <skipped/>
  </testcase> <!-- @BeforeMethod Login -->
  <testcase classname="litigationManagement.CFO" name="@AfterMethod Close" time="-1.691591204062E9">
    <skipped/>
  </testcase> <!-- @AfterMethod Close -->
  <testcase classname="litigationManagement.CFO" name="@BeforeMethod Login" time="-1.691591204069E9">
    <skipped/>
  </testcase> <!-- @BeforeMethod Login -->
  <testcase classname="litigationManagement.CFO" name="@AfterMethod Close" time="-1.691591204076E9">
    <skipped/>
  </testcase> <!-- @AfterMethod Close -->
  <testcase classname="litigationManagement.CFO" name="@BeforeMethod Login" time="-1.691591204082E9">
    <skipped/>
  </testcase> <!-- @BeforeMethod Login -->
  <testcase classname="litigationManagement.CFO" name="@AfterMethod Close" time="-1.691591204089E9">
    <skipped/>
  </testcase> <!-- @AfterMethod Close -->
  <testcase classname="litigationManagement.CFO" name="@BeforeMethod Login" time="-1.691591204091E9">
    <skipped/>
  </testcase> <!-- @BeforeMethod Login -->
  <testcase classname="litigationManagement.CFO" name="@AfterMethod Close" time="-1.691591204098E9">
    <skipped/>
  </testcase> <!-- @AfterMethod Close -->
  <testcase classname="litigationManagement.CFO" name="@BeforeMethod Login" time="-1.691591204104E9">
    <skipped/>
  </testcase> <!-- @BeforeMethod Login -->
  <testcase classname="litigationManagement.CFO" name="@AfterMethod Close" time="-1.691591204109E9">
    <skipped/>
  </testcase> <!-- @AfterMethod Close -->
  <testcase classname="litigationManagement.CFO" name="@BeforeMethod Login" time="-1.69159120411E9">
    <skipped/>
  </testcase> <!-- @BeforeMethod Login -->
  <testcase classname="litigationManagement.CFO" name="@AfterMethod Close" time="-1.691591204114E9">
    <skipped/>
  </testcase> <!-- @AfterMethod Close -->
  <testcase classname="litigationManagement.CFO" name="@BeforeMethod Login" time="-1.691591204116E9">
    <skipped/>
  </testcase> <!-- @BeforeMethod Login -->
  <testcase classname="litigationManagement.CFO" name="@AfterMethod Close" time="-1.691591204132E9">
    <skipped/>
  </testcase> <!-- @AfterMethod Close -->
  <testcase classname="litigationManagement.CFO" name="@BeforeMethod Login" time="-1.691591204134E9">
    <skipped/>
  </testcase> <!-- @BeforeMethod Login -->
  <testcase classname="litigationManagement.CFO" name="@AfterMethod Close" time="-1.691591204145E9">
    <skipped/>
  </testcase> <!-- @AfterMethod Close -->
  <testcase classname="litigationManagement.CFO" name="@BeforeMethod Login" time="-1.691591204158E9">
    <skipped/>
  </testcase> <!-- @BeforeMethod Login -->
  <testcase classname="litigationManagement.CFO" name="@AfterMethod Close" time="-1.691591204176E9">
    <skipped/>
  </testcase> <!-- @AfterMethod Close -->
  <testcase classname="litigationManagement.CFO" name="@BeforeMethod Login" time="-1.691591204189E9">
    <skipped/>
  </testcase> <!-- @BeforeMethod Login -->
  <testcase classname="litigationManagement.CFO" name="@AfterMethod Close" time="-1.691591204196E9">
    <skipped/>
  </testcase> <!-- @AfterMethod Close -->
  <testcase classname="litigationManagement.CFO" name="@BeforeMethod Login" time="-1.691591204208E9">
    <skipped/>
  </testcase> <!-- @BeforeMethod Login -->
  <testcase classname="litigationManagement.CFO" name="@AfterMethod Close" time="-1.691591204214E9">
    <skipped/>
  </testcase> <!-- @AfterMethod Close -->
  <testcase classname="litigationManagement.CFO" name="@BeforeMethod Login" time="-1.691591204215E9">
    <skipped/>
  </testcase> <!-- @BeforeMethod Login -->
  <testcase classname="litigationManagement.CFO" name="@AfterMethod Close" time="-1.691591204225E9">
    <skipped/>
  </testcase> <!-- @AfterMethod Close -->
  <testcase classname="litigationManagement.CFO" name="@BeforeMethod Login" time="-1.691591204232E9">
    <skipped/>
  </testcase> <!-- @BeforeMethod Login -->
  <testcase classname="litigationManagement.CFO" name="@AfterMethod Close" time="-1.691591204242E9">
    <skipped/>
  </testcase> <!-- @AfterMethod Close -->
  <testcase classname="litigationManagement.CFO" name="@BeforeMethod Login" time="-1.691591204245E9">
    <skipped/>
  </testcase> <!-- @BeforeMethod Login -->
  <testcase classname="litigationManagement.CFO" name="@AfterMethod Close" time="-1.691591204249E9">
    <skipped/>
  </testcase> <!-- @AfterMethod Close -->
  <testcase classname="litigationManagement.CFO" name="@BeforeMethod Login" time="-1.691591204251E9">
    <skipped/>
  </testcase> <!-- @BeforeMethod Login -->
  <testcase classname="litigationManagement.CFO" name="@AfterMethod Close" time="-1.691591204256E9">
    <skipped/>
  </testcase> <!-- @AfterMethod Close -->
  <testcase classname="litigationManagement.CFO" name="@BeforeMethod Login" time="-1.691591204258E9">
    <skipped/>
  </testcase> <!-- @BeforeMethod Login -->
  <testcase classname="litigationManagement.CFO" name="@AfterMethod Close" time="-1.691591204264E9">
    <skipped/>
  </testcase> <!-- @AfterMethod Close -->
  <testcase classname="litigationManagement.CFO" name="@BeforeMethod Login" time="-1.691591204266E9">
    <skipped/>
  </testcase> <!-- @BeforeMethod Login -->
  <testcase classname="litigationManagement.CFO" name="@AfterMethod Close" time="-1.691591204276E9">
    <skipped/>
  </testcase> <!-- @AfterMethod Close -->
  <testcase classname="litigationManagement.CFO" name="@BeforeMethod Login" time="-1.691591204278E9">
    <skipped/>
  </testcase> <!-- @BeforeMethod Login -->
  <testcase classname="litigationManagement.CFO" name="@AfterMethod Close" time="-1.691591204286E9">
    <skipped/>
  </testcase> <!-- @AfterMethod Close -->
  <testcase classname="litigationManagement.CFO" name="@BeforeMethod Login" time="-1.69159120429E9">
    <skipped/>
  </testcase> <!-- @BeforeMethod Login -->
  <testcase classname="litigationManagement.CFO" name="@AfterMethod Close" time="-1.691591204333E9">
    <skipped/>
  </testcase> <!-- @AfterMethod Close -->
  <testcase classname="litigationManagement.CFO" name="@BeforeMethod Login" time="-1.691591204336E9">
    <skipped/>
  </testcase> <!-- @BeforeMethod Login -->
  <testcase classname="litigationManagement.CFO" name="@AfterMethod Close" time="-1.691591204351E9">
    <skipped/>
  </testcase> <!-- @AfterMethod Close -->
  <testcase classname="litigationManagement.CFO" name="@BeforeMethod Login" time="-1.691591204361E9">
    <skipped/>
  </testcase> <!-- @BeforeMethod Login -->
  <testcase classname="litigationManagement.CFO" name="@AfterMethod Close" time="-1.691591204376E9">
    <skipped/>
  </testcase> <!-- @AfterMethod Close -->
  <testcase classname="litigationManagement.CFO" name="@BeforeMethod Login" time="-1.69159120438E9">
    <skipped/>
  </testcase> <!-- @BeforeMethod Login -->
  <testcase classname="litigationManagement.CFO" name="@AfterMethod Close" time="-1.69159120439E9">
    <skipped/>
  </testcase> <!-- @AfterMethod Close -->
  <testcase classname="litigationManagement.CFO" name="@BeforeMethod Login" time="-1.691591204398E9">
    <skipped/>
  </testcase> <!-- @BeforeMethod Login -->
  <testcase classname="litigationManagement.CFO" name="@AfterMethod Close" time="-1.691591204405E9">
    <skipped/>
  </testcase> <!-- @AfterMethod Close -->
  <testcase classname="litigationManagement.CFO" name="@BeforeMethod Login" time="-1.691591204412E9">
    <skipped/>
  </testcase> <!-- @BeforeMethod Login -->
  <testcase classname="litigationManagement.CFO" name="@AfterMethod Close" time="-1.69159120443E9">
    <skipped/>
  </testcase> <!-- @AfterMethod Close -->
  <testcase classname="litigationManagement.CFO" name="@BeforeMethod Login" time="-1.691591204441E9">
    <skipped/>
  </testcase> <!-- @BeforeMethod Login -->
  <testcase classname="litigationManagement.CFO" name="@AfterMethod Close" time="-1.691591204447E9">
    <skipped/>
  </testcase> <!-- @AfterMethod Close -->
  <testcase classname="litigationManagement.CFO" name="@BeforeMethod Login" time="-1.691591204449E9">
    <skipped/>
  </testcase> <!-- @BeforeMethod Login -->
  <testcase classname="litigationManagement.CFO" name="@AfterMethod Close" time="-1.691591204456E9">
    <skipped/>
  </testcase> <!-- @AfterMethod Close -->
  <testcase classname="litigationManagement.CFO" name="@BeforeMethod Login" time="-1.691591204458E9">
    <skipped/>
  </testcase> <!-- @BeforeMethod Login -->
  <testcase classname="litigationManagement.CFO" name="@AfterMethod Close" time="-1.691591204462E9">
    <skipped/>
  </testcase> <!-- @AfterMethod Close -->
  <testcase classname="litigationManagement.CFO" name="@BeforeMethod Login" time="-1.691591204463E9">
    <skipped/>
  </testcase> <!-- @BeforeMethod Login -->
  <testcase classname="litigationManagement.CFO" name="@AfterMethod Close" time="-1.691591204469E9">
    <skipped/>
  </testcase> <!-- @AfterMethod Close -->
  <testcase classname="litigationManagement.CFO" name="@BeforeMethod Login" time="-1.691591204472E9">
    <skipped/>
  </testcase> <!-- @BeforeMethod Login -->
  <testcase classname="litigationManagement.CFO" name="@AfterMethod Close" time="-1.691591204475E9">
    <skipped/>
  </testcase> <!-- @AfterMethod Close -->
  <testcase classname="litigationManagement.CFO" name="@BeforeMethod Login" time="-1.691591204477E9">
    <skipped/>
  </testcase> <!-- @BeforeMethod Login -->
  <testcase classname="litigationManagement.CFO" name="@AfterMethod Close" time="-1.691591204481E9">
    <skipped/>
  </testcase> <!-- @AfterMethod Close -->
  <testcase classname="litigationManagement.CFO" name="@BeforeMethod Login" time="-1.691591204502E9">
    <skipped/>
  </testcase> <!-- @BeforeMethod Login -->
  <testcase classname="litigationManagement.CFO" name="@AfterMethod Close" time="-1.691591204508E9">
    <skipped/>
  </testcase> <!-- @AfterMethod Close -->
  <testcase classname="litigationManagement.CFO" name="@BeforeMethod Login" time="-1.69159120451E9">
    <skipped/>
  </testcase> <!-- @BeforeMethod Login -->
  <testcase classname="litigationManagement.CFO" name="@AfterMethod Close" time="-1.691591204515E9">
    <skipped/>
  </testcase> <!-- @AfterMethod Close -->
  <testcase classname="litigationManagement.CFO" name="@BeforeMethod Login" time="-1.691591204516E9">
    <skipped/>
  </testcase> <!-- @BeforeMethod Login -->
  <testcase classname="litigationManagement.CFO" name="@AfterMethod Close" time="-1.691591204523E9">
    <skipped/>
  </testcase> <!-- @AfterMethod Close -->
  <testcase classname="litigationManagement.CFO" name="@BeforeMethod Login" time="-1.691591204525E9">
    <skipped/>
  </testcase> <!-- @BeforeMethod Login -->
  <testcase classname="litigationManagement.CFO" name="@AfterMethod Close" time="-1.691591204538E9">
    <skipped/>
  </testcase> <!-- @AfterMethod Close -->
  <testcase classname="litigationManagement.CFO" name="@BeforeMethod Login" time="-1.691591204541E9">
    <skipped/>
  </testcase> <!-- @BeforeMethod Login -->
  <testcase classname="litigationManagement.CFO" name="@AfterMethod Close" time="-1.691591204545E9">
    <skipped/>
  </testcase> <!-- @AfterMethod Close -->
  <testcase classname="litigationManagement.CFO" name="@BeforeMethod Login" time="-1.691591204547E9">
    <skipped/>
  </testcase> <!-- @BeforeMethod Login -->
  <testcase classname="litigationManagement.CFO" name="@AfterMethod Close" time="-1.691591204551E9">
    <skipped/>
  </testcase> <!-- @AfterMethod Close -->
  <testcase classname="litigationManagement.CFO" name="@BeforeMethod Login" time="-1.69159120456E9">
    <skipped/>
  </testcase> <!-- @BeforeMethod Login -->
  <testcase classname="litigationManagement.CFO" name="@AfterMethod Close" time="-1.691591204568E9">
    <skipped/>
  </testcase> <!-- @AfterMethod Close -->
  <testcase classname="litigationManagement.CFO" name="@BeforeMethod Login" time="-1.691591204571E9">
    <skipped/>
  </testcase> <!-- @BeforeMethod Login -->
  <testcase classname="litigationManagement.CFO" name="@AfterMethod Close" time="-1.691591204577E9">
    <skipped/>
  </testcase> <!-- @AfterMethod Close -->
  <testcase classname="litigationManagement.CFO" name="@BeforeMethod Login" time="-1.691591204579E9">
    <skipped/>
  </testcase> <!-- @BeforeMethod Login -->
  <testcase classname="litigationManagement.CFO" name="@AfterMethod Close" time="-1.691591204582E9">
    <skipped/>
  </testcase> <!-- @AfterMethod Close -->
  <testcase classname="litigationManagement.CFO" name="@BeforeMethod Login" time="-1.691591204584E9">
    <skipped/>
  </testcase> <!-- @BeforeMethod Login -->
  <testcase classname="litigationManagement.CFO" name="@AfterMethod Close" time="-1.691591204588E9">
    <skipped/>
  </testcase> <!-- @AfterMethod Close -->
  <testcase classname="litigationManagement.CFO" name="@BeforeMethod Login" time="-1.691591204589E9">
    <skipped/>
  </testcase> <!-- @BeforeMethod Login -->
  <testcase classname="litigationManagement.CFO" name="@AfterMethod Close" time="-1.691591204593E9">
    <skipped/>
  </testcase> <!-- @AfterMethod Close -->
  <testcase classname="litigationManagement.CFO" name="@BeforeMethod Login" time="-1.691591204595E9">
    <skipped/>
  </testcase> <!-- @BeforeMethod Login -->
  <testcase classname="litigationManagement.CFO" name="@AfterMethod Close" time="-1.691591204598E9">
    <skipped/>
  </testcase> <!-- @AfterMethod Close -->
  <testcase classname="litigationManagement.CFO" name="@BeforeMethod Login" time="-1.6915912046E9">
    <skipped/>
  </testcase> <!-- @BeforeMethod Login -->
  <testcase classname="litigationManagement.CFO" name="@AfterMethod Close" time="-1.691591204604E9">
    <skipped/>
  </testcase> <!-- @AfterMethod Close -->
  <testcase classname="litigationManagement.CFO" name="@BeforeMethod Login" time="-1.691591204628E9">
    <skipped/>
  </testcase> <!-- @BeforeMethod Login -->
  <testcase classname="litigationManagement.CFO" name="@AfterMethod Close" time="-1.691591204639E9">
    <skipped/>
  </testcase> <!-- @AfterMethod Close -->
  <testcase classname="litigationManagement.CFO" name="@BeforeMethod Login" time="-1.69159120465E9">
    <skipped/>
  </testcase> <!-- @BeforeMethod Login -->
  <testcase classname="litigationManagement.CFO" name="@AfterMethod Close" time="-1.691591204658E9">
    <skipped/>
  </testcase> <!-- @AfterMethod Close -->
  <testcase classname="litigationManagement.CFO" name="@BeforeMethod Login" time="-1.69159120466E9">
    <skipped/>
  </testcase> <!-- @BeforeMethod Login -->
  <testcase classname="litigationManagement.CFO" name="@AfterMethod Close" time="-1.691591204666E9">
    <skipped/>
  </testcase> <!-- @AfterMethod Close -->
  <testcase classname="litigationManagement.CFO" name="@BeforeMethod Login" time="-1.691591204667E9">
    <skipped/>
  </testcase> <!-- @BeforeMethod Login -->
  <testcase classname="litigationManagement.CFO" name="@AfterMethod Close" time="-1.691591204675E9">
    <skipped/>
  </testcase> <!-- @AfterMethod Close -->
  <testcase classname="litigationManagement.CFO" name="@BeforeMethod Login" time="-1.691591204676E9">
    <skipped/>
  </testcase> <!-- @BeforeMethod Login -->
  <testcase classname="litigationManagement.CFO" name="@AfterMethod Close" time="-1.691591204684E9">
    <skipped/>
  </testcase> <!-- @AfterMethod Close -->
  <testcase classname="litigationManagement.CFO" name="@BeforeMethod Login" time="-1.691591204686E9">
    <skipped/>
  </testcase> <!-- @BeforeMethod Login -->
  <testcase classname="litigationManagement.CFO" name="@AfterMethod Close" time="-1.691591204693E9">
    <skipped/>
  </testcase> <!-- @AfterMethod Close -->
  <testcase classname="litigationManagement.CFO" name="@BeforeMethod Login" time="-1.691591204695E9">
    <skipped/>
  </testcase> <!-- @BeforeMethod Login -->
  <testcase classname="litigationManagement.CFO" name="@AfterMethod Close" time="-1.691591204716E9">
    <skipped/>
  </testcase> <!-- @AfterMethod Close -->
  <testcase classname="litigationManagement.CFO" name="CaseTaskActivity" time="123.166">
    <failure type="org.openqa.selenium.NoSuchElementException" message="no such element: Unable to locate element: {&amp;quot;method&amp;quot;:&amp;quot;xpath&amp;quot;,&amp;quot;selector&amp;quot;:&amp;quot;//*[@id=&amp;apos;ValidationSummary8&amp;apos;]/ul/li&amp;quot;}
  (Session info: chrome=115.0.5790.111)
For documentation on this error, please visit: http://seleniumhq.org/exceptions/no_such_element.html
Build info: version: &amp;apos;3.141.0&amp;apos;, revision: &amp;apos;2ecb7d9a&amp;apos;, time: &amp;apos;2018-10-31T20:09:30&amp;apos;
System info: host: &amp;apos;DESKTOP-LP&amp;apos;, ip: &amp;apos;172.25.160.1&amp;apos;, os.name: &amp;apos;Windows 10&amp;apos;, os.arch: &amp;apos;amd64&amp;apos;, os.version: &amp;apos;10.0&amp;apos;, java.version: &amp;apos;20&amp;apos;
Driver info: org.openqa.selenium.chrome.ChromeDriver
Capabilities {acceptInsecureCerts: false, browserName: chrome, browserVersion: 115.0.5790.111, chrome: {chromedriverVersion: 114.0.5735.90 (386bc09e8f4f..., userDataDir: C:\Users\SNEHAL~1\AppData\L...}, goog:chromeOptions: {debuggerAddress: localhost:63322}, javascriptEnabled: true, networkConnectionEnabled: false, pageLoadStrategy: normal, platform: WINDOWS, platformName: WINDOWS, proxy: Proxy(), setWindowRect: true, strictFileInteractability: false, timeouts: {implicit: 0, pageLoad: 300000, script: 30000}, unhandledPromptBehavior: dismiss and notify, webauthn:extension:credBlob: true, webauthn:extension:largeBlob: true, webauthn:extension:minPinLength: true, webauthn:extension:prf: true, webauthn:virtualAuthenticators: true}
Session ID: 529d56f0465eaa1b34d66330e15d91d3
*** Element info: {Using=xpath, value=//*[@id=&amp;apos;ValidationSummary8&amp;apos;]/ul/li}">
      <![CDATA[org.openqa.selenium.NoSuchElementException: no such element: Unable to locate element: {"method":"xpath","selector":"//*[@id='ValidationSummary8']/ul/li"}
  (Session info: chrome=115.0.5790.111)
For documentation on this error, please visit: http://seleniumhq.org/exceptions/no_such_element.html
Build info: version: '3.141.0', revision: '2ecb7d9a', time: '2018-10-31T20:09:30'
System info: host: 'DESKTOP-LP', ip: '172.25.160.1', os.name: 'Windows 10', os.arch: 'amd64', os.version: '10.0', java.version: '20'
Driver info: org.openqa.selenium.chrome.ChromeDriver
Capabilities {acceptInsecureCerts: false, browserName: chrome, browserVersion: 115.0.5790.111, chrome: {chromedriverVersion: 114.0.5735.90 (386bc09e8f4f..., userDataDir: C:\Users\SNEHAL~1\AppData\L...}, goog:chromeOptions: {debuggerAddress: localhost:63322}, javascriptEnabled: true, networkConnectionEnabled: false, pageLoadStrategy: normal, platform: WINDOWS, platformName: WINDOWS, proxy: Proxy(), setWindowRect: true, strictFileInteractability: false, timeouts: {implicit: 0, pageLoad: 300000, script: 30000}, unhandledPromptBehavior: dismiss and notify, webauthn:extension:credBlob: true, webauthn:extension:largeBlob: true, webauthn:extension:minPinLength: true, webauthn:extension:prf: true, webauthn:virtualAuthenticators: true}
Session ID: 529d56f0465eaa1b34d66330e15d91d3
*** Element info: {Using=xpath, value=//*[@id='ValidationSummary8']/ul/li}
at java.base/jdk.internal.reflect.DirectConstructorHandleAccessor.newInstance(DirectConstructorHandleAccessor.java:67)
at java.base/java.lang.reflect.Constructor.newInstanceWithCaller(Constructor.java:500)
at java.base/java.lang.reflect.Constructor.newInstance(Constructor.java:484)
at org.openqa.selenium.remote.http.W3CHttpResponseCodec.createException(W3CHttpResponseCodec.java:187)
at org.openqa.selenium.remote.http.W3CHttpResponseCodec.decode(W3CHttpResponseCodec.java:122)
at org.openqa.selenium.remote.http.W3CHttpResponseCodec.decode(W3CHttpResponseCodec.java:49)
at org.openqa.selenium.remote.HttpCommandExecutor.execute(HttpCommandExecutor.java:158)
at org.openqa.selenium.remote.service.DriverCommandExecutor.execute(DriverCommandExecutor.java:83)
at org.openqa.selenium.remote.RemoteWebDriver.execute(RemoteWebDriver.java:552)
at org.openqa.selenium.remote.RemoteWebDriver.findElement(RemoteWebDriver.java:323)
at org.openqa.selenium.remote.RemoteWebDriver.findElementByXPath(RemoteWebDriver.java:428)
at org.openqa.selenium.By$ByXPath.findElement(By.java:353)
at org.openqa.selenium.remote.RemoteWebDriver.findElement(RemoteWebDriver.java:315)
at litigationAdditionalOwner.performerPOM.readTaskMsgcfo(performerPOM.java:1559)
at litigationManagement.CFOMethod.TaskActivity1(CFOMethod.java:5551)
at litigationManagement.CFO.CaseTaskActivity(CFO.java:1424)
at java.base/jdk.internal.reflect.DirectMethodHandleAccessor.invoke(DirectMethodHandleAccessor.java:104)
at java.base/java.lang.reflect.Method.invoke(Method.java:578)
at org.testng.internal.MethodInvocationHelper.invokeMethod(MethodInvocationHelper.java:133)
at org.testng.internal.TestInvoker.invokeMethod(TestInvoker.java:598)
at org.testng.internal.TestInvoker.invokeTestMethod(TestInvoker.java:173)
at org.testng.internal.MethodRunner.runInSequence(MethodRunner.java:46)
at org.testng.internal.TestInvoker$MethodInvocationAgent.invoke(TestInvoker.java:824)
at org.testng.internal.TestInvoker.invokeTestMethods(TestInvoker.java:146)
at org.testng.internal.TestMethodWorker.invokeTestMethods(TestMethodWorker.java:146)
at org.testng.internal.TestMethodWorker.run(TestMethodWorker.java:128)
at java.base/java.util.ArrayList.forEach(ArrayList.java:1511)
at org.testng.TestRunner.privateRun(TestRunner.java:794)
at org.testng.TestRunner.run(TestRunner.java:596)
at org.testng.SuiteRunner.runTest(SuiteRunner.java:377)
at org.testng.SuiteRunner.runSequentially(SuiteRunner.java:371)
at org.testng.SuiteRunner.privateRun(SuiteRunner.java:332)
at org.testng.SuiteRunner.run(SuiteRunner.java:276)
at org.testng.SuiteRunnerWorker.runSuite(SuiteRunnerWorker.java:53)
at org.testng.SuiteRunnerWorker.run(SuiteRunnerWorker.java:96)
at org.testng.TestNG.runSuitesSequentially(TestNG.java:1212)
at org.testng.TestNG.runSuitesLocally(TestNG.java:1134)
at org.testng.TestNG.runSuites(TestNG.java:1063)
at org.testng.TestNG.run(TestNG.java:1031)
at org.testng.remote.AbstractRemoteTestNG.run(AbstractRemoteTestNG.java:115)
at org.testng.remote.RemoteTestNG.initAndRun(RemoteTestNG.java:251)
at org.testng.remote.RemoteTestNG.main(RemoteTestNG.java:77)
]]>
    </failure>
  </testcase> <!-- CaseTaskActivity -->
  <testcase classname="litigationManagement.CFO" name="CaseDocument" time="13.669">
    <failure type="org.openqa.selenium.NoSuchWindowException" message="no such window: target window already closed
from unknown error: web view not found
  (Session info: chrome=115.0.5790.111)
Build info: version: &amp;apos;3.141.0&amp;apos;, revision: &amp;apos;2ecb7d9a&amp;apos;, time: &amp;apos;2018-10-31T20:09:30&amp;apos;
System info: host: &amp;apos;DESKTOP-LP&amp;apos;, ip: &amp;apos;172.25.160.1&amp;apos;, os.name: &amp;apos;Windows 10&amp;apos;, os.arch: &amp;apos;amd64&amp;apos;, os.version: &amp;apos;10.0&amp;apos;, java.version: &amp;apos;20&amp;apos;
Driver info: org.openqa.selenium.chrome.ChromeDriver
Capabilities {acceptInsecureCerts: false, browserName: chrome, browserVersion: 115.0.5790.111, chrome: {chromedriverVersion: 114.0.5735.90 (386bc09e8f4f..., userDataDir: C:\Users\SNEHAL~1\AppData\L...}, goog:chromeOptions: {debuggerAddress: localhost:63398}, javascriptEnabled: true, networkConnectionEnabled: false, pageLoadStrategy: normal, platform: WINDOWS, platformName: WINDOWS, proxy: Proxy(), setWindowRect: true, strictFileInteractability: false, timeouts: {implicit: 0, pageLoad: 300000, script: 30000}, unhandledPromptBehavior: dismiss and notify, webauthn:extension:credBlob: true, webauthn:extension:largeBlob: true, webauthn:extension:minPinLength: true, webauthn:extension:prf: true, webauthn:virtualAuthenticators: true}
Session ID: cdff6e8e8d2d4634f154628f29ebf1b6
*** Element info: {Using=xpath, value=//*[@id=&amp;apos;grid&amp;apos;]/div[2]/table/tbody/tr[1]/td[18]/a[1]}">
      <![CDATA[org.openqa.selenium.NoSuchWindowException: no such window: target window already closed
from unknown error: web view not found
  (Session info: chrome=115.0.5790.111)
Build info: version: '3.141.0', revision: '2ecb7d9a', time: '2018-10-31T20:09:30'
System info: host: 'DESKTOP-LP', ip: '172.25.160.1', os.name: 'Windows 10', os.arch: 'amd64', os.version: '10.0', java.version: '20'
Driver info: org.openqa.selenium.chrome.ChromeDriver
Capabilities {acceptInsecureCerts: false, browserName: chrome, browserVersion: 115.0.5790.111, chrome: {chromedriverVersion: 114.0.5735.90 (386bc09e8f4f..., userDataDir: C:\Users\SNEHAL~1\AppData\L...}, goog:chromeOptions: {debuggerAddress: localhost:63398}, javascriptEnabled: true, networkConnectionEnabled: false, pageLoadStrategy: normal, platform: WINDOWS, platformName: WINDOWS, proxy: Proxy(), setWindowRect: true, strictFileInteractability: false, timeouts: {implicit: 0, pageLoad: 300000, script: 30000}, unhandledPromptBehavior: dismiss and notify, webauthn:extension:credBlob: true, webauthn:extension:largeBlob: true, webauthn:extension:minPinLength: true, webauthn:extension:prf: true, webauthn:virtualAuthenticators: true}
Session ID: cdff6e8e8d2d4634f154628f29ebf1b6
*** Element info: {Using=xpath, value=//*[@id='grid']/div[2]/table/tbody/tr[1]/td[18]/a[1]}
at java.base/jdk.internal.reflect.DirectConstructorHandleAccessor.newInstance(DirectConstructorHandleAccessor.java:67)
at java.base/java.lang.reflect.Constructor.newInstanceWithCaller(Constructor.java:500)
at java.base/java.lang.reflect.Constructor.newInstance(Constructor.java:484)
at org.openqa.selenium.remote.http.W3CHttpResponseCodec.createException(W3CHttpResponseCodec.java:187)
at org.openqa.selenium.remote.http.W3CHttpResponseCodec.decode(W3CHttpResponseCodec.java:122)
at org.openqa.selenium.remote.http.W3CHttpResponseCodec.decode(W3CHttpResponseCodec.java:49)
at org.openqa.selenium.remote.HttpCommandExecutor.execute(HttpCommandExecutor.java:158)
at org.openqa.selenium.remote.service.DriverCommandExecutor.execute(DriverCommandExecutor.java:83)
at org.openqa.selenium.remote.RemoteWebDriver.execute(RemoteWebDriver.java:552)
at org.openqa.selenium.remote.RemoteWebDriver.findElement(RemoteWebDriver.java:323)
at org.openqa.selenium.remote.RemoteWebDriver.findElementByXPath(RemoteWebDriver.java:428)
at org.openqa.selenium.By$ByXPath.findElement(By.java:353)
at org.openqa.selenium.remote.RemoteWebDriver.findElement(RemoteWebDriver.java:315)
at litigationAdditionalOwner.performerPOM.clickEditNotice(performerPOM.java:533)
at litigationManagement.CFOMethod.Document(CFOMethod.java:5322)
at litigationManagement.CFO.CaseDocument(CFO.java:1310)
at java.base/jdk.internal.reflect.DirectMethodHandleAccessor.invoke(DirectMethodHandleAccessor.java:104)
at java.base/java.lang.reflect.Method.invoke(Method.java:578)
at org.testng.internal.MethodInvocationHelper.invokeMethod(MethodInvocationHelper.java:133)
at org.testng.internal.TestInvoker.invokeMethod(TestInvoker.java:598)
at org.testng.internal.TestInvoker.invokeTestMethod(TestInvoker.java:173)
at org.testng.internal.MethodRunner.runInSequence(MethodRunner.java:46)
at org.testng.internal.TestInvoker$MethodInvocationAgent.invoke(TestInvoker.java:824)
at org.testng.internal.TestInvoker.invokeTestMethods(TestInvoker.java:146)
at org.testng.internal.TestMethodWorker.invokeTestMethods(TestMethodWorker.java:146)
at org.testng.internal.TestMethodWorker.run(TestMethodWorker.java:128)
at java.base/java.util.ArrayList.forEach(ArrayList.java:1511)
at org.testng.TestRunner.privateRun(TestRunner.java:794)
at org.testng.TestRunner.run(TestRunner.java:596)
at org.testng.SuiteRunner.runTest(SuiteRunner.java:377)
at org.testng.SuiteRunner.runSequentially(SuiteRunner.java:371)
at org.testng.SuiteRunner.privateRun(SuiteRunner.java:332)
at org.testng.SuiteRunner.run(SuiteRunner.java:276)
at org.testng.SuiteRunnerWorker.runSuite(SuiteRunnerWorker.java:53)
at org.testng.SuiteRunnerWorker.run(SuiteRunnerWorker.java:96)
at org.testng.TestNG.runSuitesSequentially(TestNG.java:1212)
at org.testng.TestNG.runSuitesLocally(TestNG.java:1134)
at org.testng.TestNG.runSuites(TestNG.java:1063)
at org.testng.TestNG.run(TestNG.java:1031)
at org.testng.remote.AbstractRemoteTestNG.run(AbstractRemoteTestNG.java:115)
at org.testng.remote.RemoteTestNG.initAndRun(RemoteTestNG.java:251)
at org.testng.remote.RemoteTestNG.main(RemoteTestNG.java:77)
]]>
    </failure>
  </testcase> <!-- CaseDocument -->
  <testcase classname="litigationManagement.CFO" name="CaseWithoutUploadDocument" time="0.0">
    <skipped/>
  </testcase> <!-- CaseWithoutUploadDocument -->
  <testcase classname="litigationManagement.CFO" name="CaseDocumentEmptyFields" time="0.0">
    <skipped/>
  </testcase> <!-- CaseDocumentEmptyFields -->
  <testcase classname="litigationManagement.CFO" name="CaseDocumentSearchFields" time="0.0">
    <skipped/>
  </testcase> <!-- CaseDocumentSearchFields -->
  <testcase classname="litigationManagement.CFO" name="CaseDocumentShareInvalidData" time="0.0">
    <skipped/>
  </testcase> <!-- CaseDocumentShareInvalidData -->
  <testcase classname="litigationManagement.CFO" name="CaseDocumentShareWithoutData" time="0.0">
    <skipped/>
  </testcase> <!-- CaseDocumentShareWithoutData -->
  <testcase classname="litigationManagement.CFO" name="CaseDocumentShareCloseBtn" time="0.0">
    <skipped/>
  </testcase> <!-- CaseDocumentShareCloseBtn -->
  <testcase classname="litigationManagement.CFO" name="CaseSendMailWithDoc" time="0.0">
    <skipped/>
  </testcase> <!-- CaseSendMailWithDoc -->
  <testcase classname="litigationManagement.CFO" name="CaseSendMailWithDocInvalidFields" time="0.0">
    <skipped/>
  </testcase> <!-- CaseSendMailWithDocInvalidFields -->
  <testcase classname="litigationManagement.CFO" name="CaseSendMailWithDocEmptyFields" time="0.0">
    <skipped/>
  </testcase> <!-- CaseSendMailWithDocEmptyFields -->
  <testcase classname="litigationManagement.CFO" name="CaseTaskActivityWithoutData" time="0.0">
    <skipped/>
  </testcase> <!-- CaseTaskActivityWithoutData -->
  <testcase classname="litigationManagement.CFO" name="CaseTaskActivitywithExistingData" time="0.0">
    <skipped/>
  </testcase> <!-- CaseTaskActivitywithExistingData -->
  <testcase classname="litigationManagement.CFO" name="CaseTaskActivtityResponseWithoutStatus" time="0.0">
    <skipped/>
  </testcase> <!-- CaseTaskActivtityResponseWithoutStatus -->
  <testcase classname="litigationManagement.CFO" name="CaseTaskActivtityResponseClearBtn" time="0.0">
    <skipped/>
  </testcase> <!-- CaseTaskActivtityResponseClearBtn -->
  <testcase classname="litigationManagement.CFO" name="CaseHearingcfo" time="0.0">
    <skipped/>
  </testcase> <!-- CaseHearingcfo -->
  <testcase classname="litigationManagement.CFO" name="CaseExistingHearingDate" time="0.0">
    <skipped/>
  </testcase> <!-- CaseExistingHearingDate -->
  <testcase classname="litigationManagement.CFO" name="CaseWithoutHearingData" time="0.0">
    <skipped/>
  </testcase> <!-- CaseWithoutHearingData -->
  <testcase classname="litigationManagement.CFO" name="CaseHearingInvalidDate" time="0.0">
    <skipped/>
  </testcase> <!-- CaseHearingInvalidDate -->
  <testcase classname="litigationManagement.CFO" name="CaseHearingClearBtn" time="0.0">
    <skipped/>
  </testcase> <!-- CaseHearingClearBtn -->
  <testcase classname="litigationManagement.CFO" name="CaseOrder" time="0.0">
    <skipped/>
  </testcase> <!-- CaseOrder -->
  <testcase classname="litigationManagement.CFO" name="CaseOrderExistingData" time="0.0">
    <skipped/>
  </testcase> <!-- CaseOrderExistingData -->
  <testcase classname="litigationManagement.CFO" name="CaseOrderWithoutData" time="0.0">
    <skipped/>
  </testcase> <!-- CaseOrderWithoutData -->
  <testcase classname="litigationManagement.CFO" name="CaseOrderwithClearBtn" time="0.0">
    <skipped/>
  </testcase> <!-- CaseOrderwithClearBtn -->
  <testcase classname="litigationManagement.CFO" name="CaseStatusPayment" time="0.0">
    <skipped/>
  </testcase> <!-- CaseStatusPayment -->
  <testcase classname="litigationManagement.CFO" name="StatusPaymentExistingdata" time="0.0">
    <skipped/>
  </testcase> <!-- StatusPaymentExistingdata -->
  <testcase classname="litigationManagement.CFO" name="StatusPaymentWithoutdata" time="0.0">
    <skipped/>
  </testcase> <!-- StatusPaymentWithoutdata -->
  <testcase classname="litigationManagement.CFO" name="CaseStatusAppealtoNextCourtTwoMandatoryfields" time="0.0">
    <skipped/>
  </testcase> <!-- CaseStatusAppealtoNextCourtTwoMandatoryfields -->
  <testcase classname="litigationManagement.CFO" name="CaseStatuswithEmptyFields" time="0.0">
    <skipped/>
  </testcase> <!-- CaseStatuswithEmptyFields -->
  <testcase classname="litigationManagement.CFO" name="CaseExternalLawyerRating" time="0.0">
    <skipped/>
  </testcase> <!-- CaseExternalLawyerRating -->
  <testcase classname="litigationManagement.CFO" name="CaseExternalLawyerCriteria" time="0.0">
    <skipped/>
  </testcase> <!-- CaseExternalLawyerCriteria -->
  <testcase classname="litigationManagement.CFO" name="CaseExistingCriteria" time="0.0">
    <skipped/>
  </testcase> <!-- CaseExistingCriteria -->
  <testcase classname="litigationManagement.CFO" name="CaseCriteriaInvalidData" time="0.0">
    <skipped/>
  </testcase> <!-- CaseCriteriaInvalidData -->
  <testcase classname="litigationManagement.CFO" name="CaseCriteriaWithoutData" time="0.0">
    <skipped/>
  </testcase> <!-- CaseCriteriaWithoutData -->
  <testcase classname="litigationManagement.CFO" name="CaseAuditLog" time="0.0">
    <skipped/>
  </testcase> <!-- CaseAuditLog -->
  <testcase classname="litigationManagement.CFO" name="MyDocument" time="0.0">
    <skipped/>
  </testcase> <!-- MyDocument -->
  <testcase classname="litigationManagement.CFO" name="ShareCaseDocument" time="0.0">
    <skipped/>
  </testcase> <!-- ShareCaseDocument -->
  <testcase classname="litigationManagement.CFO" name="ShareNoticeDocument" time="0.0">
    <skipped/>
  </testcase> <!-- ShareNoticeDocument -->
  <testcase classname="litigationManagement.CFO" name="ShareTaskDocument" time="0.0">
    <skipped/>
  </testcase> <!-- ShareTaskDocument -->
  <testcase classname="litigationManagement.CFO" name="MyReports" time="0.0">
    <skipped/>
  </testcase> <!-- MyReports -->
  <testcase classname="litigationManagement.CFO" name="MoreReports" time="0.0">
    <skipped/>
  </testcase> <!-- MoreReports -->
  <testcase classname="litigationManagement.CFO" name="MyReminder" time="0.0">
    <skipped/>
  </testcase> <!-- MyReminder -->
  <testcase classname="litigationManagement.CFO" name="ReminderWithoutData" time="0.001">
    <skipped/>
  </testcase> <!-- ReminderWithoutData -->
  <testcase classname="litigationManagement.CFO" name="ImportUtility" time="0.0">
    <skipped/>
  </testcase> <!-- ImportUtility -->
  <testcase classname="litigationManagement.CFO" name="ImportUtilityWithoutData" time="0.0">
    <skipped/>
  </testcase> <!-- ImportUtilityWithoutData -->
  <testcase classname="litigationManagement.CFO" name="ImportUtilityInvalidData" time="0.0">
    <skipped/>
  </testcase> <!-- ImportUtilityInvalidData -->
  <testcase classname="litigationManagement.CFO" name="ImportUtilityTwoManadtoryFileds" time="0.0">
    <skipped/>
  </testcase> <!-- ImportUtilityTwoManadtoryFileds -->
  <testcase classname="litigationManagement.CFO" name="AdvancedSearch" time="0.0">
    <skipped/>
  </testcase> <!-- AdvancedSearch -->
  <testcase classname="litigationManagement.CFO" name="AdvancedSearchDoc" time="0.0">
    <skipped/>
  </testcase> <!-- AdvancedSearchDoc -->
  <testcase classname="litigationManagement.CFO" name="AdvancedSearchShareCaseDocument" time="0.0">
    <skipped/>
  </testcase> <!-- AdvancedSearchShareCaseDocument -->
  <testcase classname="litigationManagement.CFO" name="AdvancedSearchShareNoticeDocument" time="0.0">
    <skipped/>
  </testcase> <!-- AdvancedSearchShareNoticeDocument -->
  <testcase classname="litigationManagement.CFO" name="AdvancedSearchShareTaskDocument" time="0.0">
    <skipped/>
  </testcase> <!-- AdvancedSearchShareTaskDocument -->
  <testcase classname="litigationManagement.CFO" name="CriticalDocuments" time="0.0">
    <skipped/>
  </testcase> <!-- CriticalDocuments -->
  <testcase classname="litigationManagement.CFO" name="CriticalDocuments1" time="0.0">
    <skipped/>
  </testcase> <!-- CriticalDocuments1 -->
  <testcase classname="litigationManagement.CFO" name="AdvancedSearchreport" time="0.0">
    <skipped/>
  </testcase> <!-- AdvancedSearchreport -->
  <testcase classname="litigationManagement.CFO" name="Masters" time="0.0">
    <skipped/>
  </testcase> <!-- Masters -->
  <testcase classname="litigationManagement.CFO" name="MastersLegalEntity" time="0.0">
    <skipped/>
  </testcase> <!-- MastersLegalEntity -->
  <testcase classname="litigationManagement.CFO" name="MastersLegalEntity1" time="0.0">
    <skipped/>
  </testcase> <!-- MastersLegalEntity1 -->
  <testcase classname="litigationManagement.CFO" name="MastersLegalEntity2" time="0.0">
    <skipped/>
  </testcase> <!-- MastersLegalEntity2 -->
  <testcase classname="litigationManagement.CFO" name="MastersLegalEntity3" time="0.0">
    <skipped/>
  </testcase> <!-- MastersLegalEntity3 -->
  <testcase classname="litigationManagement.CFO" name="UnitEntity" time="0.0">
    <skipped/>
  </testcase> <!-- UnitEntity -->
  <testcase classname="litigationManagement.CFO" name="Masters1" time="0.0">
    <skipped/>
  </testcase> <!-- Masters1 -->
  <testcase classname="litigationManagement.CFO" name="MastersLawFirm" time="0.0">
    <skipped/>
  </testcase> <!-- MastersLawFirm -->
  <testcase classname="litigationManagement.CFO" name="MastersLawFirm1" time="0.0">
    <skipped/>
  </testcase> <!-- MastersLawFirm1 -->
  <testcase classname="litigationManagement.CFO" name="MastersLawFirm2" time="0.0">
    <skipped/>
  </testcase> <!-- MastersLawFirm2 -->
  <testcase classname="litigationManagement.CFO" name="MastersLawFirm3" time="0.0">
    <skipped/>
  </testcase> <!-- MastersLawFirm3 -->
  <testcase classname="litigationManagement.CFO" name="LawyerWithoutData" time="0.0">
    <skipped/>
  </testcase> <!-- LawyerWithoutData -->
  <testcase classname="litigationManagement.CFO" name="LawyerInvalidData" time="0.0">
    <skipped/>
  </testcase> <!-- LawyerInvalidData -->
  <testcase classname="litigationManagement.CFO" name="LawyerTwoManadatoryFileds" time="0.0">
    <skipped/>
  </testcase> <!-- LawyerTwoManadatoryFileds -->
  <testcase classname="litigationManagement.CFO" name="LawyerCloseButton" time="0.0">
    <skipped/>
  </testcase> <!-- LawyerCloseButton -->
  <testcase classname="litigationManagement.CFO" name="Masters2" time="0.0">
    <skipped/>
  </testcase> <!-- Masters2 -->
  <testcase classname="litigationManagement.CFO" name="UserWithoutData" time="0.0">
    <skipped/>
  </testcase> <!-- UserWithoutData -->
  <testcase classname="litigationManagement.CFO" name="UserInvalidData" time="0.0">
    <skipped/>
  </testcase> <!-- UserInvalidData -->
  <testcase classname="litigationManagement.CFO" name="UserTwoManadatoryFields" time="0.0">
    <skipped/>
  </testcase> <!-- UserTwoManadatoryFields -->
  <testcase classname="litigationManagement.CFO" name="UserCloseButton" time="0.0">
    <skipped/>
  </testcase> <!-- UserCloseButton -->
  <testcase classname="litigationManagement.CFO" name="Masters3" time="0.0">
    <skipped/>
  </testcase> <!-- Masters3 -->
  <testcase classname="litigationManagement.CFO" name="OpponentWithoutData" time="0.0">
    <skipped/>
  </testcase> <!-- OpponentWithoutData -->
  <testcase classname="litigationManagement.CFO" name="OpponentInvalidData" time="0.0">
    <skipped/>
  </testcase> <!-- OpponentInvalidData -->
  <testcase classname="litigationManagement.CFO" name="OpponentCloseButton" time="0.0">
    <skipped/>
  </testcase> <!-- OpponentCloseButton -->
  <testcase classname="litigationManagement.CFO" name="Masters4" time="0.0">
    <skipped/>
  </testcase> <!-- Masters4 -->
  <testcase classname="litigationManagement.CFO" name="CourtWithoutData" time="0.0">
    <skipped/>
  </testcase> <!-- CourtWithoutData -->
  <testcase classname="litigationManagement.CFO" name="CourtInvalidData" time="0.0">
    <skipped/>
  </testcase> <!-- CourtInvalidData -->
  <testcase classname="litigationManagement.CFO" name="CourtTwomanadatoryFields" time="0.0">
    <skipped/>
  </testcase> <!-- CourtTwomanadatoryFields -->
  <testcase classname="litigationManagement.CFO" name="CourtCloseButton" time="0.0">
    <skipped/>
  </testcase> <!-- CourtCloseButton -->
  <testcase classname="litigationManagement.CFO" name="Masters5" time="0.0">
    <skipped/>
  </testcase> <!-- Masters5 -->
  <testcase classname="litigationManagement.CFO" name="CaseNoticeTypeWithoutData" time="0.0">
    <skipped/>
  </testcase> <!-- CaseNoticeTypeWithoutData -->
  <testcase classname="litigationManagement.CFO" name="CaseNoticeTypeInvaliData" time="0.0">
    <skipped/>
  </testcase> <!-- CaseNoticeTypeInvaliData -->
  <testcase classname="litigationManagement.CFO" name="CaseNoticeTypeCloseBuuton" time="0.0">
    <skipped/>
  </testcase> <!-- CaseNoticeTypeCloseBuuton -->
  <testcase classname="litigationManagement.CFO" name="Masters6" time="0.0">
    <skipped/>
  </testcase> <!-- Masters6 -->
  <testcase classname="litigationManagement.CFO" name="PaymentTypeWithouData" time="0.0">
    <skipped/>
  </testcase> <!-- PaymentTypeWithouData -->
  <testcase classname="litigationManagement.CFO" name="PaymentTypeInvalidData" time="0.0">
    <skipped/>
  </testcase> <!-- PaymentTypeInvalidData -->
  <testcase classname="litigationManagement.CFO" name="PaymentTypeCloseButton" time="0.0">
    <skipped/>
  </testcase> <!-- PaymentTypeCloseButton -->
  <testcase classname="litigationManagement.CFO" name="Masters7" time="0.0">
    <skipped/>
  </testcase> <!-- Masters7 -->
  <testcase classname="litigationManagement.CFO" name="customParameterWithoutData" time="0.0">
    <skipped/>
  </testcase> <!-- customParameterWithoutData -->
  <testcase classname="litigationManagement.CFO" name="customParameterCloseButton" time="0.0">
    <skipped/>
  </testcase> <!-- customParameterCloseButton -->
  <testcase classname="litigationManagement.CFO" name="Masters8" time="0.0">
    <skipped/>
  </testcase> <!-- Masters8 -->
  <testcase classname="litigationManagement.CFO" name="CaseStageWithoutData" time="0.0">
    <skipped/>
  </testcase> <!-- CaseStageWithoutData -->
  <testcase classname="litigationManagement.CFO" name="CaseStageInvalidData" time="0.0">
    <skipped/>
  </testcase> <!-- CaseStageInvalidData -->
  <testcase classname="litigationManagement.CFO" name="CaseStageCloseButton" time="0.0">
    <skipped/>
  </testcase> <!-- CaseStageCloseButton -->
  <testcase classname="litigationManagement.CFO" name="Masters9" time="0.0">
    <skipped/>
  </testcase> <!-- Masters9 -->
  <testcase classname="litigationManagement.CFO" name="DocumentTypeWithoutData" time="0.0">
    <skipped/>
  </testcase> <!-- DocumentTypeWithoutData -->
  <testcase classname="litigationManagement.CFO" name="DocumentTypeInvalidData" time="0.0">
    <skipped/>
  </testcase> <!-- DocumentTypeInvalidData -->
  <testcase classname="litigationManagement.CFO" name="DocumentTypeCloseButton" time="0.0">
    <skipped/>
  </testcase> <!-- DocumentTypeCloseButton -->
  <testcase classname="litigationManagement.CFO" name="Masters10" time="0.0">
    <skipped/>
  </testcase> <!-- Masters10 -->
  <testcase classname="litigationManagement.CFO" name="RatingCriteriaWithoutData" time="0.0">
    <skipped/>
  </testcase> <!-- RatingCriteriaWithoutData -->
  <testcase classname="litigationManagement.CFO" name="RatingCriteriaInvalidData" time="0.0">
    <skipped/>
  </testcase> <!-- RatingCriteriaInvalidData -->
  <testcase classname="litigationManagement.CFO" name="RatingCriteriaCloseButton" time="0.0">
    <skipped/>
  </testcase> <!-- RatingCriteriaCloseButton -->
  <testcase classname="litigationManagement.CFO" name="Masters12" time="0.0">
    <skipped/>
  </testcase> <!-- Masters12 -->
  <testcase classname="litigationManagement.CFO" name="Masters11" time="0.0">
    <skipped/>
  </testcase> <!-- Masters11 -->
  <testcase classname="litigationManagement.CFO" name="Masters13" time="0.0">
    <skipped/>
  </testcase> <!-- Masters13 -->
  <testcase classname="litigationManagement.CFO" name="CaseHearing" time="0.0">
    <skipped/>
  </testcase> <!-- CaseHearing -->
  <testcase classname="litigationManagement.CFO" name="NoticeDocViewandDownload" time="0.0">
    <skipped/>
  </testcase> <!-- NoticeDocViewandDownload -->
</testsuite> <!-- Default test -->
