<?xml version="1.0" encoding="UTF-8"?>
<!-- Generated by org.testng.reporters.JUnitXMLReporter -->
<testsuite ignored="0" hostname="DESKTOP-LP" failures="1" tests="74" name="Default test" time="810.308" errors="0" timestamp="2023-12-04T19:38:35 IST">
  <testcase classname="CriticalTestCases.CompanyAdminLogin" name="@AfterMethod Close" time="0.008">
    <failure type="org.openqa.selenium.WebDriverException" message="disconnected: not connected to DevTools
  (failed to check if window was closed: disconnected: not connected to DevTools)
  (Session info: chrome=119.0.6045.200)
Build info: version: &amp;apos;3.141.0&amp;apos;, revision: &amp;apos;2ecb7d9a&amp;apos;, time: &amp;apos;2018-10-31T20:09:30&amp;apos;
System info: host: &amp;apos;DESKTOP-LP&amp;apos;, ip: &amp;apos;172.27.128.1&amp;apos;, os.name: &amp;apos;Windows 10&amp;apos;, os.arch: &amp;apos;amd64&amp;apos;, os.version: &amp;apos;10.0&amp;apos;, java.version: &amp;apos;20&amp;apos;
Driver info: org.openqa.selenium.chrome.ChromeDriver
Capabilities {acceptInsecureCerts: false, browserName: chrome, browserVersion: 119.0.6045.200, chrome: {chromedriverVersion: 119.0.6045.105 (38c72552c5e..., userDataDir: C:\Users\SNEHAL~1\AppData\L...}, fedcm:accounts: true, goog:chromeOptions: {debuggerAddress: localhost:55391}, javascriptEnabled: true, networkConnectionEnabled: false, pageLoadStrategy: normal, platform: WINDOWS, platformName: WINDOWS, proxy: Proxy(), setWindowRect: true, strictFileInteractability: false, timeouts: {implicit: 0, pageLoad: 300000, script: 30000}, unhandledPromptBehavior: dismiss and notify, webauthn:extension:credBlob: true, webauthn:extension:largeBlob: true, webauthn:extension:minPinLength: true, webauthn:extension:prf: true, webauthn:virtualAuthenticators: true}
Session ID: dbd2c62060f0b63d727dc5e7c138191b">
      <![CDATA[org.openqa.selenium.WebDriverException: disconnected: not connected to DevTools
  (failed to check if window was closed: disconnected: not connected to DevTools)
  (Session info: chrome=119.0.6045.200)
Build info: version: '3.141.0', revision: '2ecb7d9a', time: '2018-10-31T20:09:30'
System info: host: 'DESKTOP-LP', ip: '172.27.128.1', os.name: 'Windows 10', os.arch: 'amd64', os.version: '10.0', java.version: '20'
Driver info: org.openqa.selenium.chrome.ChromeDriver
Capabilities {acceptInsecureCerts: false, browserName: chrome, browserVersion: 119.0.6045.200, chrome: {chromedriverVersion: 119.0.6045.105 (38c72552c5e..., userDataDir: C:\Users\SNEHAL~1\AppData\L...}, fedcm:accounts: true, goog:chromeOptions: {debuggerAddress: localhost:55391}, javascriptEnabled: true, networkConnectionEnabled: false, pageLoadStrategy: normal, platform: WINDOWS, platformName: WINDOWS, proxy: Proxy(), setWindowRect: true, strictFileInteractability: false, timeouts: {implicit: 0, pageLoad: 300000, script: 30000}, unhandledPromptBehavior: dismiss and notify, webauthn:extension:credBlob: true, webauthn:extension:largeBlob: true, webauthn:extension:minPinLength: true, webauthn:extension:prf: true, webauthn:virtualAuthenticators: true}
Session ID: dbd2c62060f0b63d727dc5e7c138191b
at java.base/jdk.internal.reflect.DirectConstructorHandleAccessor.newInstance(DirectConstructorHandleAccessor.java:67)
at java.base/java.lang.reflect.Constructor.newInstanceWithCaller(Constructor.java:500)
at java.base/java.lang.reflect.Constructor.newInstance(Constructor.java:484)
at org.openqa.selenium.remote.http.W3CHttpResponseCodec.createException(W3CHttpResponseCodec.java:187)
at org.openqa.selenium.remote.http.W3CHttpResponseCodec.decode(W3CHttpResponseCodec.java:122)
at org.openqa.selenium.remote.http.W3CHttpResponseCodec.decode(W3CHttpResponseCodec.java:49)
at org.openqa.selenium.remote.HttpCommandExecutor.execute(HttpCommandExecutor.java:158)
at org.openqa.selenium.remote.service.DriverCommandExecutor.execute(DriverCommandExecutor.java:83)
at org.openqa.selenium.remote.RemoteWebDriver.execute(RemoteWebDriver.java:552)
at org.openqa.selenium.remote.RemoteWebDriver.execute(RemoteWebDriver.java:609)
at org.openqa.selenium.remote.RemoteWebDriver.close(RemoteWebDriver.java:442)
at CriticalTestCases.CompanyAdminLogin.Close(CompanyAdminLogin.java:1419)
at java.base/jdk.internal.reflect.DirectMethodHandleAccessor.invoke(DirectMethodHandleAccessor.java:104)
at java.base/java.lang.reflect.Method.invoke(Method.java:578)
at org.testng.internal.MethodInvocationHelper.invokeMethod(MethodInvocationHelper.java:133)
at org.testng.internal.MethodInvocationHelper.invokeMethodConsideringTimeout(MethodInvocationHelper.java:62)
at org.testng.internal.ConfigInvoker.invokeConfigurationMethod(ConfigInvoker.java:385)
at org.testng.internal.ConfigInvoker.invokeConfigurations(ConfigInvoker.java:321)
at org.testng.internal.TestInvoker.runConfigMethods(TestInvoker.java:700)
at org.testng.internal.TestInvoker.runAfterGroupsConfigurations(TestInvoker.java:676)
at org.testng.internal.TestInvoker.invokeMethod(TestInvoker.java:660)
at org.testng.internal.TestInvoker.invokeTestMethod(TestInvoker.java:173)
at org.testng.internal.MethodRunner.runInSequence(MethodRunner.java:46)
at org.testng.internal.TestInvoker$MethodInvocationAgent.invoke(TestInvoker.java:824)
at org.testng.internal.TestInvoker.invokeTestMethods(TestInvoker.java:146)
at org.testng.internal.TestMethodWorker.invokeTestMethods(TestMethodWorker.java:146)
at org.testng.internal.TestMethodWorker.run(TestMethodWorker.java:128)
at java.base/java.util.ArrayList.forEach(ArrayList.java:1511)
at org.testng.TestRunner.privateRun(TestRunner.java:794)
at org.testng.TestRunner.run(TestRunner.java:596)
at org.testng.SuiteRunner.runTest(SuiteRunner.java:377)
at org.testng.SuiteRunner.runSequentially(SuiteRunner.java:371)
at org.testng.SuiteRunner.privateRun(SuiteRunner.java:332)
at org.testng.SuiteRunner.run(SuiteRunner.java:276)
at org.testng.SuiteRunnerWorker.runSuite(SuiteRunnerWorker.java:53)
at org.testng.SuiteRunnerWorker.run(SuiteRunnerWorker.java:96)
at org.testng.TestNG.runSuitesSequentially(TestNG.java:1212)
at org.testng.TestNG.runSuitesLocally(TestNG.java:1134)
at org.testng.TestNG.runSuites(TestNG.java:1063)
at org.testng.TestNG.run(TestNG.java:1031)
at org.testng.remote.AbstractRemoteTestNG.run(AbstractRemoteTestNG.java:115)
at org.testng.remote.RemoteTestNG.initAndRun(RemoteTestNG.java:251)
at org.testng.remote.RemoteTestNG.main(RemoteTestNG.java:77)
]]>
    </failure>
  </testcase> <!-- @AfterMethod Close -->
  <testcase classname="CriticalTestCases.CompanyAdminLogin" name="@BeforeMethod Login" time="-1.701698913583E9">
    <skipped/>
  </testcase> <!-- @BeforeMethod Login -->
  <testcase classname="CriticalTestCases.CompanyAdminLogin" name="@AfterMethod Close" time="-1.701698913599E9">
    <skipped/>
  </testcase> <!-- @AfterMethod Close -->
  <testcase classname="CriticalTestCases.CompanyAdminLogin" name="@BeforeMethod Login" time="-1.701698913606E9">
    <skipped/>
  </testcase> <!-- @BeforeMethod Login -->
  <testcase classname="CriticalTestCases.CompanyAdminLogin" name="@AfterMethod Close" time="-1.701698913615E9">
    <skipped/>
  </testcase> <!-- @AfterMethod Close -->
  <testcase classname="CriticalTestCases.CompanyAdminLogin" name="@BeforeMethod Login" time="-1.701698913617E9">
    <skipped/>
  </testcase> <!-- @BeforeMethod Login -->
  <testcase classname="CriticalTestCases.CompanyAdminLogin" name="@AfterMethod Close" time="-1.701698913631E9">
    <skipped/>
  </testcase> <!-- @AfterMethod Close -->
  <testcase classname="CriticalTestCases.CompanyAdminLogin" name="@BeforeMethod Login" time="-1.701698913635E9">
    <skipped/>
  </testcase> <!-- @BeforeMethod Login -->
  <testcase classname="CriticalTestCases.CompanyAdminLogin" name="@AfterMethod Close" time="-1.70169891365E9">
    <skipped/>
  </testcase> <!-- @AfterMethod Close -->
  <testcase classname="CriticalTestCases.CompanyAdminLogin" name="@BeforeMethod Login" time="-1.701698913654E9">
    <skipped/>
  </testcase> <!-- @BeforeMethod Login -->
  <testcase classname="CriticalTestCases.CompanyAdminLogin" name="@AfterMethod Close" time="-1.701698913664E9">
    <skipped/>
  </testcase> <!-- @AfterMethod Close -->
  <testcase classname="CriticalTestCases.CompanyAdminLogin" name="@BeforeMethod Login" time="-1.701698913669E9">
    <skipped/>
  </testcase> <!-- @BeforeMethod Login -->
  <testcase classname="CriticalTestCases.CompanyAdminLogin" name="@AfterMethod Close" time="-1.701698913693E9">
    <skipped/>
  </testcase> <!-- @AfterMethod Close -->
  <testcase classname="CriticalTestCases.CompanyAdminLogin" name="@BeforeMethod Login" time="-1.701698913695E9">
    <skipped/>
  </testcase> <!-- @BeforeMethod Login -->
  <testcase classname="CriticalTestCases.CompanyAdminLogin" name="@AfterMethod Close" time="-1.70169891371E9">
    <skipped/>
  </testcase> <!-- @AfterMethod Close -->
  <testcase classname="CriticalTestCases.CompanyAdminLogin" name="@BeforeMethod Login" time="-1.701698913716E9">
    <skipped/>
  </testcase> <!-- @BeforeMethod Login -->
  <testcase classname="CriticalTestCases.CompanyAdminLogin" name="@AfterMethod Close" time="-1.701698913732E9">
    <skipped/>
  </testcase> <!-- @AfterMethod Close -->
  <testcase classname="CriticalTestCases.CompanyAdminLogin" name="@BeforeMethod Login" time="-1.70169891374E9">
    <skipped/>
  </testcase> <!-- @BeforeMethod Login -->
  <testcase classname="CriticalTestCases.CompanyAdminLogin" name="@AfterMethod Close" time="-1.701698913751E9">
    <skipped/>
  </testcase> <!-- @AfterMethod Close -->
  <testcase classname="CriticalTestCases.CompanyAdminLogin" name="@BeforeMethod Login" time="-1.701698913757E9">
    <skipped/>
  </testcase> <!-- @BeforeMethod Login -->
  <testcase classname="CriticalTestCases.CompanyAdminLogin" name="@AfterMethod Close" time="-1.701698913766E9">
    <skipped/>
  </testcase> <!-- @AfterMethod Close -->
  <testcase classname="CriticalTestCases.CompanyAdminLogin" name="@BeforeMethod Login" time="-1.701698913772E9">
    <skipped/>
  </testcase> <!-- @BeforeMethod Login -->
  <testcase classname="CriticalTestCases.CompanyAdminLogin" name="@AfterMethod Close" time="-1.701698913809E9">
    <skipped/>
  </testcase> <!-- @AfterMethod Close -->
  <testcase classname="CriticalTestCases.CompanyAdminLogin" name="@BeforeMethod Login" time="-1.701698913814E9">
    <skipped/>
  </testcase> <!-- @BeforeMethod Login -->
  <testcase classname="CriticalTestCases.CompanyAdminLogin" name="@AfterMethod Close" time="-1.701698913823E9">
    <skipped/>
  </testcase> <!-- @AfterMethod Close -->
  <testcase classname="CriticalTestCases.CompanyAdminLogin" name="@BeforeMethod Login" time="-1.701698913827E9">
    <skipped/>
  </testcase> <!-- @BeforeMethod Login -->
  <testcase classname="CriticalTestCases.CompanyAdminLogin" name="@AfterMethod Close" time="-1.701698913838E9">
    <skipped/>
  </testcase> <!-- @AfterMethod Close -->
  <testcase classname="CriticalTestCases.CompanyAdminLogin" name="@BeforeMethod Login" time="-1.701698913843E9">
    <skipped/>
  </testcase> <!-- @BeforeMethod Login -->
  <testcase classname="CriticalTestCases.CompanyAdminLogin" name="@AfterMethod Close" time="-1.701698913853E9">
    <skipped/>
  </testcase> <!-- @AfterMethod Close -->
  <testcase classname="CriticalTestCases.CompanyAdminLogin" name="@BeforeMethod Login" time="-1.701698913859E9">
    <skipped/>
  </testcase> <!-- @BeforeMethod Login -->
  <testcase classname="CriticalTestCases.CompanyAdminLogin" name="@AfterMethod Close" time="-1.701698913899E9">
    <skipped/>
  </testcase> <!-- @AfterMethod Close -->
  <testcase classname="CriticalTestCases.CompanyAdminLogin" name="@BeforeMethod Login" time="-1.701698913905E9">
    <skipped/>
  </testcase> <!-- @BeforeMethod Login -->
  <testcase classname="CriticalTestCases.CompanyAdminLogin" name="@AfterMethod Close" time="-1.701698913913E9">
    <skipped/>
  </testcase> <!-- @AfterMethod Close -->
  <testcase classname="CriticalTestCases.CompanyAdminLogin" name="@BeforeMethod Login" time="-1.701698913932E9">
    <skipped/>
  </testcase> <!-- @BeforeMethod Login -->
  <testcase classname="CriticalTestCases.CompanyAdminLogin" name="@AfterMethod Close" time="-1.70169891394E9">
    <skipped/>
  </testcase> <!-- @AfterMethod Close -->
  <testcase classname="CriticalTestCases.CompanyAdminLogin" name="@BeforeMethod Login" time="-1.701698913944E9">
    <skipped/>
  </testcase> <!-- @BeforeMethod Login -->
  <testcase classname="CriticalTestCases.CompanyAdminLogin" name="@AfterMethod Close" time="-1.70169891395E9">
    <skipped/>
  </testcase> <!-- @AfterMethod Close -->
  <testcase classname="CriticalTestCases.CompanyAdminLogin" name="@BeforeMethod Login" time="-1.701698913973E9">
    <skipped/>
  </testcase> <!-- @BeforeMethod Login -->
  <testcase classname="CriticalTestCases.CompanyAdminLogin" name="@AfterMethod Close" time="-1.701698913985E9">
    <skipped/>
  </testcase> <!-- @AfterMethod Close -->
  <testcase classname="CriticalTestCases.CompanyAdminLogin" name="@BeforeMethod Login" time="-1.701698914002E9">
    <skipped/>
  </testcase> <!-- @BeforeMethod Login -->
  <testcase classname="CriticalTestCases.CompanyAdminLogin" name="@AfterMethod Close" time="-1.701698914028E9">
    <skipped/>
  </testcase> <!-- @AfterMethod Close -->
  <testcase classname="CriticalTestCases.CompanyAdminLogin" name="@BeforeMethod Login" time="-1.701698914033E9">
    <skipped/>
  </testcase> <!-- @BeforeMethod Login -->
  <testcase classname="CriticalTestCases.CompanyAdminLogin" name="@AfterMethod Close" time="-1.701698914041E9">
    <skipped/>
  </testcase> <!-- @AfterMethod Close -->
  <testcase classname="CriticalTestCases.CompanyAdminLogin" name="@BeforeMethod Login" time="-1.701698914048E9">
    <skipped/>
  </testcase> <!-- @BeforeMethod Login -->
  <testcase classname="CriticalTestCases.CompanyAdminLogin" name="@AfterMethod Close" time="-1.701698914134E9">
    <skipped/>
  </testcase> <!-- @AfterMethod Close -->
  <testcase classname="CriticalTestCases.CompanyAdminLogin" name="@BeforeMethod Login" time="-1.701698914147E9">
    <skipped/>
  </testcase> <!-- @BeforeMethod Login -->
  <testcase classname="CriticalTestCases.CompanyAdminLogin" name="@AfterMethod Close" time="-1.701698914161E9">
    <skipped/>
  </testcase> <!-- @AfterMethod Close -->
  <testcase classname="CriticalTestCases.CompanyAdminLogin" name="@BeforeMethod Login" time="-1.701698914178E9">
    <skipped/>
  </testcase> <!-- @BeforeMethod Login -->
  <testcase classname="CriticalTestCases.CompanyAdminLogin" name="@AfterMethod Close" time="-1.701698914184E9">
    <skipped/>
  </testcase> <!-- @AfterMethod Close -->
  <testcase classname="CriticalTestCases.CompanyAdminLogin" name="@BeforeMethod Login" time="-1.701698914195E9">
    <skipped/>
  </testcase> <!-- @BeforeMethod Login -->
  <testcase classname="CriticalTestCases.CompanyAdminLogin" name="@AfterMethod Close" time="-1.70169891421E9">
    <skipped/>
  </testcase> <!-- @AfterMethod Close -->
  <testcase classname="CriticalTestCases.CompanyAdminLogin" name="@BeforeMethod Login" time="-1.701698914214E9">
    <skipped/>
  </testcase> <!-- @BeforeMethod Login -->
  <testcase classname="CriticalTestCases.CompanyAdminLogin" name="@AfterMethod Close" time="-1.701698914246E9">
    <skipped/>
  </testcase> <!-- @AfterMethod Close -->
  <testcase classname="CriticalTestCases.CompanyAdminLogin" name="@BeforeMethod Login" time="-1.701698914249E9">
    <skipped/>
  </testcase> <!-- @BeforeMethod Login -->
  <testcase classname="CriticalTestCases.CompanyAdminLogin" name="@AfterMethod Close" time="-1.701698914261E9">
    <skipped/>
  </testcase> <!-- @AfterMethod Close -->
  <testcase classname="CriticalTestCases.CompanyAdminLogin" name="@BeforeMethod Login" time="-1.701698914266E9">
    <skipped/>
  </testcase> <!-- @BeforeMethod Login -->
  <testcase classname="CriticalTestCases.CompanyAdminLogin" name="@AfterMethod Close" time="-1.701698914279E9">
    <skipped/>
  </testcase> <!-- @AfterMethod Close -->
  <testcase classname="CriticalTestCases.CompanyAdminLogin" name="@BeforeMethod Login" time="-1.701698914285E9">
    <skipped/>
  </testcase> <!-- @BeforeMethod Login -->
  <testcase classname="CriticalTestCases.CompanyAdminLogin" name="@AfterMethod Close" time="-1.701698914301E9">
    <skipped/>
  </testcase> <!-- @AfterMethod Close -->
  <testcase classname="CriticalTestCases.CompanyAdminLogin" name="@BeforeMethod Login" time="-1.701698914309E9">
    <skipped/>
  </testcase> <!-- @BeforeMethod Login -->
  <testcase classname="CriticalTestCases.CompanyAdminLogin" name="@AfterMethod Close" time="-1.701698914324E9">
    <skipped/>
  </testcase> <!-- @AfterMethod Close -->
  <testcase classname="CriticalTestCases.CompanyAdminLogin" name="@BeforeMethod Login" time="-1.701698914325E9">
    <skipped/>
  </testcase> <!-- @BeforeMethod Login -->
  <testcase classname="CriticalTestCases.CompanyAdminLogin" name="@AfterMethod Close" time="-1.70169891433E9">
    <skipped/>
  </testcase> <!-- @AfterMethod Close -->
  <testcase classname="CriticalTestCases.CompanyAdminLogin" name="@BeforeMethod Login" time="-1.701698914336E9">
    <skipped/>
  </testcase> <!-- @BeforeMethod Login -->
  <testcase classname="CriticalTestCases.CompanyAdminLogin" name="@AfterMethod Close" time="-1.701698914348E9">
    <skipped/>
  </testcase> <!-- @AfterMethod Close -->
  <testcase classname="CriticalTestCases.CompanyAdminLogin" name="@BeforeMethod Login" time="-1.701698914351E9">
    <skipped/>
  </testcase> <!-- @BeforeMethod Login -->
  <testcase classname="CriticalTestCases.CompanyAdminLogin" name="@AfterMethod Close" time="-1.701698914362E9">
    <skipped/>
  </testcase> <!-- @AfterMethod Close -->
  <testcase classname="CriticalTestCases.CompanyAdminLogin" name="@BeforeMethod Login" time="-1.701698914367E9">
    <skipped/>
  </testcase> <!-- @BeforeMethod Login -->
  <testcase classname="CriticalTestCases.CompanyAdminLogin" name="@AfterMethod Close" time="-1.701698914377E9">
    <skipped/>
  </testcase> <!-- @AfterMethod Close -->
  <testcase classname="CriticalTestCases.CompanyAdminLogin" name="@BeforeMethod Login" time="-1.701698914384E9">
    <skipped/>
  </testcase> <!-- @BeforeMethod Login -->
  <testcase classname="CriticalTestCases.CompanyAdminLogin" name="@AfterMethod Close" time="-1.701698914394E9">
    <skipped/>
  </testcase> <!-- @AfterMethod Close -->
  <testcase classname="CriticalTestCases.CompanyAdminLogin" name="@BeforeMethod Login" time="-1.7016989144E9">
    <skipped/>
  </testcase> <!-- @BeforeMethod Login -->
  <testcase classname="CriticalTestCases.CompanyAdminLogin" name="@AfterMethod Close" time="-1.701698914414E9">
    <skipped/>
  </testcase> <!-- @AfterMethod Close -->
  <testcase classname="CriticalTestCases.CompanyAdminLogin" name="@BeforeMethod Login" time="-1.701698914417E9">
    <skipped/>
  </testcase> <!-- @BeforeMethod Login -->
  <testcase classname="CriticalTestCases.CompanyAdminLogin" name="@AfterMethod Close" time="-1.70169891443E9">
    <skipped/>
  </testcase> <!-- @AfterMethod Close -->
  <testcase classname="CriticalTestCases.CompanyAdminLogin" name="@BeforeMethod Login" time="-1.701698914433E9">
    <skipped/>
  </testcase> <!-- @BeforeMethod Login -->
  <testcase classname="CriticalTestCases.CompanyAdminLogin" name="@AfterMethod Close" time="-1.701698914446E9">
    <skipped/>
  </testcase> <!-- @AfterMethod Close -->
  <testcase classname="CriticalTestCases.CompanyAdminLogin" name="@BeforeMethod Login" time="-1.701698914449E9">
    <skipped/>
  </testcase> <!-- @BeforeMethod Login -->
  <testcase classname="CriticalTestCases.CompanyAdminLogin" name="@AfterMethod Close" time="-1.701698914467E9">
    <skipped/>
  </testcase> <!-- @AfterMethod Close -->
  <testcase classname="CriticalTestCases.CompanyAdminLogin" name="@BeforeMethod Login" time="-1.701698914475E9">
    <skipped/>
  </testcase> <!-- @BeforeMethod Login -->
  <testcase classname="CriticalTestCases.CompanyAdminLogin" name="@AfterMethod Close" time="-1.70169891448E9">
    <skipped/>
  </testcase> <!-- @AfterMethod Close -->
  <testcase classname="CriticalTestCases.CompanyAdminLogin" name="@BeforeMethod Login" time="-1.701698914481E9">
    <skipped/>
  </testcase> <!-- @BeforeMethod Login -->
  <testcase classname="CriticalTestCases.CompanyAdminLogin" name="@AfterMethod Close" time="-1.701698914493E9">
    <skipped/>
  </testcase> <!-- @AfterMethod Close -->
  <testcase classname="CriticalTestCases.CompanyAdminLogin" name="@BeforeMethod Login" time="-1.7016989145E9">
    <skipped/>
  </testcase> <!-- @BeforeMethod Login -->
  <testcase classname="CriticalTestCases.CompanyAdminLogin" name="@AfterMethod Close" time="-1.701698914509E9">
    <skipped/>
  </testcase> <!-- @AfterMethod Close -->
  <testcase classname="CriticalTestCases.CompanyAdminLogin" name="@BeforeMethod Login" time="-1.701698914511E9">
    <skipped/>
  </testcase> <!-- @BeforeMethod Login -->
  <testcase classname="CriticalTestCases.CompanyAdminLogin" name="@AfterMethod Close" time="-1.701698914518E9">
    <skipped/>
  </testcase> <!-- @AfterMethod Close -->
  <testcase classname="CriticalTestCases.CompanyAdminLogin" name="@BeforeMethod Login" time="-1.701698914525E9">
    <skipped/>
  </testcase> <!-- @BeforeMethod Login -->
  <testcase classname="CriticalTestCases.CompanyAdminLogin" name="@AfterMethod Close" time="-1.701698914538E9">
    <skipped/>
  </testcase> <!-- @AfterMethod Close -->
  <testcase classname="CriticalTestCases.CompanyAdminLogin" name="@BeforeMethod Login" time="-1.701698914541E9">
    <skipped/>
  </testcase> <!-- @BeforeMethod Login -->
  <testcase classname="CriticalTestCases.CompanyAdminLogin" name="@AfterMethod Close" time="-1.701698914556E9">
    <skipped/>
  </testcase> <!-- @AfterMethod Close -->
  <testcase classname="CriticalTestCases.CompanyAdminLogin" name="@BeforeMethod Login" time="-1.701698914557E9">
    <skipped/>
  </testcase> <!-- @BeforeMethod Login -->
  <testcase classname="CriticalTestCases.CompanyAdminLogin" name="@AfterMethod Close" time="-1.701698914571E9">
    <skipped/>
  </testcase> <!-- @AfterMethod Close -->
  <testcase classname="CriticalTestCases.CompanyAdminLogin" name="@BeforeMethod Login" time="-1.70169891458E9">
    <skipped/>
  </testcase> <!-- @BeforeMethod Login -->
  <testcase classname="CriticalTestCases.CompanyAdminLogin" name="@AfterMethod Close" time="-1.701698914599E9">
    <skipped/>
  </testcase> <!-- @AfterMethod Close -->
  <testcase classname="CriticalTestCases.CompanyAdminLogin" name="@BeforeMethod Login" time="-1.7016989146E9">
    <skipped/>
  </testcase> <!-- @BeforeMethod Login -->
  <testcase classname="CriticalTestCases.CompanyAdminLogin" name="@AfterMethod Close" time="-1.701698914613E9">
    <skipped/>
  </testcase> <!-- @AfterMethod Close -->
  <testcase classname="CriticalTestCases.CompanyAdminLogin" name="@BeforeMethod Login" time="-1.701698914625E9">
    <skipped/>
  </testcase> <!-- @BeforeMethod Login -->
  <testcase classname="CriticalTestCases.CompanyAdminLogin" name="@AfterMethod Close" time="-1.701698914637E9">
    <skipped/>
  </testcase> <!-- @AfterMethod Close -->
  <testcase classname="CriticalTestCases.CompanyAdminLogin" name="@BeforeMethod Login" time="-1.701698914644E9">
    <skipped/>
  </testcase> <!-- @BeforeMethod Login -->
  <testcase classname="CriticalTestCases.CompanyAdminLogin" name="@AfterMethod Close" time="-1.701698914656E9">
    <skipped/>
  </testcase> <!-- @AfterMethod Close -->
  <testcase classname="CriticalTestCases.CompanyAdminLogin" name="@BeforeMethod Login" time="-1.701698914658E9">
    <skipped/>
  </testcase> <!-- @BeforeMethod Login -->
  <testcase classname="CriticalTestCases.CompanyAdminLogin" name="@AfterMethod Close" time="-1.701698914681E9">
    <skipped/>
  </testcase> <!-- @AfterMethod Close -->
  <testcase classname="CriticalTestCases.CompanyAdminLogin" name="@BeforeMethod Login" time="-1.701698914691E9">
    <skipped/>
  </testcase> <!-- @BeforeMethod Login -->
  <testcase classname="CriticalTestCases.CompanyAdminLogin" name="@AfterMethod Close" time="-1.701698914708E9">
    <skipped/>
  </testcase> <!-- @AfterMethod Close -->
  <testcase classname="CriticalTestCases.CompanyAdminLogin" name="@BeforeMethod Login" time="-1.701698914711E9">
    <skipped/>
  </testcase> <!-- @BeforeMethod Login -->
  <testcase classname="CriticalTestCases.CompanyAdminLogin" name="@AfterMethod Close" time="-1.701698914724E9">
    <skipped/>
  </testcase> <!-- @AfterMethod Close -->
  <testcase classname="CriticalTestCases.CompanyAdminLogin" name="@BeforeMethod Login" time="-1.701698914727E9">
    <skipped/>
  </testcase> <!-- @BeforeMethod Login -->
  <testcase classname="CriticalTestCases.CompanyAdminLogin" name="@AfterMethod Close" time="-1.701698914739E9">
    <skipped/>
  </testcase> <!-- @AfterMethod Close -->
  <testcase classname="CriticalTestCases.CompanyAdminLogin" name="@BeforeMethod Login" time="-1.701698914742E9">
    <skipped/>
  </testcase> <!-- @BeforeMethod Login -->
  <testcase classname="CriticalTestCases.CompanyAdminLogin" name="@AfterMethod Close" time="-1.70169891475E9">
    <skipped/>
  </testcase> <!-- @AfterMethod Close -->
  <testcase classname="CriticalTestCases.CompanyAdminLogin" name="@BeforeMethod Login" time="-1.701698914756E9">
    <skipped/>
  </testcase> <!-- @BeforeMethod Login -->
  <testcase classname="CriticalTestCases.CompanyAdminLogin" name="@AfterMethod Close" time="-1.701698914761E9">
    <skipped/>
  </testcase> <!-- @AfterMethod Close -->
  <testcase classname="CriticalTestCases.CompanyAdminLogin" name="@BeforeMethod Login" time="-1.701698914765E9">
    <skipped/>
  </testcase> <!-- @BeforeMethod Login -->
  <testcase classname="CriticalTestCases.CompanyAdminLogin" name="@AfterMethod Close" time="-1.701698914783E9">
    <skipped/>
  </testcase> <!-- @AfterMethod Close -->
  <testcase classname="CriticalTestCases.CompanyAdminLogin" name="@BeforeMethod Login" time="-1.701698914789E9">
    <skipped/>
  </testcase> <!-- @BeforeMethod Login -->
  <testcase classname="CriticalTestCases.CompanyAdminLogin" name="@AfterMethod Close" time="-1.701698914798E9">
    <skipped/>
  </testcase> <!-- @AfterMethod Close -->
  <testcase classname="CriticalTestCases.CompanyAdminLogin" name="@BeforeMethod Login" time="-1.701698914801E9">
    <skipped/>
  </testcase> <!-- @BeforeMethod Login -->
  <testcase classname="CriticalTestCases.CompanyAdminLogin" name="@AfterMethod Close" time="-1.701698914811E9">
    <skipped/>
  </testcase> <!-- @AfterMethod Close -->
  <testcase classname="CriticalTestCases.CompanyAdminLogin" name="@BeforeMethod Login" time="-1.701698914815E9">
    <skipped/>
  </testcase> <!-- @BeforeMethod Login -->
  <testcase classname="CriticalTestCases.CompanyAdminLogin" name="@AfterMethod Close" time="-1.701698914825E9">
    <skipped/>
  </testcase> <!-- @AfterMethod Close -->
  <testcase classname="CriticalTestCases.CompanyAdminLogin" name="@BeforeMethod Login" time="-1.701698914839E9">
    <skipped/>
  </testcase> <!-- @BeforeMethod Login -->
  <testcase classname="CriticalTestCases.CompanyAdminLogin" name="@AfterMethod Close" time="-1.701698914851E9">
    <skipped/>
  </testcase> <!-- @AfterMethod Close -->
  <testcase classname="CriticalTestCases.CompanyAdminLogin" name="@BeforeMethod Login" time="-1.701698914857E9">
    <skipped/>
  </testcase> <!-- @BeforeMethod Login -->
  <testcase classname="CriticalTestCases.CompanyAdminLogin" name="@AfterMethod Close" time="-1.701698914875E9">
    <skipped/>
  </testcase> <!-- @AfterMethod Close -->
  <testcase classname="CriticalTestCases.CompanyAdminLogin" name="@BeforeMethod Login" time="-1.701698914878E9">
    <skipped/>
  </testcase> <!-- @BeforeMethod Login -->
  <testcase classname="CriticalTestCases.CompanyAdminLogin" name="@AfterMethod Close" time="-1.70169891489E9">
    <skipped/>
  </testcase> <!-- @AfterMethod Close -->
  <testcase classname="CriticalTestCases.CompanyAdminLogin" name="@BeforeMethod Login" time="-1.701698914891E9">
    <skipped/>
  </testcase> <!-- @BeforeMethod Login -->
  <testcase classname="CriticalTestCases.CompanyAdminLogin" name="@AfterMethod Close" time="-1.701698914899E9">
    <skipped/>
  </testcase> <!-- @AfterMethod Close -->
  <testcase classname="CriticalTestCases.CompanyAdminLogin" name="@BeforeMethod Login" time="-1.701698914901E9">
    <skipped/>
  </testcase> <!-- @BeforeMethod Login -->
  <testcase classname="CriticalTestCases.CompanyAdminLogin" name="@AfterMethod Close" time="-1.701698914913E9">
    <skipped/>
  </testcase> <!-- @AfterMethod Close -->
  <testcase classname="CriticalTestCases.CompanyAdminLogin" name="@BeforeMethod Login" time="-1.701698914916E9">
    <skipped/>
  </testcase> <!-- @BeforeMethod Login -->
  <testcase classname="CriticalTestCases.CompanyAdminLogin" name="@AfterMethod Close" time="-1.70169891495E9">
    <skipped/>
  </testcase> <!-- @AfterMethod Close -->
  <testcase classname="CriticalTestCases.CompanyAdminLogin" name="@BeforeMethod Login" time="-1.701698914959E9">
    <skipped/>
  </testcase> <!-- @BeforeMethod Login -->
  <testcase classname="CriticalTestCases.CompanyAdminLogin" name="@AfterMethod Close" time="-1.70169891498E9">
    <skipped/>
  </testcase> <!-- @AfterMethod Close -->
  <testcase classname="CriticalTestCases.CompanyAdminLogin" name="@BeforeMethod Login" time="-1.701698914993E9">
    <skipped/>
  </testcase> <!-- @BeforeMethod Login -->
  <testcase classname="CriticalTestCases.CompanyAdminLogin" name="@AfterMethod Close" time="-1.701698915E9">
    <skipped/>
  </testcase> <!-- @AfterMethod Close -->
  <testcase classname="CriticalTestCases.CompanyAdminLogin" name="@BeforeMethod Login" time="-1.701698915017E9">
    <skipped/>
  </testcase> <!-- @BeforeMethod Login -->
  <testcase classname="CriticalTestCases.CompanyAdminLogin" name="@AfterMethod Close" time="-1.701698915032E9">
    <skipped/>
  </testcase> <!-- @AfterMethod Close -->
  <testcase classname="CriticalTestCases.CompanyAdminLogin" name="@BeforeMethod Login" time="-1.701698915044E9">
    <skipped/>
  </testcase> <!-- @BeforeMethod Login -->
  <testcase classname="CriticalTestCases.CompanyAdminLogin" name="@AfterMethod Close" time="-1.701698915064E9">
    <skipped/>
  </testcase> <!-- @AfterMethod Close -->
  <testcase classname="CriticalTestCases.CompanyAdminLogin" name="@BeforeMethod Login" time="-1.701698915066E9">
    <skipped/>
  </testcase> <!-- @BeforeMethod Login -->
  <testcase classname="CriticalTestCases.CompanyAdminLogin" name="@AfterMethod Close" time="-1.701698915078E9">
    <skipped/>
  </testcase> <!-- @AfterMethod Close -->
  <testcase classname="CriticalTestCases.CompanyAdminLogin" name="CaseNoticeTypeGraph" time="317.248"/>
  <testcase classname="CriticalTestCases.CompanyAdminLogin" name="CaseNoticeStageGraphNotice" time="83.211"/>
  <testcase classname="CriticalTestCases.CompanyAdminLogin" name="RiskSummaryGraph" time="0.008">
    <failure type="org.openqa.selenium.NoSuchWindowException" message="no such window: target window already closed
from unknown error: web view not found
  (Session info: chrome=119.0.6045.200)
Build info: version: &amp;apos;3.141.0&amp;apos;, revision: &amp;apos;2ecb7d9a&amp;apos;, time: &amp;apos;2018-10-31T20:09:30&amp;apos;
System info: host: &amp;apos;DESKTOP-LP&amp;apos;, ip: &amp;apos;172.27.128.1&amp;apos;, os.name: &amp;apos;Windows 10&amp;apos;, os.arch: &amp;apos;amd64&amp;apos;, os.version: &amp;apos;10.0&amp;apos;, java.version: &amp;apos;20&amp;apos;
Driver info: org.openqa.selenium.chrome.ChromeDriver
Capabilities {acceptInsecureCerts: false, browserName: chrome, browserVersion: 119.0.6045.200, chrome: {chromedriverVersion: 119.0.6045.105 (38c72552c5e..., userDataDir: C:\Users\SNEHAL~1\AppData\L...}, fedcm:accounts: true, goog:chromeOptions: {debuggerAddress: localhost:55391}, javascriptEnabled: true, networkConnectionEnabled: false, pageLoadStrategy: normal, platform: WINDOWS, platformName: WINDOWS, proxy: Proxy(), setWindowRect: true, strictFileInteractability: false, timeouts: {implicit: 0, pageLoad: 300000, script: 30000}, unhandledPromptBehavior: dismiss and notify, webauthn:extension:credBlob: true, webauthn:extension:largeBlob: true, webauthn:extension:minPinLength: true, webauthn:extension:prf: true, webauthn:virtualAuthenticators: true}
Session ID: dbd2c62060f0b63d727dc5e7c138191b">
      <![CDATA[org.openqa.selenium.NoSuchWindowException: no such window: target window already closed
from unknown error: web view not found
  (Session info: chrome=119.0.6045.200)
Build info: version: '3.141.0', revision: '2ecb7d9a', time: '2018-10-31T20:09:30'
System info: host: 'DESKTOP-LP', ip: '172.27.128.1', os.name: 'Windows 10', os.arch: 'amd64', os.version: '10.0', java.version: '20'
Driver info: org.openqa.selenium.chrome.ChromeDriver
Capabilities {acceptInsecureCerts: false, browserName: chrome, browserVersion: 119.0.6045.200, chrome: {chromedriverVersion: 119.0.6045.105 (38c72552c5e..., userDataDir: C:\Users\SNEHAL~1\AppData\L...}, fedcm:accounts: true, goog:chromeOptions: {debuggerAddress: localhost:55391}, javascriptEnabled: true, networkConnectionEnabled: false, pageLoadStrategy: normal, platform: WINDOWS, platformName: WINDOWS, proxy: Proxy(), setWindowRect: true, strictFileInteractability: false, timeouts: {implicit: 0, pageLoad: 300000, script: 30000}, unhandledPromptBehavior: dismiss and notify, webauthn:extension:credBlob: true, webauthn:extension:largeBlob: true, webauthn:extension:minPinLength: true, webauthn:extension:prf: true, webauthn:virtualAuthenticators: true}
Session ID: dbd2c62060f0b63d727dc5e7c138191b
at java.base/jdk.internal.reflect.DirectConstructorHandleAccessor.newInstance(DirectConstructorHandleAccessor.java:67)
at java.base/java.lang.reflect.Constructor.newInstanceWithCaller(Constructor.java:500)
at java.base/java.lang.reflect.Constructor.newInstance(Constructor.java:484)
at org.openqa.selenium.remote.http.W3CHttpResponseCodec.createException(W3CHttpResponseCodec.java:187)
at org.openqa.selenium.remote.http.W3CHttpResponseCodec.decode(W3CHttpResponseCodec.java:122)
at org.openqa.selenium.remote.http.W3CHttpResponseCodec.decode(W3CHttpResponseCodec.java:49)
at org.openqa.selenium.remote.HttpCommandExecutor.execute(HttpCommandExecutor.java:158)
at org.openqa.selenium.remote.service.DriverCommandExecutor.execute(DriverCommandExecutor.java:83)
at org.openqa.selenium.remote.RemoteWebDriver.execute(RemoteWebDriver.java:552)
at org.openqa.selenium.remote.RemoteWebDriver.executeScript(RemoteWebDriver.java:489)
at CriticalTestCases.CompanyAdminLogin.RiskSummaryGraph(CompanyAdminLogin.java:179)
at java.base/jdk.internal.reflect.DirectMethodHandleAccessor.invoke(DirectMethodHandleAccessor.java:104)
at java.base/java.lang.reflect.Method.invoke(Method.java:578)
at org.testng.internal.MethodInvocationHelper.invokeMethod(MethodInvocationHelper.java:133)
at org.testng.internal.TestInvoker.invokeMethod(TestInvoker.java:598)
at org.testng.internal.TestInvoker.invokeTestMethod(TestInvoker.java:173)
at org.testng.internal.MethodRunner.runInSequence(MethodRunner.java:46)
at org.testng.internal.TestInvoker$MethodInvocationAgent.invoke(TestInvoker.java:824)
at org.testng.internal.TestInvoker.invokeTestMethods(TestInvoker.java:146)
at org.testng.internal.TestMethodWorker.invokeTestMethods(TestMethodWorker.java:146)
at org.testng.internal.TestMethodWorker.run(TestMethodWorker.java:128)
at java.base/java.util.ArrayList.forEach(ArrayList.java:1511)
at org.testng.TestRunner.privateRun(TestRunner.java:794)
at org.testng.TestRunner.run(TestRunner.java:596)
at org.testng.SuiteRunner.runTest(SuiteRunner.java:377)
at org.testng.SuiteRunner.runSequentially(SuiteRunner.java:371)
at org.testng.SuiteRunner.privateRun(SuiteRunner.java:332)
at org.testng.SuiteRunner.run(SuiteRunner.java:276)
at org.testng.SuiteRunnerWorker.runSuite(SuiteRunnerWorker.java:53)
at org.testng.SuiteRunnerWorker.run(SuiteRunnerWorker.java:96)
at org.testng.TestNG.runSuitesSequentially(TestNG.java:1212)
at org.testng.TestNG.runSuitesLocally(TestNG.java:1134)
at org.testng.TestNG.runSuites(TestNG.java:1063)
at org.testng.TestNG.run(TestNG.java:1031)
at org.testng.remote.AbstractRemoteTestNG.run(AbstractRemoteTestNG.java:115)
at org.testng.remote.RemoteTestNG.initAndRun(RemoteTestNG.java:251)
at org.testng.remote.RemoteTestNG.main(RemoteTestNG.java:77)
]]>
    </failure>
  </testcase> <!-- RiskSummaryGraph -->
  <testcase classname="CriticalTestCases.CompanyAdminLogin" name="DepartmentSummaryGraph" time="0.0">
    <skipped/>
  </testcase> <!-- DepartmentSummaryGraph -->
  <testcase classname="CriticalTestCases.CompanyAdminLogin" name="LocationSummaryGraph" time="0.0">
    <skipped/>
  </testcase> <!-- LocationSummaryGraph -->
  <testcase classname="CriticalTestCases.CompanyAdminLogin" name="CategorySummaryGraph" time="0.0">
    <skipped/>
  </testcase> <!-- CategorySummaryGraph -->
  <testcase classname="CriticalTestCases.CompanyAdminLogin" name="InwardDefendantAgeingGraph" time="0.0">
    <skipped/>
  </testcase> <!-- InwardDefendantAgeingGraph -->
  <testcase classname="CriticalTestCases.CompanyAdminLogin" name="AgeingGraph1to2years" time="0.0">
    <skipped/>
  </testcase> <!-- AgeingGraph1to2years -->
  <testcase classname="CriticalTestCases.CompanyAdminLogin" name="AgeingGraph2to3years" time="0.0">
    <skipped/>
  </testcase> <!-- AgeingGraph2to3years -->
  <testcase classname="CriticalTestCases.CompanyAdminLogin" name="AgeingGraphMorethan3years" time="0.0">
    <skipped/>
  </testcase> <!-- AgeingGraphMorethan3years -->
  <testcase classname="CriticalTestCases.CompanyAdminLogin" name="CaseNoticeTypeGraph1" time="0.0">
    <skipped/>
  </testcase> <!-- CaseNoticeTypeGraph1 -->
  <testcase classname="CriticalTestCases.CompanyAdminLogin" name="CaseNoticeStageGraphNotice1" time="0.0">
    <skipped/>
  </testcase> <!-- CaseNoticeStageGraphNotice1 -->
  <testcase classname="CriticalTestCases.CompanyAdminLogin" name="RiskSummaryGraph1" time="0.0">
    <skipped/>
  </testcase> <!-- RiskSummaryGraph1 -->
  <testcase classname="CriticalTestCases.CompanyAdminLogin" name="DepartmentSummaryGraph1" time="0.0">
    <skipped/>
  </testcase> <!-- DepartmentSummaryGraph1 -->
  <testcase classname="CriticalTestCases.CompanyAdminLogin" name="LocationSummaryGraph1" time="0.0">
    <skipped/>
  </testcase> <!-- LocationSummaryGraph1 -->
  <testcase classname="CriticalTestCases.CompanyAdminLogin" name="CategorySummaryGraph1" time="0.0">
    <skipped/>
  </testcase> <!-- CategorySummaryGraph1 -->
  <testcase classname="CriticalTestCases.CompanyAdminLogin" name="ExpensesCaseGraph" time="0.0">
    <skipped/>
  </testcase> <!-- ExpensesCaseGraph -->
  <testcase classname="CriticalTestCases.CompanyAdminLogin" name="ExpensesCategoryWiseCaseGraph" time="0.0">
    <skipped/>
  </testcase> <!-- ExpensesCategoryWiseCaseGraph -->
  <testcase classname="CriticalTestCases.CompanyAdminLogin" name="ExpensesCounselWiseCaseGraph" time="0.0">
    <skipped/>
  </testcase> <!-- ExpensesCounselWiseCaseGraph -->
  <testcase classname="CriticalTestCases.CompanyAdminLogin" name="UtilizedBudgetGraph" time="0.0">
    <skipped/>
  </testcase> <!-- UtilizedBudgetGraph -->
  <testcase classname="CriticalTestCases.CompanyAdminLogin" name="AgeingGraph" time="0.0">
    <skipped/>
  </testcase> <!-- AgeingGraph -->
  <testcase classname="CriticalTestCases.CompanyAdminLogin" name="AgeingGraph1to2yearsCase" time="0.0">
    <skipped/>
  </testcase> <!-- AgeingGraph1to2yearsCase -->
  <testcase classname="CriticalTestCases.CompanyAdminLogin" name="AgeingGraph2to3yearsCase" time="0.0">
    <skipped/>
  </testcase> <!-- AgeingGraph2to3yearsCase -->
  <testcase classname="CriticalTestCases.CompanyAdminLogin" name="AgeingGraphMoreThan3yearsCase" time="0.0">
    <skipped/>
  </testcase> <!-- AgeingGraphMoreThan3yearsCase -->
  <testcase classname="CriticalTestCases.CompanyAdminLogin" name="NoticeOpen" time="0.0">
    <skipped/>
  </testcase> <!-- NoticeOpen -->
  <testcase classname="CriticalTestCases.CompanyAdminLogin" name="CaseOpen" time="0.001">
    <skipped/>
  </testcase> <!-- CaseOpen -->
  <testcase classname="CriticalTestCases.CompanyAdminLogin" name="TaskOpen" time="0.0">
    <skipped/>
  </testcase> <!-- TaskOpen -->
  <testcase classname="CriticalTestCases.CompanyAdminLogin" name="TaskDelete" time="0.0">
    <skipped/>
  </testcase> <!-- TaskDelete -->
  <testcase classname="CriticalTestCases.CompanyAdminLogin" name="NoticeClosed" time="0.0">
    <skipped/>
  </testcase> <!-- NoticeClosed -->
  <testcase classname="CriticalTestCases.CompanyAdminLogin" name="CaseClose" time="0.0">
    <skipped/>
  </testcase> <!-- CaseClose -->
  <testcase classname="CriticalTestCases.CompanyAdminLogin" name="CloseNotice" time="0.004">
    <skipped/>
  </testcase> <!-- CloseNotice -->
  <testcase classname="CriticalTestCases.CompanyAdminLogin" name="CloseCase" time="0.0">
    <skipped/>
  </testcase> <!-- CloseCase -->
  <testcase classname="CriticalTestCases.CompanyAdminLogin" name="TaskClosed" time="0.0">
    <skipped/>
  </testcase> <!-- TaskClosed -->
  <testcase classname="CriticalTestCases.CompanyAdminLogin" name="NoticeDocument" time="0.0">
    <skipped/>
  </testcase> <!-- NoticeDocument -->
  <testcase classname="CriticalTestCases.CompanyAdminLogin" name="NoticeTaskActivity" time="0.0">
    <skipped/>
  </testcase> <!-- NoticeTaskActivity -->
  <testcase classname="CriticalTestCases.CompanyAdminLogin" name="TaskActivtityDeleteResponse" time="0.0">
    <skipped/>
  </testcase> <!-- TaskActivtityDeleteResponse -->
  <testcase classname="CriticalTestCases.CompanyAdminLogin" name="NoticeResponse" time="0.0">
    <skipped/>
  </testcase> <!-- NoticeResponse -->
  <testcase classname="CriticalTestCases.CompanyAdminLogin" name="NoticePayment" time="0.0">
    <skipped/>
  </testcase> <!-- NoticePayment -->
  <testcase classname="CriticalTestCases.CompanyAdminLogin" name="NoticeExternalLawyer" time="0.0">
    <skipped/>
  </testcase> <!-- NoticeExternalLawyer -->
  <testcase classname="CriticalTestCases.CompanyAdminLogin" name="NoticeAuditLog" time="0.0">
    <skipped/>
  </testcase> <!-- NoticeAuditLog -->
  <testcase classname="CriticalTestCases.CompanyAdminLogin" name="CaseDocument" time="0.0">
    <skipped/>
  </testcase> <!-- CaseDocument -->
  <testcase classname="CriticalTestCases.CompanyAdminLogin" name="CaseTaskActivityTab" time="0.0">
    <skipped/>
  </testcase> <!-- CaseTaskActivityTab -->
  <testcase classname="CriticalTestCases.CompanyAdminLogin" name="CaseHearingcfo" time="0.0">
    <skipped/>
  </testcase> <!-- CaseHearingcfo -->
  <testcase classname="CriticalTestCases.CompanyAdminLogin" name="CaseOrderTab" time="0.0">
    <skipped/>
  </testcase> <!-- CaseOrderTab -->
  <testcase classname="CriticalTestCases.CompanyAdminLogin" name="CaseStatusPayment" time="0.0">
    <skipped/>
  </testcase> <!-- CaseStatusPayment -->
  <testcase classname="CriticalTestCases.CompanyAdminLogin" name="ExternalLawyer" time="0.0">
    <skipped/>
  </testcase> <!-- ExternalLawyer -->
  <testcase classname="CriticalTestCases.CompanyAdminLogin" name="CaseAuditLog" time="0.0">
    <skipped/>
  </testcase> <!-- CaseAuditLog -->
  <testcase classname="CriticalTestCases.CompanyAdminLogin" name="MyDocument" time="0.001">
    <skipped/>
  </testcase> <!-- MyDocument -->
  <testcase classname="CriticalTestCases.CompanyAdminLogin" name="ShareCaseDocument" time="0.0">
    <skipped/>
  </testcase> <!-- ShareCaseDocument -->
  <testcase classname="CriticalTestCases.CompanyAdminLogin" name="ShareNoticeDocument" time="0.0">
    <skipped/>
  </testcase> <!-- ShareNoticeDocument -->
  <testcase classname="CriticalTestCases.CompanyAdminLogin" name="ShareTaskDocument" time="0.0">
    <skipped/>
  </testcase> <!-- ShareTaskDocument -->
  <testcase classname="CriticalTestCases.CompanyAdminLogin" name="MyReports" time="0.0">
    <skipped/>
  </testcase> <!-- MyReports -->
  <testcase classname="CriticalTestCases.CompanyAdminLogin" name="MoreReports" time="0.0">
    <skipped/>
  </testcase> <!-- MoreReports -->
  <testcase classname="CriticalTestCases.CompanyAdminLogin" name="MyReminder" time="0.0">
    <skipped/>
  </testcase> <!-- MyReminder -->
  <testcase classname="CriticalTestCases.CompanyAdminLogin" name="ImportUtility" time="0.0">
    <skipped/>
  </testcase> <!-- ImportUtility -->
  <testcase classname="CriticalTestCases.CompanyAdminLogin" name="Masters" time="0.0">
    <skipped/>
  </testcase> <!-- Masters -->
  <testcase classname="CriticalTestCases.CompanyAdminLogin" name="Masters1" time="0.0">
    <skipped/>
  </testcase> <!-- Masters1 -->
  <testcase classname="CriticalTestCases.CompanyAdminLogin" name="Masters2" time="0.0">
    <skipped/>
  </testcase> <!-- Masters2 -->
  <testcase classname="CriticalTestCases.CompanyAdminLogin" name="Masters3" time="0.0">
    <skipped/>
  </testcase> <!-- Masters3 -->
  <testcase classname="CriticalTestCases.CompanyAdminLogin" name="Masters4" time="0.0">
    <skipped/>
  </testcase> <!-- Masters4 -->
  <testcase classname="CriticalTestCases.CompanyAdminLogin" name="Masters5" time="0.0">
    <skipped/>
  </testcase> <!-- Masters5 -->
  <testcase classname="CriticalTestCases.CompanyAdminLogin" name="Masters6" time="0.0">
    <skipped/>
  </testcase> <!-- Masters6 -->
  <testcase classname="CriticalTestCases.CompanyAdminLogin" name="Masters7" time="0.0">
    <skipped/>
  </testcase> <!-- Masters7 -->
  <testcase classname="CriticalTestCases.CompanyAdminLogin" name="Masters8" time="0.0">
    <skipped/>
  </testcase> <!-- Masters8 -->
  <testcase classname="CriticalTestCases.CompanyAdminLogin" name="Masters9" time="0.0">
    <skipped/>
  </testcase> <!-- Masters9 -->
  <testcase classname="CriticalTestCases.CompanyAdminLogin" name="Masters10" time="0.0">
    <skipped/>
  </testcase> <!-- Masters10 -->
  <testcase classname="CriticalTestCases.CompanyAdminLogin" name="Masters11" time="0.0">
    <skipped/>
  </testcase> <!-- Masters11 -->
  <testcase classname="CriticalTestCases.CompanyAdminLogin" name="AnnualBudget" time="0.0">
    <skipped/>
  </testcase> <!-- AnnualBudget -->
  <testcase classname="CriticalTestCases.CompanyAdminLogin" name="UpdateAnnualBudget" time="0.0">
    <skipped/>
  </testcase> <!-- UpdateAnnualBudget -->
  <testcase classname="CriticalTestCases.CompanyAdminLogin" name="DeleteAnnualBudget" time="0.0">
    <skipped/>
  </testcase> <!-- DeleteAnnualBudget -->
  <testcase classname="CriticalTestCases.CompanyAdminLogin" name="Masters12" time="0.0">
    <skipped/>
  </testcase> <!-- Masters12 -->
  <testcase classname="CriticalTestCases.CompanyAdminLogin" name="Masters13" time="0.0">
    <skipped/>
  </testcase> <!-- Masters13 -->
  <testcase classname="CriticalTestCases.CompanyAdminLogin" name="Masters14" time="0.0">
    <skipped/>
  </testcase> <!-- Masters14 -->
  <testcase classname="CriticalTestCases.CompanyAdminLogin" name="Masters15" time="0.0">
    <skipped/>
  </testcase> <!-- Masters15 -->
</testsuite> <!-- Default test -->
