<?xml version="1.0" encoding="UTF-8"?>
<!-- Generated by org.testng.reporters.JUnitXMLReporter -->
<testsuite ignored="0" hostname="TRPL-PUN-0115" failures="0" tests="33" name="Default test" time="18.561" errors="0" timestamp="2024-02-14T10:07:25 IST">
  <testcase classname="litigationAdditionalOwner.performer" name="@BeforeMethod Login" time="14.382">
    <failure type="java.lang.IllegalStateException" message="The path to the driver executable must be set by the webdriver.opera.driver system property; for more information, see https://github.com/operasoftware/operachromiumdriver. The latest version can be downloaded from https://github.com/operasoftware/operachromiumdriver/releases">
      <![CDATA[java.lang.IllegalStateException: The path to the driver executable must be set by the webdriver.opera.driver system property; for more information, see https://github.com/operasoftware/operachromiumdriver. The latest version can be downloaded from https://github.com/operasoftware/operachromiumdriver/releases
at com.google.common.base.Preconditions.checkState(Preconditions.java:847)
at org.openqa.selenium.remote.service.DriverService.findExecutable(DriverService.java:125)
at org.openqa.selenium.opera.OperaDriverService.access$000(OperaDriverService.java:35)
at org.openqa.selenium.opera.OperaDriverService$Builder.findDefaultExecutable(OperaDriverService.java:141)
at org.openqa.selenium.remote.service.DriverService$Builder.build(DriverService.java:346)
at org.openqa.selenium.opera.OperaDriverService.createDefaultService(OperaDriverService.java:85)
at org.openqa.selenium.opera.OperaDriver.<init>(OperaDriver.java:115)
at login.Login.BrowserSetup(Login.java:49)
at litigationAdditionalOwner.performer.Login(performer.java:71)
at java.base/jdk.internal.reflect.DirectMethodHandleAccessor.invoke(DirectMethodHandleAccessor.java:104)
at java.base/java.lang.reflect.Method.invoke(Method.java:578)
at org.testng.internal.MethodInvocationHelper.invokeMethod(MethodInvocationHelper.java:133)
at org.testng.internal.MethodInvocationHelper.invokeMethodConsideringTimeout(MethodInvocationHelper.java:62)
at org.testng.internal.ConfigInvoker.invokeConfigurationMethod(ConfigInvoker.java:385)
at org.testng.internal.ConfigInvoker.invokeConfigurations(ConfigInvoker.java:321)
at org.testng.internal.TestInvoker.runConfigMethods(TestInvoker.java:700)
at org.testng.internal.TestInvoker.invokeMethod(TestInvoker.java:527)
at org.testng.internal.TestInvoker.invokeTestMethod(TestInvoker.java:173)
at org.testng.internal.MethodRunner.runInSequence(MethodRunner.java:46)
at org.testng.internal.TestInvoker$MethodInvocationAgent.invoke(TestInvoker.java:824)
at org.testng.internal.TestInvoker.invokeTestMethods(TestInvoker.java:146)
at org.testng.internal.TestMethodWorker.invokeTestMethods(TestMethodWorker.java:146)
at org.testng.internal.TestMethodWorker.run(TestMethodWorker.java:128)
at java.base/java.util.ArrayList.forEach(ArrayList.java:1511)
at org.testng.TestRunner.privateRun(TestRunner.java:794)
at org.testng.TestRunner.run(TestRunner.java:596)
at org.testng.SuiteRunner.runTest(SuiteRunner.java:377)
at org.testng.SuiteRunner.runSequentially(SuiteRunner.java:371)
at org.testng.SuiteRunner.privateRun(SuiteRunner.java:332)
at org.testng.SuiteRunner.run(SuiteRunner.java:276)
at org.testng.SuiteRunnerWorker.runSuite(SuiteRunnerWorker.java:53)
at org.testng.SuiteRunnerWorker.run(SuiteRunnerWorker.java:96)
at org.testng.TestNG.runSuitesSequentially(TestNG.java:1212)
at org.testng.TestNG.runSuitesLocally(TestNG.java:1134)
at org.testng.TestNG.runSuites(TestNG.java:1063)
at org.testng.TestNG.run(TestNG.java:1031)
at org.testng.remote.AbstractRemoteTestNG.run(AbstractRemoteTestNG.java:115)
at org.testng.remote.RemoteTestNG.initAndRun(RemoteTestNG.java:251)
at org.testng.remote.RemoteTestNG.main(RemoteTestNG.java:77)
]]>
    </failure>
  </testcase> <!-- @BeforeMethod Login -->
  <testcase classname="litigationAdditionalOwner.performer" name="@AfterMethod Close" time="-1.70788544335E9">
    <skipped/>
  </testcase> <!-- @AfterMethod Close -->
  <testcase classname="litigationAdditionalOwner.performer" name="@BeforeMethod Login" time="-1.707885443403E9">
    <skipped/>
  </testcase> <!-- @BeforeMethod Login -->
  <testcase classname="litigationAdditionalOwner.performer" name="@AfterMethod Close" time="-1.707885443451E9">
    <skipped/>
  </testcase> <!-- @AfterMethod Close -->
  <testcase classname="litigationAdditionalOwner.performer" name="@BeforeMethod Login" time="-1.707885443494E9">
    <skipped/>
  </testcase> <!-- @BeforeMethod Login -->
  <testcase classname="litigationAdditionalOwner.performer" name="@AfterMethod Close" time="-1.707885443513E9">
    <skipped/>
  </testcase> <!-- @AfterMethod Close -->
  <testcase classname="litigationAdditionalOwner.performer" name="@BeforeMethod Login" time="-1.707885443518E9">
    <skipped/>
  </testcase> <!-- @BeforeMethod Login -->
  <testcase classname="litigationAdditionalOwner.performer" name="@AfterMethod Close" time="-1.707885443536E9">
    <skipped/>
  </testcase> <!-- @AfterMethod Close -->
  <testcase classname="litigationAdditionalOwner.performer" name="@BeforeMethod Login" time="-1.707885443544E9">
    <skipped/>
  </testcase> <!-- @BeforeMethod Login -->
  <testcase classname="litigationAdditionalOwner.performer" name="@AfterMethod Close" time="-1.707885443593E9">
    <skipped/>
  </testcase> <!-- @AfterMethod Close -->
  <testcase classname="litigationAdditionalOwner.performer" name="@BeforeMethod Login" time="-1.707885443674E9">
    <skipped/>
  </testcase> <!-- @BeforeMethod Login -->
  <testcase classname="litigationAdditionalOwner.performer" name="@AfterMethod Close" time="-1.707885443729E9">
    <skipped/>
  </testcase> <!-- @AfterMethod Close -->
  <testcase classname="litigationAdditionalOwner.performer" name="@BeforeMethod Login" time="-1.70788544375E9">
    <skipped/>
  </testcase> <!-- @BeforeMethod Login -->
  <testcase classname="litigationAdditionalOwner.performer" name="@AfterMethod Close" time="-1.707885443828E9">
    <skipped/>
  </testcase> <!-- @AfterMethod Close -->
  <testcase classname="litigationAdditionalOwner.performer" name="@BeforeMethod Login" time="-1.707885443848E9">
    <skipped/>
  </testcase> <!-- @BeforeMethod Login -->
  <testcase classname="litigationAdditionalOwner.performer" name="@AfterMethod Close" time="-1.707885443963E9">
    <skipped/>
  </testcase> <!-- @AfterMethod Close -->
  <testcase classname="litigationAdditionalOwner.performer" name="@BeforeMethod Login" time="-1.707885443969E9">
    <skipped/>
  </testcase> <!-- @BeforeMethod Login -->
  <testcase classname="litigationAdditionalOwner.performer" name="@AfterMethod Close" time="-1.707885443983E9">
    <skipped/>
  </testcase> <!-- @AfterMethod Close -->
  <testcase classname="litigationAdditionalOwner.performer" name="@BeforeMethod Login" time="-1.707885443991E9">
    <skipped/>
  </testcase> <!-- @BeforeMethod Login -->
  <testcase classname="litigationAdditionalOwner.performer" name="@AfterMethod Close" time="-1.707885444011E9">
    <skipped/>
  </testcase> <!-- @AfterMethod Close -->
  <testcase classname="litigationAdditionalOwner.performer" name="@BeforeMethod Login" time="-1.707885444027E9">
    <skipped/>
  </testcase> <!-- @BeforeMethod Login -->
  <testcase classname="litigationAdditionalOwner.performer" name="@AfterMethod Close" time="-1.70788544404E9">
    <skipped/>
  </testcase> <!-- @AfterMethod Close -->
  <testcase classname="litigationAdditionalOwner.performer" name="@BeforeMethod Login" time="-1.707885444069E9">
    <skipped/>
  </testcase> <!-- @BeforeMethod Login -->
  <testcase classname="litigationAdditionalOwner.performer" name="@AfterMethod Close" time="-1.707885444097E9">
    <skipped/>
  </testcase> <!-- @AfterMethod Close -->
  <testcase classname="litigationAdditionalOwner.performer" name="@BeforeMethod Login" time="-1.707885444103E9">
    <skipped/>
  </testcase> <!-- @BeforeMethod Login -->
  <testcase classname="litigationAdditionalOwner.performer" name="@AfterMethod Close" time="-1.707885444131E9">
    <skipped/>
  </testcase> <!-- @AfterMethod Close -->
  <testcase classname="litigationAdditionalOwner.performer" name="@BeforeMethod Login" time="-1.707885444149E9">
    <skipped/>
  </testcase> <!-- @BeforeMethod Login -->
  <testcase classname="litigationAdditionalOwner.performer" name="@AfterMethod Close" time="-1.707885444174E9">
    <skipped/>
  </testcase> <!-- @AfterMethod Close -->
  <testcase classname="litigationAdditionalOwner.performer" name="@BeforeMethod Login" time="-1.707885444178E9">
    <skipped/>
  </testcase> <!-- @BeforeMethod Login -->
  <testcase classname="litigationAdditionalOwner.performer" name="@AfterMethod Close" time="-1.707885444214E9">
    <skipped/>
  </testcase> <!-- @AfterMethod Close -->
  <testcase classname="litigationAdditionalOwner.performer" name="@BeforeMethod Login" time="-1.707885444219E9">
    <skipped/>
  </testcase> <!-- @BeforeMethod Login -->
  <testcase classname="litigationAdditionalOwner.performer" name="@AfterMethod Close" time="-1.707885444262E9">
    <skipped/>
  </testcase> <!-- @AfterMethod Close -->
  <testcase classname="litigationAdditionalOwner.performer" name="@BeforeMethod Login" time="-1.707885444286E9">
    <skipped/>
  </testcase> <!-- @BeforeMethod Login -->
  <testcase classname="litigationAdditionalOwner.performer" name="@AfterMethod Close" time="-1.707885444342E9">
    <skipped/>
  </testcase> <!-- @AfterMethod Close -->
  <testcase classname="litigationAdditionalOwner.performer" name="@BeforeMethod Login" time="-1.707885444349E9">
    <skipped/>
  </testcase> <!-- @BeforeMethod Login -->
  <testcase classname="litigationAdditionalOwner.performer" name="@AfterMethod Close" time="-1.707885444362E9">
    <skipped/>
  </testcase> <!-- @AfterMethod Close -->
  <testcase classname="litigationAdditionalOwner.performer" name="@BeforeMethod Login" time="-1.70788544437E9">
    <skipped/>
  </testcase> <!-- @BeforeMethod Login -->
  <testcase classname="litigationAdditionalOwner.performer" name="@AfterMethod Close" time="-1.707885444385E9">
    <skipped/>
  </testcase> <!-- @AfterMethod Close -->
  <testcase classname="litigationAdditionalOwner.performer" name="@BeforeMethod Login" time="-1.707885444418E9">
    <skipped/>
  </testcase> <!-- @BeforeMethod Login -->
  <testcase classname="litigationAdditionalOwner.performer" name="@AfterMethod Close" time="-1.707885444529E9">
    <skipped/>
  </testcase> <!-- @AfterMethod Close -->
  <testcase classname="litigationAdditionalOwner.performer" name="@BeforeMethod Login" time="-1.707885444559E9">
    <skipped/>
  </testcase> <!-- @BeforeMethod Login -->
  <testcase classname="litigationAdditionalOwner.performer" name="@AfterMethod Close" time="-1.707885444599E9">
    <skipped/>
  </testcase> <!-- @AfterMethod Close -->
  <testcase classname="litigationAdditionalOwner.performer" name="@BeforeMethod Login" time="-1.707885444602E9">
    <skipped/>
  </testcase> <!-- @BeforeMethod Login -->
  <testcase classname="litigationAdditionalOwner.performer" name="@AfterMethod Close" time="-1.707885444618E9">
    <skipped/>
  </testcase> <!-- @AfterMethod Close -->
  <testcase classname="litigationAdditionalOwner.performer" name="@BeforeMethod Login" time="-1.707885444627E9">
    <skipped/>
  </testcase> <!-- @BeforeMethod Login -->
  <testcase classname="litigationAdditionalOwner.performer" name="@AfterMethod Close" time="-1.707885444636E9">
    <skipped/>
  </testcase> <!-- @AfterMethod Close -->
  <testcase classname="litigationAdditionalOwner.performer" name="@BeforeMethod Login" time="-1.707885444641E9">
    <skipped/>
  </testcase> <!-- @BeforeMethod Login -->
  <testcase classname="litigationAdditionalOwner.performer" name="@AfterMethod Close" time="-1.70788544465E9">
    <skipped/>
  </testcase> <!-- @AfterMethod Close -->
  <testcase classname="litigationAdditionalOwner.performer" name="@BeforeMethod Login" time="-1.707885444686E9">
    <skipped/>
  </testcase> <!-- @BeforeMethod Login -->
  <testcase classname="litigationAdditionalOwner.performer" name="@AfterMethod Close" time="-1.707885444697E9">
    <skipped/>
  </testcase> <!-- @AfterMethod Close -->
  <testcase classname="litigationAdditionalOwner.performer" name="@BeforeMethod Login" time="-1.707885444732E9">
    <skipped/>
  </testcase> <!-- @BeforeMethod Login -->
  <testcase classname="litigationAdditionalOwner.performer" name="@AfterMethod Close" time="-1.707885444746E9">
    <skipped/>
  </testcase> <!-- @AfterMethod Close -->
  <testcase classname="litigationAdditionalOwner.performer" name="@BeforeMethod Login" time="-1.707885444752E9">
    <skipped/>
  </testcase> <!-- @BeforeMethod Login -->
  <testcase classname="litigationAdditionalOwner.performer" name="@AfterMethod Close" time="-1.707885444763E9">
    <skipped/>
  </testcase> <!-- @AfterMethod Close -->
  <testcase classname="litigationAdditionalOwner.performer" name="@BeforeMethod Login" time="-1.70788544478E9">
    <skipped/>
  </testcase> <!-- @BeforeMethod Login -->
  <testcase classname="litigationAdditionalOwner.performer" name="@AfterMethod Close" time="-1.707885444793E9">
    <skipped/>
  </testcase> <!-- @AfterMethod Close -->
  <testcase classname="litigationAdditionalOwner.performer" name="@BeforeMethod Login" time="-1.707885444863E9">
    <skipped/>
  </testcase> <!-- @BeforeMethod Login -->
  <testcase classname="litigationAdditionalOwner.performer" name="@AfterMethod Close" time="-1.70788544488E9">
    <skipped/>
  </testcase> <!-- @AfterMethod Close -->
  <testcase classname="litigationAdditionalOwner.performer" name="@BeforeMethod Login" time="-1.707885444883E9">
    <skipped/>
  </testcase> <!-- @BeforeMethod Login -->
  <testcase classname="litigationAdditionalOwner.performer" name="@AfterMethod Close" time="-1.707885444903E9">
    <skipped/>
  </testcase> <!-- @AfterMethod Close -->
  <testcase classname="litigationAdditionalOwner.performer" name="@BeforeMethod Login" time="-1.707885444918E9">
    <skipped/>
  </testcase> <!-- @BeforeMethod Login -->
  <testcase classname="litigationAdditionalOwner.performer" name="@AfterMethod Close" time="-1.707885444934E9">
    <skipped/>
  </testcase> <!-- @AfterMethod Close -->
  <testcase classname="litigationAdditionalOwner.performer" name="@BeforeMethod Login" time="-1.707885444944E9">
    <skipped/>
  </testcase> <!-- @BeforeMethod Login -->
  <testcase classname="litigationAdditionalOwner.performer" name="@AfterMethod Close" time="-1.707885444991E9">
    <skipped/>
  </testcase> <!-- @AfterMethod Close -->
  <testcase classname="litigationAdditionalOwner.performer" name="@BeforeMethod Login" time="-1.707885444996E9">
    <skipped/>
  </testcase> <!-- @BeforeMethod Login -->
  <testcase classname="litigationAdditionalOwner.performer" name="@AfterMethod Close" time="-1.707885445002E9">
    <skipped/>
  </testcase> <!-- @AfterMethod Close -->
  <testcase classname="litigationAdditionalOwner.performer" name="MyDocument" time="0.0">
    <skipped/>
  </testcase> <!-- MyDocument -->
  <testcase classname="litigationAdditionalOwner.performer" name="ShareCaseDocument" time="0.0">
    <skipped/>
  </testcase> <!-- ShareCaseDocument -->
  <testcase classname="litigationAdditionalOwner.performer" name="ShareNoticeDocument" time="0.0">
    <skipped/>
  </testcase> <!-- ShareNoticeDocument -->
  <testcase classname="litigationAdditionalOwner.performer" name="ShareTaskDocument" time="0.0">
    <skipped/>
  </testcase> <!-- ShareTaskDocument -->
  <testcase classname="litigationAdditionalOwner.performer" name="DocumentNoticeFilter" time="0.0">
    <skipped/>
  </testcase> <!-- DocumentNoticeFilter -->
  <testcase classname="litigationAdditionalOwner.performer" name="DocumentCaseFilter" time="0.0">
    <skipped/>
  </testcase> <!-- DocumentCaseFilter -->
  <testcase classname="litigationAdditionalOwner.performer" name="DocumentTaskFilter" time="0.0">
    <skipped/>
  </testcase> <!-- DocumentTaskFilter -->
  <testcase classname="litigationAdditionalOwner.performer" name="AdvancedSearchDoc" time="0.0">
    <skipped/>
  </testcase> <!-- AdvancedSearchDoc -->
  <testcase classname="litigationAdditionalOwner.performer" name="AdvancedSearchShareCaseDocument" time="0.0">
    <skipped/>
  </testcase> <!-- AdvancedSearchShareCaseDocument -->
  <testcase classname="litigationAdditionalOwner.performer" name="AdvancedSearchShareNoticeDocument" time="0.0">
    <skipped/>
  </testcase> <!-- AdvancedSearchShareNoticeDocument -->
  <testcase classname="litigationAdditionalOwner.performer" name="AdvancedSearchShareTaskDocument" time="0.0">
    <skipped/>
  </testcase> <!-- AdvancedSearchShareTaskDocument -->
  <testcase classname="litigationAdditionalOwner.performer" name="CriticalDocuments" time="0.0">
    <skipped/>
  </testcase> <!-- CriticalDocuments -->
  <testcase classname="litigationAdditionalOwner.performer" name="CriticalDocuments1" time="0.0">
    <skipped/>
  </testcase> <!-- CriticalDocuments1 -->
  <testcase classname="litigationAdditionalOwner.performer" name="MyReports" time="0.0">
    <skipped/>
  </testcase> <!-- MyReports -->
  <testcase classname="litigationAdditionalOwner.performer" name="MoreReports" time="0.0">
    <skipped/>
  </testcase> <!-- MoreReports -->
  <testcase classname="litigationAdditionalOwner.performer" name="ReportFilter" time="0.0">
    <skipped/>
  </testcase> <!-- ReportFilter -->
  <testcase classname="litigationAdditionalOwner.performer" name="ReportCaseFilter" time="0.0">
    <skipped/>
  </testcase> <!-- ReportCaseFilter -->
  <testcase classname="litigationAdditionalOwner.performer" name="ReportTaskFilter" time="0.0">
    <skipped/>
  </testcase> <!-- ReportTaskFilter -->
  <testcase classname="litigationAdditionalOwner.performer" name="AdvancedSearch" time="0.0">
    <skipped/>
  </testcase> <!-- AdvancedSearch -->
  <testcase classname="litigationAdditionalOwner.performer" name="MyReminder" time="0.0">
    <skipped/>
  </testcase> <!-- MyReminder -->
  <testcase classname="litigationAdditionalOwner.performer" name="ReminderWithoutData" time="0.0">
    <skipped/>
  </testcase> <!-- ReminderWithoutData -->
  <testcase classname="litigationAdditionalOwner.performer" name="ImportUtility" time="0.0">
    <skipped/>
  </testcase> <!-- ImportUtility -->
  <testcase classname="litigationAdditionalOwner.performer" name="ImportUtilityWithoutData" time="0.0">
    <skipped/>
  </testcase> <!-- ImportUtilityWithoutData -->
  <testcase classname="litigationAdditionalOwner.performer" name="ImportUtilityInvalidData" time="0.0">
    <skipped/>
  </testcase> <!-- ImportUtilityInvalidData -->
  <testcase classname="litigationAdditionalOwner.performer" name="ImportUtilityTwoManadtoryFileds" time="0.0">
    <skipped/>
  </testcase> <!-- ImportUtilityTwoManadtoryFileds -->
  <testcase classname="litigationAdditionalOwner.performer" name="CaseUpdationImportUtility" time="0.0">
    <skipped/>
  </testcase> <!-- CaseUpdationImportUtility -->
  <testcase classname="litigationAdditionalOwner.performer" name="CaseUpdationUploadEmtyFile" time="0.0">
    <skipped/>
  </testcase> <!-- CaseUpdationUploadEmtyFile -->
  <testcase classname="litigationAdditionalOwner.performer" name="CaseUpdationUploadInvalidData" time="0.0">
    <skipped/>
  </testcase> <!-- CaseUpdationUploadInvalidData -->
  <testcase classname="litigationAdditionalOwner.performer" name="CaseUpdationUploadInvalidFile" time="0.0">
    <skipped/>
  </testcase> <!-- CaseUpdationUploadInvalidFile -->
  <testcase classname="litigationAdditionalOwner.performer" name="NoticeUpdation" time="0.0">
    <skipped/>
  </testcase> <!-- NoticeUpdation -->
  <testcase classname="litigationAdditionalOwner.performer" name="NoticeUpdationUploadEmtyFile" time="0.0">
    <skipped/>
  </testcase> <!-- NoticeUpdationUploadEmtyFile -->
  <testcase classname="litigationAdditionalOwner.performer" name="NoticeUpdationUploadInvalidData" time="0.0">
    <skipped/>
  </testcase> <!-- NoticeUpdationUploadInvalidData -->
  <testcase classname="litigationAdditionalOwner.performer" name="NoticeUpdationUploadInvalidFile" time="0.0">
    <skipped/>
  </testcase> <!-- NoticeUpdationUploadInvalidFile -->
</testsuite> <!-- Default test -->
