<?xml version="1.0" encoding="UTF-8"?>
<!-- Generated by org.testng.reporters.JUnitXMLReporter -->
<testsuite ignored="0" hostname="DESKTOP-LP" failures="0" tests="137" name="Default test" time="23.539" errors="0" timestamp="2023-07-05T17:51:19 IST">
  <testcase classname="litigationManagement.CFO" name="@BeforeMethod Login" time="19.837">
    <failure type="org.openqa.selenium.NoSuchElementException" message="no such element: Unable to locate element: {&amp;quot;method&amp;quot;:&amp;quot;xpath&amp;quot;,&amp;quot;selector&amp;quot;:&amp;quot;//span[@id=&amp;apos;lblQuestion1&amp;apos;]&amp;quot;}
  (Session info: chrome=114.0.5735.199)
For documentation on this error, please visit: http://seleniumhq.org/exceptions/no_such_element.html
Build info: version: &amp;apos;3.141.0&amp;apos;, revision: &amp;apos;2ecb7d9a&amp;apos;, time: &amp;apos;2018-10-31T20:09:30&amp;apos;
System info: host: &amp;apos;DESKTOP-LP&amp;apos;, ip: &amp;apos;172.22.32.1&amp;apos;, os.name: &amp;apos;Windows 10&amp;apos;, os.arch: &amp;apos;amd64&amp;apos;, os.version: &amp;apos;10.0&amp;apos;, java.version: &amp;apos;20&amp;apos;
Driver info: org.openqa.selenium.chrome.ChromeDriver
Capabilities {acceptInsecureCerts: false, browserName: chrome, browserVersion: 114.0.5735.199, chrome: {chromedriverVersion: 114.0.5735.90 (386bc09e8f4f..., userDataDir: C:\Users\SNEHAL~1\AppData\L...}, goog:chromeOptions: {debuggerAddress: localhost:58320}, javascriptEnabled: true, networkConnectionEnabled: false, pageLoadStrategy: normal, platform: WINDOWS, platformName: WINDOWS, proxy: Proxy(), setWindowRect: true, strictFileInteractability: false, timeouts: {implicit: 0, pageLoad: 300000, script: 30000}, unhandledPromptBehavior: dismiss and notify, webauthn:extension:credBlob: true, webauthn:extension:largeBlob: true, webauthn:extension:minPinLength: true, webauthn:extension:prf: true, webauthn:virtualAuthenticators: true}
Session ID: 7a5530d591c9dc57b124f80938bf23bb
*** Element info: {Using=xpath, value=//span[@id=&amp;apos;lblQuestion1&amp;apos;]}">
      <![CDATA[org.openqa.selenium.NoSuchElementException: no such element: Unable to locate element: {"method":"xpath","selector":"//span[@id='lblQuestion1']"}
  (Session info: chrome=114.0.5735.199)
For documentation on this error, please visit: http://seleniumhq.org/exceptions/no_such_element.html
Build info: version: '3.141.0', revision: '2ecb7d9a', time: '2018-10-31T20:09:30'
System info: host: 'DESKTOP-LP', ip: '172.22.32.1', os.name: 'Windows 10', os.arch: 'amd64', os.version: '10.0', java.version: '20'
Driver info: org.openqa.selenium.chrome.ChromeDriver
Capabilities {acceptInsecureCerts: false, browserName: chrome, browserVersion: 114.0.5735.199, chrome: {chromedriverVersion: 114.0.5735.90 (386bc09e8f4f..., userDataDir: C:\Users\SNEHAL~1\AppData\L...}, goog:chromeOptions: {debuggerAddress: localhost:58320}, javascriptEnabled: true, networkConnectionEnabled: false, pageLoadStrategy: normal, platform: WINDOWS, platformName: WINDOWS, proxy: Proxy(), setWindowRect: true, strictFileInteractability: false, timeouts: {implicit: 0, pageLoad: 300000, script: 30000}, unhandledPromptBehavior: dismiss and notify, webauthn:extension:credBlob: true, webauthn:extension:largeBlob: true, webauthn:extension:minPinLength: true, webauthn:extension:prf: true, webauthn:virtualAuthenticators: true}
Session ID: 7a5530d591c9dc57b124f80938bf23bb
*** Element info: {Using=xpath, value=//span[@id='lblQuestion1']}
at java.base/jdk.internal.reflect.DirectConstructorHandleAccessor.newInstance(DirectConstructorHandleAccessor.java:67)
at java.base/java.lang.reflect.Constructor.newInstanceWithCaller(Constructor.java:500)
at java.base/java.lang.reflect.Constructor.newInstance(Constructor.java:484)
at org.openqa.selenium.remote.http.W3CHttpResponseCodec.createException(W3CHttpResponseCodec.java:187)
at org.openqa.selenium.remote.http.W3CHttpResponseCodec.decode(W3CHttpResponseCodec.java:122)
at org.openqa.selenium.remote.http.W3CHttpResponseCodec.decode(W3CHttpResponseCodec.java:49)
at org.openqa.selenium.remote.HttpCommandExecutor.execute(HttpCommandExecutor.java:158)
at org.openqa.selenium.remote.service.DriverCommandExecutor.execute(DriverCommandExecutor.java:83)
at org.openqa.selenium.remote.RemoteWebDriver.execute(RemoteWebDriver.java:552)
at org.openqa.selenium.remote.RemoteWebDriver.findElement(RemoteWebDriver.java:323)
at org.openqa.selenium.remote.RemoteWebDriver.findElementByXPath(RemoteWebDriver.java:428)
at org.openqa.selenium.By$ByXPath.findElement(By.java:353)
at org.openqa.selenium.remote.RemoteWebDriver.findElement(RemoteWebDriver.java:315)
at login.LoginPOM.Question1(LoginPOM.java:57)
at login.Login.UserLogin(Login.java:104)
at litigationManagement.CFO.Login(CFO.java:99)
at java.base/jdk.internal.reflect.DirectMethodHandleAccessor.invoke(DirectMethodHandleAccessor.java:104)
at java.base/java.lang.reflect.Method.invoke(Method.java:578)
at org.testng.internal.MethodInvocationHelper.invokeMethod(MethodInvocationHelper.java:133)
at org.testng.internal.MethodInvocationHelper.invokeMethodConsideringTimeout(MethodInvocationHelper.java:62)
at org.testng.internal.ConfigInvoker.invokeConfigurationMethod(ConfigInvoker.java:385)
at org.testng.internal.ConfigInvoker.invokeConfigurations(ConfigInvoker.java:321)
at org.testng.internal.TestInvoker.runConfigMethods(TestInvoker.java:700)
at org.testng.internal.TestInvoker.invokeMethod(TestInvoker.java:527)
at org.testng.internal.TestInvoker.invokeTestMethod(TestInvoker.java:173)
at org.testng.internal.MethodRunner.runInSequence(MethodRunner.java:46)
at org.testng.internal.TestInvoker$MethodInvocationAgent.invoke(TestInvoker.java:824)
at org.testng.internal.TestInvoker.invokeTestMethods(TestInvoker.java:146)
at org.testng.internal.TestMethodWorker.invokeTestMethods(TestMethodWorker.java:146)
at org.testng.internal.TestMethodWorker.run(TestMethodWorker.java:128)
at java.base/java.util.ArrayList.forEach(ArrayList.java:1511)
at org.testng.TestRunner.privateRun(TestRunner.java:794)
at org.testng.TestRunner.run(TestRunner.java:596)
at org.testng.SuiteRunner.runTest(SuiteRunner.java:377)
at org.testng.SuiteRunner.runSequentially(SuiteRunner.java:371)
at org.testng.SuiteRunner.privateRun(SuiteRunner.java:332)
at org.testng.SuiteRunner.run(SuiteRunner.java:276)
at org.testng.SuiteRunnerWorker.runSuite(SuiteRunnerWorker.java:53)
at org.testng.SuiteRunnerWorker.run(SuiteRunnerWorker.java:96)
at org.testng.TestNG.runSuitesSequentially(TestNG.java:1212)
at org.testng.TestNG.runSuitesLocally(TestNG.java:1134)
at org.testng.TestNG.runSuites(TestNG.java:1063)
at org.testng.TestNG.run(TestNG.java:1031)
at org.testng.remote.AbstractRemoteTestNG.run(AbstractRemoteTestNG.java:115)
at org.testng.remote.RemoteTestNG.initAndRun(RemoteTestNG.java:251)
at org.testng.remote.RemoteTestNG.main(RemoteTestNG.java:77)
]]>
    </failure>
  </testcase> <!-- @BeforeMethod Login -->
  <testcase classname="litigationManagement.CFO" name="@AfterMethod Close" time="-1.688559676524E9">
    <skipped/>
  </testcase> <!-- @AfterMethod Close -->
  <testcase classname="litigationManagement.CFO" name="@BeforeMethod Login" time="-1.688559676534E9">
    <skipped/>
  </testcase> <!-- @BeforeMethod Login -->
  <testcase classname="litigationManagement.CFO" name="@AfterMethod Close" time="-1.688559676563E9">
    <skipped/>
  </testcase> <!-- @AfterMethod Close -->
  <testcase classname="litigationManagement.CFO" name="@BeforeMethod Login" time="-1.688559676568E9">
    <skipped/>
  </testcase> <!-- @BeforeMethod Login -->
  <testcase classname="litigationManagement.CFO" name="@AfterMethod Close" time="-1.688559676599E9">
    <skipped/>
  </testcase> <!-- @AfterMethod Close -->
  <testcase classname="litigationManagement.CFO" name="@BeforeMethod Login" time="-1.688559676603E9">
    <skipped/>
  </testcase> <!-- @BeforeMethod Login -->
  <testcase classname="litigationManagement.CFO" name="@AfterMethod Close" time="-1.68855967663E9">
    <skipped/>
  </testcase> <!-- @AfterMethod Close -->
  <testcase classname="litigationManagement.CFO" name="@BeforeMethod Login" time="-1.688559676637E9">
    <skipped/>
  </testcase> <!-- @BeforeMethod Login -->
  <testcase classname="litigationManagement.CFO" name="@AfterMethod Close" time="-1.688559676654E9">
    <skipped/>
  </testcase> <!-- @AfterMethod Close -->
  <testcase classname="litigationManagement.CFO" name="@BeforeMethod Login" time="-1.688559676664E9">
    <skipped/>
  </testcase> <!-- @BeforeMethod Login -->
  <testcase classname="litigationManagement.CFO" name="@AfterMethod Close" time="-1.688559676699E9">
    <skipped/>
  </testcase> <!-- @AfterMethod Close -->
  <testcase classname="litigationManagement.CFO" name="@BeforeMethod Login" time="-1.688559676716E9">
    <skipped/>
  </testcase> <!-- @BeforeMethod Login -->
  <testcase classname="litigationManagement.CFO" name="@AfterMethod Close" time="-1.688559676738E9">
    <skipped/>
  </testcase> <!-- @AfterMethod Close -->
  <testcase classname="litigationManagement.CFO" name="@BeforeMethod Login" time="-1.688559676749E9">
    <skipped/>
  </testcase> <!-- @BeforeMethod Login -->
  <testcase classname="litigationManagement.CFO" name="@AfterMethod Close" time="-1.688559676758E9">
    <skipped/>
  </testcase> <!-- @AfterMethod Close -->
  <testcase classname="litigationManagement.CFO" name="@BeforeMethod Login" time="-1.688559676765E9">
    <skipped/>
  </testcase> <!-- @BeforeMethod Login -->
  <testcase classname="litigationManagement.CFO" name="@AfterMethod Close" time="-1.688559676779E9">
    <skipped/>
  </testcase> <!-- @AfterMethod Close -->
  <testcase classname="litigationManagement.CFO" name="@BeforeMethod Login" time="-1.688559676784E9">
    <skipped/>
  </testcase> <!-- @BeforeMethod Login -->
  <testcase classname="litigationManagement.CFO" name="@AfterMethod Close" time="-1.688559676829E9">
    <skipped/>
  </testcase> <!-- @AfterMethod Close -->
  <testcase classname="litigationManagement.CFO" name="@BeforeMethod Login" time="-1.688559676845E9">
    <skipped/>
  </testcase> <!-- @BeforeMethod Login -->
  <testcase classname="litigationManagement.CFO" name="@AfterMethod Close" time="-1.688559676851E9">
    <skipped/>
  </testcase> <!-- @AfterMethod Close -->
  <testcase classname="litigationManagement.CFO" name="@BeforeMethod Login" time="-1.688559676866E9">
    <skipped/>
  </testcase> <!-- @BeforeMethod Login -->
  <testcase classname="litigationManagement.CFO" name="@AfterMethod Close" time="-1.688559676886E9">
    <skipped/>
  </testcase> <!-- @AfterMethod Close -->
  <testcase classname="litigationManagement.CFO" name="@BeforeMethod Login" time="-1.688559676896E9">
    <skipped/>
  </testcase> <!-- @BeforeMethod Login -->
  <testcase classname="litigationManagement.CFO" name="@AfterMethod Close" time="-1.688559676904E9">
    <skipped/>
  </testcase> <!-- @AfterMethod Close -->
  <testcase classname="litigationManagement.CFO" name="@BeforeMethod Login" time="-1.688559676907E9">
    <skipped/>
  </testcase> <!-- @BeforeMethod Login -->
  <testcase classname="litigationManagement.CFO" name="@AfterMethod Close" time="-1.688559676917E9">
    <skipped/>
  </testcase> <!-- @AfterMethod Close -->
  <testcase classname="litigationManagement.CFO" name="@BeforeMethod Login" time="-1.68855967692E9">
    <skipped/>
  </testcase> <!-- @BeforeMethod Login -->
  <testcase classname="litigationManagement.CFO" name="@AfterMethod Close" time="-1.68855967693E9">
    <skipped/>
  </testcase> <!-- @AfterMethod Close -->
  <testcase classname="litigationManagement.CFO" name="@BeforeMethod Login" time="-1.688559676937E9">
    <skipped/>
  </testcase> <!-- @BeforeMethod Login -->
  <testcase classname="litigationManagement.CFO" name="@AfterMethod Close" time="-1.688559676955E9">
    <skipped/>
  </testcase> <!-- @AfterMethod Close -->
  <testcase classname="litigationManagement.CFO" name="@BeforeMethod Login" time="-1.688559676995E9">
    <skipped/>
  </testcase> <!-- @BeforeMethod Login -->
  <testcase classname="litigationManagement.CFO" name="@AfterMethod Close" time="-1.688559677E9">
    <skipped/>
  </testcase> <!-- @AfterMethod Close -->
  <testcase classname="litigationManagement.CFO" name="@BeforeMethod Login" time="-1.688559677047E9">
    <skipped/>
  </testcase> <!-- @BeforeMethod Login -->
  <testcase classname="litigationManagement.CFO" name="@AfterMethod Close" time="-1.688559677061E9">
    <skipped/>
  </testcase> <!-- @AfterMethod Close -->
  <testcase classname="litigationManagement.CFO" name="@BeforeMethod Login" time="-1.688559677065E9">
    <skipped/>
  </testcase> <!-- @BeforeMethod Login -->
  <testcase classname="litigationManagement.CFO" name="@AfterMethod Close" time="-1.688559677071E9">
    <skipped/>
  </testcase> <!-- @AfterMethod Close -->
  <testcase classname="litigationManagement.CFO" name="@BeforeMethod Login" time="-1.688559677077E9">
    <skipped/>
  </testcase> <!-- @BeforeMethod Login -->
  <testcase classname="litigationManagement.CFO" name="@AfterMethod Close" time="-1.688559677084E9">
    <skipped/>
  </testcase> <!-- @AfterMethod Close -->
  <testcase classname="litigationManagement.CFO" name="@BeforeMethod Login" time="-1.688559677087E9">
    <skipped/>
  </testcase> <!-- @BeforeMethod Login -->
  <testcase classname="litigationManagement.CFO" name="@AfterMethod Close" time="-1.688559677096E9">
    <skipped/>
  </testcase> <!-- @AfterMethod Close -->
  <testcase classname="litigationManagement.CFO" name="@BeforeMethod Login" time="-1.6885596771E9">
    <skipped/>
  </testcase> <!-- @BeforeMethod Login -->
  <testcase classname="litigationManagement.CFO" name="@AfterMethod Close" time="-1.688559677114E9">
    <skipped/>
  </testcase> <!-- @AfterMethod Close -->
  <testcase classname="litigationManagement.CFO" name="@BeforeMethod Login" time="-1.688559677117E9">
    <skipped/>
  </testcase> <!-- @BeforeMethod Login -->
  <testcase classname="litigationManagement.CFO" name="@AfterMethod Close" time="-1.688559677131E9">
    <skipped/>
  </testcase> <!-- @AfterMethod Close -->
  <testcase classname="litigationManagement.CFO" name="@BeforeMethod Login" time="-1.688559677135E9">
    <skipped/>
  </testcase> <!-- @BeforeMethod Login -->
  <testcase classname="litigationManagement.CFO" name="@AfterMethod Close" time="-1.688559677151E9">
    <skipped/>
  </testcase> <!-- @AfterMethod Close -->
  <testcase classname="litigationManagement.CFO" name="@BeforeMethod Login" time="-1.688559677156E9">
    <skipped/>
  </testcase> <!-- @BeforeMethod Login -->
  <testcase classname="litigationManagement.CFO" name="@AfterMethod Close" time="-1.688559677165E9">
    <skipped/>
  </testcase> <!-- @AfterMethod Close -->
  <testcase classname="litigationManagement.CFO" name="@BeforeMethod Login" time="-1.688559677167E9">
    <skipped/>
  </testcase> <!-- @BeforeMethod Login -->
  <testcase classname="litigationManagement.CFO" name="@AfterMethod Close" time="-1.688559677179E9">
    <skipped/>
  </testcase> <!-- @AfterMethod Close -->
  <testcase classname="litigationManagement.CFO" name="@BeforeMethod Login" time="-1.688559677183E9">
    <skipped/>
  </testcase> <!-- @BeforeMethod Login -->
  <testcase classname="litigationManagement.CFO" name="@AfterMethod Close" time="-1.688559677187E9">
    <skipped/>
  </testcase> <!-- @AfterMethod Close -->
  <testcase classname="litigationManagement.CFO" name="@BeforeMethod Login" time="-1.68855967719E9">
    <skipped/>
  </testcase> <!-- @BeforeMethod Login -->
  <testcase classname="litigationManagement.CFO" name="@AfterMethod Close" time="-1.6885596772E9">
    <skipped/>
  </testcase> <!-- @AfterMethod Close -->
  <testcase classname="litigationManagement.CFO" name="@BeforeMethod Login" time="-1.688559677203E9">
    <skipped/>
  </testcase> <!-- @BeforeMethod Login -->
  <testcase classname="litigationManagement.CFO" name="@AfterMethod Close" time="-1.688559677214E9">
    <skipped/>
  </testcase> <!-- @AfterMethod Close -->
  <testcase classname="litigationManagement.CFO" name="@BeforeMethod Login" time="-1.688559677216E9">
    <skipped/>
  </testcase> <!-- @BeforeMethod Login -->
  <testcase classname="litigationManagement.CFO" name="@AfterMethod Close" time="-1.688559677229E9">
    <skipped/>
  </testcase> <!-- @AfterMethod Close -->
  <testcase classname="litigationManagement.CFO" name="@BeforeMethod Login" time="-1.688559677237E9">
    <skipped/>
  </testcase> <!-- @BeforeMethod Login -->
  <testcase classname="litigationManagement.CFO" name="@AfterMethod Close" time="-1.688559677249E9">
    <skipped/>
  </testcase> <!-- @AfterMethod Close -->
  <testcase classname="litigationManagement.CFO" name="@BeforeMethod Login" time="-1.688559677251E9">
    <skipped/>
  </testcase> <!-- @BeforeMethod Login -->
  <testcase classname="litigationManagement.CFO" name="@AfterMethod Close" time="-1.688559677267E9">
    <skipped/>
  </testcase> <!-- @AfterMethod Close -->
  <testcase classname="litigationManagement.CFO" name="@BeforeMethod Login" time="-1.688559677269E9">
    <skipped/>
  </testcase> <!-- @BeforeMethod Login -->
  <testcase classname="litigationManagement.CFO" name="@AfterMethod Close" time="-1.688559677298E9">
    <skipped/>
  </testcase> <!-- @AfterMethod Close -->
  <testcase classname="litigationManagement.CFO" name="@BeforeMethod Login" time="-1.6885596773E9">
    <skipped/>
  </testcase> <!-- @BeforeMethod Login -->
  <testcase classname="litigationManagement.CFO" name="@AfterMethod Close" time="-1.688559677316E9">
    <skipped/>
  </testcase> <!-- @AfterMethod Close -->
  <testcase classname="litigationManagement.CFO" name="@BeforeMethod Login" time="-1.68855967732E9">
    <skipped/>
  </testcase> <!-- @BeforeMethod Login -->
  <testcase classname="litigationManagement.CFO" name="@AfterMethod Close" time="-1.688559677336E9">
    <skipped/>
  </testcase> <!-- @AfterMethod Close -->
  <testcase classname="litigationManagement.CFO" name="@BeforeMethod Login" time="-1.688559677348E9">
    <skipped/>
  </testcase> <!-- @BeforeMethod Login -->
  <testcase classname="litigationManagement.CFO" name="@AfterMethod Close" time="-1.688559677366E9">
    <skipped/>
  </testcase> <!-- @AfterMethod Close -->
  <testcase classname="litigationManagement.CFO" name="@BeforeMethod Login" time="-1.688559677368E9">
    <skipped/>
  </testcase> <!-- @BeforeMethod Login -->
  <testcase classname="litigationManagement.CFO" name="@AfterMethod Close" time="-1.688559677381E9">
    <skipped/>
  </testcase> <!-- @AfterMethod Close -->
  <testcase classname="litigationManagement.CFO" name="@BeforeMethod Login" time="-1.688559677383E9">
    <skipped/>
  </testcase> <!-- @BeforeMethod Login -->
  <testcase classname="litigationManagement.CFO" name="@AfterMethod Close" time="-1.688559677391E9">
    <skipped/>
  </testcase> <!-- @AfterMethod Close -->
  <testcase classname="litigationManagement.CFO" name="@BeforeMethod Login" time="-1.688559677396E9">
    <skipped/>
  </testcase> <!-- @BeforeMethod Login -->
  <testcase classname="litigationManagement.CFO" name="@AfterMethod Close" time="-1.688559677401E9">
    <skipped/>
  </testcase> <!-- @AfterMethod Close -->
  <testcase classname="litigationManagement.CFO" name="@BeforeMethod Login" time="-1.688559677403E9">
    <skipped/>
  </testcase> <!-- @BeforeMethod Login -->
  <testcase classname="litigationManagement.CFO" name="@AfterMethod Close" time="-1.688559677416E9">
    <skipped/>
  </testcase> <!-- @AfterMethod Close -->
  <testcase classname="litigationManagement.CFO" name="@BeforeMethod Login" time="-1.688559677419E9">
    <skipped/>
  </testcase> <!-- @BeforeMethod Login -->
  <testcase classname="litigationManagement.CFO" name="@AfterMethod Close" time="-1.688559677431E9">
    <skipped/>
  </testcase> <!-- @AfterMethod Close -->
  <testcase classname="litigationManagement.CFO" name="@BeforeMethod Login" time="-1.688559677446E9">
    <skipped/>
  </testcase> <!-- @BeforeMethod Login -->
  <testcase classname="litigationManagement.CFO" name="@AfterMethod Close" time="-1.688559677451E9">
    <skipped/>
  </testcase> <!-- @AfterMethod Close -->
  <testcase classname="litigationManagement.CFO" name="@BeforeMethod Login" time="-1.688559677455E9">
    <skipped/>
  </testcase> <!-- @BeforeMethod Login -->
  <testcase classname="litigationManagement.CFO" name="@AfterMethod Close" time="-1.688559677469E9">
    <skipped/>
  </testcase> <!-- @AfterMethod Close -->
  <testcase classname="litigationManagement.CFO" name="@BeforeMethod Login" time="-1.688559677485E9">
    <skipped/>
  </testcase> <!-- @BeforeMethod Login -->
  <testcase classname="litigationManagement.CFO" name="@AfterMethod Close" time="-1.688559677496E9">
    <skipped/>
  </testcase> <!-- @AfterMethod Close -->
  <testcase classname="litigationManagement.CFO" name="@BeforeMethod Login" time="-1.688559677498E9">
    <skipped/>
  </testcase> <!-- @BeforeMethod Login -->
  <testcase classname="litigationManagement.CFO" name="@AfterMethod Close" time="-1.688559677504E9">
    <skipped/>
  </testcase> <!-- @AfterMethod Close -->
  <testcase classname="litigationManagement.CFO" name="@BeforeMethod Login" time="-1.688559677519E9">
    <skipped/>
  </testcase> <!-- @BeforeMethod Login -->
  <testcase classname="litigationManagement.CFO" name="@AfterMethod Close" time="-1.688559677551E9">
    <skipped/>
  </testcase> <!-- @AfterMethod Close -->
  <testcase classname="litigationManagement.CFO" name="@BeforeMethod Login" time="-1.688559677565E9">
    <skipped/>
  </testcase> <!-- @BeforeMethod Login -->
  <testcase classname="litigationManagement.CFO" name="@AfterMethod Close" time="-1.68855967757E9">
    <skipped/>
  </testcase> <!-- @AfterMethod Close -->
  <testcase classname="litigationManagement.CFO" name="@BeforeMethod Login" time="-1.688559677598E9">
    <skipped/>
  </testcase> <!-- @BeforeMethod Login -->
  <testcase classname="litigationManagement.CFO" name="@AfterMethod Close" time="-1.688559677699E9">
    <skipped/>
  </testcase> <!-- @AfterMethod Close -->
  <testcase classname="litigationManagement.CFO" name="@BeforeMethod Login" time="-1.688559677704E9">
    <skipped/>
  </testcase> <!-- @BeforeMethod Login -->
  <testcase classname="litigationManagement.CFO" name="@AfterMethod Close" time="-1.688559677713E9">
    <skipped/>
  </testcase> <!-- @AfterMethod Close -->
  <testcase classname="litigationManagement.CFO" name="@BeforeMethod Login" time="-1.688559677715E9">
    <skipped/>
  </testcase> <!-- @BeforeMethod Login -->
  <testcase classname="litigationManagement.CFO" name="@AfterMethod Close" time="-1.688559677719E9">
    <skipped/>
  </testcase> <!-- @AfterMethod Close -->
  <testcase classname="litigationManagement.CFO" name="@BeforeMethod Login" time="-1.688559677725E9">
    <skipped/>
  </testcase> <!-- @BeforeMethod Login -->
  <testcase classname="litigationManagement.CFO" name="@AfterMethod Close" time="-1.688559677731E9">
    <skipped/>
  </testcase> <!-- @AfterMethod Close -->
  <testcase classname="litigationManagement.CFO" name="@BeforeMethod Login" time="-1.688559677733E9">
    <skipped/>
  </testcase> <!-- @BeforeMethod Login -->
  <testcase classname="litigationManagement.CFO" name="@AfterMethod Close" time="-1.688559677736E9">
    <skipped/>
  </testcase> <!-- @AfterMethod Close -->
  <testcase classname="litigationManagement.CFO" name="@BeforeMethod Login" time="-1.688559677739E9">
    <skipped/>
  </testcase> <!-- @BeforeMethod Login -->
  <testcase classname="litigationManagement.CFO" name="@AfterMethod Close" time="-1.688559677746E9">
    <skipped/>
  </testcase> <!-- @AfterMethod Close -->
  <testcase classname="litigationManagement.CFO" name="@BeforeMethod Login" time="-1.688559677751E9">
    <skipped/>
  </testcase> <!-- @BeforeMethod Login -->
  <testcase classname="litigationManagement.CFO" name="@AfterMethod Close" time="-1.688559677765E9">
    <skipped/>
  </testcase> <!-- @AfterMethod Close -->
  <testcase classname="litigationManagement.CFO" name="@BeforeMethod Login" time="-1.688559677766E9">
    <skipped/>
  </testcase> <!-- @BeforeMethod Login -->
  <testcase classname="litigationManagement.CFO" name="@AfterMethod Close" time="-1.68855967777E9">
    <skipped/>
  </testcase> <!-- @AfterMethod Close -->
  <testcase classname="litigationManagement.CFO" name="@BeforeMethod Login" time="-1.688559677783E9">
    <skipped/>
  </testcase> <!-- @BeforeMethod Login -->
  <testcase classname="litigationManagement.CFO" name="@AfterMethod Close" time="-1.688559677796E9">
    <skipped/>
  </testcase> <!-- @AfterMethod Close -->
  <testcase classname="litigationManagement.CFO" name="@BeforeMethod Login" time="-1.688559677797E9">
    <skipped/>
  </testcase> <!-- @BeforeMethod Login -->
  <testcase classname="litigationManagement.CFO" name="@AfterMethod Close" time="-1.688559677815E9">
    <skipped/>
  </testcase> <!-- @AfterMethod Close -->
  <testcase classname="litigationManagement.CFO" name="@BeforeMethod Login" time="-1.688559677818E9">
    <skipped/>
  </testcase> <!-- @BeforeMethod Login -->
  <testcase classname="litigationManagement.CFO" name="@AfterMethod Close" time="-1.68855967783E9">
    <skipped/>
  </testcase> <!-- @AfterMethod Close -->
  <testcase classname="litigationManagement.CFO" name="@BeforeMethod Login" time="-1.688559677837E9">
    <skipped/>
  </testcase> <!-- @BeforeMethod Login -->
  <testcase classname="litigationManagement.CFO" name="@AfterMethod Close" time="-1.68855967785E9">
    <skipped/>
  </testcase> <!-- @AfterMethod Close -->
  <testcase classname="litigationManagement.CFO" name="@BeforeMethod Login" time="-1.688559677854E9">
    <skipped/>
  </testcase> <!-- @BeforeMethod Login -->
  <testcase classname="litigationManagement.CFO" name="@AfterMethod Close" time="-1.688559677867E9">
    <skipped/>
  </testcase> <!-- @AfterMethod Close -->
  <testcase classname="litigationManagement.CFO" name="@BeforeMethod Login" time="-1.688559677869E9">
    <skipped/>
  </testcase> <!-- @BeforeMethod Login -->
  <testcase classname="litigationManagement.CFO" name="@AfterMethod Close" time="-1.688559677884E9">
    <skipped/>
  </testcase> <!-- @AfterMethod Close -->
  <testcase classname="litigationManagement.CFO" name="@BeforeMethod Login" time="-1.688559677886E9">
    <skipped/>
  </testcase> <!-- @BeforeMethod Login -->
  <testcase classname="litigationManagement.CFO" name="@AfterMethod Close" time="-1.688559677898E9">
    <skipped/>
  </testcase> <!-- @AfterMethod Close -->
  <testcase classname="litigationManagement.CFO" name="@BeforeMethod Login" time="-1.6885596779E9">
    <skipped/>
  </testcase> <!-- @BeforeMethod Login -->
  <testcase classname="litigationManagement.CFO" name="@AfterMethod Close" time="-1.688559677918E9">
    <skipped/>
  </testcase> <!-- @AfterMethod Close -->
  <testcase classname="litigationManagement.CFO" name="@BeforeMethod Login" time="-1.688559677919E9">
    <skipped/>
  </testcase> <!-- @BeforeMethod Login -->
  <testcase classname="litigationManagement.CFO" name="@AfterMethod Close" time="-1.688559677938E9">
    <skipped/>
  </testcase> <!-- @AfterMethod Close -->
  <testcase classname="litigationManagement.CFO" name="@BeforeMethod Login" time="-1.688559677941E9">
    <skipped/>
  </testcase> <!-- @BeforeMethod Login -->
  <testcase classname="litigationManagement.CFO" name="@AfterMethod Close" time="-1.688559677948E9">
    <skipped/>
  </testcase> <!-- @AfterMethod Close -->
  <testcase classname="litigationManagement.CFO" name="@BeforeMethod Login" time="-1.688559677949E9">
    <skipped/>
  </testcase> <!-- @BeforeMethod Login -->
  <testcase classname="litigationManagement.CFO" name="@AfterMethod Close" time="-1.688559677955E9">
    <skipped/>
  </testcase> <!-- @AfterMethod Close -->
  <testcase classname="litigationManagement.CFO" name="@BeforeMethod Login" time="-1.688559677958E9">
    <skipped/>
  </testcase> <!-- @BeforeMethod Login -->
  <testcase classname="litigationManagement.CFO" name="@AfterMethod Close" time="-1.688559677965E9">
    <skipped/>
  </testcase> <!-- @AfterMethod Close -->
  <testcase classname="litigationManagement.CFO" name="@BeforeMethod Login" time="-1.688559677967E9">
    <skipped/>
  </testcase> <!-- @BeforeMethod Login -->
  <testcase classname="litigationManagement.CFO" name="@AfterMethod Close" time="-1.688559677974E9">
    <skipped/>
  </testcase> <!-- @AfterMethod Close -->
  <testcase classname="litigationManagement.CFO" name="@BeforeMethod Login" time="-1.688559677975E9">
    <skipped/>
  </testcase> <!-- @BeforeMethod Login -->
  <testcase classname="litigationManagement.CFO" name="@AfterMethod Close" time="-1.688559678004E9">
    <skipped/>
  </testcase> <!-- @AfterMethod Close -->
  <testcase classname="litigationManagement.CFO" name="@BeforeMethod Login" time="-1.688559678017E9">
    <skipped/>
  </testcase> <!-- @BeforeMethod Login -->
  <testcase classname="litigationManagement.CFO" name="@AfterMethod Close" time="-1.688559678034E9">
    <skipped/>
  </testcase> <!-- @AfterMethod Close -->
  <testcase classname="litigationManagement.CFO" name="@BeforeMethod Login" time="-1.688559678037E9">
    <skipped/>
  </testcase> <!-- @BeforeMethod Login -->
  <testcase classname="litigationManagement.CFO" name="@AfterMethod Close" time="-1.688559678045E9">
    <skipped/>
  </testcase> <!-- @AfterMethod Close -->
  <testcase classname="litigationManagement.CFO" name="@BeforeMethod Login" time="-1.688559678047E9">
    <skipped/>
  </testcase> <!-- @BeforeMethod Login -->
  <testcase classname="litigationManagement.CFO" name="@AfterMethod Close" time="-1.688559678053E9">
    <skipped/>
  </testcase> <!-- @AfterMethod Close -->
  <testcase classname="litigationManagement.CFO" name="@BeforeMethod Login" time="-1.688559678055E9">
    <skipped/>
  </testcase> <!-- @BeforeMethod Login -->
  <testcase classname="litigationManagement.CFO" name="@AfterMethod Close" time="-1.688559678059E9">
    <skipped/>
  </testcase> <!-- @AfterMethod Close -->
  <testcase classname="litigationManagement.CFO" name="@BeforeMethod Login" time="-1.688559678062E9">
    <skipped/>
  </testcase> <!-- @BeforeMethod Login -->
  <testcase classname="litigationManagement.CFO" name="@AfterMethod Close" time="-1.68855967808E9">
    <skipped/>
  </testcase> <!-- @AfterMethod Close -->
  <testcase classname="litigationManagement.CFO" name="@BeforeMethod Login" time="-1.688559678082E9">
    <skipped/>
  </testcase> <!-- @BeforeMethod Login -->
  <testcase classname="litigationManagement.CFO" name="@AfterMethod Close" time="-1.688559678087E9">
    <skipped/>
  </testcase> <!-- @AfterMethod Close -->
  <testcase classname="litigationManagement.CFO" name="@BeforeMethod Login" time="-1.688559678091E9">
    <skipped/>
  </testcase> <!-- @BeforeMethod Login -->
  <testcase classname="litigationManagement.CFO" name="@AfterMethod Close" time="-1.6885596781E9">
    <skipped/>
  </testcase> <!-- @AfterMethod Close -->
  <testcase classname="litigationManagement.CFO" name="@BeforeMethod Login" time="-1.688559678119E9">
    <skipped/>
  </testcase> <!-- @BeforeMethod Login -->
  <testcase classname="litigationManagement.CFO" name="@AfterMethod Close" time="-1.688559678131E9">
    <skipped/>
  </testcase> <!-- @AfterMethod Close -->
  <testcase classname="litigationManagement.CFO" name="@BeforeMethod Login" time="-1.688559678136E9">
    <skipped/>
  </testcase> <!-- @BeforeMethod Login -->
  <testcase classname="litigationManagement.CFO" name="@AfterMethod Close" time="-1.688559678151E9">
    <skipped/>
  </testcase> <!-- @AfterMethod Close -->
  <testcase classname="litigationManagement.CFO" name="@BeforeMethod Login" time="-1.68855967816E9">
    <skipped/>
  </testcase> <!-- @BeforeMethod Login -->
  <testcase classname="litigationManagement.CFO" name="@AfterMethod Close" time="-1.688559678171E9">
    <skipped/>
  </testcase> <!-- @AfterMethod Close -->
  <testcase classname="litigationManagement.CFO" name="@BeforeMethod Login" time="-1.688559678181E9">
    <skipped/>
  </testcase> <!-- @BeforeMethod Login -->
  <testcase classname="litigationManagement.CFO" name="@AfterMethod Close" time="-1.688559678187E9">
    <skipped/>
  </testcase> <!-- @AfterMethod Close -->
  <testcase classname="litigationManagement.CFO" name="@BeforeMethod Login" time="-1.688559678191E9">
    <skipped/>
  </testcase> <!-- @BeforeMethod Login -->
  <testcase classname="litigationManagement.CFO" name="@AfterMethod Close" time="-1.6885596782E9">
    <skipped/>
  </testcase> <!-- @AfterMethod Close -->
  <testcase classname="litigationManagement.CFO" name="@BeforeMethod Login" time="-1.688559678209E9">
    <skipped/>
  </testcase> <!-- @BeforeMethod Login -->
  <testcase classname="litigationManagement.CFO" name="@AfterMethod Close" time="-1.688559678216E9">
    <skipped/>
  </testcase> <!-- @AfterMethod Close -->
  <testcase classname="litigationManagement.CFO" name="@BeforeMethod Login" time="-1.688559678217E9">
    <skipped/>
  </testcase> <!-- @BeforeMethod Login -->
  <testcase classname="litigationManagement.CFO" name="@AfterMethod Close" time="-1.688559678235E9">
    <skipped/>
  </testcase> <!-- @AfterMethod Close -->
  <testcase classname="litigationManagement.CFO" name="@BeforeMethod Login" time="-1.688559678246E9">
    <skipped/>
  </testcase> <!-- @BeforeMethod Login -->
  <testcase classname="litigationManagement.CFO" name="@AfterMethod Close" time="-1.688559678254E9">
    <skipped/>
  </testcase> <!-- @AfterMethod Close -->
  <testcase classname="litigationManagement.CFO" name="@BeforeMethod Login" time="-1.688559678262E9">
    <skipped/>
  </testcase> <!-- @BeforeMethod Login -->
  <testcase classname="litigationManagement.CFO" name="@AfterMethod Close" time="-1.688559678266E9">
    <skipped/>
  </testcase> <!-- @AfterMethod Close -->
  <testcase classname="litigationManagement.CFO" name="@BeforeMethod Login" time="-1.688559678283E9">
    <skipped/>
  </testcase> <!-- @BeforeMethod Login -->
  <testcase classname="litigationManagement.CFO" name="@AfterMethod Close" time="-1.688559678287E9">
    <skipped/>
  </testcase> <!-- @AfterMethod Close -->
  <testcase classname="litigationManagement.CFO" name="@BeforeMethod Login" time="-1.688559678289E9">
    <skipped/>
  </testcase> <!-- @BeforeMethod Login -->
  <testcase classname="litigationManagement.CFO" name="@AfterMethod Close" time="-1.688559678296E9">
    <skipped/>
  </testcase> <!-- @AfterMethod Close -->
  <testcase classname="litigationManagement.CFO" name="@BeforeMethod Login" time="-1.688559678298E9">
    <skipped/>
  </testcase> <!-- @BeforeMethod Login -->
  <testcase classname="litigationManagement.CFO" name="@AfterMethod Close" time="-1.688559678303E9">
    <skipped/>
  </testcase> <!-- @AfterMethod Close -->
  <testcase classname="litigationManagement.CFO" name="@BeforeMethod Login" time="-1.688559678306E9">
    <skipped/>
  </testcase> <!-- @BeforeMethod Login -->
  <testcase classname="litigationManagement.CFO" name="@AfterMethod Close" time="-1.688559678312E9">
    <skipped/>
  </testcase> <!-- @AfterMethod Close -->
  <testcase classname="litigationManagement.CFO" name="@BeforeMethod Login" time="-1.688559678315E9">
    <skipped/>
  </testcase> <!-- @BeforeMethod Login -->
  <testcase classname="litigationManagement.CFO" name="@AfterMethod Close" time="-1.688559678318E9">
    <skipped/>
  </testcase> <!-- @AfterMethod Close -->
  <testcase classname="litigationManagement.CFO" name="@BeforeMethod Login" time="-1.688559678319E9">
    <skipped/>
  </testcase> <!-- @BeforeMethod Login -->
  <testcase classname="litigationManagement.CFO" name="@AfterMethod Close" time="-1.688559678325E9">
    <skipped/>
  </testcase> <!-- @AfterMethod Close -->
  <testcase classname="litigationManagement.CFO" name="@BeforeMethod Login" time="-1.688559678336E9">
    <skipped/>
  </testcase> <!-- @BeforeMethod Login -->
  <testcase classname="litigationManagement.CFO" name="@AfterMethod Close" time="-1.688559678353E9">
    <skipped/>
  </testcase> <!-- @AfterMethod Close -->
  <testcase classname="litigationManagement.CFO" name="@BeforeMethod Login" time="-1.688559678358E9">
    <skipped/>
  </testcase> <!-- @BeforeMethod Login -->
  <testcase classname="litigationManagement.CFO" name="@AfterMethod Close" time="-1.688559678364E9">
    <skipped/>
  </testcase> <!-- @AfterMethod Close -->
  <testcase classname="litigationManagement.CFO" name="@BeforeMethod Login" time="-1.688559678365E9">
    <skipped/>
  </testcase> <!-- @BeforeMethod Login -->
  <testcase classname="litigationManagement.CFO" name="@AfterMethod Close" time="-1.688559678368E9">
    <skipped/>
  </testcase> <!-- @AfterMethod Close -->
  <testcase classname="litigationManagement.CFO" name="@BeforeMethod Login" time="-1.688559678371E9">
    <skipped/>
  </testcase> <!-- @BeforeMethod Login -->
  <testcase classname="litigationManagement.CFO" name="@AfterMethod Close" time="-1.688559678382E9">
    <skipped/>
  </testcase> <!-- @AfterMethod Close -->
  <testcase classname="litigationManagement.CFO" name="@BeforeMethod Login" time="-1.688559678383E9">
    <skipped/>
  </testcase> <!-- @BeforeMethod Login -->
  <testcase classname="litigationManagement.CFO" name="@AfterMethod Close" time="-1.688559678388E9">
    <skipped/>
  </testcase> <!-- @AfterMethod Close -->
  <testcase classname="litigationManagement.CFO" name="@BeforeMethod Login" time="-1.688559678397E9">
    <skipped/>
  </testcase> <!-- @BeforeMethod Login -->
  <testcase classname="litigationManagement.CFO" name="@AfterMethod Close" time="-1.688559678402E9">
    <skipped/>
  </testcase> <!-- @AfterMethod Close -->
  <testcase classname="litigationManagement.CFO" name="@BeforeMethod Login" time="-1.688559678413E9">
    <skipped/>
  </testcase> <!-- @BeforeMethod Login -->
  <testcase classname="litigationManagement.CFO" name="@AfterMethod Close" time="-1.688559678416E9">
    <skipped/>
  </testcase> <!-- @AfterMethod Close -->
  <testcase classname="litigationManagement.CFO" name="@BeforeMethod Login" time="-1.688559678417E9">
    <skipped/>
  </testcase> <!-- @BeforeMethod Login -->
  <testcase classname="litigationManagement.CFO" name="@AfterMethod Close" time="-1.688559678421E9">
    <skipped/>
  </testcase> <!-- @AfterMethod Close -->
  <testcase classname="litigationManagement.CFO" name="@BeforeMethod Login" time="-1.688559678428E9">
    <skipped/>
  </testcase> <!-- @BeforeMethod Login -->
  <testcase classname="litigationManagement.CFO" name="@AfterMethod Close" time="-1.688559678432E9">
    <skipped/>
  </testcase> <!-- @AfterMethod Close -->
  <testcase classname="litigationManagement.CFO" name="@BeforeMethod Login" time="-1.688559678434E9">
    <skipped/>
  </testcase> <!-- @BeforeMethod Login -->
  <testcase classname="litigationManagement.CFO" name="@AfterMethod Close" time="-1.688559678437E9">
    <skipped/>
  </testcase> <!-- @AfterMethod Close -->
  <testcase classname="litigationManagement.CFO" name="@BeforeMethod Login" time="-1.688559678448E9">
    <skipped/>
  </testcase> <!-- @BeforeMethod Login -->
  <testcase classname="litigationManagement.CFO" name="@AfterMethod Close" time="-1.688559678453E9">
    <skipped/>
  </testcase> <!-- @AfterMethod Close -->
  <testcase classname="litigationManagement.CFO" name="@BeforeMethod Login" time="-1.688559678458E9">
    <skipped/>
  </testcase> <!-- @BeforeMethod Login -->
  <testcase classname="litigationManagement.CFO" name="@AfterMethod Close" time="-1.688559678465E9">
    <skipped/>
  </testcase> <!-- @AfterMethod Close -->
  <testcase classname="litigationManagement.CFO" name="@BeforeMethod Login" time="-1.688559678466E9">
    <skipped/>
  </testcase> <!-- @BeforeMethod Login -->
  <testcase classname="litigationManagement.CFO" name="@AfterMethod Close" time="-1.68855967847E9">
    <skipped/>
  </testcase> <!-- @AfterMethod Close -->
  <testcase classname="litigationManagement.CFO" name="@BeforeMethod Login" time="-1.68855967848E9">
    <skipped/>
  </testcase> <!-- @BeforeMethod Login -->
  <testcase classname="litigationManagement.CFO" name="@AfterMethod Close" time="-1.688559678484E9">
    <skipped/>
  </testcase> <!-- @AfterMethod Close -->
  <testcase classname="litigationManagement.CFO" name="@BeforeMethod Login" time="-1.688559678485E9">
    <skipped/>
  </testcase> <!-- @BeforeMethod Login -->
  <testcase classname="litigationManagement.CFO" name="@AfterMethod Close" time="-1.688559678495E9">
    <skipped/>
  </testcase> <!-- @AfterMethod Close -->
  <testcase classname="litigationManagement.CFO" name="@BeforeMethod Login" time="-1.688559678496E9">
    <skipped/>
  </testcase> <!-- @BeforeMethod Login -->
  <testcase classname="litigationManagement.CFO" name="@AfterMethod Close" time="-1.6885596785E9">
    <skipped/>
  </testcase> <!-- @AfterMethod Close -->
  <testcase classname="litigationManagement.CFO" name="@BeforeMethod Login" time="-1.688559678502E9">
    <skipped/>
  </testcase> <!-- @BeforeMethod Login -->
  <testcase classname="litigationManagement.CFO" name="@AfterMethod Close" time="-1.688559678514E9">
    <skipped/>
  </testcase> <!-- @AfterMethod Close -->
  <testcase classname="litigationManagement.CFO" name="@BeforeMethod Login" time="-1.688559678515E9">
    <skipped/>
  </testcase> <!-- @BeforeMethod Login -->
  <testcase classname="litigationManagement.CFO" name="@AfterMethod Close" time="-1.688559678518E9">
    <skipped/>
  </testcase> <!-- @AfterMethod Close -->
  <testcase classname="litigationManagement.CFO" name="@BeforeMethod Login" time="-1.688559678519E9">
    <skipped/>
  </testcase> <!-- @BeforeMethod Login -->
  <testcase classname="litigationManagement.CFO" name="@AfterMethod Close" time="-1.688559678526E9">
    <skipped/>
  </testcase> <!-- @AfterMethod Close -->
  <testcase classname="litigationManagement.CFO" name="@BeforeMethod Login" time="-1.688559678528E9">
    <skipped/>
  </testcase> <!-- @BeforeMethod Login -->
  <testcase classname="litigationManagement.CFO" name="@AfterMethod Close" time="-1.688559678533E9">
    <skipped/>
  </testcase> <!-- @AfterMethod Close -->
  <testcase classname="litigationManagement.CFO" name="@BeforeMethod Login" time="-1.688559678535E9">
    <skipped/>
  </testcase> <!-- @BeforeMethod Login -->
  <testcase classname="litigationManagement.CFO" name="@AfterMethod Close" time="-1.688559678546E9">
    <skipped/>
  </testcase> <!-- @AfterMethod Close -->
  <testcase classname="litigationManagement.CFO" name="@BeforeMethod Login" time="-1.688559678553E9">
    <skipped/>
  </testcase> <!-- @BeforeMethod Login -->
  <testcase classname="litigationManagement.CFO" name="@AfterMethod Close" time="-1.688559678564E9">
    <skipped/>
  </testcase> <!-- @AfterMethod Close -->
  <testcase classname="litigationManagement.CFO" name="@BeforeMethod Login" time="-1.688559678566E9">
    <skipped/>
  </testcase> <!-- @BeforeMethod Login -->
  <testcase classname="litigationManagement.CFO" name="@AfterMethod Close" time="-1.688559678569E9">
    <skipped/>
  </testcase> <!-- @AfterMethod Close -->
  <testcase classname="litigationManagement.CFO" name="@BeforeMethod Login" time="-1.688559678587E9">
    <skipped/>
  </testcase> <!-- @BeforeMethod Login -->
  <testcase classname="litigationManagement.CFO" name="@AfterMethod Close" time="-1.688559678597E9">
    <skipped/>
  </testcase> <!-- @AfterMethod Close -->
  <testcase classname="litigationManagement.CFO" name="@BeforeMethod Login" time="-1.688559678616E9">
    <skipped/>
  </testcase> <!-- @BeforeMethod Login -->
  <testcase classname="litigationManagement.CFO" name="@AfterMethod Close" time="-1.688559678619E9">
    <skipped/>
  </testcase> <!-- @AfterMethod Close -->
  <testcase classname="litigationManagement.CFO" name="@BeforeMethod Login" time="-1.68855967862E9">
    <skipped/>
  </testcase> <!-- @BeforeMethod Login -->
  <testcase classname="litigationManagement.CFO" name="@AfterMethod Close" time="-1.688559678686E9">
    <skipped/>
  </testcase> <!-- @AfterMethod Close -->
  <testcase classname="litigationManagement.CFO" name="@BeforeMethod Login" time="-1.688559678687E9">
    <skipped/>
  </testcase> <!-- @BeforeMethod Login -->
  <testcase classname="litigationManagement.CFO" name="@AfterMethod Close" time="-1.688559678732E9">
    <skipped/>
  </testcase> <!-- @AfterMethod Close -->
  <testcase classname="litigationManagement.CFO" name="@BeforeMethod Login" time="-1.688559678734E9">
    <skipped/>
  </testcase> <!-- @BeforeMethod Login -->
  <testcase classname="litigationManagement.CFO" name="@AfterMethod Close" time="-1.688559678737E9">
    <skipped/>
  </testcase> <!-- @AfterMethod Close -->
  <testcase classname="litigationManagement.CFO" name="@BeforeMethod Login" time="-1.688559678743E9">
    <skipped/>
  </testcase> <!-- @BeforeMethod Login -->
  <testcase classname="litigationManagement.CFO" name="@AfterMethod Close" time="-1.688559678747E9">
    <skipped/>
  </testcase> <!-- @AfterMethod Close -->
  <testcase classname="litigationManagement.CFO" name="@BeforeMethod Login" time="-1.688559678748E9">
    <skipped/>
  </testcase> <!-- @BeforeMethod Login -->
  <testcase classname="litigationManagement.CFO" name="@AfterMethod Close" time="-1.688559678752E9">
    <skipped/>
  </testcase> <!-- @AfterMethod Close -->
  <testcase classname="litigationManagement.CFO" name="@BeforeMethod Login" time="-1.688559678754E9">
    <skipped/>
  </testcase> <!-- @BeforeMethod Login -->
  <testcase classname="litigationManagement.CFO" name="@AfterMethod Close" time="-1.688559678762E9">
    <skipped/>
  </testcase> <!-- @AfterMethod Close -->
  <testcase classname="litigationManagement.CFO" name="@BeforeMethod Login" time="-1.688559678764E9">
    <skipped/>
  </testcase> <!-- @BeforeMethod Login -->
  <testcase classname="litigationManagement.CFO" name="@AfterMethod Close" time="-1.688559678767E9">
    <skipped/>
  </testcase> <!-- @AfterMethod Close -->
  <testcase classname="litigationManagement.CFO" name="@BeforeMethod Login" time="-1.688559678768E9">
    <skipped/>
  </testcase> <!-- @BeforeMethod Login -->
  <testcase classname="litigationManagement.CFO" name="@AfterMethod Close" time="-1.688559678786E9">
    <skipped/>
  </testcase> <!-- @AfterMethod Close -->
  <testcase classname="litigationManagement.CFO" name="@BeforeMethod Login" time="-1.688559678791E9">
    <skipped/>
  </testcase> <!-- @BeforeMethod Login -->
  <testcase classname="litigationManagement.CFO" name="@AfterMethod Close" time="-1.688559678797E9">
    <skipped/>
  </testcase> <!-- @AfterMethod Close -->
  <testcase classname="litigationManagement.CFO" name="@BeforeMethod Login" time="-1.688559678798E9">
    <skipped/>
  </testcase> <!-- @BeforeMethod Login -->
  <testcase classname="litigationManagement.CFO" name="@AfterMethod Close" time="-1.688559678802E9">
    <skipped/>
  </testcase> <!-- @AfterMethod Close -->
  <testcase classname="litigationManagement.CFO" name="@BeforeMethod Login" time="-1.688559678804E9">
    <skipped/>
  </testcase> <!-- @BeforeMethod Login -->
  <testcase classname="litigationManagement.CFO" name="@AfterMethod Close" time="-1.688559678814E9">
    <skipped/>
  </testcase> <!-- @AfterMethod Close -->
  <testcase classname="litigationManagement.CFO" name="@BeforeMethod Login" time="-1.688559678816E9">
    <skipped/>
  </testcase> <!-- @BeforeMethod Login -->
  <testcase classname="litigationManagement.CFO" name="@AfterMethod Close" time="-1.688559678819E9">
    <skipped/>
  </testcase> <!-- @AfterMethod Close -->
  <testcase classname="litigationManagement.CFO" name="@BeforeMethod Login" time="-1.688559678827E9">
    <skipped/>
  </testcase> <!-- @BeforeMethod Login -->
  <testcase classname="litigationManagement.CFO" name="@AfterMethod Close" time="-1.68855967883E9">
    <skipped/>
  </testcase> <!-- @AfterMethod Close -->
  <testcase classname="litigationManagement.CFO" name="@BeforeMethod Login" time="-1.688559678833E9">
    <skipped/>
  </testcase> <!-- @BeforeMethod Login -->
  <testcase classname="litigationManagement.CFO" name="@AfterMethod Close" time="-1.688559678836E9">
    <skipped/>
  </testcase> <!-- @AfterMethod Close -->
  <testcase classname="litigationManagement.CFO" name="@BeforeMethod Login" time="-1.688559678837E9">
    <skipped/>
  </testcase> <!-- @BeforeMethod Login -->
  <testcase classname="litigationManagement.CFO" name="@AfterMethod Close" time="-1.688559678843E9">
    <skipped/>
  </testcase> <!-- @AfterMethod Close -->
  <testcase classname="litigationManagement.CFO" name="@BeforeMethod Login" time="-1.688559678845E9">
    <skipped/>
  </testcase> <!-- @BeforeMethod Login -->
  <testcase classname="litigationManagement.CFO" name="@AfterMethod Close" time="-1.688559678847E9">
    <skipped/>
  </testcase> <!-- @AfterMethod Close -->
  <testcase classname="litigationManagement.CFO" name="@BeforeMethod Login" time="-1.688559678849E9">
    <skipped/>
  </testcase> <!-- @BeforeMethod Login -->
  <testcase classname="litigationManagement.CFO" name="@AfterMethod Close" time="-1.688559678853E9">
    <skipped/>
  </testcase> <!-- @AfterMethod Close -->
  <testcase classname="litigationManagement.CFO" name="@BeforeMethod Login" time="-1.688559678856E9">
    <skipped/>
  </testcase> <!-- @BeforeMethod Login -->
  <testcase classname="litigationManagement.CFO" name="@AfterMethod Close" time="-1.688559678859E9">
    <skipped/>
  </testcase> <!-- @AfterMethod Close -->
  <testcase classname="litigationManagement.CFO" name="@BeforeMethod Login" time="-1.688559678863E9">
    <skipped/>
  </testcase> <!-- @BeforeMethod Login -->
  <testcase classname="litigationManagement.CFO" name="@AfterMethod Close" time="-1.688559678866E9">
    <skipped/>
  </testcase> <!-- @AfterMethod Close -->
  <testcase classname="litigationManagement.CFO" name="@BeforeMethod Login" time="-1.688559678868E9">
    <skipped/>
  </testcase> <!-- @BeforeMethod Login -->
  <testcase classname="litigationManagement.CFO" name="@AfterMethod Close" time="-1.688559678883E9">
    <skipped/>
  </testcase> <!-- @AfterMethod Close -->
  <testcase classname="litigationManagement.CFO" name="@BeforeMethod Login" time="-1.688559678884E9">
    <skipped/>
  </testcase> <!-- @BeforeMethod Login -->
  <testcase classname="litigationManagement.CFO" name="@AfterMethod Close" time="-1.688559678887E9">
    <skipped/>
  </testcase> <!-- @AfterMethod Close -->
  <testcase classname="litigationManagement.CFO" name="CaseNoticeTypeGraph" time="0.0">
    <skipped/>
  </testcase> <!-- CaseNoticeTypeGraph -->
  <testcase classname="litigationManagement.CFO" name="DocumentTypeWithoutData" time="0.0">
    <skipped/>
  </testcase> <!-- DocumentTypeWithoutData -->
  <testcase classname="litigationManagement.CFO" name="RatingCriteriaWithoutData" time="0.0">
    <skipped/>
  </testcase> <!-- RatingCriteriaWithoutData -->
  <testcase classname="litigationManagement.CFO" name="DocumentTypeInvalidData" time="0.0">
    <skipped/>
  </testcase> <!-- DocumentTypeInvalidData -->
  <testcase classname="litigationManagement.CFO" name="PaymentTypeInvalidData" time="0.0">
    <skipped/>
  </testcase> <!-- PaymentTypeInvalidData -->
  <testcase classname="litigationManagement.CFO" name="RatingCriteriaInvalidData" time="0.0">
    <skipped/>
  </testcase> <!-- RatingCriteriaInvalidData -->
  <testcase classname="litigationManagement.CFO" name="DocumentTypeCloseButton" time="0.0">
    <skipped/>
  </testcase> <!-- DocumentTypeCloseButton -->
  <testcase classname="litigationManagement.CFO" name="PaymentTypeCloseButton" time="0.0">
    <skipped/>
  </testcase> <!-- PaymentTypeCloseButton -->
  <testcase classname="litigationManagement.CFO" name="RatingCriteriaCloseButton" time="0.0">
    <skipped/>
  </testcase> <!-- RatingCriteriaCloseButton -->
  <testcase classname="litigationManagement.CFO" name="PetitionerAgeingGraph" time="0.0">
    <skipped/>
  </testcase> <!-- PetitionerAgeingGraph -->
  <testcase classname="litigationManagement.CFO" name="RespondentAgeingGraph" time="0.0">
    <skipped/>
  </testcase> <!-- RespondentAgeingGraph -->
  <testcase classname="litigationManagement.CFO" name="ComplainantAgeingGraph1to2years" time="0.0">
    <skipped/>
  </testcase> <!-- ComplainantAgeingGraph1to2years -->
  <testcase classname="litigationManagement.CFO" name="InwardDefendentAgeingGraph1to2years" time="0.0">
    <skipped/>
  </testcase> <!-- InwardDefendentAgeingGraph1to2years -->
  <testcase classname="litigationManagement.CFO" name="OutwardPlaintiffAgeingGraph1to2years" time="0.0">
    <skipped/>
  </testcase> <!-- OutwardPlaintiffAgeingGraph1to2years -->
  <testcase classname="litigationManagement.CFO" name="RespondentAgeingGraph1to2yearsAgeingGraph1to2years" time="0.0">
    <skipped/>
  </testcase> <!-- RespondentAgeingGraph1to2yearsAgeingGraph1to2years -->
  <testcase classname="litigationManagement.CFO" name="InwardDefendentAgeingGraph2to3years" time="0.0">
    <skipped/>
  </testcase> <!-- InwardDefendentAgeingGraph2to3years -->
  <testcase classname="litigationManagement.CFO" name="CaseNoticeTypeGraph1" time="0.0">
    <skipped/>
  </testcase> <!-- CaseNoticeTypeGraph1 -->
  <testcase classname="litigationManagement.CFO" name="CaseNoticeStageGraph1" time="0.0">
    <skipped/>
  </testcase> <!-- CaseNoticeStageGraph1 -->
  <testcase classname="litigationManagement.CFO" name="RiskSummaryGraph1" time="0.0">
    <skipped/>
  </testcase> <!-- RiskSummaryGraph1 -->
  <testcase classname="litigationManagement.CFO" name="DepartmentSummaryGraph1" time="0.0">
    <skipped/>
  </testcase> <!-- DepartmentSummaryGraph1 -->
  <testcase classname="litigationManagement.CFO" name="LocationSummaryGraph1" time="0.0">
    <skipped/>
  </testcase> <!-- LocationSummaryGraph1 -->
  <testcase classname="litigationManagement.CFO" name="CategorySummaryGraph1" time="0.0">
    <skipped/>
  </testcase> <!-- CategorySummaryGraph1 -->
  <testcase classname="litigationManagement.CFO" name="InwardDefendantAgeingGraphCase" time="0.0">
    <skipped/>
  </testcase> <!-- InwardDefendantAgeingGraphCase -->
  <testcase classname="litigationManagement.CFO" name="OutwardPlaintiffAgeingGraphCase" time="0.0">
    <skipped/>
  </testcase> <!-- OutwardPlaintiffAgeingGraphCase -->
  <testcase classname="litigationManagement.CFO" name="PetitionerAgeingGraphCase" time="0.0">
    <skipped/>
  </testcase> <!-- PetitionerAgeingGraphCase -->
  <testcase classname="litigationManagement.CFO" name="CaseOpen" time="0.0">
    <skipped/>
  </testcase> <!-- CaseOpen -->
  <testcase classname="litigationManagement.CFO" name="NoticeWithExistingData" time="0.0">
    <skipped/>
  </testcase> <!-- NoticeWithExistingData -->
  <testcase classname="litigationManagement.CFO" name="CaseExistingData" time="0.0">
    <skipped/>
  </testcase> <!-- CaseExistingData -->
  <testcase classname="litigationManagement.CFO" name="NoticeWithInvalidData" time="0.0">
    <skipped/>
  </testcase> <!-- NoticeWithInvalidData -->
  <testcase classname="litigationManagement.CFO" name="TaskOpen" time="0.0">
    <skipped/>
  </testcase> <!-- TaskOpen -->
  <testcase classname="litigationManagement.CFO" name="CaseWithInvalidData" time="0.0">
    <skipped/>
  </testcase> <!-- CaseWithInvalidData -->
  <testcase classname="litigationManagement.CFO" name="NoticeWithTwoMandatoryData" time="0.0">
    <skipped/>
  </testcase> <!-- NoticeWithTwoMandatoryData -->
  <testcase classname="litigationManagement.CFO" name="CaseClose" time="0.0">
    <skipped/>
  </testcase> <!-- CaseClose -->
  <testcase classname="litigationManagement.CFO" name="CaseWithTwoFieldsData" time="0.0">
    <skipped/>
  </testcase> <!-- CaseWithTwoFieldsData -->
  <testcase classname="litigationManagement.CFO" name="NoticeWithEmptyFields" time="0.0">
    <skipped/>
  </testcase> <!-- NoticeWithEmptyFields -->
  <testcase classname="litigationManagement.CFO" name="CaseWithEmptyFields" time="0.0">
    <skipped/>
  </testcase> <!-- CaseWithEmptyFields -->
  <testcase classname="litigationManagement.CFO" name="NoticeClearBtn" time="0.0">
    <skipped/>
  </testcase> <!-- NoticeClearBtn -->
  <testcase classname="litigationManagement.CFO" name="CaseWithClearBtn" time="0.0">
    <skipped/>
  </testcase> <!-- CaseWithClearBtn -->
  <testcase classname="litigationManagement.CFO" name="LinkCase" time="0.0">
    <skipped/>
  </testcase> <!-- LinkCase -->
  <testcase classname="litigationManagement.CFO" name="NoticeSendMailWithDoc" time="0.0">
    <skipped/>
  </testcase> <!-- NoticeSendMailWithDoc -->
  <testcase classname="litigationManagement.CFO" name="CaseSendMailWithDoc" time="0.0">
    <skipped/>
  </testcase> <!-- CaseSendMailWithDoc -->
  <testcase classname="litigationManagement.CFO" name="LinkCaseViewIcon" time="0.0">
    <skipped/>
  </testcase> <!-- LinkCaseViewIcon -->
  <testcase classname="litigationManagement.CFO" name="NoticeSendMailWithDocInvalidFields" time="0.0">
    <skipped/>
  </testcase> <!-- NoticeSendMailWithDocInvalidFields -->
  <testcase classname="litigationManagement.CFO" name="CaseSendMailWithDocInvalidFields" time="0.0">
    <skipped/>
  </testcase> <!-- CaseSendMailWithDocInvalidFields -->
  <testcase classname="litigationManagement.CFO" name="CloseCase" time="0.0">
    <skipped/>
  </testcase> <!-- CloseCase -->
  <testcase classname="litigationManagement.CFO" name="LinkCaseDeleteIcon" time="0.0">
    <skipped/>
  </testcase> <!-- LinkCaseDeleteIcon -->
  <testcase classname="litigationManagement.CFO" name="NoticeSendMailWithDocEmptyFields" time="0.0">
    <skipped/>
  </testcase> <!-- NoticeSendMailWithDocEmptyFields -->
  <testcase classname="litigationManagement.CFO" name="CaseSendMailWithDocEmptyFields" time="0.0">
    <skipped/>
  </testcase> <!-- CaseSendMailWithDocEmptyFields -->
  <testcase classname="litigationManagement.CFO" name="NoticeUserAssignment" time="0.0">
    <skipped/>
  </testcase> <!-- NoticeUserAssignment -->
  <testcase classname="litigationManagement.CFO" name="TaskClosed" time="0.0">
    <skipped/>
  </testcase> <!-- TaskClosed -->
  <testcase classname="litigationManagement.CFO" name="CaseUserAssignment" time="0.0">
    <skipped/>
  </testcase> <!-- CaseUserAssignment -->
  <testcase classname="litigationManagement.CFO" name="NoticeUserAssignmentDelete" time="0.0">
    <skipped/>
  </testcase> <!-- NoticeUserAssignmentDelete -->
  <testcase classname="litigationManagement.CFO" name="CaseUserAssignmentDelete" time="0.0">
    <skipped/>
  </testcase> <!-- CaseUserAssignmentDelete -->
  <testcase classname="litigationManagement.CFO" name="LinkNotice" time="0.0">
    <skipped/>
  </testcase> <!-- LinkNotice -->
  <testcase classname="litigationManagement.CFO" name="LinkNoticeViewIcon" time="0.0">
    <skipped/>
  </testcase> <!-- LinkNoticeViewIcon -->
  <testcase classname="litigationManagement.CFO" name="LinkNoticeDeleteIcon" time="0.0">
    <skipped/>
  </testcase> <!-- LinkNoticeDeleteIcon -->
  <testcase classname="litigationManagement.CFO" name="NoticeDocumentSearchFields" time="0.0">
    <skipped/>
  </testcase> <!-- NoticeDocumentSearchFields -->
  <testcase classname="litigationManagement.CFO" name="TaskwithExistingData" time="0.0">
    <skipped/>
  </testcase> <!-- TaskwithExistingData -->
  <testcase classname="litigationManagement.CFO" name="TaskwithTwoManadatoryFields" time="0.0">
    <skipped/>
  </testcase> <!-- TaskwithTwoManadatoryFields -->
  <testcase classname="litigationManagement.CFO" name="TaskwithoutData" time="0.0">
    <skipped/>
  </testcase> <!-- TaskwithoutData -->
  <testcase classname="litigationManagement.CFO" name="CaseDocument" time="0.0">
    <skipped/>
  </testcase> <!-- CaseDocument -->
  <testcase classname="litigationManagement.CFO" name="NoticeDocumentShareCloseBtn" time="0.0">
    <skipped/>
  </testcase> <!-- NoticeDocumentShareCloseBtn -->
  <testcase classname="litigationManagement.CFO" name="TaskwithClearBtn" time="0.0">
    <skipped/>
  </testcase> <!-- TaskwithClearBtn -->
  <testcase classname="litigationManagement.CFO" name="CaseTaskActivity" time="0.0">
    <skipped/>
  </testcase> <!-- CaseTaskActivity -->
  <testcase classname="litigationManagement.CFO" name="CaseWithoutUploadDocument" time="0.0">
    <skipped/>
  </testcase> <!-- CaseWithoutUploadDocument -->
  <testcase classname="litigationManagement.CFO" name="NoticeTaskActivity" time="0.0">
    <skipped/>
  </testcase> <!-- NoticeTaskActivity -->
  <testcase classname="litigationManagement.CFO" name="TaskDelete" time="0.0">
    <skipped/>
  </testcase> <!-- TaskDelete -->
  <testcase classname="litigationManagement.CFO" name="CaseDocumentEmptyFields" time="0.0">
    <skipped/>
  </testcase> <!-- CaseDocumentEmptyFields -->
  <testcase classname="litigationManagement.CFO" name="CaseExistingHearingDate" time="0.0">
    <skipped/>
  </testcase> <!-- CaseExistingHearingDate -->
  <testcase classname="litigationManagement.CFO" name="CaseHearingcfo" time="0.0">
    <skipped/>
  </testcase> <!-- CaseHearingcfo -->
  <testcase classname="litigationManagement.CFO" name="CaseTaskActivityWithoutData" time="0.0">
    <skipped/>
  </testcase> <!-- CaseTaskActivityWithoutData -->
  <testcase classname="litigationManagement.CFO" name="NoticeClosed" time="0.0">
    <skipped/>
  </testcase> <!-- NoticeClosed -->
  <testcase classname="litigationManagement.CFO" name="TaskActivtityDeleteResponse" time="0.0">
    <skipped/>
  </testcase> <!-- TaskActivtityDeleteResponse -->
  <testcase classname="litigationManagement.CFO" name="CaseDocumentSearchFields" time="0.0">
    <skipped/>
  </testcase> <!-- CaseDocumentSearchFields -->
  <testcase classname="litigationManagement.CFO" name="CaseTaskActivitywithExistingData" time="0.0">
    <skipped/>
  </testcase> <!-- CaseTaskActivitywithExistingData -->
  <testcase classname="litigationManagement.CFO" name="CaseWithoutHearingData" time="0.0">
    <skipped/>
  </testcase> <!-- CaseWithoutHearingData -->
  <testcase classname="litigationManagement.CFO" name="CloseNotice" time="0.0">
    <skipped/>
  </testcase> <!-- CloseNotice -->
  <testcase classname="litigationManagement.CFO" name="TaskActivtityExistingData" time="0.0">
    <skipped/>
  </testcase> <!-- TaskActivtityExistingData -->
  <testcase classname="litigationManagement.CFO" name="CaseDocumentShareInvalidData" time="0.0">
    <skipped/>
  </testcase> <!-- CaseDocumentShareInvalidData -->
  <testcase classname="litigationManagement.CFO" name="CaseHearingInvalidDate" time="0.0">
    <skipped/>
  </testcase> <!-- CaseHearingInvalidDate -->
  <testcase classname="litigationManagement.CFO" name="CaseStatusPayment" time="0.0">
    <skipped/>
  </testcase> <!-- CaseStatusPayment -->
  <testcase classname="litigationManagement.CFO" name="CaseTaskActivtityResponseWithoutStatus" time="0.0">
    <skipped/>
  </testcase> <!-- CaseTaskActivtityResponseWithoutStatus -->
  <testcase classname="litigationManagement.CFO" name="TaskActivtityWithoutData" time="0.0">
    <skipped/>
  </testcase> <!-- TaskActivtityWithoutData -->
  <testcase classname="litigationManagement.CFO" name="CaseDocumentShareWithoutData" time="0.0">
    <skipped/>
  </testcase> <!-- CaseDocumentShareWithoutData -->
  <testcase classname="litigationManagement.CFO" name="CaseExternalLawyerRating" time="0.0">
    <skipped/>
  </testcase> <!-- CaseExternalLawyerRating -->
  <testcase classname="litigationManagement.CFO" name="CaseHearingClearBtn" time="0.0">
    <skipped/>
  </testcase> <!-- CaseHearingClearBtn -->
  <testcase classname="litigationManagement.CFO" name="CaseTaskActivtityResponseClearBtn" time="0.0">
    <skipped/>
  </testcase> <!-- CaseTaskActivtityResponseClearBtn -->
  <testcase classname="litigationManagement.CFO" name="StatusPaymentExistingdata" time="0.0">
    <skipped/>
  </testcase> <!-- StatusPaymentExistingdata -->
  <testcase classname="litigationManagement.CFO" name="TaskActivtityResponseWithoutStatus" time="0.0">
    <skipped/>
  </testcase> <!-- TaskActivtityResponseWithoutStatus -->
  <testcase classname="litigationManagement.CFO" name="CaseDocumentShareCloseBtn" time="0.0">
    <skipped/>
  </testcase> <!-- CaseDocumentShareCloseBtn -->
  <testcase classname="litigationManagement.CFO" name="CaseExternalLawyerCriteria" time="0.0">
    <skipped/>
  </testcase> <!-- CaseExternalLawyerCriteria -->
  <testcase classname="litigationManagement.CFO" name="CaseOrder" time="0.0">
    <skipped/>
  </testcase> <!-- CaseOrder -->
  <testcase classname="litigationManagement.CFO" name="StatusPaymentWithoutdata" time="0.0">
    <skipped/>
  </testcase> <!-- StatusPaymentWithoutdata -->
  <testcase classname="litigationManagement.CFO" name="TaskActivtityResponseClearBtn" time="0.0">
    <skipped/>
  </testcase> <!-- TaskActivtityResponseClearBtn -->
  <testcase classname="litigationManagement.CFO" name="CaseExistingCriteria" time="0.0">
    <skipped/>
  </testcase> <!-- CaseExistingCriteria -->
  <testcase classname="litigationManagement.CFO" name="CaseOrderExistingData" time="0.0">
    <skipped/>
  </testcase> <!-- CaseOrderExistingData -->
  <testcase classname="litigationManagement.CFO" name="MyDocument" time="0.0">
    <skipped/>
  </testcase> <!-- MyDocument -->
  <testcase classname="litigationManagement.CFO" name="NoticeResponse" time="0.0">
    <skipped/>
  </testcase> <!-- NoticeResponse -->
  <testcase classname="litigationManagement.CFO" name="CaseCriteriaInvalidData" time="0.0">
    <skipped/>
  </testcase> <!-- CaseCriteriaInvalidData -->
  <testcase classname="litigationManagement.CFO" name="CaseOrderWithoutData" time="0.0">
    <skipped/>
  </testcase> <!-- CaseOrderWithoutData -->
  <testcase classname="litigationManagement.CFO" name="MyReports" time="0.0">
    <skipped/>
  </testcase> <!-- MyReports -->
  <testcase classname="litigationManagement.CFO" name="CaseCriteriaWithoutData" time="0.0">
    <skipped/>
  </testcase> <!-- CaseCriteriaWithoutData -->
  <testcase classname="litigationManagement.CFO" name="CaseOrderwithClearBtn" time="0.0">
    <skipped/>
  </testcase> <!-- CaseOrderwithClearBtn -->
  <testcase classname="litigationManagement.CFO" name="MoreReports" time="0.0">
    <skipped/>
  </testcase> <!-- MoreReports -->
  <testcase classname="litigationManagement.CFO" name="CaseAuditLog" time="0.0">
    <skipped/>
  </testcase> <!-- CaseAuditLog -->
  <testcase classname="litigationManagement.CFO" name="MyReminder" time="0.0">
    <skipped/>
  </testcase> <!-- MyReminder -->
  <testcase classname="litigationManagement.CFO" name="ResponseClearBtn" time="0.0">
    <skipped/>
  </testcase> <!-- ResponseClearBtn -->
  <testcase classname="litigationManagement.CFO" name="ImportUtility" time="0.0">
    <skipped/>
  </testcase> <!-- ImportUtility -->
  <testcase classname="litigationManagement.CFO" name="NoticePayment" time="0.0">
    <skipped/>
  </testcase> <!-- NoticePayment -->
  <testcase classname="litigationManagement.CFO" name="ReminderWithoutData" time="0.0">
    <skipped/>
  </testcase> <!-- ReminderWithoutData -->
  <testcase classname="litigationManagement.CFO" name="AdvancedSearch" time="0.0">
    <skipped/>
  </testcase> <!-- AdvancedSearch -->
  <testcase classname="litigationManagement.CFO" name="CaseStatusAppealtoNextCourt" time="0.0">
    <skipped/>
  </testcase> <!-- CaseStatusAppealtoNextCourt -->
  <testcase classname="litigationManagement.CFO" name="PaymentLogwithExistingData" time="0.0">
    <skipped/>
  </testcase> <!-- PaymentLogwithExistingData -->
  <testcase classname="litigationManagement.CFO" name="AdvancedSearchDoc" time="0.0">
    <skipped/>
  </testcase> <!-- AdvancedSearchDoc -->
  <testcase classname="litigationManagement.CFO" name="CaseStatuswithEmptyFields" time="0.0">
    <skipped/>
  </testcase> <!-- CaseStatuswithEmptyFields -->
  <testcase classname="litigationManagement.CFO" name="NoticeExternalLawyer" time="0.0">
    <skipped/>
  </testcase> <!-- NoticeExternalLawyer -->
  <testcase classname="litigationManagement.CFO" name="NoticePaymentWithoutData" time="0.0">
    <skipped/>
  </testcase> <!-- NoticePaymentWithoutData -->
  <testcase classname="litigationManagement.CFO" name="AdvancedSearchreport" time="0.0">
    <skipped/>
  </testcase> <!-- AdvancedSearchreport -->
  <testcase classname="litigationManagement.CFO" name="CriteriaExistingData" time="0.0">
    <skipped/>
  </testcase> <!-- CriteriaExistingData -->
  <testcase classname="litigationManagement.CFO" name="CriteriaInvalidData" time="0.0">
    <skipped/>
  </testcase> <!-- CriteriaInvalidData -->
  <testcase classname="litigationManagement.CFO" name="CriteriaWithoutData" time="0.0">
    <skipped/>
  </testcase> <!-- CriteriaWithoutData -->
  <testcase classname="litigationManagement.CFO" name="NoticeAuditLog" time="0.0">
    <skipped/>
  </testcase> <!-- NoticeAuditLog -->
  <testcase classname="litigationManagement.CFO" name="Masters3" time="0.0">
    <skipped/>
  </testcase> <!-- Masters3 -->
  <testcase classname="litigationManagement.CFO" name="Masters4" time="0.0">
    <skipped/>
  </testcase> <!-- Masters4 -->
  <testcase classname="litigationManagement.CFO" name="MastersLegalEntity3" time="0.0">
    <skipped/>
  </testcase> <!-- MastersLegalEntity3 -->
  <testcase classname="litigationManagement.CFO" name="Masters5" time="0.0">
    <skipped/>
  </testcase> <!-- Masters5 -->
  <testcase classname="litigationManagement.CFO" name="Masters1" time="0.0">
    <skipped/>
  </testcase> <!-- Masters1 -->
  <testcase classname="litigationManagement.CFO" name="Masters7" time="0.0">
    <skipped/>
  </testcase> <!-- Masters7 -->
  <testcase classname="litigationManagement.CFO" name="Masters8" time="0.0">
    <skipped/>
  </testcase> <!-- Masters8 -->
  <testcase classname="litigationManagement.CFO" name="Masters9" time="0.0">
    <skipped/>
  </testcase> <!-- Masters9 -->
  <testcase classname="litigationManagement.CFO" name="Masters10" time="0.0">
    <skipped/>
  </testcase> <!-- Masters10 -->
  <testcase classname="litigationManagement.CFO" name="Masters12" time="0.0">
    <skipped/>
  </testcase> <!-- Masters12 -->
  <testcase classname="litigationManagement.CFO" name="Masters11" time="0.0">
    <skipped/>
  </testcase> <!-- Masters11 -->
  <testcase classname="litigationManagement.CFO" name="Masters13" time="0.0">
    <skipped/>
  </testcase> <!-- Masters13 -->
  <testcase classname="litigationManagement.CFO" name="HearingCalender" time="0.0">
    <skipped/>
  </testcase> <!-- HearingCalender -->
  <testcase classname="litigationManagement.CFO" name="CaseHearing" time="0.0">
    <skipped/>
  </testcase> <!-- CaseHearing -->
  <testcase classname="litigationManagement.CFO" name="NoticeDocViewandDownload" time="0.0">
    <skipped/>
  </testcase> <!-- NoticeDocViewandDownload -->
</testsuite> <!-- Default test -->
