<?xml version="1.0" encoding="UTF-8"?>
<!-- Generated by org.testng.reporters.JUnitXMLReporter -->
<testsuite ignored="0" hostname="DESKTOP-LP" failures="6" tests="113" name="Default test" time="2835.056" errors="0" timestamp="2023-10-16T21:22:57 IST">
  <testcase classname="litigationManagement.CFO" name="@BeforeMethod Login" time="79.272">
    <failure type="org.openqa.selenium.NoSuchElementException" message="no such element: Unable to locate element: {&amp;quot;method&amp;quot;:&amp;quot;xpath&amp;quot;,&amp;quot;selector&amp;quot;:&amp;quot;//*[@id=&amp;apos;dvbtnLitigation&amp;apos;]&amp;quot;}
  (Session info: chrome=117.0.5938.152)
For documentation on this error, please visit: http://seleniumhq.org/exceptions/no_such_element.html
Build info: version: &amp;apos;3.141.0&amp;apos;, revision: &amp;apos;2ecb7d9a&amp;apos;, time: &amp;apos;2018-10-31T20:09:30&amp;apos;
System info: host: &amp;apos;DESKTOP-LP&amp;apos;, ip: &amp;apos;172.25.240.1&amp;apos;, os.name: &amp;apos;Windows 10&amp;apos;, os.arch: &amp;apos;amd64&amp;apos;, os.version: &amp;apos;10.0&amp;apos;, java.version: &amp;apos;20&amp;apos;
Driver info: org.openqa.selenium.chrome.ChromeDriver
Capabilities {acceptInsecureCerts: false, browserName: chrome, browserVersion: 117.0.5938.152, chrome: {chromedriverVersion: 117.0.5938.149 (e3344ddefa1..., userDataDir: C:\Users\SNEHAL~1\AppData\L...}, fedcm:accounts: true, goog:chromeOptions: {debuggerAddress: localhost:59385}, javascriptEnabled: true, networkConnectionEnabled: false, pageLoadStrategy: normal, platform: WINDOWS, platformName: WINDOWS, proxy: Proxy(), setWindowRect: true, strictFileInteractability: false, timeouts: {implicit: 0, pageLoad: 300000, script: 30000}, unhandledPromptBehavior: dismiss and notify, webauthn:extension:credBlob: true, webauthn:extension:largeBlob: true, webauthn:extension:minPinLength: true, webauthn:extension:prf: true, webauthn:virtualAuthenticators: true}
Session ID: 6b37bd4215074d939662c35caa588cc7
*** Element info: {Using=xpath, value=//*[@id=&amp;apos;dvbtnLitigation&amp;apos;]}">
      <![CDATA[org.openqa.selenium.NoSuchElementException: no such element: Unable to locate element: {"method":"xpath","selector":"//*[@id='dvbtnLitigation']"}
  (Session info: chrome=117.0.5938.152)
For documentation on this error, please visit: http://seleniumhq.org/exceptions/no_such_element.html
Build info: version: '3.141.0', revision: '2ecb7d9a', time: '2018-10-31T20:09:30'
System info: host: 'DESKTOP-LP', ip: '172.25.240.1', os.name: 'Windows 10', os.arch: 'amd64', os.version: '10.0', java.version: '20'
Driver info: org.openqa.selenium.chrome.ChromeDriver
Capabilities {acceptInsecureCerts: false, browserName: chrome, browserVersion: 117.0.5938.152, chrome: {chromedriverVersion: 117.0.5938.149 (e3344ddefa1..., userDataDir: C:\Users\SNEHAL~1\AppData\L...}, fedcm:accounts: true, goog:chromeOptions: {debuggerAddress: localhost:59385}, javascriptEnabled: true, networkConnectionEnabled: false, pageLoadStrategy: normal, platform: WINDOWS, platformName: WINDOWS, proxy: Proxy(), setWindowRect: true, strictFileInteractability: false, timeouts: {implicit: 0, pageLoad: 300000, script: 30000}, unhandledPromptBehavior: dismiss and notify, webauthn:extension:credBlob: true, webauthn:extension:largeBlob: true, webauthn:extension:minPinLength: true, webauthn:extension:prf: true, webauthn:virtualAuthenticators: true}
Session ID: 6b37bd4215074d939662c35caa588cc7
*** Element info: {Using=xpath, value=//*[@id='dvbtnLitigation']}
at java.base/jdk.internal.reflect.DirectConstructorHandleAccessor.newInstance(DirectConstructorHandleAccessor.java:67)
at java.base/java.lang.reflect.Constructor.newInstanceWithCaller(Constructor.java:500)
at java.base/java.lang.reflect.Constructor.newInstance(Constructor.java:484)
at org.openqa.selenium.remote.http.W3CHttpResponseCodec.createException(W3CHttpResponseCodec.java:187)
at org.openqa.selenium.remote.http.W3CHttpResponseCodec.decode(W3CHttpResponseCodec.java:122)
at org.openqa.selenium.remote.http.W3CHttpResponseCodec.decode(W3CHttpResponseCodec.java:49)
at org.openqa.selenium.remote.HttpCommandExecutor.execute(HttpCommandExecutor.java:158)
at org.openqa.selenium.remote.service.DriverCommandExecutor.execute(DriverCommandExecutor.java:83)
at org.openqa.selenium.remote.RemoteWebDriver.execute(RemoteWebDriver.java:552)
at org.openqa.selenium.remote.RemoteWebDriver.findElement(RemoteWebDriver.java:323)
at org.openqa.selenium.remote.RemoteWebDriver.findElementByXPath(RemoteWebDriver.java:428)
at org.openqa.selenium.By$ByXPath.findElement(By.java:353)
at org.openqa.selenium.remote.RemoteWebDriver.findElement(RemoteWebDriver.java:315)
at login.LoginPOM.ClickLitigation(LoginPOM.java:88)
at login.Login.UserLogin(Login.java:196)
at litigationManagement.CFO.Login(CFO.java:88)
at java.base/jdk.internal.reflect.DirectMethodHandleAccessor.invoke(DirectMethodHandleAccessor.java:104)
at java.base/java.lang.reflect.Method.invoke(Method.java:578)
at org.testng.internal.MethodInvocationHelper.invokeMethod(MethodInvocationHelper.java:133)
at org.testng.internal.MethodInvocationHelper.invokeMethodConsideringTimeout(MethodInvocationHelper.java:62)
at org.testng.internal.ConfigInvoker.invokeConfigurationMethod(ConfigInvoker.java:385)
at org.testng.internal.ConfigInvoker.invokeConfigurations(ConfigInvoker.java:321)
at org.testng.internal.TestInvoker.runConfigMethods(TestInvoker.java:700)
at org.testng.internal.TestInvoker.invokeMethod(TestInvoker.java:527)
at org.testng.internal.TestInvoker.invokeTestMethod(TestInvoker.java:173)
at org.testng.internal.MethodRunner.runInSequence(MethodRunner.java:46)
at org.testng.internal.TestInvoker$MethodInvocationAgent.invoke(TestInvoker.java:824)
at org.testng.internal.TestInvoker.invokeTestMethods(TestInvoker.java:146)
at org.testng.internal.TestMethodWorker.invokeTestMethods(TestMethodWorker.java:146)
at org.testng.internal.TestMethodWorker.run(TestMethodWorker.java:128)
at java.base/java.util.ArrayList.forEach(ArrayList.java:1511)
at org.testng.TestRunner.privateRun(TestRunner.java:794)
at org.testng.TestRunner.run(TestRunner.java:596)
at org.testng.SuiteRunner.runTest(SuiteRunner.java:377)
at org.testng.SuiteRunner.runSequentially(SuiteRunner.java:371)
at org.testng.SuiteRunner.privateRun(SuiteRunner.java:332)
at org.testng.SuiteRunner.run(SuiteRunner.java:276)
at org.testng.SuiteRunnerWorker.runSuite(SuiteRunnerWorker.java:53)
at org.testng.SuiteRunnerWorker.run(SuiteRunnerWorker.java:96)
at org.testng.TestNG.runSuitesSequentially(TestNG.java:1212)
at org.testng.TestNG.runSuitesLocally(TestNG.java:1134)
at org.testng.TestNG.runSuites(TestNG.java:1063)
at org.testng.TestNG.run(TestNG.java:1031)
at org.testng.remote.AbstractRemoteTestNG.run(AbstractRemoteTestNG.java:115)
at org.testng.remote.RemoteTestNG.initAndRun(RemoteTestNG.java:251)
at org.testng.remote.RemoteTestNG.main(RemoteTestNG.java:77)
]]>
    </failure>
  </testcase> <!-- @BeforeMethod Login -->
  <testcase classname="litigationManagement.CFO" name="@AfterMethod Close" time="-1.697471576428E9">
    <skipped/>
  </testcase> <!-- @AfterMethod Close -->
  <testcase classname="litigationManagement.CFO" name="@BeforeMethod Login" time="-1.697471576429E9">
    <skipped/>
  </testcase> <!-- @BeforeMethod Login -->
  <testcase classname="litigationManagement.CFO" name="@AfterMethod Close" time="-1.697471576442E9">
    <skipped/>
  </testcase> <!-- @AfterMethod Close -->
  <testcase classname="litigationManagement.CFO" name="@BeforeMethod Login" time="-1.697471576443E9">
    <skipped/>
  </testcase> <!-- @BeforeMethod Login -->
  <testcase classname="litigationManagement.CFO" name="@AfterMethod Close" time="-1.697471576448E9">
    <skipped/>
  </testcase> <!-- @AfterMethod Close -->
  <testcase classname="litigationManagement.CFO" name="@BeforeMethod Login" time="-1.69747157645E9">
    <skipped/>
  </testcase> <!-- @BeforeMethod Login -->
  <testcase classname="litigationManagement.CFO" name="@AfterMethod Close" time="-1.697471576453E9">
    <skipped/>
  </testcase> <!-- @AfterMethod Close -->
  <testcase classname="litigationManagement.CFO" name="@BeforeMethod Login" time="-1.697471576455E9">
    <skipped/>
  </testcase> <!-- @BeforeMethod Login -->
  <testcase classname="litigationManagement.CFO" name="@AfterMethod Close" time="-1.697471576459E9">
    <skipped/>
  </testcase> <!-- @AfterMethod Close -->
  <testcase classname="litigationManagement.CFO" name="@BeforeMethod Login" time="-1.69747157646E9">
    <skipped/>
  </testcase> <!-- @BeforeMethod Login -->
  <testcase classname="litigationManagement.CFO" name="@AfterMethod Close" time="-1.697471576465E9">
    <skipped/>
  </testcase> <!-- @AfterMethod Close -->
  <testcase classname="litigationManagement.CFO" name="@BeforeMethod Login" time="-1.697471576468E9">
    <skipped/>
  </testcase> <!-- @BeforeMethod Login -->
  <testcase classname="litigationManagement.CFO" name="@AfterMethod Close" time="-1.697471576475E9">
    <skipped/>
  </testcase> <!-- @AfterMethod Close -->
  <testcase classname="litigationManagement.CFO" name="@BeforeMethod Login" time="-1.697471576477E9">
    <skipped/>
  </testcase> <!-- @BeforeMethod Login -->
  <testcase classname="litigationManagement.CFO" name="@AfterMethod Close" time="-1.697471576481E9">
    <skipped/>
  </testcase> <!-- @AfterMethod Close -->
  <testcase classname="litigationManagement.CFO" name="@BeforeMethod Login" time="-1.697471576482E9">
    <skipped/>
  </testcase> <!-- @BeforeMethod Login -->
  <testcase classname="litigationManagement.CFO" name="@AfterMethod Close" time="-1.697471576486E9">
    <skipped/>
  </testcase> <!-- @AfterMethod Close -->
  <testcase classname="litigationManagement.CFO" name="@BeforeMethod Login" time="-1.697471576488E9">
    <skipped/>
  </testcase> <!-- @BeforeMethod Login -->
  <testcase classname="litigationManagement.CFO" name="@AfterMethod Close" time="-1.697471576493E9">
    <skipped/>
  </testcase> <!-- @AfterMethod Close -->
  <testcase classname="litigationManagement.CFO" name="@BeforeMethod Login" time="-1.697471576495E9">
    <skipped/>
  </testcase> <!-- @BeforeMethod Login -->
  <testcase classname="litigationManagement.CFO" name="@AfterMethod Close" time="-1.697471576498E9">
    <skipped/>
  </testcase> <!-- @AfterMethod Close -->
  <testcase classname="litigationManagement.CFO" name="@BeforeMethod Login" time="-1.6974715765E9">
    <skipped/>
  </testcase> <!-- @BeforeMethod Login -->
  <testcase classname="litigationManagement.CFO" name="@AfterMethod Close" time="-1.697471576507E9">
    <skipped/>
  </testcase> <!-- @AfterMethod Close -->
  <testcase classname="litigationManagement.CFO" name="@BeforeMethod Login" time="-1.697471576509E9">
    <skipped/>
  </testcase> <!-- @BeforeMethod Login -->
  <testcase classname="litigationManagement.CFO" name="@AfterMethod Close" time="-1.697471576512E9">
    <skipped/>
  </testcase> <!-- @AfterMethod Close -->
  <testcase classname="litigationManagement.CFO" name="@BeforeMethod Login" time="-1.697471576514E9">
    <skipped/>
  </testcase> <!-- @BeforeMethod Login -->
  <testcase classname="litigationManagement.CFO" name="@AfterMethod Close" time="-1.697471576518E9">
    <skipped/>
  </testcase> <!-- @AfterMethod Close -->
  <testcase classname="litigationManagement.CFO" name="@BeforeMethod Login" time="-1.697471576519E9">
    <skipped/>
  </testcase> <!-- @BeforeMethod Login -->
  <testcase classname="litigationManagement.CFO" name="@AfterMethod Close" time="-1.697471576523E9">
    <skipped/>
  </testcase> <!-- @AfterMethod Close -->
  <testcase classname="litigationManagement.CFO" name="@BeforeMethod Login" time="-1.697471576524E9">
    <skipped/>
  </testcase> <!-- @BeforeMethod Login -->
  <testcase classname="litigationManagement.CFO" name="@AfterMethod Close" time="-1.69747157653E9">
    <skipped/>
  </testcase> <!-- @AfterMethod Close -->
  <testcase classname="litigationManagement.CFO" name="@BeforeMethod Login" time="-1.697471576531E9">
    <skipped/>
  </testcase> <!-- @BeforeMethod Login -->
  <testcase classname="litigationManagement.CFO" name="@AfterMethod Close" time="-1.697471576535E9">
    <skipped/>
  </testcase> <!-- @AfterMethod Close -->
  <testcase classname="litigationManagement.CFO" name="@BeforeMethod Login" time="-1.697471576538E9">
    <skipped/>
  </testcase> <!-- @BeforeMethod Login -->
  <testcase classname="litigationManagement.CFO" name="@AfterMethod Close" time="-1.697471576543E9">
    <skipped/>
  </testcase> <!-- @AfterMethod Close -->
  <testcase classname="litigationManagement.CFO" name="@BeforeMethod Login" time="-1.697471576545E9">
    <skipped/>
  </testcase> <!-- @BeforeMethod Login -->
  <testcase classname="litigationManagement.CFO" name="@AfterMethod Close" time="-1.697471576555E9">
    <skipped/>
  </testcase> <!-- @AfterMethod Close -->
  <testcase classname="litigationManagement.CFO" name="@BeforeMethod Login" time="-1.697471576557E9">
    <skipped/>
  </testcase> <!-- @BeforeMethod Login -->
  <testcase classname="litigationManagement.CFO" name="@AfterMethod Close" time="-1.69747157656E9">
    <skipped/>
  </testcase> <!-- @AfterMethod Close -->
  <testcase classname="litigationManagement.CFO" name="@BeforeMethod Login" time="-1.697471576562E9">
    <skipped/>
  </testcase> <!-- @BeforeMethod Login -->
  <testcase classname="litigationManagement.CFO" name="@AfterMethod Close" time="-1.697471576565E9">
    <skipped/>
  </testcase> <!-- @AfterMethod Close -->
  <testcase classname="litigationManagement.CFO" name="@BeforeMethod Login" time="-1.697471576566E9">
    <skipped/>
  </testcase> <!-- @BeforeMethod Login -->
  <testcase classname="litigationManagement.CFO" name="@AfterMethod Close" time="-1.69747157657E9">
    <skipped/>
  </testcase> <!-- @AfterMethod Close -->
  <testcase classname="litigationManagement.CFO" name="@BeforeMethod Login" time="-1.697471576571E9">
    <skipped/>
  </testcase> <!-- @BeforeMethod Login -->
  <testcase classname="litigationManagement.CFO" name="@AfterMethod Close" time="-1.697471576576E9">
    <skipped/>
  </testcase> <!-- @AfterMethod Close -->
  <testcase classname="litigationManagement.CFO" name="@BeforeMethod Login" time="-1.697471576578E9">
    <skipped/>
  </testcase> <!-- @BeforeMethod Login -->
  <testcase classname="litigationManagement.CFO" name="@AfterMethod Close" time="-1.697471576583E9">
    <skipped/>
  </testcase> <!-- @AfterMethod Close -->
  <testcase classname="litigationManagement.CFO" name="@BeforeMethod Login" time="-1.697471576584E9">
    <skipped/>
  </testcase> <!-- @BeforeMethod Login -->
  <testcase classname="litigationManagement.CFO" name="@AfterMethod Close" time="-1.697471576588E9">
    <skipped/>
  </testcase> <!-- @AfterMethod Close -->
  <testcase classname="litigationManagement.CFO" name="@BeforeMethod Login" time="-1.697471576589E9">
    <skipped/>
  </testcase> <!-- @BeforeMethod Login -->
  <testcase classname="litigationManagement.CFO" name="@AfterMethod Close" time="-1.697471576593E9">
    <skipped/>
  </testcase> <!-- @AfterMethod Close -->
  <testcase classname="litigationManagement.CFO" name="@BeforeMethod Login" time="-1.697471576595E9">
    <skipped/>
  </testcase> <!-- @BeforeMethod Login -->
  <testcase classname="litigationManagement.CFO" name="@AfterMethod Close" time="-1.697471576599E9">
    <skipped/>
  </testcase> <!-- @AfterMethod Close -->
  <testcase classname="litigationManagement.CFO" name="@BeforeMethod Login" time="-1.6974715766E9">
    <skipped/>
  </testcase> <!-- @BeforeMethod Login -->
  <testcase classname="litigationManagement.CFO" name="@AfterMethod Close" time="-1.697471576604E9">
    <skipped/>
  </testcase> <!-- @AfterMethod Close -->
  <testcase classname="litigationManagement.CFO" name="@BeforeMethod Login" time="-1.697471576606E9">
    <skipped/>
  </testcase> <!-- @BeforeMethod Login -->
  <testcase classname="litigationManagement.CFO" name="@AfterMethod Close" time="-1.697471576609E9">
    <skipped/>
  </testcase> <!-- @AfterMethod Close -->
  <testcase classname="litigationManagement.CFO" name="@BeforeMethod Login" time="-1.697471576611E9">
    <skipped/>
  </testcase> <!-- @BeforeMethod Login -->
  <testcase classname="litigationManagement.CFO" name="@AfterMethod Close" time="-1.697471576614E9">
    <skipped/>
  </testcase> <!-- @AfterMethod Close -->
  <testcase classname="litigationManagement.CFO" name="@BeforeMethod Login" time="-1.697471576615E9">
    <skipped/>
  </testcase> <!-- @BeforeMethod Login -->
  <testcase classname="litigationManagement.CFO" name="@AfterMethod Close" time="-1.697471576618E9">
    <skipped/>
  </testcase> <!-- @AfterMethod Close -->
  <testcase classname="litigationManagement.CFO" name="@BeforeMethod Login" time="-1.69747157662E9">
    <skipped/>
  </testcase> <!-- @BeforeMethod Login -->
  <testcase classname="litigationManagement.CFO" name="@AfterMethod Close" time="-1.697471576625E9">
    <skipped/>
  </testcase> <!-- @AfterMethod Close -->
  <testcase classname="litigationManagement.CFO" name="@BeforeMethod Login" time="-1.697471576627E9">
    <skipped/>
  </testcase> <!-- @BeforeMethod Login -->
  <testcase classname="litigationManagement.CFO" name="@AfterMethod Close" time="-1.697471576633E9">
    <skipped/>
  </testcase> <!-- @AfterMethod Close -->
  <testcase classname="litigationManagement.CFO" name="@BeforeMethod Login" time="-1.697471576634E9">
    <skipped/>
  </testcase> <!-- @BeforeMethod Login -->
  <testcase classname="litigationManagement.CFO" name="@AfterMethod Close" time="-1.697471576639E9">
    <skipped/>
  </testcase> <!-- @AfterMethod Close -->
  <testcase classname="litigationManagement.CFO" name="@BeforeMethod Login" time="-1.697471576641E9">
    <skipped/>
  </testcase> <!-- @BeforeMethod Login -->
  <testcase classname="litigationManagement.CFO" name="@AfterMethod Close" time="-1.697471576656E9">
    <skipped/>
  </testcase> <!-- @AfterMethod Close -->
  <testcase classname="litigationManagement.CFO" name="@BeforeMethod Login" time="-1.697471576663E9">
    <skipped/>
  </testcase> <!-- @BeforeMethod Login -->
  <testcase classname="litigationManagement.CFO" name="@AfterMethod Close" time="-1.69747157668E9">
    <skipped/>
  </testcase> <!-- @AfterMethod Close -->
  <testcase classname="litigationManagement.CFO" name="@BeforeMethod Login" time="-1.697471576684E9">
    <skipped/>
  </testcase> <!-- @BeforeMethod Login -->
  <testcase classname="litigationManagement.CFO" name="@AfterMethod Close" time="-1.697471576688E9">
    <skipped/>
  </testcase> <!-- @AfterMethod Close -->
  <testcase classname="litigationManagement.CFO" name="@BeforeMethod Login" time="-1.697471576693E9">
    <skipped/>
  </testcase> <!-- @BeforeMethod Login -->
  <testcase classname="litigationManagement.CFO" name="@AfterMethod Close" time="-1.697471576698E9">
    <skipped/>
  </testcase> <!-- @AfterMethod Close -->
  <testcase classname="litigationManagement.CFO" name="@BeforeMethod Login" time="-1.6974715767E9">
    <skipped/>
  </testcase> <!-- @BeforeMethod Login -->
  <testcase classname="litigationManagement.CFO" name="@AfterMethod Close" time="-1.697471576704E9">
    <skipped/>
  </testcase> <!-- @AfterMethod Close -->
  <testcase classname="litigationManagement.CFO" name="@BeforeMethod Login" time="-1.697471576706E9">
    <skipped/>
  </testcase> <!-- @BeforeMethod Login -->
  <testcase classname="litigationManagement.CFO" name="@AfterMethod Close" time="-1.697471576711E9">
    <skipped/>
  </testcase> <!-- @AfterMethod Close -->
  <testcase classname="litigationManagement.CFO" name="@BeforeMethod Login" time="-1.697471576715E9">
    <skipped/>
  </testcase> <!-- @BeforeMethod Login -->
  <testcase classname="litigationManagement.CFO" name="@AfterMethod Close" time="-1.69747157672E9">
    <skipped/>
  </testcase> <!-- @AfterMethod Close -->
  <testcase classname="litigationManagement.CFO" name="@BeforeMethod Login" time="-1.697471576722E9">
    <skipped/>
  </testcase> <!-- @BeforeMethod Login -->
  <testcase classname="litigationManagement.CFO" name="@AfterMethod Close" time="-1.697471576727E9">
    <skipped/>
  </testcase> <!-- @AfterMethod Close -->
  <testcase classname="litigationManagement.CFO" name="@BeforeMethod Login" time="-1.697471576729E9">
    <skipped/>
  </testcase> <!-- @BeforeMethod Login -->
  <testcase classname="litigationManagement.CFO" name="@AfterMethod Close" time="-1.697471576735E9">
    <skipped/>
  </testcase> <!-- @AfterMethod Close -->
  <testcase classname="litigationManagement.CFO" name="@BeforeMethod Login" time="-1.697471576738E9">
    <skipped/>
  </testcase> <!-- @BeforeMethod Login -->
  <testcase classname="litigationManagement.CFO" name="@AfterMethod Close" time="-1.697471576748E9">
    <skipped/>
  </testcase> <!-- @AfterMethod Close -->
  <testcase classname="litigationManagement.CFO" name="@BeforeMethod Login" time="-1.697471576749E9">
    <skipped/>
  </testcase> <!-- @BeforeMethod Login -->
  <testcase classname="litigationManagement.CFO" name="@AfterMethod Close" time="-1.697471576754E9">
    <skipped/>
  </testcase> <!-- @AfterMethod Close -->
  <testcase classname="litigationManagement.CFO" name="@BeforeMethod Login" time="-1.697471576756E9">
    <skipped/>
  </testcase> <!-- @BeforeMethod Login -->
  <testcase classname="litigationManagement.CFO" name="@AfterMethod Close" time="-1.697471576759E9">
    <skipped/>
  </testcase> <!-- @AfterMethod Close -->
  <testcase classname="litigationManagement.CFO" name="@BeforeMethod Login" time="-1.697471576761E9">
    <skipped/>
  </testcase> <!-- @BeforeMethod Login -->
  <testcase classname="litigationManagement.CFO" name="@AfterMethod Close" time="-1.697471576768E9">
    <skipped/>
  </testcase> <!-- @AfterMethod Close -->
  <testcase classname="litigationManagement.CFO" name="@BeforeMethod Login" time="-1.69747157677E9">
    <skipped/>
  </testcase> <!-- @BeforeMethod Login -->
  <testcase classname="litigationManagement.CFO" name="@AfterMethod Close" time="-1.697471576774E9">
    <skipped/>
  </testcase> <!-- @AfterMethod Close -->
  <testcase classname="litigationManagement.CFO" name="@BeforeMethod Login" time="-1.697471576776E9">
    <skipped/>
  </testcase> <!-- @BeforeMethod Login -->
  <testcase classname="litigationManagement.CFO" name="@AfterMethod Close" time="-1.697471576789E9">
    <skipped/>
  </testcase> <!-- @AfterMethod Close -->
  <testcase classname="litigationManagement.CFO" name="@BeforeMethod Login" time="-1.697471576791E9">
    <skipped/>
  </testcase> <!-- @BeforeMethod Login -->
  <testcase classname="litigationManagement.CFO" name="@AfterMethod Close" time="-1.697471576795E9">
    <skipped/>
  </testcase> <!-- @AfterMethod Close -->
  <testcase classname="litigationManagement.CFO" name="@BeforeMethod Login" time="-1.697471576797E9">
    <skipped/>
  </testcase> <!-- @BeforeMethod Login -->
  <testcase classname="litigationManagement.CFO" name="@AfterMethod Close" time="-1.697471576801E9">
    <skipped/>
  </testcase> <!-- @AfterMethod Close -->
  <testcase classname="litigationManagement.CFO" name="@BeforeMethod Login" time="-1.697471576803E9">
    <skipped/>
  </testcase> <!-- @BeforeMethod Login -->
  <testcase classname="litigationManagement.CFO" name="@AfterMethod Close" time="-1.697471576809E9">
    <skipped/>
  </testcase> <!-- @AfterMethod Close -->
  <testcase classname="litigationManagement.CFO" name="@BeforeMethod Login" time="-1.69747157681E9">
    <skipped/>
  </testcase> <!-- @BeforeMethod Login -->
  <testcase classname="litigationManagement.CFO" name="@AfterMethod Close" time="-1.697471576816E9">
    <skipped/>
  </testcase> <!-- @AfterMethod Close -->
  <testcase classname="litigationManagement.CFO" name="@BeforeMethod Login" time="-1.697471576817E9">
    <skipped/>
  </testcase> <!-- @BeforeMethod Login -->
  <testcase classname="litigationManagement.CFO" name="@AfterMethod Close" time="-1.69747157682E9">
    <skipped/>
  </testcase> <!-- @AfterMethod Close -->
  <testcase classname="litigationManagement.CFO" name="@BeforeMethod Login" time="-1.697471576822E9">
    <skipped/>
  </testcase> <!-- @BeforeMethod Login -->
  <testcase classname="litigationManagement.CFO" name="@AfterMethod Close" time="-1.697471576824E9">
    <skipped/>
  </testcase> <!-- @AfterMethod Close -->
  <testcase classname="litigationManagement.CFO" name="@BeforeMethod Login" time="-1.697471576826E9">
    <skipped/>
  </testcase> <!-- @BeforeMethod Login -->
  <testcase classname="litigationManagement.CFO" name="@AfterMethod Close" time="-1.69747157683E9">
    <skipped/>
  </testcase> <!-- @AfterMethod Close -->
  <testcase classname="litigationManagement.CFO" name="@BeforeMethod Login" time="-1.697471576832E9">
    <skipped/>
  </testcase> <!-- @BeforeMethod Login -->
  <testcase classname="litigationManagement.CFO" name="@AfterMethod Close" time="-1.697471576836E9">
    <skipped/>
  </testcase> <!-- @AfterMethod Close -->
  <testcase classname="litigationManagement.CFO" name="@BeforeMethod Login" time="-1.69747157684E9">
    <skipped/>
  </testcase> <!-- @BeforeMethod Login -->
  <testcase classname="litigationManagement.CFO" name="@AfterMethod Close" time="-1.697471576845E9">
    <skipped/>
  </testcase> <!-- @AfterMethod Close -->
  <testcase classname="litigationManagement.CFO" name="@BeforeMethod Login" time="-1.697471576847E9">
    <skipped/>
  </testcase> <!-- @BeforeMethod Login -->
  <testcase classname="litigationManagement.CFO" name="@AfterMethod Close" time="-1.697471576852E9">
    <skipped/>
  </testcase> <!-- @AfterMethod Close -->
  <testcase classname="litigationManagement.CFO" name="@BeforeMethod Login" time="-1.697471576854E9">
    <skipped/>
  </testcase> <!-- @BeforeMethod Login -->
  <testcase classname="litigationManagement.CFO" name="@AfterMethod Close" time="-1.697471576863E9">
    <skipped/>
  </testcase> <!-- @AfterMethod Close -->
  <testcase classname="litigationManagement.CFO" name="@BeforeMethod Login" time="-1.697471576864E9">
    <skipped/>
  </testcase> <!-- @BeforeMethod Login -->
  <testcase classname="litigationManagement.CFO" name="@AfterMethod Close" time="-1.697471576868E9">
    <skipped/>
  </testcase> <!-- @AfterMethod Close -->
  <testcase classname="litigationManagement.CFO" name="@BeforeMethod Login" time="-1.69747157688E9">
    <skipped/>
  </testcase> <!-- @BeforeMethod Login -->
  <testcase classname="litigationManagement.CFO" name="@AfterMethod Close" time="-1.697471576897E9">
    <skipped/>
  </testcase> <!-- @AfterMethod Close -->
  <testcase classname="litigationManagement.CFO" name="@BeforeMethod Login" time="-1.697471576899E9">
    <skipped/>
  </testcase> <!-- @BeforeMethod Login -->
  <testcase classname="litigationManagement.CFO" name="@AfterMethod Close" time="-1.697471576903E9">
    <skipped/>
  </testcase> <!-- @AfterMethod Close -->
  <testcase classname="litigationManagement.CFO" name="@BeforeMethod Login" time="-1.697471576905E9">
    <skipped/>
  </testcase> <!-- @BeforeMethod Login -->
  <testcase classname="litigationManagement.CFO" name="@AfterMethod Close" time="-1.697471576909E9">
    <skipped/>
  </testcase> <!-- @AfterMethod Close -->
  <testcase classname="litigationManagement.CFO" name="@BeforeMethod Login" time="-1.697471576911E9">
    <skipped/>
  </testcase> <!-- @BeforeMethod Login -->
  <testcase classname="litigationManagement.CFO" name="@AfterMethod Close" time="-1.697471576916E9">
    <skipped/>
  </testcase> <!-- @AfterMethod Close -->
  <testcase classname="litigationManagement.CFO" name="@BeforeMethod Login" time="-1.697471576918E9">
    <skipped/>
  </testcase> <!-- @BeforeMethod Login -->
  <testcase classname="litigationManagement.CFO" name="@AfterMethod Close" time="-1.697471576931E9">
    <skipped/>
  </testcase> <!-- @AfterMethod Close -->
  <testcase classname="litigationManagement.CFO" name="@BeforeMethod Login" time="-1.697471576939E9">
    <skipped/>
  </testcase> <!-- @BeforeMethod Login -->
  <testcase classname="litigationManagement.CFO" name="@AfterMethod Close" time="-1.697471576943E9">
    <skipped/>
  </testcase> <!-- @AfterMethod Close -->
  <testcase classname="litigationManagement.CFO" name="@BeforeMethod Login" time="-1.697471576944E9">
    <skipped/>
  </testcase> <!-- @BeforeMethod Login -->
  <testcase classname="litigationManagement.CFO" name="@AfterMethod Close" time="-1.697471576949E9">
    <skipped/>
  </testcase> <!-- @AfterMethod Close -->
  <testcase classname="litigationManagement.CFO" name="@BeforeMethod Login" time="-1.697471576951E9">
    <skipped/>
  </testcase> <!-- @BeforeMethod Login -->
  <testcase classname="litigationManagement.CFO" name="@AfterMethod Close" time="-1.697471576965E9">
    <skipped/>
  </testcase> <!-- @AfterMethod Close -->
  <testcase classname="litigationManagement.CFO" name="@BeforeMethod Login" time="-1.697471576967E9">
    <skipped/>
  </testcase> <!-- @BeforeMethod Login -->
  <testcase classname="litigationManagement.CFO" name="@AfterMethod Close" time="-1.697471576971E9">
    <skipped/>
  </testcase> <!-- @AfterMethod Close -->
  <testcase classname="litigationManagement.CFO" name="@BeforeMethod Login" time="-1.697471576972E9">
    <skipped/>
  </testcase> <!-- @BeforeMethod Login -->
  <testcase classname="litigationManagement.CFO" name="@AfterMethod Close" time="-1.697471576984E9">
    <skipped/>
  </testcase> <!-- @AfterMethod Close -->
  <testcase classname="litigationManagement.CFO" name="@BeforeMethod Login" time="-1.697471576986E9">
    <skipped/>
  </testcase> <!-- @BeforeMethod Login -->
  <testcase classname="litigationManagement.CFO" name="@AfterMethod Close" time="-1.69747157699E9">
    <skipped/>
  </testcase> <!-- @AfterMethod Close -->
  <testcase classname="litigationManagement.CFO" name="@BeforeMethod Login" time="-1.697471576993E9">
    <skipped/>
  </testcase> <!-- @BeforeMethod Login -->
  <testcase classname="litigationManagement.CFO" name="@AfterMethod Close" time="-1.697471577005E9">
    <skipped/>
  </testcase> <!-- @AfterMethod Close -->
  <testcase classname="litigationManagement.CFO" name="@BeforeMethod Login" time="-1.697471577007E9">
    <skipped/>
  </testcase> <!-- @BeforeMethod Login -->
  <testcase classname="litigationManagement.CFO" name="@AfterMethod Close" time="-1.697471577012E9">
    <skipped/>
  </testcase> <!-- @AfterMethod Close -->
  <testcase classname="litigationManagement.CFO" name="@BeforeMethod Login" time="-1.697471577014E9">
    <skipped/>
  </testcase> <!-- @BeforeMethod Login -->
  <testcase classname="litigationManagement.CFO" name="@AfterMethod Close" time="-1.697471577018E9">
    <skipped/>
  </testcase> <!-- @AfterMethod Close -->
  <testcase classname="litigationManagement.CFO" name="@BeforeMethod Login" time="-1.697471577028E9">
    <skipped/>
  </testcase> <!-- @BeforeMethod Login -->
  <testcase classname="litigationManagement.CFO" name="@AfterMethod Close" time="-1.697471577033E9">
    <skipped/>
  </testcase> <!-- @AfterMethod Close -->
  <testcase classname="litigationManagement.CFO" name="@BeforeMethod Login" time="-1.697471577035E9">
    <skipped/>
  </testcase> <!-- @BeforeMethod Login -->
  <testcase classname="litigationManagement.CFO" name="@AfterMethod Close" time="-1.69747157704E9">
    <skipped/>
  </testcase> <!-- @AfterMethod Close -->
  <testcase classname="litigationManagement.CFO" name="@BeforeMethod Login" time="-1.697471577042E9">
    <skipped/>
  </testcase> <!-- @BeforeMethod Login -->
  <testcase classname="litigationManagement.CFO" name="@AfterMethod Close" time="-1.697471577046E9">
    <skipped/>
  </testcase> <!-- @AfterMethod Close -->
  <testcase classname="litigationManagement.CFO" name="@BeforeMethod Login" time="-1.69747157705E9">
    <skipped/>
  </testcase> <!-- @BeforeMethod Login -->
  <testcase classname="litigationManagement.CFO" name="@AfterMethod Close" time="-1.697471577105E9">
    <skipped/>
  </testcase> <!-- @AfterMethod Close -->
  <testcase classname="litigationManagement.CFO" name="@BeforeMethod Login" time="-1.697471577107E9">
    <skipped/>
  </testcase> <!-- @BeforeMethod Login -->
  <testcase classname="litigationManagement.CFO" name="@AfterMethod Close" time="-1.697471577117E9">
    <skipped/>
  </testcase> <!-- @AfterMethod Close -->
  <testcase classname="litigationManagement.CFO" name="@BeforeMethod Login" time="-1.697471577124E9">
    <skipped/>
  </testcase> <!-- @BeforeMethod Login -->
  <testcase classname="litigationManagement.CFO" name="@AfterMethod Close" time="-1.697471577132E9">
    <skipped/>
  </testcase> <!-- @AfterMethod Close -->
  <testcase classname="litigationManagement.CFO" name="@BeforeMethod Login" time="-1.697471577134E9">
    <skipped/>
  </testcase> <!-- @BeforeMethod Login -->
  <testcase classname="litigationManagement.CFO" name="@AfterMethod Close" time="-1.697471577152E9">
    <skipped/>
  </testcase> <!-- @AfterMethod Close -->
  <testcase classname="litigationManagement.CFO" name="@BeforeMethod Login" time="-1.697471577159E9">
    <skipped/>
  </testcase> <!-- @BeforeMethod Login -->
  <testcase classname="litigationManagement.CFO" name="@AfterMethod Close" time="-1.697471577167E9">
    <skipped/>
  </testcase> <!-- @AfterMethod Close -->
  <testcase classname="litigationManagement.CFO" name="@BeforeMethod Login" time="-1.697471577168E9">
    <skipped/>
  </testcase> <!-- @BeforeMethod Login -->
  <testcase classname="litigationManagement.CFO" name="@AfterMethod Close" time="-1.697471577285E9">
    <skipped/>
  </testcase> <!-- @AfterMethod Close -->
  <testcase classname="litigationManagement.CFO" name="NoticePayment" time="93.126"/>
  <testcase classname="litigationManagement.CFO" name="PaymentLogwithExistingData" time="40.899"/>
  <testcase classname="litigationManagement.CFO" name="NoticePaymentWithoutData" time="20.697"/>
  <testcase classname="litigationManagement.CFO" name="NoticeExternalLawyer" time="44.678"/>
  <testcase classname="litigationManagement.CFO" name="CriteriaExistingData" time="84.115"/>
  <testcase classname="litigationManagement.CFO" name="CriteriaInvalidData" time="36.174"/>
  <testcase classname="litigationManagement.CFO" name="CriteriaWithoutData" time="33.389"/>
  <testcase classname="litigationManagement.CFO" name="NoticeAuditLog" time="30.269"/>
  <testcase classname="litigationManagement.CFO" name="CaseDocument" time="68.207">
    <failure type="org.openqa.selenium.NoSuchElementException" message="no such element: Unable to locate element: {&amp;quot;method&amp;quot;:&amp;quot;xpath&amp;quot;,&amp;quot;selector&amp;quot;:&amp;quot;//*[@id=&amp;apos;btnCancel&amp;apos;]&amp;quot;}
  (Session info: chrome=117.0.5938.152)
For documentation on this error, please visit: http://seleniumhq.org/exceptions/no_such_element.html
Build info: version: &amp;apos;3.141.0&amp;apos;, revision: &amp;apos;2ecb7d9a&amp;apos;, time: &amp;apos;2018-10-31T20:09:30&amp;apos;
System info: host: &amp;apos;DESKTOP-LP&amp;apos;, ip: &amp;apos;172.25.240.1&amp;apos;, os.name: &amp;apos;Windows 10&amp;apos;, os.arch: &amp;apos;amd64&amp;apos;, os.version: &amp;apos;10.0&amp;apos;, java.version: &amp;apos;20&amp;apos;
Driver info: org.openqa.selenium.chrome.ChromeDriver
Capabilities {acceptInsecureCerts: false, browserName: chrome, browserVersion: 117.0.5938.152, chrome: {chromedriverVersion: 117.0.5938.149 (e3344ddefa1..., userDataDir: C:\Users\SNEHAL~1\AppData\L...}, fedcm:accounts: true, goog:chromeOptions: {debuggerAddress: localhost:58161}, javascriptEnabled: true, networkConnectionEnabled: false, pageLoadStrategy: normal, platform: WINDOWS, platformName: WINDOWS, proxy: Proxy(), setWindowRect: true, strictFileInteractability: false, timeouts: {implicit: 0, pageLoad: 300000, script: 30000}, unhandledPromptBehavior: dismiss and notify, webauthn:extension:credBlob: true, webauthn:extension:largeBlob: true, webauthn:extension:minPinLength: true, webauthn:extension:prf: true, webauthn:virtualAuthenticators: true}
Session ID: e62c98eac5cc07b2ee1502ccb72b11de
*** Element info: {Using=xpath, value=//*[@id=&amp;apos;btnCancel&amp;apos;]}">
      <![CDATA[org.openqa.selenium.NoSuchElementException: no such element: Unable to locate element: {"method":"xpath","selector":"//*[@id='btnCancel']"}
  (Session info: chrome=117.0.5938.152)
For documentation on this error, please visit: http://seleniumhq.org/exceptions/no_such_element.html
Build info: version: '3.141.0', revision: '2ecb7d9a', time: '2018-10-31T20:09:30'
System info: host: 'DESKTOP-LP', ip: '172.25.240.1', os.name: 'Windows 10', os.arch: 'amd64', os.version: '10.0', java.version: '20'
Driver info: org.openqa.selenium.chrome.ChromeDriver
Capabilities {acceptInsecureCerts: false, browserName: chrome, browserVersion: 117.0.5938.152, chrome: {chromedriverVersion: 117.0.5938.149 (e3344ddefa1..., userDataDir: C:\Users\SNEHAL~1\AppData\L...}, fedcm:accounts: true, goog:chromeOptions: {debuggerAddress: localhost:58161}, javascriptEnabled: true, networkConnectionEnabled: false, pageLoadStrategy: normal, platform: WINDOWS, platformName: WINDOWS, proxy: Proxy(), setWindowRect: true, strictFileInteractability: false, timeouts: {implicit: 0, pageLoad: 300000, script: 30000}, unhandledPromptBehavior: dismiss and notify, webauthn:extension:credBlob: true, webauthn:extension:largeBlob: true, webauthn:extension:minPinLength: true, webauthn:extension:prf: true, webauthn:virtualAuthenticators: true}
Session ID: e62c98eac5cc07b2ee1502ccb72b11de
*** Element info: {Using=xpath, value=//*[@id='btnCancel']}
at java.base/jdk.internal.reflect.DirectConstructorHandleAccessor.newInstance(DirectConstructorHandleAccessor.java:67)
at java.base/java.lang.reflect.Constructor.newInstanceWithCaller(Constructor.java:500)
at java.base/java.lang.reflect.Constructor.newInstance(Constructor.java:484)
at org.openqa.selenium.remote.http.W3CHttpResponseCodec.createException(W3CHttpResponseCodec.java:187)
at org.openqa.selenium.remote.http.W3CHttpResponseCodec.decode(W3CHttpResponseCodec.java:122)
at org.openqa.selenium.remote.http.W3CHttpResponseCodec.decode(W3CHttpResponseCodec.java:49)
at org.openqa.selenium.remote.HttpCommandExecutor.execute(HttpCommandExecutor.java:158)
at org.openqa.selenium.remote.service.DriverCommandExecutor.execute(DriverCommandExecutor.java:83)
at org.openqa.selenium.remote.RemoteWebDriver.execute(RemoteWebDriver.java:552)
at org.openqa.selenium.remote.RemoteWebDriver.findElement(RemoteWebDriver.java:323)
at org.openqa.selenium.remote.RemoteWebDriver.findElementByXPath(RemoteWebDriver.java:428)
at org.openqa.selenium.By$ByXPath.findElement(By.java:353)
at org.openqa.selenium.remote.RemoteWebDriver.findElement(RemoteWebDriver.java:315)
at litigationAdditionalOwner.performerPOM.clickNoticeDocumentshareclosepopupcfo(performerPOM.java:5209)
at litigationManagement.CFOMethod.Document(CFOMethod.java:5121)
at litigationManagement.CFO.CaseDocument(CFO.java:1546)
at java.base/jdk.internal.reflect.DirectMethodHandleAccessor.invoke(DirectMethodHandleAccessor.java:104)
at java.base/java.lang.reflect.Method.invoke(Method.java:578)
at org.testng.internal.MethodInvocationHelper.invokeMethod(MethodInvocationHelper.java:133)
at org.testng.internal.TestInvoker.invokeMethod(TestInvoker.java:598)
at org.testng.internal.TestInvoker.invokeTestMethod(TestInvoker.java:173)
at org.testng.internal.MethodRunner.runInSequence(MethodRunner.java:46)
at org.testng.internal.TestInvoker$MethodInvocationAgent.invoke(TestInvoker.java:824)
at org.testng.internal.TestInvoker.invokeTestMethods(TestInvoker.java:146)
at org.testng.internal.TestMethodWorker.invokeTestMethods(TestMethodWorker.java:146)
at org.testng.internal.TestMethodWorker.run(TestMethodWorker.java:128)
at java.base/java.util.ArrayList.forEach(ArrayList.java:1511)
at org.testng.TestRunner.privateRun(TestRunner.java:794)
at org.testng.TestRunner.run(TestRunner.java:596)
at org.testng.SuiteRunner.runTest(SuiteRunner.java:377)
at org.testng.SuiteRunner.runSequentially(SuiteRunner.java:371)
at org.testng.SuiteRunner.privateRun(SuiteRunner.java:332)
at org.testng.SuiteRunner.run(SuiteRunner.java:276)
at org.testng.SuiteRunnerWorker.runSuite(SuiteRunnerWorker.java:53)
at org.testng.SuiteRunnerWorker.run(SuiteRunnerWorker.java:96)
at org.testng.TestNG.runSuitesSequentially(TestNG.java:1212)
at org.testng.TestNG.runSuitesLocally(TestNG.java:1134)
at org.testng.TestNG.runSuites(TestNG.java:1063)
at org.testng.TestNG.run(TestNG.java:1031)
at org.testng.remote.AbstractRemoteTestNG.run(AbstractRemoteTestNG.java:115)
at org.testng.remote.RemoteTestNG.initAndRun(RemoteTestNG.java:251)
at org.testng.remote.RemoteTestNG.main(RemoteTestNG.java:77)
]]>
    </failure>
  </testcase> <!-- CaseDocument -->
  <testcase classname="litigationManagement.CFO" name="CaseWithoutUploadDocument" time="32.814"/>
  <testcase classname="litigationManagement.CFO" name="CaseDocumentEmptyFields" time="25.919"/>
  <testcase classname="litigationManagement.CFO" name="CaseDocumentSearchFields" time="59.343"/>
  <testcase classname="litigationManagement.CFO" name="CaseDocumentShareInvalidData" time="44.14">
    <failure type="org.openqa.selenium.NoSuchElementException" message="no such element: Unable to locate element: {&amp;quot;method&amp;quot;:&amp;quot;xpath&amp;quot;,&amp;quot;selector&amp;quot;:&amp;quot;//*[@id=&amp;apos;txtEmail&amp;apos;]&amp;quot;}
  (Session info: chrome=117.0.5938.152)
For documentation on this error, please visit: http://seleniumhq.org/exceptions/no_such_element.html
Build info: version: &amp;apos;3.141.0&amp;apos;, revision: &amp;apos;2ecb7d9a&amp;apos;, time: &amp;apos;2018-10-31T20:09:30&amp;apos;
System info: host: &amp;apos;DESKTOP-LP&amp;apos;, ip: &amp;apos;172.25.240.1&amp;apos;, os.name: &amp;apos;Windows 10&amp;apos;, os.arch: &amp;apos;amd64&amp;apos;, os.version: &amp;apos;10.0&amp;apos;, java.version: &amp;apos;20&amp;apos;
Driver info: org.openqa.selenium.chrome.ChromeDriver
Capabilities {acceptInsecureCerts: false, browserName: chrome, browserVersion: 117.0.5938.152, chrome: {chromedriverVersion: 117.0.5938.149 (e3344ddefa1..., userDataDir: C:\Users\SNEHAL~1\AppData\L...}, fedcm:accounts: true, goog:chromeOptions: {debuggerAddress: localhost:58330}, javascriptEnabled: true, networkConnectionEnabled: false, pageLoadStrategy: normal, platform: WINDOWS, platformName: WINDOWS, proxy: Proxy(), setWindowRect: true, strictFileInteractability: false, timeouts: {implicit: 0, pageLoad: 300000, script: 30000}, unhandledPromptBehavior: dismiss and notify, webauthn:extension:credBlob: true, webauthn:extension:largeBlob: true, webauthn:extension:minPinLength: true, webauthn:extension:prf: true, webauthn:virtualAuthenticators: true}
Session ID: 1cab8b167366c5ccd22bc56a73608f3c
*** Element info: {Using=xpath, value=//*[@id=&amp;apos;txtEmail&amp;apos;]}">
      <![CDATA[org.openqa.selenium.NoSuchElementException: no such element: Unable to locate element: {"method":"xpath","selector":"//*[@id='txtEmail']"}
  (Session info: chrome=117.0.5938.152)
For documentation on this error, please visit: http://seleniumhq.org/exceptions/no_such_element.html
Build info: version: '3.141.0', revision: '2ecb7d9a', time: '2018-10-31T20:09:30'
System info: host: 'DESKTOP-LP', ip: '172.25.240.1', os.name: 'Windows 10', os.arch: 'amd64', os.version: '10.0', java.version: '20'
Driver info: org.openqa.selenium.chrome.ChromeDriver
Capabilities {acceptInsecureCerts: false, browserName: chrome, browserVersion: 117.0.5938.152, chrome: {chromedriverVersion: 117.0.5938.149 (e3344ddefa1..., userDataDir: C:\Users\SNEHAL~1\AppData\L...}, fedcm:accounts: true, goog:chromeOptions: {debuggerAddress: localhost:58330}, javascriptEnabled: true, networkConnectionEnabled: false, pageLoadStrategy: normal, platform: WINDOWS, platformName: WINDOWS, proxy: Proxy(), setWindowRect: true, strictFileInteractability: false, timeouts: {implicit: 0, pageLoad: 300000, script: 30000}, unhandledPromptBehavior: dismiss and notify, webauthn:extension:credBlob: true, webauthn:extension:largeBlob: true, webauthn:extension:minPinLength: true, webauthn:extension:prf: true, webauthn:virtualAuthenticators: true}
Session ID: 1cab8b167366c5ccd22bc56a73608f3c
*** Element info: {Using=xpath, value=//*[@id='txtEmail']}
at java.base/jdk.internal.reflect.DirectConstructorHandleAccessor.newInstance(DirectConstructorHandleAccessor.java:67)
at java.base/java.lang.reflect.Constructor.newInstanceWithCaller(Constructor.java:500)
at java.base/java.lang.reflect.Constructor.newInstance(Constructor.java:484)
at org.openqa.selenium.remote.http.W3CHttpResponseCodec.createException(W3CHttpResponseCodec.java:187)
at org.openqa.selenium.remote.http.W3CHttpResponseCodec.decode(W3CHttpResponseCodec.java:122)
at org.openqa.selenium.remote.http.W3CHttpResponseCodec.decode(W3CHttpResponseCodec.java:49)
at org.openqa.selenium.remote.HttpCommandExecutor.execute(HttpCommandExecutor.java:158)
at org.openqa.selenium.remote.service.DriverCommandExecutor.execute(DriverCommandExecutor.java:83)
at org.openqa.selenium.remote.RemoteWebDriver.execute(RemoteWebDriver.java:552)
at org.openqa.selenium.remote.RemoteWebDriver.findElement(RemoteWebDriver.java:323)
at org.openqa.selenium.remote.RemoteWebDriver.findElementByXPath(RemoteWebDriver.java:428)
at org.openqa.selenium.By$ByXPath.findElement(By.java:353)
at org.openqa.selenium.remote.RemoteWebDriver.findElement(RemoteWebDriver.java:315)
at litigationAdditionalOwner.performerPOM.clickNoticeDocumentshareemailcfo(performerPOM.java:5191)
at litigationManagement.CFOMethod.CaseDocumentShareInvalidData(CFOMethod.java:19731)
at litigationManagement.CFO.CaseDocumentShareInvalidData(CFO.java:1591)
at java.base/jdk.internal.reflect.DirectMethodHandleAccessor.invoke(DirectMethodHandleAccessor.java:104)
at java.base/java.lang.reflect.Method.invoke(Method.java:578)
at org.testng.internal.MethodInvocationHelper.invokeMethod(MethodInvocationHelper.java:133)
at org.testng.internal.TestInvoker.invokeMethod(TestInvoker.java:598)
at org.testng.internal.TestInvoker.invokeTestMethod(TestInvoker.java:173)
at org.testng.internal.MethodRunner.runInSequence(MethodRunner.java:46)
at org.testng.internal.TestInvoker$MethodInvocationAgent.invoke(TestInvoker.java:824)
at org.testng.internal.TestInvoker.invokeTestMethods(TestInvoker.java:146)
at org.testng.internal.TestMethodWorker.invokeTestMethods(TestMethodWorker.java:146)
at org.testng.internal.TestMethodWorker.run(TestMethodWorker.java:128)
at java.base/java.util.ArrayList.forEach(ArrayList.java:1511)
at org.testng.TestRunner.privateRun(TestRunner.java:794)
at org.testng.TestRunner.run(TestRunner.java:596)
at org.testng.SuiteRunner.runTest(SuiteRunner.java:377)
at org.testng.SuiteRunner.runSequentially(SuiteRunner.java:371)
at org.testng.SuiteRunner.privateRun(SuiteRunner.java:332)
at org.testng.SuiteRunner.run(SuiteRunner.java:276)
at org.testng.SuiteRunnerWorker.runSuite(SuiteRunnerWorker.java:53)
at org.testng.SuiteRunnerWorker.run(SuiteRunnerWorker.java:96)
at org.testng.TestNG.runSuitesSequentially(TestNG.java:1212)
at org.testng.TestNG.runSuitesLocally(TestNG.java:1134)
at org.testng.TestNG.runSuites(TestNG.java:1063)
at org.testng.TestNG.run(TestNG.java:1031)
at org.testng.remote.AbstractRemoteTestNG.run(AbstractRemoteTestNG.java:115)
at org.testng.remote.RemoteTestNG.initAndRun(RemoteTestNG.java:251)
at org.testng.remote.RemoteTestNG.main(RemoteTestNG.java:77)
]]>
    </failure>
  </testcase> <!-- CaseDocumentShareInvalidData -->
  <testcase classname="litigationManagement.CFO" name="CaseDocumentShareWithoutData" time="40.134"/>
  <testcase classname="litigationManagement.CFO" name="CaseDocumentShareCloseBtn" time="77.683">
    <failure type="org.openqa.selenium.NoSuchElementException" message="no such element: Unable to locate element: {&amp;quot;method&amp;quot;:&amp;quot;xpath&amp;quot;,&amp;quot;selector&amp;quot;:&amp;quot;//*[@id=&amp;apos;btnCancel&amp;apos;]&amp;quot;}
  (Session info: chrome=117.0.5938.152)
For documentation on this error, please visit: http://seleniumhq.org/exceptions/no_such_element.html
Build info: version: &amp;apos;3.141.0&amp;apos;, revision: &amp;apos;2ecb7d9a&amp;apos;, time: &amp;apos;2018-10-31T20:09:30&amp;apos;
System info: host: &amp;apos;DESKTOP-LP&amp;apos;, ip: &amp;apos;172.25.240.1&amp;apos;, os.name: &amp;apos;Windows 10&amp;apos;, os.arch: &amp;apos;amd64&amp;apos;, os.version: &amp;apos;10.0&amp;apos;, java.version: &amp;apos;20&amp;apos;
Driver info: org.openqa.selenium.chrome.ChromeDriver
Capabilities {acceptInsecureCerts: false, browserName: chrome, browserVersion: 117.0.5938.152, chrome: {chromedriverVersion: 117.0.5938.149 (e3344ddefa1..., userDataDir: C:\Users\SNEHAL~1\AppData\L...}, fedcm:accounts: true, goog:chromeOptions: {debuggerAddress: localhost:58430}, javascriptEnabled: true, networkConnectionEnabled: false, pageLoadStrategy: normal, platform: WINDOWS, platformName: WINDOWS, proxy: Proxy(), setWindowRect: true, strictFileInteractability: false, timeouts: {implicit: 0, pageLoad: 300000, script: 30000}, unhandledPromptBehavior: dismiss and notify, webauthn:extension:credBlob: true, webauthn:extension:largeBlob: true, webauthn:extension:minPinLength: true, webauthn:extension:prf: true, webauthn:virtualAuthenticators: true}
Session ID: 1ffe73d42994efe01467286d5cb42ad1
*** Element info: {Using=xpath, value=//*[@id=&amp;apos;btnCancel&amp;apos;]}">
      <![CDATA[org.openqa.selenium.NoSuchElementException: no such element: Unable to locate element: {"method":"xpath","selector":"//*[@id='btnCancel']"}
  (Session info: chrome=117.0.5938.152)
For documentation on this error, please visit: http://seleniumhq.org/exceptions/no_such_element.html
Build info: version: '3.141.0', revision: '2ecb7d9a', time: '2018-10-31T20:09:30'
System info: host: 'DESKTOP-LP', ip: '172.25.240.1', os.name: 'Windows 10', os.arch: 'amd64', os.version: '10.0', java.version: '20'
Driver info: org.openqa.selenium.chrome.ChromeDriver
Capabilities {acceptInsecureCerts: false, browserName: chrome, browserVersion: 117.0.5938.152, chrome: {chromedriverVersion: 117.0.5938.149 (e3344ddefa1..., userDataDir: C:\Users\SNEHAL~1\AppData\L...}, fedcm:accounts: true, goog:chromeOptions: {debuggerAddress: localhost:58430}, javascriptEnabled: true, networkConnectionEnabled: false, pageLoadStrategy: normal, platform: WINDOWS, platformName: WINDOWS, proxy: Proxy(), setWindowRect: true, strictFileInteractability: false, timeouts: {implicit: 0, pageLoad: 300000, script: 30000}, unhandledPromptBehavior: dismiss and notify, webauthn:extension:credBlob: true, webauthn:extension:largeBlob: true, webauthn:extension:minPinLength: true, webauthn:extension:prf: true, webauthn:virtualAuthenticators: true}
Session ID: 1ffe73d42994efe01467286d5cb42ad1
*** Element info: {Using=xpath, value=//*[@id='btnCancel']}
at java.base/jdk.internal.reflect.DirectConstructorHandleAccessor.newInstance(DirectConstructorHandleAccessor.java:67)
at java.base/java.lang.reflect.Constructor.newInstanceWithCaller(Constructor.java:500)
at java.base/java.lang.reflect.Constructor.newInstance(Constructor.java:484)
at org.openqa.selenium.remote.http.W3CHttpResponseCodec.createException(W3CHttpResponseCodec.java:187)
at org.openqa.selenium.remote.http.W3CHttpResponseCodec.decode(W3CHttpResponseCodec.java:122)
at org.openqa.selenium.remote.http.W3CHttpResponseCodec.decode(W3CHttpResponseCodec.java:49)
at org.openqa.selenium.remote.HttpCommandExecutor.execute(HttpCommandExecutor.java:158)
at org.openqa.selenium.remote.service.DriverCommandExecutor.execute(DriverCommandExecutor.java:83)
at org.openqa.selenium.remote.RemoteWebDriver.execute(RemoteWebDriver.java:552)
at org.openqa.selenium.remote.RemoteWebDriver.findElement(RemoteWebDriver.java:323)
at org.openqa.selenium.remote.RemoteWebDriver.findElementByXPath(RemoteWebDriver.java:428)
at org.openqa.selenium.By$ByXPath.findElement(By.java:353)
at org.openqa.selenium.remote.RemoteWebDriver.findElement(RemoteWebDriver.java:315)
at litigationAdditionalOwner.performerPOM.clickNoticeDocumentshareclosepopupcfo(performerPOM.java:5209)
at litigationManagement.CFOMethod.CaseDocumentShareCloseBtn(CFOMethod.java:19862)
at litigationManagement.CFO.CaseDocumentShareCloseBtn(CFO.java:1613)
at java.base/jdk.internal.reflect.DirectMethodHandleAccessor.invoke(DirectMethodHandleAccessor.java:104)
at java.base/java.lang.reflect.Method.invoke(Method.java:578)
at org.testng.internal.MethodInvocationHelper.invokeMethod(MethodInvocationHelper.java:133)
at org.testng.internal.TestInvoker.invokeMethod(TestInvoker.java:598)
at org.testng.internal.TestInvoker.invokeTestMethod(TestInvoker.java:173)
at org.testng.internal.MethodRunner.runInSequence(MethodRunner.java:46)
at org.testng.internal.TestInvoker$MethodInvocationAgent.invoke(TestInvoker.java:824)
at org.testng.internal.TestInvoker.invokeTestMethods(TestInvoker.java:146)
at org.testng.internal.TestMethodWorker.invokeTestMethods(TestMethodWorker.java:146)
at org.testng.internal.TestMethodWorker.run(TestMethodWorker.java:128)
at java.base/java.util.ArrayList.forEach(ArrayList.java:1511)
at org.testng.TestRunner.privateRun(TestRunner.java:794)
at org.testng.TestRunner.run(TestRunner.java:596)
at org.testng.SuiteRunner.runTest(SuiteRunner.java:377)
at org.testng.SuiteRunner.runSequentially(SuiteRunner.java:371)
at org.testng.SuiteRunner.privateRun(SuiteRunner.java:332)
at org.testng.SuiteRunner.run(SuiteRunner.java:276)
at org.testng.SuiteRunnerWorker.runSuite(SuiteRunnerWorker.java:53)
at org.testng.SuiteRunnerWorker.run(SuiteRunnerWorker.java:96)
at org.testng.TestNG.runSuitesSequentially(TestNG.java:1212)
at org.testng.TestNG.runSuitesLocally(TestNG.java:1134)
at org.testng.TestNG.runSuites(TestNG.java:1063)
at org.testng.TestNG.run(TestNG.java:1031)
at org.testng.remote.AbstractRemoteTestNG.run(AbstractRemoteTestNG.java:115)
at org.testng.remote.RemoteTestNG.initAndRun(RemoteTestNG.java:251)
at org.testng.remote.RemoteTestNG.main(RemoteTestNG.java:77)
]]>
    </failure>
  </testcase> <!-- CaseDocumentShareCloseBtn -->
  <testcase classname="litigationManagement.CFO" name="CaseSendMailWithDoc" time="50.356"/>
  <testcase classname="litigationManagement.CFO" name="CaseSendMailWithDocInvalidFields" time="49.343"/>
  <testcase classname="litigationManagement.CFO" name="CaseSendMailWithDocEmptyFields" time="42.141"/>
  <testcase classname="litigationManagement.CFO" name="CaseTaskActivity" time="335.478">
    <failure type="org.openqa.selenium.NoSuchElementException" message="no such element: Unable to locate element: {&amp;quot;method&amp;quot;:&amp;quot;xpath&amp;quot;,&amp;quot;selector&amp;quot;:&amp;quot;//*[@id=&amp;apos;ValidationSummary8&amp;apos;]/ul/li&amp;quot;}
  (Session info: chrome=117.0.5938.152)
For documentation on this error, please visit: http://seleniumhq.org/exceptions/no_such_element.html
Build info: version: &amp;apos;3.141.0&amp;apos;, revision: &amp;apos;2ecb7d9a&amp;apos;, time: &amp;apos;2018-10-31T20:09:30&amp;apos;
System info: host: &amp;apos;DESKTOP-LP&amp;apos;, ip: &amp;apos;172.25.240.1&amp;apos;, os.name: &amp;apos;Windows 10&amp;apos;, os.arch: &amp;apos;amd64&amp;apos;, os.version: &amp;apos;10.0&amp;apos;, java.version: &amp;apos;20&amp;apos;
Driver info: org.openqa.selenium.chrome.ChromeDriver
Capabilities {acceptInsecureCerts: false, browserName: chrome, browserVersion: 117.0.5938.152, chrome: {chromedriverVersion: 117.0.5938.149 (e3344ddefa1..., userDataDir: C:\Users\SNEHAL~1\AppData\L...}, fedcm:accounts: true, goog:chromeOptions: {debuggerAddress: localhost:58617}, javascriptEnabled: true, networkConnectionEnabled: false, pageLoadStrategy: normal, platform: WINDOWS, platformName: WINDOWS, proxy: Proxy(), setWindowRect: true, strictFileInteractability: false, timeouts: {implicit: 0, pageLoad: 300000, script: 30000}, unhandledPromptBehavior: dismiss and notify, webauthn:extension:credBlob: true, webauthn:extension:largeBlob: true, webauthn:extension:minPinLength: true, webauthn:extension:prf: true, webauthn:virtualAuthenticators: true}
Session ID: 92d91b0ebc25b98d08c348d8ab2b68e1
*** Element info: {Using=xpath, value=//*[@id=&amp;apos;ValidationSummary8&amp;apos;]/ul/li}">
      <![CDATA[org.openqa.selenium.NoSuchElementException: no such element: Unable to locate element: {"method":"xpath","selector":"//*[@id='ValidationSummary8']/ul/li"}
  (Session info: chrome=117.0.5938.152)
For documentation on this error, please visit: http://seleniumhq.org/exceptions/no_such_element.html
Build info: version: '3.141.0', revision: '2ecb7d9a', time: '2018-10-31T20:09:30'
System info: host: 'DESKTOP-LP', ip: '172.25.240.1', os.name: 'Windows 10', os.arch: 'amd64', os.version: '10.0', java.version: '20'
Driver info: org.openqa.selenium.chrome.ChromeDriver
Capabilities {acceptInsecureCerts: false, browserName: chrome, browserVersion: 117.0.5938.152, chrome: {chromedriverVersion: 117.0.5938.149 (e3344ddefa1..., userDataDir: C:\Users\SNEHAL~1\AppData\L...}, fedcm:accounts: true, goog:chromeOptions: {debuggerAddress: localhost:58617}, javascriptEnabled: true, networkConnectionEnabled: false, pageLoadStrategy: normal, platform: WINDOWS, platformName: WINDOWS, proxy: Proxy(), setWindowRect: true, strictFileInteractability: false, timeouts: {implicit: 0, pageLoad: 300000, script: 30000}, unhandledPromptBehavior: dismiss and notify, webauthn:extension:credBlob: true, webauthn:extension:largeBlob: true, webauthn:extension:minPinLength: true, webauthn:extension:prf: true, webauthn:virtualAuthenticators: true}
Session ID: 92d91b0ebc25b98d08c348d8ab2b68e1
*** Element info: {Using=xpath, value=//*[@id='ValidationSummary8']/ul/li}
at java.base/jdk.internal.reflect.DirectConstructorHandleAccessor.newInstance(DirectConstructorHandleAccessor.java:67)
at java.base/java.lang.reflect.Constructor.newInstanceWithCaller(Constructor.java:500)
at java.base/java.lang.reflect.Constructor.newInstance(Constructor.java:484)
at org.openqa.selenium.remote.http.W3CHttpResponseCodec.createException(W3CHttpResponseCodec.java:187)
at org.openqa.selenium.remote.http.W3CHttpResponseCodec.decode(W3CHttpResponseCodec.java:122)
at org.openqa.selenium.remote.http.W3CHttpResponseCodec.decode(W3CHttpResponseCodec.java:49)
at org.openqa.selenium.remote.HttpCommandExecutor.execute(HttpCommandExecutor.java:158)
at org.openqa.selenium.remote.service.DriverCommandExecutor.execute(DriverCommandExecutor.java:83)
at org.openqa.selenium.remote.RemoteWebDriver.execute(RemoteWebDriver.java:552)
at org.openqa.selenium.remote.RemoteWebDriver.findElement(RemoteWebDriver.java:323)
at org.openqa.selenium.remote.RemoteWebDriver.findElementByXPath(RemoteWebDriver.java:428)
at org.openqa.selenium.By$ByXPath.findElement(By.java:353)
at org.openqa.selenium.remote.RemoteWebDriver.findElement(RemoteWebDriver.java:315)
at litigationAdditionalOwner.performerPOM.readTaskMsgcfo(performerPOM.java:1563)
at litigationManagement.CFOMethod.TaskActivity1(CFOMethod.java:5227)
at litigationManagement.CFO.CaseTaskActivity(CFO.java:1660)
at java.base/jdk.internal.reflect.DirectMethodHandleAccessor.invoke(DirectMethodHandleAccessor.java:104)
at java.base/java.lang.reflect.Method.invoke(Method.java:578)
at org.testng.internal.MethodInvocationHelper.invokeMethod(MethodInvocationHelper.java:133)
at org.testng.internal.TestInvoker.invokeMethod(TestInvoker.java:598)
at org.testng.internal.TestInvoker.invokeTestMethod(TestInvoker.java:173)
at org.testng.internal.MethodRunner.runInSequence(MethodRunner.java:46)
at org.testng.internal.TestInvoker$MethodInvocationAgent.invoke(TestInvoker.java:824)
at org.testng.internal.TestInvoker.invokeTestMethods(TestInvoker.java:146)
at org.testng.internal.TestMethodWorker.invokeTestMethods(TestMethodWorker.java:146)
at org.testng.internal.TestMethodWorker.run(TestMethodWorker.java:128)
at java.base/java.util.ArrayList.forEach(ArrayList.java:1511)
at org.testng.TestRunner.privateRun(TestRunner.java:794)
at org.testng.TestRunner.run(TestRunner.java:596)
at org.testng.SuiteRunner.runTest(SuiteRunner.java:377)
at org.testng.SuiteRunner.runSequentially(SuiteRunner.java:371)
at org.testng.SuiteRunner.privateRun(SuiteRunner.java:332)
at org.testng.SuiteRunner.run(SuiteRunner.java:276)
at org.testng.SuiteRunnerWorker.runSuite(SuiteRunnerWorker.java:53)
at org.testng.SuiteRunnerWorker.run(SuiteRunnerWorker.java:96)
at org.testng.TestNG.runSuitesSequentially(TestNG.java:1212)
at org.testng.TestNG.runSuitesLocally(TestNG.java:1134)
at org.testng.TestNG.runSuites(TestNG.java:1063)
at org.testng.TestNG.run(TestNG.java:1031)
at org.testng.remote.AbstractRemoteTestNG.run(AbstractRemoteTestNG.java:115)
at org.testng.remote.RemoteTestNG.initAndRun(RemoteTestNG.java:251)
at org.testng.remote.RemoteTestNG.main(RemoteTestNG.java:77)
]]>
    </failure>
  </testcase> <!-- CaseTaskActivity -->
  <testcase classname="litigationManagement.CFO" name="CaseTaskActivityWithoutData" time="23.754"/>
  <testcase classname="litigationManagement.CFO" name="CaseTaskActivitywithExistingData" time="61.68"/>
  <testcase classname="litigationManagement.CFO" name="CaseTaskActivtityResponseWithoutStatus" time="53.559">
    <failure type="org.openqa.selenium.ElementNotInteractableException" message="element not interactable
  (Session info: chrome=117.0.5938.152)
Build info: version: &amp;apos;3.141.0&amp;apos;, revision: &amp;apos;2ecb7d9a&amp;apos;, time: &amp;apos;2018-10-31T20:09:30&amp;apos;
System info: host: &amp;apos;DESKTOP-LP&amp;apos;, ip: &amp;apos;172.25.240.1&amp;apos;, os.name: &amp;apos;Windows 10&amp;apos;, os.arch: &amp;apos;amd64&amp;apos;, os.version: &amp;apos;10.0&amp;apos;, java.version: &amp;apos;20&amp;apos;
Driver info: org.openqa.selenium.chrome.ChromeDriver
Capabilities {acceptInsecureCerts: false, browserName: chrome, browserVersion: 117.0.5938.152, chrome: {chromedriverVersion: 117.0.5938.149 (e3344ddefa1..., userDataDir: C:\Users\SNEHAL~1\AppData\L...}, fedcm:accounts: true, goog:chromeOptions: {debuggerAddress: localhost:58835}, javascriptEnabled: true, networkConnectionEnabled: false, pageLoadStrategy: normal, platform: WINDOWS, platformName: WINDOWS, proxy: Proxy(), setWindowRect: true, strictFileInteractability: false, timeouts: {implicit: 0, pageLoad: 300000, script: 30000}, unhandledPromptBehavior: dismiss and notify, webauthn:extension:credBlob: true, webauthn:extension:largeBlob: true, webauthn:extension:minPinLength: true, webauthn:extension:prf: true, webauthn:virtualAuthenticators: true}
Session ID: 0f30d500fd970814560e1085b86a9fe8">
      <![CDATA[org.openqa.selenium.ElementNotInteractableException: element not interactable
  (Session info: chrome=117.0.5938.152)
Build info: version: '3.141.0', revision: '2ecb7d9a', time: '2018-10-31T20:09:30'
System info: host: 'DESKTOP-LP', ip: '172.25.240.1', os.name: 'Windows 10', os.arch: 'amd64', os.version: '10.0', java.version: '20'
Driver info: org.openqa.selenium.chrome.ChromeDriver
Capabilities {acceptInsecureCerts: false, browserName: chrome, browserVersion: 117.0.5938.152, chrome: {chromedriverVersion: 117.0.5938.149 (e3344ddefa1..., userDataDir: C:\Users\SNEHAL~1\AppData\L...}, fedcm:accounts: true, goog:chromeOptions: {debuggerAddress: localhost:58835}, javascriptEnabled: true, networkConnectionEnabled: false, pageLoadStrategy: normal, platform: WINDOWS, platformName: WINDOWS, proxy: Proxy(), setWindowRect: true, strictFileInteractability: false, timeouts: {implicit: 0, pageLoad: 300000, script: 30000}, unhandledPromptBehavior: dismiss and notify, webauthn:extension:credBlob: true, webauthn:extension:largeBlob: true, webauthn:extension:minPinLength: true, webauthn:extension:prf: true, webauthn:virtualAuthenticators: true}
Session ID: 0f30d500fd970814560e1085b86a9fe8
at java.base/jdk.internal.reflect.DirectConstructorHandleAccessor.newInstance(DirectConstructorHandleAccessor.java:67)
at java.base/java.lang.reflect.Constructor.newInstanceWithCaller(Constructor.java:500)
at java.base/java.lang.reflect.Constructor.newInstance(Constructor.java:484)
at org.openqa.selenium.remote.http.W3CHttpResponseCodec.createException(W3CHttpResponseCodec.java:187)
at org.openqa.selenium.remote.http.W3CHttpResponseCodec.decode(W3CHttpResponseCodec.java:122)
at org.openqa.selenium.remote.http.W3CHttpResponseCodec.decode(W3CHttpResponseCodec.java:49)
at org.openqa.selenium.remote.HttpCommandExecutor.execute(HttpCommandExecutor.java:158)
at org.openqa.selenium.remote.service.DriverCommandExecutor.execute(DriverCommandExecutor.java:83)
at org.openqa.selenium.remote.RemoteWebDriver.execute(RemoteWebDriver.java:552)
at org.openqa.selenium.remote.RemoteWebElement.execute(RemoteWebElement.java:285)
at org.openqa.selenium.remote.RemoteWebElement.sendKeys(RemoteWebElement.java:106)
at litigationManagement.CFOMethod.CaseTaskActivtityResponseWithoutStatus(CFOMethod.java:20059)
at litigationManagement.CFO.CaseTaskActivtityResponseWithoutStatus(CFO.java:1695)
at java.base/jdk.internal.reflect.DirectMethodHandleAccessor.invoke(DirectMethodHandleAccessor.java:104)
at java.base/java.lang.reflect.Method.invoke(Method.java:578)
at org.testng.internal.MethodInvocationHelper.invokeMethod(MethodInvocationHelper.java:133)
at org.testng.internal.TestInvoker.invokeMethod(TestInvoker.java:598)
at org.testng.internal.TestInvoker.invokeTestMethod(TestInvoker.java:173)
at org.testng.internal.MethodRunner.runInSequence(MethodRunner.java:46)
at org.testng.internal.TestInvoker$MethodInvocationAgent.invoke(TestInvoker.java:824)
at org.testng.internal.TestInvoker.invokeTestMethods(TestInvoker.java:146)
at org.testng.internal.TestMethodWorker.invokeTestMethods(TestMethodWorker.java:146)
at org.testng.internal.TestMethodWorker.run(TestMethodWorker.java:128)
at java.base/java.util.ArrayList.forEach(ArrayList.java:1511)
at org.testng.TestRunner.privateRun(TestRunner.java:794)
at org.testng.TestRunner.run(TestRunner.java:596)
at org.testng.SuiteRunner.runTest(SuiteRunner.java:377)
at org.testng.SuiteRunner.runSequentially(SuiteRunner.java:371)
at org.testng.SuiteRunner.privateRun(SuiteRunner.java:332)
at org.testng.SuiteRunner.run(SuiteRunner.java:276)
at org.testng.SuiteRunnerWorker.runSuite(SuiteRunnerWorker.java:53)
at org.testng.SuiteRunnerWorker.run(SuiteRunnerWorker.java:96)
at org.testng.TestNG.runSuitesSequentially(TestNG.java:1212)
at org.testng.TestNG.runSuitesLocally(TestNG.java:1134)
at org.testng.TestNG.runSuites(TestNG.java:1063)
at org.testng.TestNG.run(TestNG.java:1031)
at org.testng.remote.AbstractRemoteTestNG.run(AbstractRemoteTestNG.java:115)
at org.testng.remote.RemoteTestNG.initAndRun(RemoteTestNG.java:251)
at org.testng.remote.RemoteTestNG.main(RemoteTestNG.java:77)
]]>
    </failure>
  </testcase> <!-- CaseTaskActivtityResponseWithoutStatus -->
  <testcase classname="litigationManagement.CFO" name="CaseTaskActivtityResponseClearBtn" time="27.986">
    <failure type="org.openqa.selenium.NoSuchElementException" message="no such element: Unable to locate element: {&amp;quot;method&amp;quot;:&amp;quot;xpath&amp;quot;,&amp;quot;selector&amp;quot;:&amp;quot;//*[@id=&amp;apos;ddlStatus_chosen&amp;apos;]/div/ul/li[1]&amp;quot;}
  (Session info: chrome=117.0.5938.152)
For documentation on this error, please visit: http://seleniumhq.org/exceptions/no_such_element.html
Build info: version: &amp;apos;3.141.0&amp;apos;, revision: &amp;apos;2ecb7d9a&amp;apos;, time: &amp;apos;2018-10-31T20:09:30&amp;apos;
System info: host: &amp;apos;DESKTOP-LP&amp;apos;, ip: &amp;apos;172.25.240.1&amp;apos;, os.name: &amp;apos;Windows 10&amp;apos;, os.arch: &amp;apos;amd64&amp;apos;, os.version: &amp;apos;10.0&amp;apos;, java.version: &amp;apos;20&amp;apos;
Driver info: org.openqa.selenium.chrome.ChromeDriver
Capabilities {acceptInsecureCerts: false, browserName: chrome, browserVersion: 117.0.5938.152, chrome: {chromedriverVersion: 117.0.5938.149 (e3344ddefa1..., userDataDir: C:\Users\SNEHAL~1\AppData\L...}, fedcm:accounts: true, goog:chromeOptions: {debuggerAddress: localhost:58881}, javascriptEnabled: true, networkConnectionEnabled: false, pageLoadStrategy: normal, platform: WINDOWS, platformName: WINDOWS, proxy: Proxy(), setWindowRect: true, strictFileInteractability: false, timeouts: {implicit: 0, pageLoad: 300000, script: 30000}, unhandledPromptBehavior: dismiss and notify, webauthn:extension:credBlob: true, webauthn:extension:largeBlob: true, webauthn:extension:minPinLength: true, webauthn:extension:prf: true, webauthn:virtualAuthenticators: true}
Session ID: d20a4e3a57a09590dfa7ac0b149daebd
*** Element info: {Using=xpath, value=//*[@id=&amp;apos;ddlStatus_chosen&amp;apos;]/div/ul/li[1]}">
      <![CDATA[org.openqa.selenium.NoSuchElementException: no such element: Unable to locate element: {"method":"xpath","selector":"//*[@id='ddlStatus_chosen']/div/ul/li[1]"}
  (Session info: chrome=117.0.5938.152)
For documentation on this error, please visit: http://seleniumhq.org/exceptions/no_such_element.html
Build info: version: '3.141.0', revision: '2ecb7d9a', time: '2018-10-31T20:09:30'
System info: host: 'DESKTOP-LP', ip: '172.25.240.1', os.name: 'Windows 10', os.arch: 'amd64', os.version: '10.0', java.version: '20'
Driver info: org.openqa.selenium.chrome.ChromeDriver
Capabilities {acceptInsecureCerts: false, browserName: chrome, browserVersion: 117.0.5938.152, chrome: {chromedriverVersion: 117.0.5938.149 (e3344ddefa1..., userDataDir: C:\Users\SNEHAL~1\AppData\L...}, fedcm:accounts: true, goog:chromeOptions: {debuggerAddress: localhost:58881}, javascriptEnabled: true, networkConnectionEnabled: false, pageLoadStrategy: normal, platform: WINDOWS, platformName: WINDOWS, proxy: Proxy(), setWindowRect: true, strictFileInteractability: false, timeouts: {implicit: 0, pageLoad: 300000, script: 30000}, unhandledPromptBehavior: dismiss and notify, webauthn:extension:credBlob: true, webauthn:extension:largeBlob: true, webauthn:extension:minPinLength: true, webauthn:extension:prf: true, webauthn:virtualAuthenticators: true}
Session ID: d20a4e3a57a09590dfa7ac0b149daebd
*** Element info: {Using=xpath, value=//*[@id='ddlStatus_chosen']/div/ul/li[1]}
at java.base/jdk.internal.reflect.DirectConstructorHandleAccessor.newInstance(DirectConstructorHandleAccessor.java:67)
at java.base/java.lang.reflect.Constructor.newInstanceWithCaller(Constructor.java:500)
at java.base/java.lang.reflect.Constructor.newInstance(Constructor.java:484)
at org.openqa.selenium.remote.http.W3CHttpResponseCodec.createException(W3CHttpResponseCodec.java:187)
at org.openqa.selenium.remote.http.W3CHttpResponseCodec.decode(W3CHttpResponseCodec.java:122)
at org.openqa.selenium.remote.http.W3CHttpResponseCodec.decode(W3CHttpResponseCodec.java:49)
at org.openqa.selenium.remote.HttpCommandExecutor.execute(HttpCommandExecutor.java:158)
at org.openqa.selenium.remote.service.DriverCommandExecutor.execute(DriverCommandExecutor.java:83)
at org.openqa.selenium.remote.RemoteWebDriver.execute(RemoteWebDriver.java:552)
at org.openqa.selenium.remote.RemoteWebDriver.findElement(RemoteWebDriver.java:323)
at org.openqa.selenium.remote.RemoteWebDriver.findElementByXPath(RemoteWebDriver.java:428)
at org.openqa.selenium.By$ByXPath.findElement(By.java:353)
at org.openqa.selenium.remote.RemoteWebDriver.findElement(RemoteWebDriver.java:315)
at litigationAdditionalOwner.performerPOM.clickNoticeTaskstatusResponsecfo1(performerPOM.java:5258)
at litigationManagement.CFOMethod.CaseTaskActivtityResponseClearBtn(CFOMethod.java:20110)
at litigationManagement.CFO.CaseTaskActivtityResponseClearBtn(CFO.java:1707)
at java.base/jdk.internal.reflect.DirectMethodHandleAccessor.invoke(DirectMethodHandleAccessor.java:104)
at java.base/java.lang.reflect.Method.invoke(Method.java:578)
at org.testng.internal.MethodInvocationHelper.invokeMethod(MethodInvocationHelper.java:133)
at org.testng.internal.TestInvoker.invokeMethod(TestInvoker.java:598)
at org.testng.internal.TestInvoker.invokeTestMethod(TestInvoker.java:173)
at org.testng.internal.MethodRunner.runInSequence(MethodRunner.java:46)
at org.testng.internal.TestInvoker$MethodInvocationAgent.invoke(TestInvoker.java:824)
at org.testng.internal.TestInvoker.invokeTestMethods(TestInvoker.java:146)
at org.testng.internal.TestMethodWorker.invokeTestMethods(TestMethodWorker.java:146)
at org.testng.internal.TestMethodWorker.run(TestMethodWorker.java:128)
at java.base/java.util.ArrayList.forEach(ArrayList.java:1511)
at org.testng.TestRunner.privateRun(TestRunner.java:794)
at org.testng.TestRunner.run(TestRunner.java:596)
at org.testng.SuiteRunner.runTest(SuiteRunner.java:377)
at org.testng.SuiteRunner.runSequentially(SuiteRunner.java:371)
at org.testng.SuiteRunner.privateRun(SuiteRunner.java:332)
at org.testng.SuiteRunner.run(SuiteRunner.java:276)
at org.testng.SuiteRunnerWorker.runSuite(SuiteRunnerWorker.java:53)
at org.testng.SuiteRunnerWorker.run(SuiteRunnerWorker.java:96)
at org.testng.TestNG.runSuitesSequentially(TestNG.java:1212)
at org.testng.TestNG.runSuitesLocally(TestNG.java:1134)
at org.testng.TestNG.runSuites(TestNG.java:1063)
at org.testng.TestNG.run(TestNG.java:1031)
at org.testng.remote.AbstractRemoteTestNG.run(AbstractRemoteTestNG.java:115)
at org.testng.remote.RemoteTestNG.initAndRun(RemoteTestNG.java:251)
at org.testng.remote.RemoteTestNG.main(RemoteTestNG.java:77)
]]>
    </failure>
  </testcase> <!-- CaseTaskActivtityResponseClearBtn -->
  <testcase classname="litigationManagement.CFO" name="CaseHearingcfo" time="143.287"/>
  <testcase classname="litigationManagement.CFO" name="CaseExistingHearingDate" time="32.138"/>
  <testcase classname="litigationManagement.CFO" name="CaseWithoutHearingData" time="28.211"/>
  <testcase classname="litigationManagement.CFO" name="CaseHearingInvalidDate" time="34.908"/>
  <testcase classname="litigationManagement.CFO" name="CaseHearingClearBtn" time="28.832"/>
  <testcase classname="litigationManagement.CFO" name="CaseOrder" time="81.523"/>
  <testcase classname="litigationManagement.CFO" name="CaseOrderExistingData" time="0.0">
    <skipped/>
  </testcase> <!-- CaseOrderExistingData -->
  <testcase classname="litigationManagement.CFO" name="CaseOrderWithoutData" time="0.0">
    <skipped/>
  </testcase> <!-- CaseOrderWithoutData -->
  <testcase classname="litigationManagement.CFO" name="CaseOrderwithClearBtn" time="0.0">
    <skipped/>
  </testcase> <!-- CaseOrderwithClearBtn -->
  <testcase classname="litigationManagement.CFO" name="CaseStatusPayment" time="0.0">
    <skipped/>
  </testcase> <!-- CaseStatusPayment -->
  <testcase classname="litigationManagement.CFO" name="StatusPaymentExistingdata" time="0.0">
    <skipped/>
  </testcase> <!-- StatusPaymentExistingdata -->
  <testcase classname="litigationManagement.CFO" name="StatusPaymentWithoutdata" time="0.0">
    <skipped/>
  </testcase> <!-- StatusPaymentWithoutdata -->
  <testcase classname="litigationManagement.CFO" name="CaseStatuswithEmptyFields" time="0.0">
    <skipped/>
  </testcase> <!-- CaseStatuswithEmptyFields -->
  <testcase classname="litigationManagement.CFO" name="CaseExternalLawyerRating" time="0.0">
    <skipped/>
  </testcase> <!-- CaseExternalLawyerRating -->
  <testcase classname="litigationManagement.CFO" name="CaseExternalLawyerCriteria" time="0.0">
    <skipped/>
  </testcase> <!-- CaseExternalLawyerCriteria -->
  <testcase classname="litigationManagement.CFO" name="CaseExistingCriteria" time="0.0">
    <skipped/>
  </testcase> <!-- CaseExistingCriteria -->
  <testcase classname="litigationManagement.CFO" name="CaseCriteriaInvalidData" time="0.0">
    <skipped/>
  </testcase> <!-- CaseCriteriaInvalidData -->
  <testcase classname="litigationManagement.CFO" name="CaseCriteriaWithoutData" time="0.0">
    <skipped/>
  </testcase> <!-- CaseCriteriaWithoutData -->
  <testcase classname="litigationManagement.CFO" name="CaseAuditLog" time="0.0">
    <skipped/>
  </testcase> <!-- CaseAuditLog -->
  <testcase classname="litigationManagement.CFO" name="MyReminder" time="0.0">
    <skipped/>
  </testcase> <!-- MyReminder -->
  <testcase classname="litigationManagement.CFO" name="ReminderWithoutData" time="0.0">
    <skipped/>
  </testcase> <!-- ReminderWithoutData -->
  <testcase classname="litigationManagement.CFO" name="ImportUtility" time="0.0">
    <skipped/>
  </testcase> <!-- ImportUtility -->
  <testcase classname="litigationManagement.CFO" name="ImportUtilityWithoutData" time="0.0">
    <skipped/>
  </testcase> <!-- ImportUtilityWithoutData -->
  <testcase classname="litigationManagement.CFO" name="ImportUtilityInvalidData" time="0.0">
    <skipped/>
  </testcase> <!-- ImportUtilityInvalidData -->
  <testcase classname="litigationManagement.CFO" name="ImportUtilityTwoManadtoryFileds" time="0.0">
    <skipped/>
  </testcase> <!-- ImportUtilityTwoManadtoryFileds -->
  <testcase classname="litigationManagement.CFO" name="AdvancedSearch" time="0.0">
    <skipped/>
  </testcase> <!-- AdvancedSearch -->
  <testcase classname="litigationManagement.CFO" name="AdvancedSearchDoc" time="0.0">
    <skipped/>
  </testcase> <!-- AdvancedSearchDoc -->
  <testcase classname="litigationManagement.CFO" name="AdvancedSearchShareCaseDocument" time="0.0">
    <skipped/>
  </testcase> <!-- AdvancedSearchShareCaseDocument -->
  <testcase classname="litigationManagement.CFO" name="AdvancedSearchShareNoticeDocument" time="0.0">
    <skipped/>
  </testcase> <!-- AdvancedSearchShareNoticeDocument -->
  <testcase classname="litigationManagement.CFO" name="AdvancedSearchShareTaskDocument" time="0.0">
    <skipped/>
  </testcase> <!-- AdvancedSearchShareTaskDocument -->
  <testcase classname="litigationManagement.CFO" name="CriticalDocuments" time="0.0">
    <skipped/>
  </testcase> <!-- CriticalDocuments -->
  <testcase classname="litigationManagement.CFO" name="CriticalDocuments1" time="0.0">
    <skipped/>
  </testcase> <!-- CriticalDocuments1 -->
  <testcase classname="litigationManagement.CFO" name="AdvancedSearchreport" time="0.0">
    <skipped/>
  </testcase> <!-- AdvancedSearchreport -->
  <testcase classname="litigationManagement.CFO" name="Masters" time="0.0">
    <skipped/>
  </testcase> <!-- Masters -->
  <testcase classname="litigationManagement.CFO" name="MastersLegalEntity" time="0.0">
    <skipped/>
  </testcase> <!-- MastersLegalEntity -->
  <testcase classname="litigationManagement.CFO" name="MastersLegalEntity1" time="0.0">
    <skipped/>
  </testcase> <!-- MastersLegalEntity1 -->
  <testcase classname="litigationManagement.CFO" name="MastersLegalEntity2" time="0.0">
    <skipped/>
  </testcase> <!-- MastersLegalEntity2 -->
  <testcase classname="litigationManagement.CFO" name="MastersLegalEntity3" time="0.0">
    <skipped/>
  </testcase> <!-- MastersLegalEntity3 -->
  <testcase classname="litigationManagement.CFO" name="UnitEntity" time="0.0">
    <skipped/>
  </testcase> <!-- UnitEntity -->
  <testcase classname="litigationManagement.CFO" name="Masters1" time="0.0">
    <skipped/>
  </testcase> <!-- Masters1 -->
  <testcase classname="litigationManagement.CFO" name="MastersLawFirm" time="0.0">
    <skipped/>
  </testcase> <!-- MastersLawFirm -->
  <testcase classname="litigationManagement.CFO" name="MastersLawFirm1" time="0.0">
    <skipped/>
  </testcase> <!-- MastersLawFirm1 -->
  <testcase classname="litigationManagement.CFO" name="MastersLawFirm2" time="0.0">
    <skipped/>
  </testcase> <!-- MastersLawFirm2 -->
  <testcase classname="litigationManagement.CFO" name="MastersLawFirm3" time="0.0">
    <skipped/>
  </testcase> <!-- MastersLawFirm3 -->
  <testcase classname="litigationManagement.CFO" name="LawyerWithoutData" time="0.0">
    <skipped/>
  </testcase> <!-- LawyerWithoutData -->
  <testcase classname="litigationManagement.CFO" name="LawyerInvalidData" time="0.0">
    <skipped/>
  </testcase> <!-- LawyerInvalidData -->
  <testcase classname="litigationManagement.CFO" name="LawyerTwoManadatoryFileds" time="0.0">
    <skipped/>
  </testcase> <!-- LawyerTwoManadatoryFileds -->
  <testcase classname="litigationManagement.CFO" name="LawyerCloseButton" time="0.0">
    <skipped/>
  </testcase> <!-- LawyerCloseButton -->
  <testcase classname="litigationManagement.CFO" name="Masters2" time="0.0">
    <skipped/>
  </testcase> <!-- Masters2 -->
  <testcase classname="litigationManagement.CFO" name="UserWithoutData" time="0.0">
    <skipped/>
  </testcase> <!-- UserWithoutData -->
  <testcase classname="litigationManagement.CFO" name="UserInvalidData" time="0.0">
    <skipped/>
  </testcase> <!-- UserInvalidData -->
  <testcase classname="litigationManagement.CFO" name="UserTwoManadatoryFields" time="0.0">
    <skipped/>
  </testcase> <!-- UserTwoManadatoryFields -->
  <testcase classname="litigationManagement.CFO" name="UserCloseButton" time="0.0">
    <skipped/>
  </testcase> <!-- UserCloseButton -->
  <testcase classname="litigationManagement.CFO" name="Masters3" time="0.0">
    <skipped/>
  </testcase> <!-- Masters3 -->
  <testcase classname="litigationManagement.CFO" name="OpponentWithoutData" time="0.0">
    <skipped/>
  </testcase> <!-- OpponentWithoutData -->
  <testcase classname="litigationManagement.CFO" name="OpponentInvalidData" time="0.0">
    <skipped/>
  </testcase> <!-- OpponentInvalidData -->
  <testcase classname="litigationManagement.CFO" name="OpponentCloseButton" time="0.0">
    <skipped/>
  </testcase> <!-- OpponentCloseButton -->
  <testcase classname="litigationManagement.CFO" name="Masters4" time="0.0">
    <skipped/>
  </testcase> <!-- Masters4 -->
  <testcase classname="litigationManagement.CFO" name="CourtWithoutData" time="0.0">
    <skipped/>
  </testcase> <!-- CourtWithoutData -->
  <testcase classname="litigationManagement.CFO" name="CourtInvalidData" time="0.0">
    <skipped/>
  </testcase> <!-- CourtInvalidData -->
  <testcase classname="litigationManagement.CFO" name="CourtTwomanadatoryFields" time="0.0">
    <skipped/>
  </testcase> <!-- CourtTwomanadatoryFields -->
  <testcase classname="litigationManagement.CFO" name="CourtCloseButton" time="0.0">
    <skipped/>
  </testcase> <!-- CourtCloseButton -->
  <testcase classname="litigationManagement.CFO" name="Masters5" time="0.0">
    <skipped/>
  </testcase> <!-- Masters5 -->
  <testcase classname="litigationManagement.CFO" name="CaseNoticeTypeWithoutData" time="0.0">
    <skipped/>
  </testcase> <!-- CaseNoticeTypeWithoutData -->
  <testcase classname="litigationManagement.CFO" name="CaseNoticeTypeInvaliData" time="0.0">
    <skipped/>
  </testcase> <!-- CaseNoticeTypeInvaliData -->
  <testcase classname="litigationManagement.CFO" name="CaseNoticeTypeCloseBuuton" time="0.0">
    <skipped/>
  </testcase> <!-- CaseNoticeTypeCloseBuuton -->
  <testcase classname="litigationManagement.CFO" name="Masters6" time="0.0">
    <skipped/>
  </testcase> <!-- Masters6 -->
  <testcase classname="litigationManagement.CFO" name="PaymentTypeWithouData" time="0.0">
    <skipped/>
  </testcase> <!-- PaymentTypeWithouData -->
  <testcase classname="litigationManagement.CFO" name="PaymentTypeInvalidData" time="0.0">
    <skipped/>
  </testcase> <!-- PaymentTypeInvalidData -->
  <testcase classname="litigationManagement.CFO" name="PaymentTypeCloseButton" time="0.0">
    <skipped/>
  </testcase> <!-- PaymentTypeCloseButton -->
  <testcase classname="litigationManagement.CFO" name="Masters7" time="0.0">
    <skipped/>
  </testcase> <!-- Masters7 -->
  <testcase classname="litigationManagement.CFO" name="customParameterWithoutData" time="0.0">
    <skipped/>
  </testcase> <!-- customParameterWithoutData -->
  <testcase classname="litigationManagement.CFO" name="customParameterCloseButton" time="0.0">
    <skipped/>
  </testcase> <!-- customParameterCloseButton -->
  <testcase classname="litigationManagement.CFO" name="Masters8" time="0.0">
    <skipped/>
  </testcase> <!-- Masters8 -->
  <testcase classname="litigationManagement.CFO" name="CaseStageWithoutData" time="0.0">
    <skipped/>
  </testcase> <!-- CaseStageWithoutData -->
  <testcase classname="litigationManagement.CFO" name="CaseStageInvalidData" time="0.0">
    <skipped/>
  </testcase> <!-- CaseStageInvalidData -->
  <testcase classname="litigationManagement.CFO" name="CaseStageCloseButton" time="0.0">
    <skipped/>
  </testcase> <!-- CaseStageCloseButton -->
  <testcase classname="litigationManagement.CFO" name="Masters9" time="0.0">
    <skipped/>
  </testcase> <!-- Masters9 -->
  <testcase classname="litigationManagement.CFO" name="DocumentTypeWithoutData" time="0.0">
    <skipped/>
  </testcase> <!-- DocumentTypeWithoutData -->
  <testcase classname="litigationManagement.CFO" name="DocumentTypeInvalidData" time="0.0">
    <skipped/>
  </testcase> <!-- DocumentTypeInvalidData -->
  <testcase classname="litigationManagement.CFO" name="DocumentTypeCloseButton" time="0.0">
    <skipped/>
  </testcase> <!-- DocumentTypeCloseButton -->
  <testcase classname="litigationManagement.CFO" name="Masters10" time="0.0">
    <skipped/>
  </testcase> <!-- Masters10 -->
  <testcase classname="litigationManagement.CFO" name="RatingCriteriaWithoutData" time="0.0">
    <skipped/>
  </testcase> <!-- RatingCriteriaWithoutData -->
  <testcase classname="litigationManagement.CFO" name="RatingCriteriaInvalidData" time="0.0">
    <skipped/>
  </testcase> <!-- RatingCriteriaInvalidData -->
  <testcase classname="litigationManagement.CFO" name="RatingCriteriaCloseButton" time="0.0">
    <skipped/>
  </testcase> <!-- RatingCriteriaCloseButton -->
  <testcase classname="litigationManagement.CFO" name="Masters12" time="0.0">
    <skipped/>
  </testcase> <!-- Masters12 -->
  <testcase classname="litigationManagement.CFO" name="Masters11" time="0.0">
    <skipped/>
  </testcase> <!-- Masters11 -->
  <testcase classname="litigationManagement.CFO" name="Masters13" time="0.0">
    <skipped/>
  </testcase> <!-- Masters13 -->
  <testcase classname="litigationManagement.CFO" name="CaseHearing" time="0.0">
    <skipped/>
  </testcase> <!-- CaseHearing -->
  <testcase classname="litigationManagement.CFO" name="NoticeDocViewandDownload" time="0.0">
    <skipped/>
  </testcase> <!-- NoticeDocViewandDownload -->
</testsuite> <!-- Default test -->
