<?xml version="1.0" encoding="UTF-8"?>
<!-- Generated by org.testng.reporters.JUnitXMLReporter -->
<testsuite ignored="0" hostname="DESKTOP-LP" failures="2" tests="57" name="Default test" time="1149.112" errors="0" timestamp="2023-08-16T17:12:07 IST">
  <testcase classname="litigationCompanyAdmin.CompanyAdmin" name="@BeforeMethod Login" time="10.719">
    <failure type="org.openqa.selenium.WebDriverException" message="java.net.ConnectException: Failed to connect to localhost/[0:0:0:0:0:0:0:1]:33700
Build info: version: &amp;apos;3.141.0&amp;apos;, revision: &amp;apos;2ecb7d9a&amp;apos;, time: &amp;apos;2018-10-31T20:09:30&amp;apos;
System info: host: &amp;apos;DESKTOP-LP&amp;apos;, ip: &amp;apos;172.26.16.1&amp;apos;, os.name: &amp;apos;Windows 10&amp;apos;, os.arch: &amp;apos;amd64&amp;apos;, os.version: &amp;apos;10.0&amp;apos;, java.version: &amp;apos;20&amp;apos;
Driver info: driver.version: RemoteWebDriver">
      <![CDATA[org.openqa.selenium.WebDriverException: java.net.ConnectException: Failed to connect to localhost/[0:0:0:0:0:0:0:1]:33700
Build info: version: '3.141.0', revision: '2ecb7d9a', time: '2018-10-31T20:09:30'
System info: host: 'DESKTOP-LP', ip: '172.26.16.1', os.name: 'Windows 10', os.arch: 'amd64', os.version: '10.0', java.version: '20'
Driver info: driver.version: RemoteWebDriver
at org.openqa.selenium.remote.service.DriverCommandExecutor.execute(DriverCommandExecutor.java:92)
at org.openqa.selenium.remote.RemoteWebDriver.execute(RemoteWebDriver.java:552)
at org.openqa.selenium.remote.RemoteWebDriver.get(RemoteWebDriver.java:277)
at login.Login.BrowserSetup(Login.java:37)
at litigationCompanyAdmin.CompanyAdmin.Login(CompanyAdmin.java:83)
at java.base/jdk.internal.reflect.DirectMethodHandleAccessor.invoke(DirectMethodHandleAccessor.java:104)
at java.base/java.lang.reflect.Method.invoke(Method.java:578)
at org.testng.internal.MethodInvocationHelper.invokeMethod(MethodInvocationHelper.java:133)
at org.testng.internal.MethodInvocationHelper.invokeMethodConsideringTimeout(MethodInvocationHelper.java:62)
at org.testng.internal.ConfigInvoker.invokeConfigurationMethod(ConfigInvoker.java:385)
at org.testng.internal.ConfigInvoker.invokeConfigurations(ConfigInvoker.java:321)
at org.testng.internal.TestInvoker.runConfigMethods(TestInvoker.java:700)
at org.testng.internal.TestInvoker.invokeMethod(TestInvoker.java:527)
at org.testng.internal.TestInvoker.invokeTestMethod(TestInvoker.java:173)
at org.testng.internal.MethodRunner.runInSequence(MethodRunner.java:46)
at org.testng.internal.TestInvoker$MethodInvocationAgent.invoke(TestInvoker.java:824)
at org.testng.internal.TestInvoker.invokeTestMethods(TestInvoker.java:146)
at org.testng.internal.TestMethodWorker.invokeTestMethods(TestMethodWorker.java:146)
at org.testng.internal.TestMethodWorker.run(TestMethodWorker.java:128)
at java.base/java.util.ArrayList.forEach(ArrayList.java:1511)
at org.testng.TestRunner.privateRun(TestRunner.java:794)
at org.testng.TestRunner.run(TestRunner.java:596)
at org.testng.SuiteRunner.runTest(SuiteRunner.java:377)
at org.testng.SuiteRunner.runSequentially(SuiteRunner.java:371)
at org.testng.SuiteRunner.privateRun(SuiteRunner.java:332)
at org.testng.SuiteRunner.run(SuiteRunner.java:276)
at org.testng.SuiteRunnerWorker.runSuite(SuiteRunnerWorker.java:53)
at org.testng.SuiteRunnerWorker.run(SuiteRunnerWorker.java:96)
at org.testng.TestNG.runSuitesSequentially(TestNG.java:1212)
at org.testng.TestNG.runSuitesLocally(TestNG.java:1134)
at org.testng.TestNG.runSuites(TestNG.java:1063)
at org.testng.TestNG.run(TestNG.java:1031)
at org.testng.remote.AbstractRemoteTestNG.run(AbstractRemoteTestNG.java:115)
at org.testng.remote.RemoteTestNG.initAndRun(RemoteTestNG.java:251)
at org.testng.remote.RemoteTestNG.main(RemoteTestNG.java:77)
Caused by: java.net.ConnectException: Failed to connect to localhost/[0:0:0:0:0:0:0:1]:33700
at okhttp3.internal.connection.RealConnection.connectSocket(RealConnection.java:247)
at okhttp3.internal.connection.RealConnection.connect(RealConnection.java:165)
at okhttp3.internal.connection.StreamAllocation.findConnection(StreamAllocation.java:257)
at okhttp3.internal.connection.StreamAllocation.findHealthyConnection(StreamAllocation.java:135)
at okhttp3.internal.connection.StreamAllocation.newStream(StreamAllocation.java:114)
at okhttp3.internal.connection.ConnectInterceptor.intercept(ConnectInterceptor.java:42)
at okhttp3.internal.http.RealInterceptorChain.proceed(RealInterceptorChain.java:147)
at okhttp3.internal.http.RealInterceptorChain.proceed(RealInterceptorChain.java:121)
at okhttp3.internal.cache.CacheInterceptor.intercept(CacheInterceptor.java:93)
at okhttp3.internal.http.RealInterceptorChain.proceed(RealInterceptorChain.java:147)
at okhttp3.internal.http.RealInterceptorChain.proceed(RealInterceptorChain.java:121)
at okhttp3.internal.http.BridgeInterceptor.intercept(BridgeInterceptor.java:93)
at okhttp3.internal.http.RealInterceptorChain.proceed(RealInterceptorChain.java:147)
at okhttp3.internal.http.RetryAndFollowUpInterceptor.intercept(RetryAndFollowUpInterceptor.java:126)
at okhttp3.internal.http.RealInterceptorChain.proceed(RealInterceptorChain.java:147)
at okhttp3.internal.http.RealInterceptorChain.proceed(RealInterceptorChain.java:121)
at okhttp3.RealCall.getResponseWithInterceptorChain(RealCall.java:200)
at okhttp3.RealCall.execute(RealCall.java:77)
at org.openqa.selenium.remote.internal.OkHttpClient.execute(OkHttpClient.java:103)
at org.openqa.selenium.remote.HttpCommandExecutor.execute(HttpCommandExecutor.java:155)
at org.openqa.selenium.remote.service.DriverCommandExecutor.execute(DriverCommandExecutor.java:83)
... 34 more
Caused by: java.net.ConnectException: Connection refused: no further information
at java.base/sun.nio.ch.Net.pollConnect(Native Method)
at java.base/sun.nio.ch.Net.pollConnectNow(Net.java:673)
at java.base/sun.nio.ch.NioSocketImpl.timedFinishConnect(NioSocketImpl.java:535)
at java.base/sun.nio.ch.NioSocketImpl.connect(NioSocketImpl.java:585)
at java.base/java.net.SocksSocketImpl.connect(SocksSocketImpl.java:327)
at java.base/java.net.Socket.connect(Socket.java:666)
at okhttp3.internal.platform.Platform.connectSocket(Platform.java:129)
at okhttp3.internal.connection.RealConnection.connectSocket(RealConnection.java:245)
... 54 more
]]>
    </failure>
  </testcase> <!-- @BeforeMethod Login -->
  <testcase classname="litigationCompanyAdmin.CompanyAdmin" name="@AfterMethod Close" time="-1.692186126332E9">
    <skipped/>
  </testcase> <!-- @AfterMethod Close -->
  <testcase classname="litigationCompanyAdmin.CompanyAdmin" name="@BeforeMethod Login" time="-1.692186126334E9">
    <skipped/>
  </testcase> <!-- @BeforeMethod Login -->
  <testcase classname="litigationCompanyAdmin.CompanyAdmin" name="@AfterMethod Close" time="-1.692186126341E9">
    <skipped/>
  </testcase> <!-- @AfterMethod Close -->
  <testcase classname="litigationCompanyAdmin.CompanyAdmin" name="@BeforeMethod Login" time="-1.692186126343E9">
    <skipped/>
  </testcase> <!-- @BeforeMethod Login -->
  <testcase classname="litigationCompanyAdmin.CompanyAdmin" name="@AfterMethod Close" time="-1.692186126352E9">
    <skipped/>
  </testcase> <!-- @AfterMethod Close -->
  <testcase classname="litigationCompanyAdmin.CompanyAdmin" name="@BeforeMethod Login" time="-1.692186126354E9">
    <skipped/>
  </testcase> <!-- @BeforeMethod Login -->
  <testcase classname="litigationCompanyAdmin.CompanyAdmin" name="@AfterMethod Close" time="-1.692186126363E9">
    <skipped/>
  </testcase> <!-- @AfterMethod Close -->
  <testcase classname="litigationCompanyAdmin.CompanyAdmin" name="@BeforeMethod Login" time="-1.692186126366E9">
    <skipped/>
  </testcase> <!-- @BeforeMethod Login -->
  <testcase classname="litigationCompanyAdmin.CompanyAdmin" name="@AfterMethod Close" time="-1.692186126378E9">
    <skipped/>
  </testcase> <!-- @AfterMethod Close -->
  <testcase classname="litigationCompanyAdmin.CompanyAdmin" name="@BeforeMethod Login" time="-1.692186126385E9">
    <skipped/>
  </testcase> <!-- @BeforeMethod Login -->
  <testcase classname="litigationCompanyAdmin.CompanyAdmin" name="@AfterMethod Close" time="-1.692186126394E9">
    <skipped/>
  </testcase> <!-- @AfterMethod Close -->
  <testcase classname="litigationCompanyAdmin.CompanyAdmin" name="@BeforeMethod Login" time="-1.692186126397E9">
    <skipped/>
  </testcase> <!-- @BeforeMethod Login -->
  <testcase classname="litigationCompanyAdmin.CompanyAdmin" name="@AfterMethod Close" time="-1.692186126412E9">
    <skipped/>
  </testcase> <!-- @AfterMethod Close -->
  <testcase classname="litigationCompanyAdmin.CompanyAdmin" name="@BeforeMethod Login" time="-1.692186126426E9">
    <skipped/>
  </testcase> <!-- @BeforeMethod Login -->
  <testcase classname="litigationCompanyAdmin.CompanyAdmin" name="@AfterMethod Close" time="-1.692186126439E9">
    <skipped/>
  </testcase> <!-- @AfterMethod Close -->
  <testcase classname="litigationCompanyAdmin.CompanyAdmin" name="@BeforeMethod Login" time="-1.692186126442E9">
    <skipped/>
  </testcase> <!-- @BeforeMethod Login -->
  <testcase classname="litigationCompanyAdmin.CompanyAdmin" name="@AfterMethod Close" time="-1.692186126454E9">
    <skipped/>
  </testcase> <!-- @AfterMethod Close -->
  <testcase classname="litigationCompanyAdmin.CompanyAdmin" name="@BeforeMethod Login" time="-1.692186126455E9">
    <skipped/>
  </testcase> <!-- @BeforeMethod Login -->
  <testcase classname="litigationCompanyAdmin.CompanyAdmin" name="@AfterMethod Close" time="-1.692186126463E9">
    <skipped/>
  </testcase> <!-- @AfterMethod Close -->
  <testcase classname="litigationCompanyAdmin.CompanyAdmin" name="@BeforeMethod Login" time="-1.69218612647E9">
    <skipped/>
  </testcase> <!-- @BeforeMethod Login -->
  <testcase classname="litigationCompanyAdmin.CompanyAdmin" name="@AfterMethod Close" time="-1.692186126476E9">
    <skipped/>
  </testcase> <!-- @AfterMethod Close -->
  <testcase classname="litigationCompanyAdmin.CompanyAdmin" name="@BeforeMethod Login" time="-1.692186126495E9">
    <skipped/>
  </testcase> <!-- @BeforeMethod Login -->
  <testcase classname="litigationCompanyAdmin.CompanyAdmin" name="@AfterMethod Close" time="-1.692186126504E9">
    <skipped/>
  </testcase> <!-- @AfterMethod Close -->
  <testcase classname="litigationCompanyAdmin.CompanyAdmin" name="@BeforeMethod Login" time="-1.692186126506E9">
    <skipped/>
  </testcase> <!-- @BeforeMethod Login -->
  <testcase classname="litigationCompanyAdmin.CompanyAdmin" name="@AfterMethod Close" time="-1.692186126514E9">
    <skipped/>
  </testcase> <!-- @AfterMethod Close -->
  <testcase classname="litigationCompanyAdmin.CompanyAdmin" name="@BeforeMethod Login" time="-1.692186126516E9">
    <skipped/>
  </testcase> <!-- @BeforeMethod Login -->
  <testcase classname="litigationCompanyAdmin.CompanyAdmin" name="@AfterMethod Close" time="-1.692186126525E9">
    <skipped/>
  </testcase> <!-- @AfterMethod Close -->
  <testcase classname="litigationCompanyAdmin.CompanyAdmin" name="@BeforeMethod Login" time="-1.692186126526E9">
    <skipped/>
  </testcase> <!-- @BeforeMethod Login -->
  <testcase classname="litigationCompanyAdmin.CompanyAdmin" name="@AfterMethod Close" time="-1.692186126548E9">
    <skipped/>
  </testcase> <!-- @AfterMethod Close -->
  <testcase classname="litigationCompanyAdmin.CompanyAdmin" name="@BeforeMethod Login" time="-1.692186126554E9">
    <skipped/>
  </testcase> <!-- @BeforeMethod Login -->
  <testcase classname="litigationCompanyAdmin.CompanyAdmin" name="@AfterMethod Close" time="-1.692186126565E9">
    <skipped/>
  </testcase> <!-- @AfterMethod Close -->
  <testcase classname="litigationCompanyAdmin.CompanyAdmin" name="@BeforeMethod Login" time="-1.692186126569E9">
    <skipped/>
  </testcase> <!-- @BeforeMethod Login -->
  <testcase classname="litigationCompanyAdmin.CompanyAdmin" name="@AfterMethod Close" time="-1.692186126581E9">
    <skipped/>
  </testcase> <!-- @AfterMethod Close -->
  <testcase classname="litigationCompanyAdmin.CompanyAdmin" name="@BeforeMethod Login" time="-1.692186126583E9">
    <skipped/>
  </testcase> <!-- @BeforeMethod Login -->
  <testcase classname="litigationCompanyAdmin.CompanyAdmin" name="@AfterMethod Close" time="-1.692186126588E9">
    <skipped/>
  </testcase> <!-- @AfterMethod Close -->
  <testcase classname="litigationCompanyAdmin.CompanyAdmin" name="@BeforeMethod Login" time="-1.69218612659E9">
    <skipped/>
  </testcase> <!-- @BeforeMethod Login -->
  <testcase classname="litigationCompanyAdmin.CompanyAdmin" name="@AfterMethod Close" time="-1.692186126594E9">
    <skipped/>
  </testcase> <!-- @AfterMethod Close -->
  <testcase classname="litigationCompanyAdmin.CompanyAdmin" name="@BeforeMethod Login" time="-1.692186126595E9">
    <skipped/>
  </testcase> <!-- @BeforeMethod Login -->
  <testcase classname="litigationCompanyAdmin.CompanyAdmin" name="@AfterMethod Close" time="-1.692186126601E9">
    <skipped/>
  </testcase> <!-- @AfterMethod Close -->
  <testcase classname="litigationCompanyAdmin.CompanyAdmin" name="@BeforeMethod Login" time="-1.692186126602E9">
    <skipped/>
  </testcase> <!-- @BeforeMethod Login -->
  <testcase classname="litigationCompanyAdmin.CompanyAdmin" name="@AfterMethod Close" time="-1.692186126613E9">
    <skipped/>
  </testcase> <!-- @AfterMethod Close -->
  <testcase classname="litigationCompanyAdmin.CompanyAdmin" name="@BeforeMethod Login" time="-1.692186126615E9">
    <skipped/>
  </testcase> <!-- @BeforeMethod Login -->
  <testcase classname="litigationCompanyAdmin.CompanyAdmin" name="@AfterMethod Close" time="-1.692186126622E9">
    <skipped/>
  </testcase> <!-- @AfterMethod Close -->
  <testcase classname="litigationCompanyAdmin.CompanyAdmin" name="@BeforeMethod Login" time="-1.692186126624E9">
    <skipped/>
  </testcase> <!-- @BeforeMethod Login -->
  <testcase classname="litigationCompanyAdmin.CompanyAdmin" name="@AfterMethod Close" time="-1.692186126628E9">
    <skipped/>
  </testcase> <!-- @AfterMethod Close -->
  <testcase classname="litigationCompanyAdmin.CompanyAdmin" name="@BeforeMethod Login" time="-1.69218612663E9">
    <skipped/>
  </testcase> <!-- @BeforeMethod Login -->
  <testcase classname="litigationCompanyAdmin.CompanyAdmin" name="@AfterMethod Close" time="-1.692186126634E9">
    <skipped/>
  </testcase> <!-- @AfterMethod Close -->
  <testcase classname="litigationCompanyAdmin.CompanyAdmin" name="@BeforeMethod Login" time="-1.692186126636E9">
    <skipped/>
  </testcase> <!-- @BeforeMethod Login -->
  <testcase classname="litigationCompanyAdmin.CompanyAdmin" name="@AfterMethod Close" time="-1.692186126641E9">
    <skipped/>
  </testcase> <!-- @AfterMethod Close -->
  <testcase classname="litigationCompanyAdmin.CompanyAdmin" name="@BeforeMethod Login" time="-1.692186126643E9">
    <skipped/>
  </testcase> <!-- @BeforeMethod Login -->
  <testcase classname="litigationCompanyAdmin.CompanyAdmin" name="@AfterMethod Close" time="-1.692186126652E9">
    <skipped/>
  </testcase> <!-- @AfterMethod Close -->
  <testcase classname="litigationCompanyAdmin.CompanyAdmin" name="@BeforeMethod Login" time="-1.692186126655E9">
    <skipped/>
  </testcase> <!-- @BeforeMethod Login -->
  <testcase classname="litigationCompanyAdmin.CompanyAdmin" name="@AfterMethod Close" time="-1.692186126664E9">
    <skipped/>
  </testcase> <!-- @AfterMethod Close -->
  <testcase classname="litigationCompanyAdmin.CompanyAdmin" name="@BeforeMethod Login" time="-1.692186126671E9">
    <skipped/>
  </testcase> <!-- @BeforeMethod Login -->
  <testcase classname="litigationCompanyAdmin.CompanyAdmin" name="@AfterMethod Close" time="-1.692186126676E9">
    <skipped/>
  </testcase> <!-- @AfterMethod Close -->
  <testcase classname="litigationCompanyAdmin.CompanyAdmin" name="@BeforeMethod Login" time="-1.692186126677E9">
    <skipped/>
  </testcase> <!-- @BeforeMethod Login -->
  <testcase classname="litigationCompanyAdmin.CompanyAdmin" name="@AfterMethod Close" time="-1.692186126682E9">
    <skipped/>
  </testcase> <!-- @AfterMethod Close -->
  <testcase classname="litigationCompanyAdmin.CompanyAdmin" name="@BeforeMethod Login" time="-1.692186126683E9">
    <skipped/>
  </testcase> <!-- @BeforeMethod Login -->
  <testcase classname="litigationCompanyAdmin.CompanyAdmin" name="@AfterMethod Close" time="-1.692186126693E9">
    <skipped/>
  </testcase> <!-- @AfterMethod Close -->
  <testcase classname="litigationCompanyAdmin.CompanyAdmin" name="@BeforeMethod Login" time="-1.692186126703E9">
    <skipped/>
  </testcase> <!-- @BeforeMethod Login -->
  <testcase classname="litigationCompanyAdmin.CompanyAdmin" name="@AfterMethod Close" time="-1.692186126709E9">
    <skipped/>
  </testcase> <!-- @AfterMethod Close -->
  <testcase classname="litigationCompanyAdmin.CompanyAdmin" name="@BeforeMethod Login" time="-1.692186126713E9">
    <skipped/>
  </testcase> <!-- @BeforeMethod Login -->
  <testcase classname="litigationCompanyAdmin.CompanyAdmin" name="@AfterMethod Close" time="-1.69218612672E9">
    <skipped/>
  </testcase> <!-- @AfterMethod Close -->
  <testcase classname="litigationCompanyAdmin.CompanyAdmin" name="@BeforeMethod Login" time="-1.692186126721E9">
    <skipped/>
  </testcase> <!-- @BeforeMethod Login -->
  <testcase classname="litigationCompanyAdmin.CompanyAdmin" name="@AfterMethod Close" time="-1.692186126725E9">
    <skipped/>
  </testcase> <!-- @AfterMethod Close -->
  <testcase classname="litigationCompanyAdmin.CompanyAdmin" name="@BeforeMethod Login" time="-1.692186126727E9">
    <skipped/>
  </testcase> <!-- @BeforeMethod Login -->
  <testcase classname="litigationCompanyAdmin.CompanyAdmin" name="@AfterMethod Close" time="-1.692186126731E9">
    <skipped/>
  </testcase> <!-- @AfterMethod Close -->
  <testcase classname="litigationCompanyAdmin.CompanyAdmin" name="@BeforeMethod Login" time="-1.692186126733E9">
    <skipped/>
  </testcase> <!-- @BeforeMethod Login -->
  <testcase classname="litigationCompanyAdmin.CompanyAdmin" name="@AfterMethod Close" time="-1.692186126737E9">
    <skipped/>
  </testcase> <!-- @AfterMethod Close -->
  <testcase classname="litigationCompanyAdmin.CompanyAdmin" name="@BeforeMethod Login" time="-1.69218612674E9">
    <skipped/>
  </testcase> <!-- @BeforeMethod Login -->
  <testcase classname="litigationCompanyAdmin.CompanyAdmin" name="@AfterMethod Close" time="-1.692186126745E9">
    <skipped/>
  </testcase> <!-- @AfterMethod Close -->
  <testcase classname="litigationCompanyAdmin.CompanyAdmin" name="@BeforeMethod Login" time="-1.692186126747E9">
    <skipped/>
  </testcase> <!-- @BeforeMethod Login -->
  <testcase classname="litigationCompanyAdmin.CompanyAdmin" name="@AfterMethod Close" time="-1.692186126761E9">
    <skipped/>
  </testcase> <!-- @AfterMethod Close -->
  <testcase classname="litigationCompanyAdmin.CompanyAdmin" name="@BeforeMethod Login" time="-1.692186126763E9">
    <skipped/>
  </testcase> <!-- @BeforeMethod Login -->
  <testcase classname="litigationCompanyAdmin.CompanyAdmin" name="@AfterMethod Close" time="-1.692186126767E9">
    <skipped/>
  </testcase> <!-- @AfterMethod Close -->
  <testcase classname="litigationCompanyAdmin.CompanyAdmin" name="@BeforeMethod Login" time="-1.692186126781E9">
    <skipped/>
  </testcase> <!-- @BeforeMethod Login -->
  <testcase classname="litigationCompanyAdmin.CompanyAdmin" name="@AfterMethod Close" time="-1.692186126793E9">
    <skipped/>
  </testcase> <!-- @AfterMethod Close -->
  <testcase classname="litigationCompanyAdmin.CompanyAdmin" name="@BeforeMethod Login" time="-1.692186126795E9">
    <skipped/>
  </testcase> <!-- @BeforeMethod Login -->
  <testcase classname="litigationCompanyAdmin.CompanyAdmin" name="@AfterMethod Close" time="-1.692186126802E9">
    <skipped/>
  </testcase> <!-- @AfterMethod Close -->
  <testcase classname="litigationCompanyAdmin.CompanyAdmin" name="@BeforeMethod Login" time="-1.692186126803E9">
    <skipped/>
  </testcase> <!-- @BeforeMethod Login -->
  <testcase classname="litigationCompanyAdmin.CompanyAdmin" name="@AfterMethod Close" time="-1.69218612684E9">
    <skipped/>
  </testcase> <!-- @AfterMethod Close -->
  <testcase classname="litigationCompanyAdmin.CompanyAdmin" name="@BeforeMethod Login" time="-1.692186126843E9">
    <skipped/>
  </testcase> <!-- @BeforeMethod Login -->
  <testcase classname="litigationCompanyAdmin.CompanyAdmin" name="@AfterMethod Close" time="-1.692186126849E9">
    <skipped/>
  </testcase> <!-- @AfterMethod Close -->
  <testcase classname="litigationCompanyAdmin.CompanyAdmin" name="@BeforeMethod Login" time="-1.692186126851E9">
    <skipped/>
  </testcase> <!-- @BeforeMethod Login -->
  <testcase classname="litigationCompanyAdmin.CompanyAdmin" name="@AfterMethod Close" time="-1.692186126856E9">
    <skipped/>
  </testcase> <!-- @AfterMethod Close -->
  <testcase classname="litigationCompanyAdmin.CompanyAdmin" name="@BeforeMethod Login" time="-1.692186126861E9">
    <skipped/>
  </testcase> <!-- @BeforeMethod Login -->
  <testcase classname="litigationCompanyAdmin.CompanyAdmin" name="@AfterMethod Close" time="-1.692186126866E9">
    <skipped/>
  </testcase> <!-- @AfterMethod Close -->
  <testcase classname="litigationCompanyAdmin.CompanyAdmin" name="@BeforeMethod Login" time="-1.692186126867E9">
    <skipped/>
  </testcase> <!-- @BeforeMethod Login -->
  <testcase classname="litigationCompanyAdmin.CompanyAdmin" name="@AfterMethod Close" time="-1.692186126872E9">
    <skipped/>
  </testcase> <!-- @AfterMethod Close -->
  <testcase classname="litigationCompanyAdmin.CompanyAdmin" name="@BeforeMethod Login" time="-1.692186126873E9">
    <skipped/>
  </testcase> <!-- @BeforeMethod Login -->
  <testcase classname="litigationCompanyAdmin.CompanyAdmin" name="@AfterMethod Close" time="-1.692186126876E9">
    <skipped/>
  </testcase> <!-- @AfterMethod Close -->
  <testcase classname="litigationCompanyAdmin.CompanyAdmin" name="@BeforeMethod Login" time="-1.692186126878E9">
    <skipped/>
  </testcase> <!-- @BeforeMethod Login -->
  <testcase classname="litigationCompanyAdmin.CompanyAdmin" name="@AfterMethod Close" time="-1.692186126887E9">
    <skipped/>
  </testcase> <!-- @AfterMethod Close -->
  <testcase classname="litigationCompanyAdmin.CompanyAdmin" name="NoticeWithoutUploadDocument" time="46.835"/>
  <testcase classname="litigationCompanyAdmin.CompanyAdmin" name="NoticeDocumentSearchFields" time="27.397"/>
  <testcase classname="litigationCompanyAdmin.CompanyAdmin" name="NoticeDocumentShareInvalidData" time="48.77"/>
  <testcase classname="litigationCompanyAdmin.CompanyAdmin" name="MyReports" time="72.092">
    <failure type="org.openqa.selenium.ElementNotInteractableException" message="element not interactable
  (Session info: chrome=115.0.5790.171)
Build info: version: &amp;apos;3.141.0&amp;apos;, revision: &amp;apos;2ecb7d9a&amp;apos;, time: &amp;apos;2018-10-31T20:09:30&amp;apos;
System info: host: &amp;apos;DESKTOP-LP&amp;apos;, ip: &amp;apos;172.26.16.1&amp;apos;, os.name: &amp;apos;Windows 10&amp;apos;, os.arch: &amp;apos;amd64&amp;apos;, os.version: &amp;apos;10.0&amp;apos;, java.version: &amp;apos;20&amp;apos;
Driver info: org.openqa.selenium.chrome.ChromeDriver
Capabilities {acceptInsecureCerts: false, browserName: chrome, browserVersion: 115.0.5790.171, chrome: {chromedriverVersion: 114.0.5735.90 (386bc09e8f4f..., userDataDir: C:\Users\SNEHAL~1\AppData\L...}, goog:chromeOptions: {debuggerAddress: localhost:61306}, javascriptEnabled: true, networkConnectionEnabled: false, pageLoadStrategy: normal, platform: WINDOWS, platformName: WINDOWS, proxy: Proxy(), setWindowRect: true, strictFileInteractability: false, timeouts: {implicit: 0, pageLoad: 300000, script: 30000}, unhandledPromptBehavior: dismiss and notify, webauthn:extension:credBlob: true, webauthn:extension:largeBlob: true, webauthn:extension:minPinLength: true, webauthn:extension:prf: true, webauthn:virtualAuthenticators: true}
Session ID: 1676037a2e34f215fd13d0e6d9ec6838">
      <![CDATA[org.openqa.selenium.ElementNotInteractableException: element not interactable
  (Session info: chrome=115.0.5790.171)
Build info: version: '3.141.0', revision: '2ecb7d9a', time: '2018-10-31T20:09:30'
System info: host: 'DESKTOP-LP', ip: '172.26.16.1', os.name: 'Windows 10', os.arch: 'amd64', os.version: '10.0', java.version: '20'
Driver info: org.openqa.selenium.chrome.ChromeDriver
Capabilities {acceptInsecureCerts: false, browserName: chrome, browserVersion: 115.0.5790.171, chrome: {chromedriverVersion: 114.0.5735.90 (386bc09e8f4f..., userDataDir: C:\Users\SNEHAL~1\AppData\L...}, goog:chromeOptions: {debuggerAddress: localhost:61306}, javascriptEnabled: true, networkConnectionEnabled: false, pageLoadStrategy: normal, platform: WINDOWS, platformName: WINDOWS, proxy: Proxy(), setWindowRect: true, strictFileInteractability: false, timeouts: {implicit: 0, pageLoad: 300000, script: 30000}, unhandledPromptBehavior: dismiss and notify, webauthn:extension:credBlob: true, webauthn:extension:largeBlob: true, webauthn:extension:minPinLength: true, webauthn:extension:prf: true, webauthn:virtualAuthenticators: true}
Session ID: 1676037a2e34f215fd13d0e6d9ec6838
at java.base/jdk.internal.reflect.DirectConstructorHandleAccessor.newInstance(DirectConstructorHandleAccessor.java:67)
at java.base/java.lang.reflect.Constructor.newInstanceWithCaller(Constructor.java:500)
at java.base/java.lang.reflect.Constructor.newInstance(Constructor.java:484)
at org.openqa.selenium.remote.http.W3CHttpResponseCodec.createException(W3CHttpResponseCodec.java:187)
at org.openqa.selenium.remote.http.W3CHttpResponseCodec.decode(W3CHttpResponseCodec.java:122)
at org.openqa.selenium.remote.http.W3CHttpResponseCodec.decode(W3CHttpResponseCodec.java:49)
at org.openqa.selenium.remote.HttpCommandExecutor.execute(HttpCommandExecutor.java:158)
at org.openqa.selenium.remote.service.DriverCommandExecutor.execute(DriverCommandExecutor.java:83)
at org.openqa.selenium.remote.RemoteWebDriver.execute(RemoteWebDriver.java:552)
at org.openqa.selenium.remote.RemoteWebElement.execute(RemoteWebElement.java:285)
at org.openqa.selenium.remote.RemoteWebElement.click(RemoteWebElement.java:84)
at litigationAdditionalOwner.MethodsPOM.MyReports(MethodsPOM.java:4184)
at litigationCompanyAdmin.CompanyAdmin.MyReports(CompanyAdmin.java:1677)
at java.base/jdk.internal.reflect.DirectMethodHandleAccessor.invoke(DirectMethodHandleAccessor.java:104)
at java.base/java.lang.reflect.Method.invoke(Method.java:578)
at org.testng.internal.MethodInvocationHelper.invokeMethod(MethodInvocationHelper.java:133)
at org.testng.internal.TestInvoker.invokeMethod(TestInvoker.java:598)
at org.testng.internal.TestInvoker.invokeTestMethod(TestInvoker.java:173)
at org.testng.internal.MethodRunner.runInSequence(MethodRunner.java:46)
at org.testng.internal.TestInvoker$MethodInvocationAgent.invoke(TestInvoker.java:824)
at org.testng.internal.TestInvoker.invokeTestMethods(TestInvoker.java:146)
at org.testng.internal.TestMethodWorker.invokeTestMethods(TestMethodWorker.java:146)
at org.testng.internal.TestMethodWorker.run(TestMethodWorker.java:128)
at java.base/java.util.ArrayList.forEach(ArrayList.java:1511)
at org.testng.TestRunner.privateRun(TestRunner.java:794)
at org.testng.TestRunner.run(TestRunner.java:596)
at org.testng.SuiteRunner.runTest(SuiteRunner.java:377)
at org.testng.SuiteRunner.runSequentially(SuiteRunner.java:371)
at org.testng.SuiteRunner.privateRun(SuiteRunner.java:332)
at org.testng.SuiteRunner.run(SuiteRunner.java:276)
at org.testng.SuiteRunnerWorker.runSuite(SuiteRunnerWorker.java:53)
at org.testng.SuiteRunnerWorker.run(SuiteRunnerWorker.java:96)
at org.testng.TestNG.runSuitesSequentially(TestNG.java:1212)
at org.testng.TestNG.runSuitesLocally(TestNG.java:1134)
at org.testng.TestNG.runSuites(TestNG.java:1063)
at org.testng.TestNG.run(TestNG.java:1031)
at org.testng.remote.AbstractRemoteTestNG.run(AbstractRemoteTestNG.java:115)
at org.testng.remote.RemoteTestNG.initAndRun(RemoteTestNG.java:251)
at org.testng.remote.RemoteTestNG.main(RemoteTestNG.java:77)
]]>
    </failure>
  </testcase> <!-- MyReports -->
  <testcase classname="litigationCompanyAdmin.CompanyAdmin" name="RiskSummaryGraph" time="287.766"/>
  <testcase classname="litigationCompanyAdmin.CompanyAdmin" name="MoreReports" time="72.927"/>
  <testcase classname="litigationCompanyAdmin.CompanyAdmin" name="ImportUtility" time="102.501"/>
  <testcase classname="litigationCompanyAdmin.CompanyAdmin" name="NoticeOpen" time="158.003"/>
  <testcase classname="litigationCompanyAdmin.CompanyAdmin" name="NoticeClosed" time="29.627"/>
  <testcase classname="litigationCompanyAdmin.CompanyAdmin" name="CaseOpen" time="0.644">
    <failure type="org.openqa.selenium.NoSuchElementException" message="no such element: Unable to locate element: {&amp;quot;method&amp;quot;:&amp;quot;css selector&amp;quot;,&amp;quot;selector&amp;quot;:&amp;quot;#ContentPlaceHolder1_divOpenCaseCount&amp;quot;}
  (Session info: chrome=115.0.5790.171)
For documentation on this error, please visit: http://seleniumhq.org/exceptions/no_such_element.html
Build info: version: &amp;apos;3.141.0&amp;apos;, revision: &amp;apos;2ecb7d9a&amp;apos;, time: &amp;apos;2018-10-31T20:09:30&amp;apos;
System info: host: &amp;apos;DESKTOP-LP&amp;apos;, ip: &amp;apos;172.26.16.1&amp;apos;, os.name: &amp;apos;Windows 10&amp;apos;, os.arch: &amp;apos;amd64&amp;apos;, os.version: &amp;apos;10.0&amp;apos;, java.version: &amp;apos;20&amp;apos;
Driver info: org.openqa.selenium.chrome.ChromeDriver
Capabilities {acceptInsecureCerts: false, browserName: chrome, browserVersion: 115.0.5790.171, chrome: {chromedriverVersion: 114.0.5735.90 (386bc09e8f4f..., userDataDir: C:\Users\SNEHAL~1\AppData\L...}, goog:chromeOptions: {debuggerAddress: localhost:62022}, javascriptEnabled: true, networkConnectionEnabled: false, pageLoadStrategy: normal, platform: WINDOWS, platformName: WINDOWS, proxy: Proxy(), setWindowRect: true, strictFileInteractability: false, timeouts: {implicit: 0, pageLoad: 300000, script: 30000}, unhandledPromptBehavior: dismiss and notify, webauthn:extension:credBlob: true, webauthn:extension:largeBlob: true, webauthn:extension:minPinLength: true, webauthn:extension:prf: true, webauthn:virtualAuthenticators: true}
Session ID: 3e73911ed36df32270d1541e7f1eb461
*** Element info: {Using=id, value=ContentPlaceHolder1_divOpenCaseCount}">
      <![CDATA[org.openqa.selenium.NoSuchElementException: no such element: Unable to locate element: {"method":"css selector","selector":"#ContentPlaceHolder1_divOpenCaseCount"}
  (Session info: chrome=115.0.5790.171)
For documentation on this error, please visit: http://seleniumhq.org/exceptions/no_such_element.html
Build info: version: '3.141.0', revision: '2ecb7d9a', time: '2018-10-31T20:09:30'
System info: host: 'DESKTOP-LP', ip: '172.26.16.1', os.name: 'Windows 10', os.arch: 'amd64', os.version: '10.0', java.version: '20'
Driver info: org.openqa.selenium.chrome.ChromeDriver
Capabilities {acceptInsecureCerts: false, browserName: chrome, browserVersion: 115.0.5790.171, chrome: {chromedriverVersion: 114.0.5735.90 (386bc09e8f4f..., userDataDir: C:\Users\SNEHAL~1\AppData\L...}, goog:chromeOptions: {debuggerAddress: localhost:62022}, javascriptEnabled: true, networkConnectionEnabled: false, pageLoadStrategy: normal, platform: WINDOWS, platformName: WINDOWS, proxy: Proxy(), setWindowRect: true, strictFileInteractability: false, timeouts: {implicit: 0, pageLoad: 300000, script: 30000}, unhandledPromptBehavior: dismiss and notify, webauthn:extension:credBlob: true, webauthn:extension:largeBlob: true, webauthn:extension:minPinLength: true, webauthn:extension:prf: true, webauthn:virtualAuthenticators: true}
Session ID: 3e73911ed36df32270d1541e7f1eb461
*** Element info: {Using=id, value=ContentPlaceHolder1_divOpenCaseCount}
at java.base/jdk.internal.reflect.DirectConstructorHandleAccessor.newInstance(DirectConstructorHandleAccessor.java:67)
at java.base/java.lang.reflect.Constructor.newInstanceWithCaller(Constructor.java:500)
at java.base/java.lang.reflect.Constructor.newInstance(Constructor.java:484)
at org.openqa.selenium.remote.http.W3CHttpResponseCodec.createException(W3CHttpResponseCodec.java:187)
at org.openqa.selenium.remote.http.W3CHttpResponseCodec.decode(W3CHttpResponseCodec.java:122)
at org.openqa.selenium.remote.http.W3CHttpResponseCodec.decode(W3CHttpResponseCodec.java:49)
at org.openqa.selenium.remote.HttpCommandExecutor.execute(HttpCommandExecutor.java:158)
at org.openqa.selenium.remote.service.DriverCommandExecutor.execute(DriverCommandExecutor.java:83)
at org.openqa.selenium.remote.RemoteWebDriver.execute(RemoteWebDriver.java:552)
at org.openqa.selenium.remote.RemoteWebDriver.findElement(RemoteWebDriver.java:323)
at org.openqa.selenium.remote.RemoteWebDriver.findElementById(RemoteWebDriver.java:372)
at org.openqa.selenium.By$ById.findElement(By.java:188)
at org.openqa.selenium.remote.RemoteWebDriver.findElement(RemoteWebDriver.java:315)
at litigationAdditionalOwner.performerPOM.clickCaseOpencfo(performerPOM.java:611)
at litigationAdditionalOwner.MethodsPOM.CountExcel(MethodsPOM.java:2868)
at litigationAdditionalOwner.MethodsPOM.CaseOpen(MethodsPOM.java:3099)
at litigationCompanyAdmin.CompanyAdmin.CaseOpen(CompanyAdmin.java:1305)
at java.base/jdk.internal.reflect.DirectMethodHandleAccessor.invoke(DirectMethodHandleAccessor.java:104)
at java.base/java.lang.reflect.Method.invoke(Method.java:578)
at org.testng.internal.MethodInvocationHelper.invokeMethod(MethodInvocationHelper.java:133)
at org.testng.internal.TestInvoker.invokeMethod(TestInvoker.java:598)
at org.testng.internal.TestInvoker.invokeTestMethod(TestInvoker.java:173)
at org.testng.internal.MethodRunner.runInSequence(MethodRunner.java:46)
at org.testng.internal.TestInvoker$MethodInvocationAgent.invoke(TestInvoker.java:824)
at org.testng.internal.TestInvoker.invokeTestMethods(TestInvoker.java:146)
at org.testng.internal.TestMethodWorker.invokeTestMethods(TestMethodWorker.java:146)
at org.testng.internal.TestMethodWorker.run(TestMethodWorker.java:128)
at java.base/java.util.ArrayList.forEach(ArrayList.java:1511)
at org.testng.TestRunner.privateRun(TestRunner.java:794)
at org.testng.TestRunner.run(TestRunner.java:596)
at org.testng.SuiteRunner.runTest(SuiteRunner.java:377)
at org.testng.SuiteRunner.runSequentially(SuiteRunner.java:371)
at org.testng.SuiteRunner.privateRun(SuiteRunner.java:332)
at org.testng.SuiteRunner.run(SuiteRunner.java:276)
at org.testng.SuiteRunnerWorker.runSuite(SuiteRunnerWorker.java:53)
at org.testng.SuiteRunnerWorker.run(SuiteRunnerWorker.java:96)
at org.testng.TestNG.runSuitesSequentially(TestNG.java:1212)
at org.testng.TestNG.runSuitesLocally(TestNG.java:1134)
at org.testng.TestNG.runSuites(TestNG.java:1063)
at org.testng.TestNG.run(TestNG.java:1031)
at org.testng.remote.AbstractRemoteTestNG.run(AbstractRemoteTestNG.java:115)
at org.testng.remote.RemoteTestNG.initAndRun(RemoteTestNG.java:251)
at org.testng.remote.RemoteTestNG.main(RemoteTestNG.java:77)
]]>
    </failure>
  </testcase> <!-- CaseOpen -->
  <testcase classname="litigationCompanyAdmin.CompanyAdmin" name="CaseClose" time="0.0">
    <skipped/>
  </testcase> <!-- CaseClose -->
  <testcase classname="litigationCompanyAdmin.CompanyAdmin" name="TaskOpen" time="0.0">
    <skipped/>
  </testcase> <!-- TaskOpen -->
  <testcase classname="litigationCompanyAdmin.CompanyAdmin" name="TaskClosed" time="0.0">
    <skipped/>
  </testcase> <!-- TaskClosed -->
  <testcase classname="litigationCompanyAdmin.CompanyAdmin" name="LinkNotice" time="0.0">
    <skipped/>
  </testcase> <!-- LinkNotice -->
  <testcase classname="litigationCompanyAdmin.CompanyAdmin" name="LinkCase" time="0.0">
    <skipped/>
  </testcase> <!-- LinkCase -->
  <testcase classname="litigationCompanyAdmin.CompanyAdmin" name="LinkNoticeViewIcon" time="0.0">
    <skipped/>
  </testcase> <!-- LinkNoticeViewIcon -->
  <testcase classname="litigationCompanyAdmin.CompanyAdmin" name="CloseNotice" time="0.0">
    <skipped/>
  </testcase> <!-- CloseNotice -->
  <testcase classname="litigationCompanyAdmin.CompanyAdmin" name="LinkNoticeDeleteIcon" time="0.0">
    <skipped/>
  </testcase> <!-- LinkNoticeDeleteIcon -->
  <testcase classname="litigationCompanyAdmin.CompanyAdmin" name="CloseCase" time="0.0">
    <skipped/>
  </testcase> <!-- CloseCase -->
  <testcase classname="litigationCompanyAdmin.CompanyAdmin" name="NoticeDocumentTab" time="0.0">
    <skipped/>
  </testcase> <!-- NoticeDocumentTab -->
  <testcase classname="litigationCompanyAdmin.CompanyAdmin" name="NoticeTaskActivityTab" time="0.0">
    <skipped/>
  </testcase> <!-- NoticeTaskActivityTab -->
  <testcase classname="litigationCompanyAdmin.CompanyAdmin" name="NoticeResponseTab" time="0.0">
    <skipped/>
  </testcase> <!-- NoticeResponseTab -->
  <testcase classname="litigationCompanyAdmin.CompanyAdmin" name="NoticePaymentLogTab" time="0.0">
    <skipped/>
  </testcase> <!-- NoticePaymentLogTab -->
  <testcase classname="litigationCompanyAdmin.CompanyAdmin" name="NoticeAuditLogTab" time="0.0">
    <skipped/>
  </testcase> <!-- NoticeAuditLogTab -->
  <testcase classname="litigationCompanyAdmin.CompanyAdmin" name="NoticeDocViewandDownload" time="0.0">
    <skipped/>
  </testcase> <!-- NoticeDocViewandDownload -->
  <testcase classname="litigationCompanyAdmin.CompanyAdmin" name="CaseDocumentTab" time="0.001">
    <skipped/>
  </testcase> <!-- CaseDocumentTab -->
  <testcase classname="litigationCompanyAdmin.CompanyAdmin" name="CaseTaskActivityTab" time="0.0">
    <skipped/>
  </testcase> <!-- CaseTaskActivityTab -->
  <testcase classname="litigationCompanyAdmin.CompanyAdmin" name="CaseHearingTab" time="0.0">
    <skipped/>
  </testcase> <!-- CaseHearingTab -->
  <testcase classname="litigationCompanyAdmin.CompanyAdmin" name="CaseOrderTab" time="0.0">
    <skipped/>
  </testcase> <!-- CaseOrderTab -->
  <testcase classname="litigationCompanyAdmin.CompanyAdmin" name="CaseAdvocateBillTab" time="0.0">
    <skipped/>
  </testcase> <!-- CaseAdvocateBillTab -->
  <testcase classname="litigationCompanyAdmin.CompanyAdmin" name="ExternalLawyer" time="0.0">
    <skipped/>
  </testcase> <!-- ExternalLawyer -->
  <testcase classname="litigationCompanyAdmin.CompanyAdmin" name="StatusPayment" time="0.0">
    <skipped/>
  </testcase> <!-- StatusPayment -->
  <testcase classname="litigationCompanyAdmin.CompanyAdmin" name="Auditlog" time="0.0">
    <skipped/>
  </testcase> <!-- Auditlog -->
  <testcase classname="litigationCompanyAdmin.CompanyAdmin" name="CaseHearing" time="0.0">
    <skipped/>
  </testcase> <!-- CaseHearing -->
  <testcase classname="litigationCompanyAdmin.CompanyAdmin" name="AdvancedSearchworkspace" time="0.0">
    <skipped/>
  </testcase> <!-- AdvancedSearchworkspace -->
  <testcase classname="litigationCompanyAdmin.CompanyAdmin" name="MyDocument" time="0.0">
    <skipped/>
  </testcase> <!-- MyDocument -->
  <testcase classname="litigationCompanyAdmin.CompanyAdmin" name="AdvancedSearchDoc" time="0.0">
    <skipped/>
  </testcase> <!-- AdvancedSearchDoc -->
  <testcase classname="litigationCompanyAdmin.CompanyAdmin" name="AdvancedSearch" time="0.0">
    <skipped/>
  </testcase> <!-- AdvancedSearch -->
  <testcase classname="litigationCompanyAdmin.CompanyAdmin" name="MyReminder" time="0.0">
    <skipped/>
  </testcase> <!-- MyReminder -->
  <testcase classname="litigationCompanyAdmin.CompanyAdmin" name="CaseAdvocateBill" time="0.0">
    <skipped/>
  </testcase> <!-- CaseAdvocateBill -->
  <testcase classname="litigationCompanyAdmin.CompanyAdmin" name="CaseAdvocateBill1" time="0.0">
    <skipped/>
  </testcase> <!-- CaseAdvocateBill1 -->
  <testcase classname="litigationCompanyAdmin.CompanyAdmin" name="Masters" time="0.0">
    <skipped/>
  </testcase> <!-- Masters -->
  <testcase classname="litigationCompanyAdmin.CompanyAdmin" name="Masters1" time="0.0">
    <skipped/>
  </testcase> <!-- Masters1 -->
  <testcase classname="litigationCompanyAdmin.CompanyAdmin" name="Masters2" time="0.0">
    <skipped/>
  </testcase> <!-- Masters2 -->
  <testcase classname="litigationCompanyAdmin.CompanyAdmin" name="Masters3" time="0.0">
    <skipped/>
  </testcase> <!-- Masters3 -->
  <testcase classname="litigationCompanyAdmin.CompanyAdmin" name="Masters4" time="0.0">
    <skipped/>
  </testcase> <!-- Masters4 -->
  <testcase classname="litigationCompanyAdmin.CompanyAdmin" name="Masters5" time="0.0">
    <skipped/>
  </testcase> <!-- Masters5 -->
  <testcase classname="litigationCompanyAdmin.CompanyAdmin" name="Masters6" time="0.0">
    <skipped/>
  </testcase> <!-- Masters6 -->
  <testcase classname="litigationCompanyAdmin.CompanyAdmin" name="Masters7" time="0.0">
    <skipped/>
  </testcase> <!-- Masters7 -->
  <testcase classname="litigationCompanyAdmin.CompanyAdmin" name="Masters8" time="0.0">
    <skipped/>
  </testcase> <!-- Masters8 -->
  <testcase classname="litigationCompanyAdmin.CompanyAdmin" name="Masters9" time="0.0">
    <skipped/>
  </testcase> <!-- Masters9 -->
  <testcase classname="litigationCompanyAdmin.CompanyAdmin" name="Masters10" time="0.0">
    <skipped/>
  </testcase> <!-- Masters10 -->
  <testcase classname="litigationCompanyAdmin.CompanyAdmin" name="Masters11" time="0.0">
    <skipped/>
  </testcase> <!-- Masters11 -->
  <testcase classname="litigationCompanyAdmin.CompanyAdmin" name="Masters12" time="0.0">
    <skipped/>
  </testcase> <!-- Masters12 -->
  <testcase classname="litigationCompanyAdmin.CompanyAdmin" name="Masters13" time="0.0">
    <skipped/>
  </testcase> <!-- Masters13 -->
  <testcase classname="litigationCompanyAdmin.CompanyAdmin" name="Masters14" time="0.0">
    <skipped/>
  </testcase> <!-- Masters14 -->
  <testcase classname="litigationCompanyAdmin.CompanyAdmin" name="Masters15" time="0.0">
    <skipped/>
  </testcase> <!-- Masters15 -->
</testsuite> <!-- Default test -->
