<?xml version="1.0" encoding="UTF-8"?>
<!-- Generated by org.testng.reporters.JUnitXMLReporter -->
<testsuite ignored="0" hostname="TRPL-PUN-0115" failures="3" tests="74" name="Default test" time="724.945" errors="0" timestamp="2023-12-06T18:25:39 IST">
  <testcase classname="CriticalTestCases.CompanyAdminLogin" name="@AfterMethod Close" time="0.005">
    <failure type="org.openqa.selenium.WebDriverException" message="disconnected: not connected to DevTools
  (failed to check if window was closed: disconnected: not connected to DevTools)
  (Session info: chrome=119.0.6045.200)
Build info: version: &amp;apos;3.141.0&amp;apos;, revision: &amp;apos;2ecb7d9a&amp;apos;, time: &amp;apos;2018-10-31T20:09:30&amp;apos;
System info: host: &amp;apos;TRPL-PUN-0115&amp;apos;, ip: &amp;apos;192.168.160.1&amp;apos;, os.name: &amp;apos;Windows 10&amp;apos;, os.arch: &amp;apos;amd64&amp;apos;, os.version: &amp;apos;10.0&amp;apos;, java.version: &amp;apos;20&amp;apos;
Driver info: org.openqa.selenium.chrome.ChromeDriver
Capabilities {acceptInsecureCerts: false, browserName: chrome, browserVersion: 119.0.6045.200, chrome: {chromedriverVersion: 119.0.6045.105 (38c72552c5e..., userDataDir: C:\Users\snehalp\AppData\Lo...}, fedcm:accounts: true, goog:chromeOptions: {debuggerAddress: localhost:50063}, javascriptEnabled: true, networkConnectionEnabled: false, pageLoadStrategy: normal, platform: WINDOWS, platformName: WINDOWS, proxy: Proxy(), setWindowRect: true, strictFileInteractability: false, timeouts: {implicit: 0, pageLoad: 300000, script: 30000}, unhandledPromptBehavior: dismiss and notify, webauthn:extension:credBlob: true, webauthn:extension:largeBlob: true, webauthn:extension:minPinLength: true, webauthn:extension:prf: true, webauthn:virtualAuthenticators: true}
Session ID: 80ab1977f8e52719f8a01ae0ab7c5db9">
      <![CDATA[org.openqa.selenium.WebDriverException: disconnected: not connected to DevTools
  (failed to check if window was closed: disconnected: not connected to DevTools)
  (Session info: chrome=119.0.6045.200)
Build info: version: '3.141.0', revision: '2ecb7d9a', time: '2018-10-31T20:09:30'
System info: host: 'TRPL-PUN-0115', ip: '192.168.160.1', os.name: 'Windows 10', os.arch: 'amd64', os.version: '10.0', java.version: '20'
Driver info: org.openqa.selenium.chrome.ChromeDriver
Capabilities {acceptInsecureCerts: false, browserName: chrome, browserVersion: 119.0.6045.200, chrome: {chromedriverVersion: 119.0.6045.105 (38c72552c5e..., userDataDir: C:\Users\snehalp\AppData\Lo...}, fedcm:accounts: true, goog:chromeOptions: {debuggerAddress: localhost:50063}, javascriptEnabled: true, networkConnectionEnabled: false, pageLoadStrategy: normal, platform: WINDOWS, platformName: WINDOWS, proxy: Proxy(), setWindowRect: true, strictFileInteractability: false, timeouts: {implicit: 0, pageLoad: 300000, script: 30000}, unhandledPromptBehavior: dismiss and notify, webauthn:extension:credBlob: true, webauthn:extension:largeBlob: true, webauthn:extension:minPinLength: true, webauthn:extension:prf: true, webauthn:virtualAuthenticators: true}
Session ID: 80ab1977f8e52719f8a01ae0ab7c5db9
at java.base/jdk.internal.reflect.DirectConstructorHandleAccessor.newInstance(DirectConstructorHandleAccessor.java:67)
at java.base/java.lang.reflect.Constructor.newInstanceWithCaller(Constructor.java:500)
at java.base/java.lang.reflect.Constructor.newInstance(Constructor.java:484)
at org.openqa.selenium.remote.http.W3CHttpResponseCodec.createException(W3CHttpResponseCodec.java:187)
at org.openqa.selenium.remote.http.W3CHttpResponseCodec.decode(W3CHttpResponseCodec.java:122)
at org.openqa.selenium.remote.http.W3CHttpResponseCodec.decode(W3CHttpResponseCodec.java:49)
at org.openqa.selenium.remote.HttpCommandExecutor.execute(HttpCommandExecutor.java:158)
at org.openqa.selenium.remote.service.DriverCommandExecutor.execute(DriverCommandExecutor.java:83)
at org.openqa.selenium.remote.RemoteWebDriver.execute(RemoteWebDriver.java:552)
at org.openqa.selenium.remote.RemoteWebDriver.execute(RemoteWebDriver.java:609)
at org.openqa.selenium.remote.RemoteWebDriver.close(RemoteWebDriver.java:442)
at CriticalTestCases.CompanyAdminLogin.Close(CompanyAdminLogin.java:1419)
at java.base/jdk.internal.reflect.DirectMethodHandleAccessor.invoke(DirectMethodHandleAccessor.java:104)
at java.base/java.lang.reflect.Method.invoke(Method.java:578)
at org.testng.internal.MethodInvocationHelper.invokeMethod(MethodInvocationHelper.java:133)
at org.testng.internal.MethodInvocationHelper.invokeMethodConsideringTimeout(MethodInvocationHelper.java:62)
at org.testng.internal.ConfigInvoker.invokeConfigurationMethod(ConfigInvoker.java:385)
at org.testng.internal.ConfigInvoker.invokeConfigurations(ConfigInvoker.java:321)
at org.testng.internal.TestInvoker.runConfigMethods(TestInvoker.java:700)
at org.testng.internal.TestInvoker.runAfterGroupsConfigurations(TestInvoker.java:676)
at org.testng.internal.TestInvoker.invokeMethod(TestInvoker.java:660)
at org.testng.internal.TestInvoker.invokeTestMethod(TestInvoker.java:173)
at org.testng.internal.MethodRunner.runInSequence(MethodRunner.java:46)
at org.testng.internal.TestInvoker$MethodInvocationAgent.invoke(TestInvoker.java:824)
at org.testng.internal.TestInvoker.invokeTestMethods(TestInvoker.java:146)
at org.testng.internal.TestMethodWorker.invokeTestMethods(TestMethodWorker.java:146)
at org.testng.internal.TestMethodWorker.run(TestMethodWorker.java:128)
at java.base/java.util.ArrayList.forEach(ArrayList.java:1511)
at org.testng.TestRunner.privateRun(TestRunner.java:794)
at org.testng.TestRunner.run(TestRunner.java:596)
at org.testng.SuiteRunner.runTest(SuiteRunner.java:377)
at org.testng.SuiteRunner.runSequentially(SuiteRunner.java:371)
at org.testng.SuiteRunner.privateRun(SuiteRunner.java:332)
at org.testng.SuiteRunner.run(SuiteRunner.java:276)
at org.testng.SuiteRunnerWorker.runSuite(SuiteRunnerWorker.java:53)
at org.testng.SuiteRunnerWorker.run(SuiteRunnerWorker.java:96)
at org.testng.TestNG.runSuitesSequentially(TestNG.java:1212)
at org.testng.TestNG.runSuitesLocally(TestNG.java:1134)
at org.testng.TestNG.runSuites(TestNG.java:1063)
at org.testng.TestNG.run(TestNG.java:1031)
at org.testng.remote.AbstractRemoteTestNG.run(AbstractRemoteTestNG.java:115)
at org.testng.remote.RemoteTestNG.initAndRun(RemoteTestNG.java:251)
at org.testng.remote.RemoteTestNG.main(RemoteTestNG.java:77)
]]>
    </failure>
  </testcase> <!-- @AfterMethod Close -->
  <testcase classname="CriticalTestCases.CompanyAdminLogin" name="@BeforeMethod Login" time="-1.701867337889E9">
    <skipped/>
  </testcase> <!-- @BeforeMethod Login -->
  <testcase classname="CriticalTestCases.CompanyAdminLogin" name="@AfterMethod Close" time="-1.7018673379E9">
    <skipped/>
  </testcase> <!-- @AfterMethod Close -->
  <testcase classname="CriticalTestCases.CompanyAdminLogin" name="@BeforeMethod Login" time="-1.701867337903E9">
    <skipped/>
  </testcase> <!-- @BeforeMethod Login -->
  <testcase classname="CriticalTestCases.CompanyAdminLogin" name="@AfterMethod Close" time="-1.701867337913E9">
    <skipped/>
  </testcase> <!-- @AfterMethod Close -->
  <testcase classname="CriticalTestCases.CompanyAdminLogin" name="@BeforeMethod Login" time="-1.701867337917E9">
    <skipped/>
  </testcase> <!-- @BeforeMethod Login -->
  <testcase classname="CriticalTestCases.CompanyAdminLogin" name="@AfterMethod Close" time="-1.701867337923E9">
    <skipped/>
  </testcase> <!-- @AfterMethod Close -->
  <testcase classname="CriticalTestCases.CompanyAdminLogin" name="@BeforeMethod Login" time="-1.701867337929E9">
    <skipped/>
  </testcase> <!-- @BeforeMethod Login -->
  <testcase classname="CriticalTestCases.CompanyAdminLogin" name="@AfterMethod Close" time="-1.701867337935E9">
    <skipped/>
  </testcase> <!-- @AfterMethod Close -->
  <testcase classname="CriticalTestCases.CompanyAdminLogin" name="@BeforeMethod Login" time="-1.701867337938E9">
    <skipped/>
  </testcase> <!-- @BeforeMethod Login -->
  <testcase classname="CriticalTestCases.CompanyAdminLogin" name="@AfterMethod Close" time="-1.701867337956E9">
    <skipped/>
  </testcase> <!-- @AfterMethod Close -->
  <testcase classname="CriticalTestCases.CompanyAdminLogin" name="@BeforeMethod Login" time="-1.701867337967E9">
    <skipped/>
  </testcase> <!-- @BeforeMethod Login -->
  <testcase classname="CriticalTestCases.CompanyAdminLogin" name="@AfterMethod Close" time="-1.701867337973E9">
    <skipped/>
  </testcase> <!-- @AfterMethod Close -->
  <testcase classname="CriticalTestCases.CompanyAdminLogin" name="@BeforeMethod Login" time="-1.701867337977E9">
    <skipped/>
  </testcase> <!-- @BeforeMethod Login -->
  <testcase classname="CriticalTestCases.CompanyAdminLogin" name="@AfterMethod Close" time="-1.701867337986E9">
    <skipped/>
  </testcase> <!-- @AfterMethod Close -->
  <testcase classname="CriticalTestCases.CompanyAdminLogin" name="@BeforeMethod Login" time="-1.701867337989E9">
    <skipped/>
  </testcase> <!-- @BeforeMethod Login -->
  <testcase classname="CriticalTestCases.CompanyAdminLogin" name="@AfterMethod Close" time="-1.701867338007E9">
    <skipped/>
  </testcase> <!-- @AfterMethod Close -->
  <testcase classname="CriticalTestCases.CompanyAdminLogin" name="@BeforeMethod Login" time="-1.701867338014E9">
    <skipped/>
  </testcase> <!-- @BeforeMethod Login -->
  <testcase classname="CriticalTestCases.CompanyAdminLogin" name="@AfterMethod Close" time="-1.70186733803E9">
    <skipped/>
  </testcase> <!-- @AfterMethod Close -->
  <testcase classname="CriticalTestCases.CompanyAdminLogin" name="@BeforeMethod Login" time="-1.701867338033E9">
    <skipped/>
  </testcase> <!-- @BeforeMethod Login -->
  <testcase classname="CriticalTestCases.CompanyAdminLogin" name="@AfterMethod Close" time="-1.701867338049E9">
    <skipped/>
  </testcase> <!-- @AfterMethod Close -->
  <testcase classname="CriticalTestCases.CompanyAdminLogin" name="@BeforeMethod Login" time="-1.701867338088E9">
    <skipped/>
  </testcase> <!-- @BeforeMethod Login -->
  <testcase classname="CriticalTestCases.CompanyAdminLogin" name="@AfterMethod Close" time="-1.701867338106E9">
    <skipped/>
  </testcase> <!-- @AfterMethod Close -->
  <testcase classname="CriticalTestCases.CompanyAdminLogin" name="@BeforeMethod Login" time="-1.701867338109E9">
    <skipped/>
  </testcase> <!-- @BeforeMethod Login -->
  <testcase classname="CriticalTestCases.CompanyAdminLogin" name="@AfterMethod Close" time="-1.70186733812E9">
    <skipped/>
  </testcase> <!-- @AfterMethod Close -->
  <testcase classname="CriticalTestCases.CompanyAdminLogin" name="@BeforeMethod Login" time="-1.701867338135E9">
    <skipped/>
  </testcase> <!-- @BeforeMethod Login -->
  <testcase classname="CriticalTestCases.CompanyAdminLogin" name="@AfterMethod Close" time="-1.70186733814E9">
    <skipped/>
  </testcase> <!-- @AfterMethod Close -->
  <testcase classname="CriticalTestCases.CompanyAdminLogin" name="@BeforeMethod Login" time="-1.701867338143E9">
    <skipped/>
  </testcase> <!-- @BeforeMethod Login -->
  <testcase classname="CriticalTestCases.CompanyAdminLogin" name="@AfterMethod Close" time="-1.701867338153E9">
    <skipped/>
  </testcase> <!-- @AfterMethod Close -->
  <testcase classname="CriticalTestCases.CompanyAdminLogin" name="@BeforeMethod Login" time="-1.701867338158E9">
    <skipped/>
  </testcase> <!-- @BeforeMethod Login -->
  <testcase classname="CriticalTestCases.CompanyAdminLogin" name="@AfterMethod Close" time="-1.701867338183E9">
    <skipped/>
  </testcase> <!-- @AfterMethod Close -->
  <testcase classname="CriticalTestCases.CompanyAdminLogin" name="@BeforeMethod Login" time="-1.701867338189E9">
    <skipped/>
  </testcase> <!-- @BeforeMethod Login -->
  <testcase classname="CriticalTestCases.CompanyAdminLogin" name="@AfterMethod Close" time="-1.7018673382E9">
    <skipped/>
  </testcase> <!-- @AfterMethod Close -->
  <testcase classname="CriticalTestCases.CompanyAdminLogin" name="@BeforeMethod Login" time="-1.701867338208E9">
    <skipped/>
  </testcase> <!-- @BeforeMethod Login -->
  <testcase classname="CriticalTestCases.CompanyAdminLogin" name="@AfterMethod Close" time="-1.701867338221E9">
    <skipped/>
  </testcase> <!-- @AfterMethod Close -->
  <testcase classname="CriticalTestCases.CompanyAdminLogin" name="@BeforeMethod Login" time="-1.701867338231E9">
    <skipped/>
  </testcase> <!-- @BeforeMethod Login -->
  <testcase classname="CriticalTestCases.CompanyAdminLogin" name="@AfterMethod Close" time="-1.70186733824E9">
    <skipped/>
  </testcase> <!-- @AfterMethod Close -->
  <testcase classname="CriticalTestCases.CompanyAdminLogin" name="@BeforeMethod Login" time="-1.701867338247E9">
    <skipped/>
  </testcase> <!-- @BeforeMethod Login -->
  <testcase classname="CriticalTestCases.CompanyAdminLogin" name="@AfterMethod Close" time="-1.701867338259E9">
    <skipped/>
  </testcase> <!-- @AfterMethod Close -->
  <testcase classname="CriticalTestCases.CompanyAdminLogin" name="@BeforeMethod Login" time="-1.701867338263E9">
    <skipped/>
  </testcase> <!-- @BeforeMethod Login -->
  <testcase classname="CriticalTestCases.CompanyAdminLogin" name="@AfterMethod Close" time="-1.70186733828E9">
    <skipped/>
  </testcase> <!-- @AfterMethod Close -->
  <testcase classname="CriticalTestCases.CompanyAdminLogin" name="@BeforeMethod Login" time="-1.701867338283E9">
    <skipped/>
  </testcase> <!-- @BeforeMethod Login -->
  <testcase classname="CriticalTestCases.CompanyAdminLogin" name="@AfterMethod Close" time="-1.701867338296E9">
    <skipped/>
  </testcase> <!-- @AfterMethod Close -->
  <testcase classname="CriticalTestCases.CompanyAdminLogin" name="@BeforeMethod Login" time="-1.701867338299E9">
    <skipped/>
  </testcase> <!-- @BeforeMethod Login -->
  <testcase classname="CriticalTestCases.CompanyAdminLogin" name="@AfterMethod Close" time="-1.701867338306E9">
    <skipped/>
  </testcase> <!-- @AfterMethod Close -->
  <testcase classname="CriticalTestCases.CompanyAdminLogin" name="@BeforeMethod Login" time="-1.701867338308E9">
    <skipped/>
  </testcase> <!-- @BeforeMethod Login -->
  <testcase classname="CriticalTestCases.CompanyAdminLogin" name="@AfterMethod Close" time="-1.701867338316E9">
    <skipped/>
  </testcase> <!-- @AfterMethod Close -->
  <testcase classname="CriticalTestCases.CompanyAdminLogin" name="@BeforeMethod Login" time="-1.701867338319E9">
    <skipped/>
  </testcase> <!-- @BeforeMethod Login -->
  <testcase classname="CriticalTestCases.CompanyAdminLogin" name="@AfterMethod Close" time="-1.70186733833E9">
    <skipped/>
  </testcase> <!-- @AfterMethod Close -->
  <testcase classname="CriticalTestCases.CompanyAdminLogin" name="@BeforeMethod Login" time="-1.701867338333E9">
    <skipped/>
  </testcase> <!-- @BeforeMethod Login -->
  <testcase classname="CriticalTestCases.CompanyAdminLogin" name="@AfterMethod Close" time="-1.701867338351E9">
    <skipped/>
  </testcase> <!-- @AfterMethod Close -->
  <testcase classname="CriticalTestCases.CompanyAdminLogin" name="@BeforeMethod Login" time="-1.701867338359E9">
    <skipped/>
  </testcase> <!-- @BeforeMethod Login -->
  <testcase classname="CriticalTestCases.CompanyAdminLogin" name="@AfterMethod Close" time="-1.701867338368E9">
    <skipped/>
  </testcase> <!-- @AfterMethod Close -->
  <testcase classname="CriticalTestCases.CompanyAdminLogin" name="@BeforeMethod Login" time="-1.701867338372E9">
    <skipped/>
  </testcase> <!-- @BeforeMethod Login -->
  <testcase classname="CriticalTestCases.CompanyAdminLogin" name="@AfterMethod Close" time="-1.701867338382E9">
    <skipped/>
  </testcase> <!-- @AfterMethod Close -->
  <testcase classname="CriticalTestCases.CompanyAdminLogin" name="@BeforeMethod Login" time="-1.701867338387E9">
    <skipped/>
  </testcase> <!-- @BeforeMethod Login -->
  <testcase classname="CriticalTestCases.CompanyAdminLogin" name="@AfterMethod Close" time="-1.701867338397E9">
    <skipped/>
  </testcase> <!-- @AfterMethod Close -->
  <testcase classname="CriticalTestCases.CompanyAdminLogin" name="@BeforeMethod Login" time="-1.7018673384E9">
    <skipped/>
  </testcase> <!-- @BeforeMethod Login -->
  <testcase classname="CriticalTestCases.CompanyAdminLogin" name="@AfterMethod Close" time="-1.701867338408E9">
    <skipped/>
  </testcase> <!-- @AfterMethod Close -->
  <testcase classname="CriticalTestCases.CompanyAdminLogin" name="@BeforeMethod Login" time="-1.701867338416E9">
    <skipped/>
  </testcase> <!-- @BeforeMethod Login -->
  <testcase classname="CriticalTestCases.CompanyAdminLogin" name="@AfterMethod Close" time="-1.701867338433E9">
    <skipped/>
  </testcase> <!-- @AfterMethod Close -->
  <testcase classname="CriticalTestCases.CompanyAdminLogin" name="@BeforeMethod Login" time="-1.701867338435E9">
    <skipped/>
  </testcase> <!-- @BeforeMethod Login -->
  <testcase classname="CriticalTestCases.CompanyAdminLogin" name="@AfterMethod Close" time="-1.70186733844E9">
    <skipped/>
  </testcase> <!-- @AfterMethod Close -->
  <testcase classname="CriticalTestCases.CompanyAdminLogin" name="@BeforeMethod Login" time="-1.701867338441E9">
    <skipped/>
  </testcase> <!-- @BeforeMethod Login -->
  <testcase classname="CriticalTestCases.CompanyAdminLogin" name="@AfterMethod Close" time="-1.701867338447E9">
    <skipped/>
  </testcase> <!-- @AfterMethod Close -->
  <testcase classname="CriticalTestCases.CompanyAdminLogin" name="@BeforeMethod Login" time="-1.701867338449E9">
    <skipped/>
  </testcase> <!-- @BeforeMethod Login -->
  <testcase classname="CriticalTestCases.CompanyAdminLogin" name="@AfterMethod Close" time="-1.701867338453E9">
    <skipped/>
  </testcase> <!-- @AfterMethod Close -->
  <testcase classname="CriticalTestCases.CompanyAdminLogin" name="@BeforeMethod Login" time="-1.701867338456E9">
    <skipped/>
  </testcase> <!-- @BeforeMethod Login -->
  <testcase classname="CriticalTestCases.CompanyAdminLogin" name="@AfterMethod Close" time="-1.70186733846E9">
    <skipped/>
  </testcase> <!-- @AfterMethod Close -->
  <testcase classname="CriticalTestCases.CompanyAdminLogin" name="@BeforeMethod Login" time="-1.701867338462E9">
    <skipped/>
  </testcase> <!-- @BeforeMethod Login -->
  <testcase classname="CriticalTestCases.CompanyAdminLogin" name="@AfterMethod Close" time="-1.701867338475E9">
    <skipped/>
  </testcase> <!-- @AfterMethod Close -->
  <testcase classname="CriticalTestCases.CompanyAdminLogin" name="@BeforeMethod Login" time="-1.701867338481E9">
    <skipped/>
  </testcase> <!-- @BeforeMethod Login -->
  <testcase classname="CriticalTestCases.CompanyAdminLogin" name="@AfterMethod Close" time="-1.701867338488E9">
    <skipped/>
  </testcase> <!-- @AfterMethod Close -->
  <testcase classname="CriticalTestCases.CompanyAdminLogin" name="@BeforeMethod Login" time="-1.70186733849E9">
    <skipped/>
  </testcase> <!-- @BeforeMethod Login -->
  <testcase classname="CriticalTestCases.CompanyAdminLogin" name="@AfterMethod Close" time="-1.701867338498E9">
    <skipped/>
  </testcase> <!-- @AfterMethod Close -->
  <testcase classname="CriticalTestCases.CompanyAdminLogin" name="@BeforeMethod Login" time="-1.701867338502E9">
    <skipped/>
  </testcase> <!-- @BeforeMethod Login -->
  <testcase classname="CriticalTestCases.CompanyAdminLogin" name="@AfterMethod Close" time="-1.70186733852E9">
    <skipped/>
  </testcase> <!-- @AfterMethod Close -->
  <testcase classname="CriticalTestCases.CompanyAdminLogin" name="@BeforeMethod Login" time="-1.701867338523E9">
    <skipped/>
  </testcase> <!-- @BeforeMethod Login -->
  <testcase classname="CriticalTestCases.CompanyAdminLogin" name="@AfterMethod Close" time="-1.701867338535E9">
    <skipped/>
  </testcase> <!-- @AfterMethod Close -->
  <testcase classname="CriticalTestCases.CompanyAdminLogin" name="@BeforeMethod Login" time="-1.70186733857E9">
    <skipped/>
  </testcase> <!-- @BeforeMethod Login -->
  <testcase classname="CriticalTestCases.CompanyAdminLogin" name="@AfterMethod Close" time="-1.701867338582E9">
    <skipped/>
  </testcase> <!-- @AfterMethod Close -->
  <testcase classname="CriticalTestCases.CompanyAdminLogin" name="@BeforeMethod Login" time="-1.701867338586E9">
    <skipped/>
  </testcase> <!-- @BeforeMethod Login -->
  <testcase classname="CriticalTestCases.CompanyAdminLogin" name="@AfterMethod Close" time="-1.701867338596E9">
    <skipped/>
  </testcase> <!-- @AfterMethod Close -->
  <testcase classname="CriticalTestCases.CompanyAdminLogin" name="@BeforeMethod Login" time="-1.701867338605E9">
    <skipped/>
  </testcase> <!-- @BeforeMethod Login -->
  <testcase classname="CriticalTestCases.CompanyAdminLogin" name="@AfterMethod Close" time="-1.701867338619E9">
    <skipped/>
  </testcase> <!-- @AfterMethod Close -->
  <testcase classname="CriticalTestCases.CompanyAdminLogin" name="@BeforeMethod Login" time="-1.70186733863E9">
    <skipped/>
  </testcase> <!-- @BeforeMethod Login -->
  <testcase classname="CriticalTestCases.CompanyAdminLogin" name="@AfterMethod Close" time="-1.701867338636E9">
    <skipped/>
  </testcase> <!-- @AfterMethod Close -->
  <testcase classname="CriticalTestCases.CompanyAdminLogin" name="@BeforeMethod Login" time="-1.701867338646E9">
    <skipped/>
  </testcase> <!-- @BeforeMethod Login -->
  <testcase classname="CriticalTestCases.CompanyAdminLogin" name="@AfterMethod Close" time="-1.701867338656E9">
    <skipped/>
  </testcase> <!-- @AfterMethod Close -->
  <testcase classname="CriticalTestCases.CompanyAdminLogin" name="@BeforeMethod Login" time="-1.701867338662E9">
    <skipped/>
  </testcase> <!-- @BeforeMethod Login -->
  <testcase classname="CriticalTestCases.CompanyAdminLogin" name="@AfterMethod Close" time="-1.701867338752E9">
    <skipped/>
  </testcase> <!-- @AfterMethod Close -->
  <testcase classname="CriticalTestCases.CompanyAdminLogin" name="@BeforeMethod Login" time="-1.701867338753E9">
    <skipped/>
  </testcase> <!-- @BeforeMethod Login -->
  <testcase classname="CriticalTestCases.CompanyAdminLogin" name="@AfterMethod Close" time="-1.701867338764E9">
    <skipped/>
  </testcase> <!-- @AfterMethod Close -->
  <testcase classname="CriticalTestCases.CompanyAdminLogin" name="@BeforeMethod Login" time="-1.701867338766E9">
    <skipped/>
  </testcase> <!-- @BeforeMethod Login -->
  <testcase classname="CriticalTestCases.CompanyAdminLogin" name="@AfterMethod Close" time="-1.701867338772E9">
    <skipped/>
  </testcase> <!-- @AfterMethod Close -->
  <testcase classname="CriticalTestCases.CompanyAdminLogin" name="@BeforeMethod Login" time="-1.701867338775E9">
    <skipped/>
  </testcase> <!-- @BeforeMethod Login -->
  <testcase classname="CriticalTestCases.CompanyAdminLogin" name="@AfterMethod Close" time="-1.701867338781E9">
    <skipped/>
  </testcase> <!-- @AfterMethod Close -->
  <testcase classname="CriticalTestCases.CompanyAdminLogin" name="@BeforeMethod Login" time="-1.701867338783E9">
    <skipped/>
  </testcase> <!-- @BeforeMethod Login -->
  <testcase classname="CriticalTestCases.CompanyAdminLogin" name="@AfterMethod Close" time="-1.701867338788E9">
    <skipped/>
  </testcase> <!-- @AfterMethod Close -->
  <testcase classname="CriticalTestCases.CompanyAdminLogin" name="@BeforeMethod Login" time="-1.701867338789E9">
    <skipped/>
  </testcase> <!-- @BeforeMethod Login -->
  <testcase classname="CriticalTestCases.CompanyAdminLogin" name="@AfterMethod Close" time="-1.701867338796E9">
    <skipped/>
  </testcase> <!-- @AfterMethod Close -->
  <testcase classname="CriticalTestCases.CompanyAdminLogin" name="@BeforeMethod Login" time="-1.701867338814E9">
    <skipped/>
  </testcase> <!-- @BeforeMethod Login -->
  <testcase classname="CriticalTestCases.CompanyAdminLogin" name="@AfterMethod Close" time="-1.701867338821E9">
    <skipped/>
  </testcase> <!-- @AfterMethod Close -->
  <testcase classname="CriticalTestCases.CompanyAdminLogin" name="@BeforeMethod Login" time="-1.701867338823E9">
    <skipped/>
  </testcase> <!-- @BeforeMethod Login -->
  <testcase classname="CriticalTestCases.CompanyAdminLogin" name="@AfterMethod Close" time="-1.701867338832E9">
    <skipped/>
  </testcase> <!-- @AfterMethod Close -->
  <testcase classname="CriticalTestCases.CompanyAdminLogin" name="@BeforeMethod Login" time="-1.701867338842E9">
    <skipped/>
  </testcase> <!-- @BeforeMethod Login -->
  <testcase classname="CriticalTestCases.CompanyAdminLogin" name="@AfterMethod Close" time="-1.701867338895E9">
    <skipped/>
  </testcase> <!-- @AfterMethod Close -->
  <testcase classname="CriticalTestCases.CompanyAdminLogin" name="@BeforeMethod Login" time="-1.701867338902E9">
    <skipped/>
  </testcase> <!-- @BeforeMethod Login -->
  <testcase classname="CriticalTestCases.CompanyAdminLogin" name="@AfterMethod Close" time="-1.701867338918E9">
    <skipped/>
  </testcase> <!-- @AfterMethod Close -->
  <testcase classname="CriticalTestCases.CompanyAdminLogin" name="@BeforeMethod Login" time="-1.701867338924E9">
    <skipped/>
  </testcase> <!-- @BeforeMethod Login -->
  <testcase classname="CriticalTestCases.CompanyAdminLogin" name="@AfterMethod Close" time="-1.701867338953E9">
    <skipped/>
  </testcase> <!-- @AfterMethod Close -->
  <testcase classname="CriticalTestCases.CompanyAdminLogin" name="@BeforeMethod Login" time="-1.701867338957E9">
    <skipped/>
  </testcase> <!-- @BeforeMethod Login -->
  <testcase classname="CriticalTestCases.CompanyAdminLogin" name="@AfterMethod Close" time="-1.701867338982E9">
    <skipped/>
  </testcase> <!-- @AfterMethod Close -->
  <testcase classname="CriticalTestCases.CompanyAdminLogin" name="@BeforeMethod Login" time="-1.701867338988E9">
    <skipped/>
  </testcase> <!-- @BeforeMethod Login -->
  <testcase classname="CriticalTestCases.CompanyAdminLogin" name="@AfterMethod Close" time="-1.701867338993E9">
    <skipped/>
  </testcase> <!-- @AfterMethod Close -->
  <testcase classname="CriticalTestCases.CompanyAdminLogin" name="@BeforeMethod Login" time="-1.701867339001E9">
    <skipped/>
  </testcase> <!-- @BeforeMethod Login -->
  <testcase classname="CriticalTestCases.CompanyAdminLogin" name="@AfterMethod Close" time="-1.701867339011E9">
    <skipped/>
  </testcase> <!-- @AfterMethod Close -->
  <testcase classname="CriticalTestCases.CompanyAdminLogin" name="@BeforeMethod Login" time="-1.70186733902E9">
    <skipped/>
  </testcase> <!-- @BeforeMethod Login -->
  <testcase classname="CriticalTestCases.CompanyAdminLogin" name="@AfterMethod Close" time="-1.701867339027E9">
    <skipped/>
  </testcase> <!-- @AfterMethod Close -->
  <testcase classname="CriticalTestCases.CompanyAdminLogin" name="@BeforeMethod Login" time="-1.701867339033E9">
    <skipped/>
  </testcase> <!-- @BeforeMethod Login -->
  <testcase classname="CriticalTestCases.CompanyAdminLogin" name="@AfterMethod Close" time="-1.701867339052E9">
    <skipped/>
  </testcase> <!-- @AfterMethod Close -->
  <testcase classname="CriticalTestCases.CompanyAdminLogin" name="@BeforeMethod Login" time="-1.701867339068E9">
    <skipped/>
  </testcase> <!-- @BeforeMethod Login -->
  <testcase classname="CriticalTestCases.CompanyAdminLogin" name="@AfterMethod Close" time="-1.701867339082E9">
    <skipped/>
  </testcase> <!-- @AfterMethod Close -->
  <testcase classname="CriticalTestCases.CompanyAdminLogin" name="@BeforeMethod Login" time="-1.701867339086E9">
    <skipped/>
  </testcase> <!-- @BeforeMethod Login -->
  <testcase classname="CriticalTestCases.CompanyAdminLogin" name="@AfterMethod Close" time="-1.701867339112E9">
    <skipped/>
  </testcase> <!-- @AfterMethod Close -->
  <testcase classname="CriticalTestCases.CompanyAdminLogin" name="@BeforeMethod Login" time="-1.701867339115E9">
    <skipped/>
  </testcase> <!-- @BeforeMethod Login -->
  <testcase classname="CriticalTestCases.CompanyAdminLogin" name="@AfterMethod Close" time="-1.701867339155E9">
    <skipped/>
  </testcase> <!-- @AfterMethod Close -->
  <testcase classname="CriticalTestCases.CompanyAdminLogin" name="@BeforeMethod Login" time="-1.701867339157E9">
    <skipped/>
  </testcase> <!-- @BeforeMethod Login -->
  <testcase classname="CriticalTestCases.CompanyAdminLogin" name="@AfterMethod Close" time="-1.701867339162E9">
    <skipped/>
  </testcase> <!-- @AfterMethod Close -->
  <testcase classname="CriticalTestCases.CompanyAdminLogin" name="@BeforeMethod Login" time="-1.701867339163E9">
    <skipped/>
  </testcase> <!-- @BeforeMethod Login -->
  <testcase classname="CriticalTestCases.CompanyAdminLogin" name="@AfterMethod Close" time="-1.701867339241E9">
    <skipped/>
  </testcase> <!-- @AfterMethod Close -->
  <testcase classname="CriticalTestCases.CompanyAdminLogin" name="@BeforeMethod Login" time="-1.70186733925E9">
    <skipped/>
  </testcase> <!-- @BeforeMethod Login -->
  <testcase classname="CriticalTestCases.CompanyAdminLogin" name="@AfterMethod Close" time="-1.701867339263E9">
    <skipped/>
  </testcase> <!-- @AfterMethod Close -->
  <testcase classname="CriticalTestCases.CompanyAdminLogin" name="@BeforeMethod Login" time="-1.70186733927E9">
    <skipped/>
  </testcase> <!-- @BeforeMethod Login -->
  <testcase classname="CriticalTestCases.CompanyAdminLogin" name="@AfterMethod Close" time="-1.701867339282E9">
    <skipped/>
  </testcase> <!-- @AfterMethod Close -->
  <testcase classname="CriticalTestCases.CompanyAdminLogin" name="@BeforeMethod Login" time="-1.70186733929E9">
    <skipped/>
  </testcase> <!-- @BeforeMethod Login -->
  <testcase classname="CriticalTestCases.CompanyAdminLogin" name="@AfterMethod Close" time="-1.701867339301E9">
    <skipped/>
  </testcase> <!-- @AfterMethod Close -->
  <testcase classname="CriticalTestCases.CompanyAdminLogin" name="@BeforeMethod Login" time="-1.701867339303E9">
    <skipped/>
  </testcase> <!-- @BeforeMethod Login -->
  <testcase classname="CriticalTestCases.CompanyAdminLogin" name="@AfterMethod Close" time="-1.701867339309E9">
    <skipped/>
  </testcase> <!-- @AfterMethod Close -->
  <testcase classname="CriticalTestCases.CompanyAdminLogin" name="@BeforeMethod Login" time="-1.701867339311E9">
    <skipped/>
  </testcase> <!-- @BeforeMethod Login -->
  <testcase classname="CriticalTestCases.CompanyAdminLogin" name="@AfterMethod Close" time="-1.701867339317E9">
    <skipped/>
  </testcase> <!-- @AfterMethod Close -->
  <testcase classname="CriticalTestCases.CompanyAdminLogin" name="@BeforeMethod Login" time="-1.701867339319E9">
    <skipped/>
  </testcase> <!-- @BeforeMethod Login -->
  <testcase classname="CriticalTestCases.CompanyAdminLogin" name="@AfterMethod Close" time="-1.701867339419E9">
    <skipped/>
  </testcase> <!-- @AfterMethod Close -->
  <testcase classname="CriticalTestCases.CompanyAdminLogin" name="CaseNoticeTypeGraph" time="121.644">
    <failure type="java.lang.NullPointerException" message="Cannot read the array length because &amp;quot;dirContents&amp;quot; is null">
      <![CDATA[java.lang.NullPointerException: Cannot read the array length because "dirContents" is null
at litigationAdditionalOwner.MethodsPOM.CaseNoticeTypeGraph(MethodsPOM.java:8996)
at CriticalTestCases.CompanyAdminLogin.CaseNoticeTypeGraph(CompanyAdminLogin.java:127)
at java.base/jdk.internal.reflect.DirectMethodHandleAccessor.invoke(DirectMethodHandleAccessor.java:104)
at java.base/java.lang.reflect.Method.invoke(Method.java:578)
at org.testng.internal.MethodInvocationHelper.invokeMethod(MethodInvocationHelper.java:133)
at org.testng.internal.TestInvoker.invokeMethod(TestInvoker.java:598)
at org.testng.internal.TestInvoker.invokeTestMethod(TestInvoker.java:173)
at org.testng.internal.MethodRunner.runInSequence(MethodRunner.java:46)
at org.testng.internal.TestInvoker$MethodInvocationAgent.invoke(TestInvoker.java:824)
at org.testng.internal.TestInvoker.invokeTestMethods(TestInvoker.java:146)
at org.testng.internal.TestMethodWorker.invokeTestMethods(TestMethodWorker.java:146)
at org.testng.internal.TestMethodWorker.run(TestMethodWorker.java:128)
at java.base/java.util.ArrayList.forEach(ArrayList.java:1511)
at org.testng.TestRunner.privateRun(TestRunner.java:794)
at org.testng.TestRunner.run(TestRunner.java:596)
at org.testng.SuiteRunner.runTest(SuiteRunner.java:377)
at org.testng.SuiteRunner.runSequentially(SuiteRunner.java:371)
at org.testng.SuiteRunner.privateRun(SuiteRunner.java:332)
at org.testng.SuiteRunner.run(SuiteRunner.java:276)
at org.testng.SuiteRunnerWorker.runSuite(SuiteRunnerWorker.java:53)
at org.testng.SuiteRunnerWorker.run(SuiteRunnerWorker.java:96)
at org.testng.TestNG.runSuitesSequentially(TestNG.java:1212)
at org.testng.TestNG.runSuitesLocally(TestNG.java:1134)
at org.testng.TestNG.runSuites(TestNG.java:1063)
at org.testng.TestNG.run(TestNG.java:1031)
at org.testng.remote.AbstractRemoteTestNG.run(AbstractRemoteTestNG.java:115)
at org.testng.remote.RemoteTestNG.initAndRun(RemoteTestNG.java:251)
at org.testng.remote.RemoteTestNG.main(RemoteTestNG.java:77)
]]>
    </failure>
  </testcase> <!-- CaseNoticeTypeGraph -->
  <testcase classname="CriticalTestCases.CompanyAdminLogin" name="CaseNoticeStageGraphNotice" time="62.43">
    <failure type="java.lang.NullPointerException" message="Cannot read the array length because &amp;quot;dirContents&amp;quot; is null">
      <![CDATA[java.lang.NullPointerException: Cannot read the array length because "dirContents" is null
at litigationAdditionalOwner.MethodsPOM.CaseNoticeStageGraph(MethodsPOM.java:8812)
at CriticalTestCases.CompanyAdminLogin.CaseNoticeStageGraphNotice(CompanyAdminLogin.java:165)
at java.base/jdk.internal.reflect.DirectMethodHandleAccessor.invoke(DirectMethodHandleAccessor.java:104)
at java.base/java.lang.reflect.Method.invoke(Method.java:578)
at org.testng.internal.MethodInvocationHelper.invokeMethod(MethodInvocationHelper.java:133)
at org.testng.internal.TestInvoker.invokeMethod(TestInvoker.java:598)
at org.testng.internal.TestInvoker.invokeTestMethod(TestInvoker.java:173)
at org.testng.internal.MethodRunner.runInSequence(MethodRunner.java:46)
at org.testng.internal.TestInvoker$MethodInvocationAgent.invoke(TestInvoker.java:824)
at org.testng.internal.TestInvoker.invokeTestMethods(TestInvoker.java:146)
at org.testng.internal.TestMethodWorker.invokeTestMethods(TestMethodWorker.java:146)
at org.testng.internal.TestMethodWorker.run(TestMethodWorker.java:128)
at java.base/java.util.ArrayList.forEach(ArrayList.java:1511)
at org.testng.TestRunner.privateRun(TestRunner.java:794)
at org.testng.TestRunner.run(TestRunner.java:596)
at org.testng.SuiteRunner.runTest(SuiteRunner.java:377)
at org.testng.SuiteRunner.runSequentially(SuiteRunner.java:371)
at org.testng.SuiteRunner.privateRun(SuiteRunner.java:332)
at org.testng.SuiteRunner.run(SuiteRunner.java:276)
at org.testng.SuiteRunnerWorker.runSuite(SuiteRunnerWorker.java:53)
at org.testng.SuiteRunnerWorker.run(SuiteRunnerWorker.java:96)
at org.testng.TestNG.runSuitesSequentially(TestNG.java:1212)
at org.testng.TestNG.runSuitesLocally(TestNG.java:1134)
at org.testng.TestNG.runSuites(TestNG.java:1063)
at org.testng.TestNG.run(TestNG.java:1031)
at org.testng.remote.AbstractRemoteTestNG.run(AbstractRemoteTestNG.java:115)
at org.testng.remote.RemoteTestNG.initAndRun(RemoteTestNG.java:251)
at org.testng.remote.RemoteTestNG.main(RemoteTestNG.java:77)
]]>
    </failure>
  </testcase> <!-- CaseNoticeStageGraphNotice -->
  <testcase classname="CriticalTestCases.CompanyAdminLogin" name="RiskSummaryGraph" time="0.008">
    <failure type="org.openqa.selenium.NoSuchWindowException" message="no such window: target window already closed
from unknown error: web view not found
  (Session info: chrome=119.0.6045.200)
Build info: version: &amp;apos;3.141.0&amp;apos;, revision: &amp;apos;2ecb7d9a&amp;apos;, time: &amp;apos;2018-10-31T20:09:30&amp;apos;
System info: host: &amp;apos;TRPL-PUN-0115&amp;apos;, ip: &amp;apos;192.168.160.1&amp;apos;, os.name: &amp;apos;Windows 10&amp;apos;, os.arch: &amp;apos;amd64&amp;apos;, os.version: &amp;apos;10.0&amp;apos;, java.version: &amp;apos;20&amp;apos;
Driver info: org.openqa.selenium.chrome.ChromeDriver
Capabilities {acceptInsecureCerts: false, browserName: chrome, browserVersion: 119.0.6045.200, chrome: {chromedriverVersion: 119.0.6045.105 (38c72552c5e..., userDataDir: C:\Users\snehalp\AppData\Lo...}, fedcm:accounts: true, goog:chromeOptions: {debuggerAddress: localhost:50063}, javascriptEnabled: true, networkConnectionEnabled: false, pageLoadStrategy: normal, platform: WINDOWS, platformName: WINDOWS, proxy: Proxy(), setWindowRect: true, strictFileInteractability: false, timeouts: {implicit: 0, pageLoad: 300000, script: 30000}, unhandledPromptBehavior: dismiss and notify, webauthn:extension:credBlob: true, webauthn:extension:largeBlob: true, webauthn:extension:minPinLength: true, webauthn:extension:prf: true, webauthn:virtualAuthenticators: true}
Session ID: 80ab1977f8e52719f8a01ae0ab7c5db9">
      <![CDATA[org.openqa.selenium.NoSuchWindowException: no such window: target window already closed
from unknown error: web view not found
  (Session info: chrome=119.0.6045.200)
Build info: version: '3.141.0', revision: '2ecb7d9a', time: '2018-10-31T20:09:30'
System info: host: 'TRPL-PUN-0115', ip: '192.168.160.1', os.name: 'Windows 10', os.arch: 'amd64', os.version: '10.0', java.version: '20'
Driver info: org.openqa.selenium.chrome.ChromeDriver
Capabilities {acceptInsecureCerts: false, browserName: chrome, browserVersion: 119.0.6045.200, chrome: {chromedriverVersion: 119.0.6045.105 (38c72552c5e..., userDataDir: C:\Users\snehalp\AppData\Lo...}, fedcm:accounts: true, goog:chromeOptions: {debuggerAddress: localhost:50063}, javascriptEnabled: true, networkConnectionEnabled: false, pageLoadStrategy: normal, platform: WINDOWS, platformName: WINDOWS, proxy: Proxy(), setWindowRect: true, strictFileInteractability: false, timeouts: {implicit: 0, pageLoad: 300000, script: 30000}, unhandledPromptBehavior: dismiss and notify, webauthn:extension:credBlob: true, webauthn:extension:largeBlob: true, webauthn:extension:minPinLength: true, webauthn:extension:prf: true, webauthn:virtualAuthenticators: true}
Session ID: 80ab1977f8e52719f8a01ae0ab7c5db9
at java.base/jdk.internal.reflect.DirectConstructorHandleAccessor.newInstance(DirectConstructorHandleAccessor.java:67)
at java.base/java.lang.reflect.Constructor.newInstanceWithCaller(Constructor.java:500)
at java.base/java.lang.reflect.Constructor.newInstance(Constructor.java:484)
at org.openqa.selenium.remote.http.W3CHttpResponseCodec.createException(W3CHttpResponseCodec.java:187)
at org.openqa.selenium.remote.http.W3CHttpResponseCodec.decode(W3CHttpResponseCodec.java:122)
at org.openqa.selenium.remote.http.W3CHttpResponseCodec.decode(W3CHttpResponseCodec.java:49)
at org.openqa.selenium.remote.HttpCommandExecutor.execute(HttpCommandExecutor.java:158)
at org.openqa.selenium.remote.service.DriverCommandExecutor.execute(DriverCommandExecutor.java:83)
at org.openqa.selenium.remote.RemoteWebDriver.execute(RemoteWebDriver.java:552)
at org.openqa.selenium.remote.RemoteWebDriver.executeScript(RemoteWebDriver.java:489)
at CriticalTestCases.CompanyAdminLogin.RiskSummaryGraph(CompanyAdminLogin.java:179)
at java.base/jdk.internal.reflect.DirectMethodHandleAccessor.invoke(DirectMethodHandleAccessor.java:104)
at java.base/java.lang.reflect.Method.invoke(Method.java:578)
at org.testng.internal.MethodInvocationHelper.invokeMethod(MethodInvocationHelper.java:133)
at org.testng.internal.TestInvoker.invokeMethod(TestInvoker.java:598)
at org.testng.internal.TestInvoker.invokeTestMethod(TestInvoker.java:173)
at org.testng.internal.MethodRunner.runInSequence(MethodRunner.java:46)
at org.testng.internal.TestInvoker$MethodInvocationAgent.invoke(TestInvoker.java:824)
at org.testng.internal.TestInvoker.invokeTestMethods(TestInvoker.java:146)
at org.testng.internal.TestMethodWorker.invokeTestMethods(TestMethodWorker.java:146)
at org.testng.internal.TestMethodWorker.run(TestMethodWorker.java:128)
at java.base/java.util.ArrayList.forEach(ArrayList.java:1511)
at org.testng.TestRunner.privateRun(TestRunner.java:794)
at org.testng.TestRunner.run(TestRunner.java:596)
at org.testng.SuiteRunner.runTest(SuiteRunner.java:377)
at org.testng.SuiteRunner.runSequentially(SuiteRunner.java:371)
at org.testng.SuiteRunner.privateRun(SuiteRunner.java:332)
at org.testng.SuiteRunner.run(SuiteRunner.java:276)
at org.testng.SuiteRunnerWorker.runSuite(SuiteRunnerWorker.java:53)
at org.testng.SuiteRunnerWorker.run(SuiteRunnerWorker.java:96)
at org.testng.TestNG.runSuitesSequentially(TestNG.java:1212)
at org.testng.TestNG.runSuitesLocally(TestNG.java:1134)
at org.testng.TestNG.runSuites(TestNG.java:1063)
at org.testng.TestNG.run(TestNG.java:1031)
at org.testng.remote.AbstractRemoteTestNG.run(AbstractRemoteTestNG.java:115)
at org.testng.remote.RemoteTestNG.initAndRun(RemoteTestNG.java:251)
at org.testng.remote.RemoteTestNG.main(RemoteTestNG.java:77)
]]>
    </failure>
  </testcase> <!-- RiskSummaryGraph -->
  <testcase classname="CriticalTestCases.CompanyAdminLogin" name="DepartmentSummaryGraph" time="0.0">
    <skipped/>
  </testcase> <!-- DepartmentSummaryGraph -->
  <testcase classname="CriticalTestCases.CompanyAdminLogin" name="LocationSummaryGraph" time="0.0">
    <skipped/>
  </testcase> <!-- LocationSummaryGraph -->
  <testcase classname="CriticalTestCases.CompanyAdminLogin" name="CategorySummaryGraph" time="0.0">
    <skipped/>
  </testcase> <!-- CategorySummaryGraph -->
  <testcase classname="CriticalTestCases.CompanyAdminLogin" name="InwardDefendantAgeingGraph" time="0.0">
    <skipped/>
  </testcase> <!-- InwardDefendantAgeingGraph -->
  <testcase classname="CriticalTestCases.CompanyAdminLogin" name="AgeingGraph1to2years" time="0.0">
    <skipped/>
  </testcase> <!-- AgeingGraph1to2years -->
  <testcase classname="CriticalTestCases.CompanyAdminLogin" name="AgeingGraph2to3years" time="0.0">
    <skipped/>
  </testcase> <!-- AgeingGraph2to3years -->
  <testcase classname="CriticalTestCases.CompanyAdminLogin" name="AgeingGraphMorethan3years" time="0.0">
    <skipped/>
  </testcase> <!-- AgeingGraphMorethan3years -->
  <testcase classname="CriticalTestCases.CompanyAdminLogin" name="CaseNoticeTypeGraph1" time="0.0">
    <skipped/>
  </testcase> <!-- CaseNoticeTypeGraph1 -->
  <testcase classname="CriticalTestCases.CompanyAdminLogin" name="CaseNoticeStageGraphNotice1" time="0.0">
    <skipped/>
  </testcase> <!-- CaseNoticeStageGraphNotice1 -->
  <testcase classname="CriticalTestCases.CompanyAdminLogin" name="RiskSummaryGraph1" time="0.0">
    <skipped/>
  </testcase> <!-- RiskSummaryGraph1 -->
  <testcase classname="CriticalTestCases.CompanyAdminLogin" name="DepartmentSummaryGraph1" time="0.0">
    <skipped/>
  </testcase> <!-- DepartmentSummaryGraph1 -->
  <testcase classname="CriticalTestCases.CompanyAdminLogin" name="LocationSummaryGraph1" time="0.0">
    <skipped/>
  </testcase> <!-- LocationSummaryGraph1 -->
  <testcase classname="CriticalTestCases.CompanyAdminLogin" name="CategorySummaryGraph1" time="0.0">
    <skipped/>
  </testcase> <!-- CategorySummaryGraph1 -->
  <testcase classname="CriticalTestCases.CompanyAdminLogin" name="ExpensesCaseGraph" time="0.0">
    <skipped/>
  </testcase> <!-- ExpensesCaseGraph -->
  <testcase classname="CriticalTestCases.CompanyAdminLogin" name="ExpensesCategoryWiseCaseGraph" time="0.0">
    <skipped/>
  </testcase> <!-- ExpensesCategoryWiseCaseGraph -->
  <testcase classname="CriticalTestCases.CompanyAdminLogin" name="ExpensesCounselWiseCaseGraph" time="0.0">
    <skipped/>
  </testcase> <!-- ExpensesCounselWiseCaseGraph -->
  <testcase classname="CriticalTestCases.CompanyAdminLogin" name="UtilizedBudgetGraph" time="0.0">
    <skipped/>
  </testcase> <!-- UtilizedBudgetGraph -->
  <testcase classname="CriticalTestCases.CompanyAdminLogin" name="AgeingGraph" time="0.0">
    <skipped/>
  </testcase> <!-- AgeingGraph -->
  <testcase classname="CriticalTestCases.CompanyAdminLogin" name="AgeingGraph1to2yearsCase" time="0.0">
    <skipped/>
  </testcase> <!-- AgeingGraph1to2yearsCase -->
  <testcase classname="CriticalTestCases.CompanyAdminLogin" name="AgeingGraph2to3yearsCase" time="0.0">
    <skipped/>
  </testcase> <!-- AgeingGraph2to3yearsCase -->
  <testcase classname="CriticalTestCases.CompanyAdminLogin" name="AgeingGraphMoreThan3yearsCase" time="0.0">
    <skipped/>
  </testcase> <!-- AgeingGraphMoreThan3yearsCase -->
  <testcase classname="CriticalTestCases.CompanyAdminLogin" name="NoticeOpen" time="0.0">
    <skipped/>
  </testcase> <!-- NoticeOpen -->
  <testcase classname="CriticalTestCases.CompanyAdminLogin" name="CaseOpen" time="0.0">
    <skipped/>
  </testcase> <!-- CaseOpen -->
  <testcase classname="CriticalTestCases.CompanyAdminLogin" name="TaskOpen" time="0.0">
    <skipped/>
  </testcase> <!-- TaskOpen -->
  <testcase classname="CriticalTestCases.CompanyAdminLogin" name="TaskDelete" time="0.0">
    <skipped/>
  </testcase> <!-- TaskDelete -->
  <testcase classname="CriticalTestCases.CompanyAdminLogin" name="NoticeClosed" time="0.0">
    <skipped/>
  </testcase> <!-- NoticeClosed -->
  <testcase classname="CriticalTestCases.CompanyAdminLogin" name="CaseClose" time="0.0">
    <skipped/>
  </testcase> <!-- CaseClose -->
  <testcase classname="CriticalTestCases.CompanyAdminLogin" name="CloseNotice" time="0.0">
    <skipped/>
  </testcase> <!-- CloseNotice -->
  <testcase classname="CriticalTestCases.CompanyAdminLogin" name="CloseCase" time="0.0">
    <skipped/>
  </testcase> <!-- CloseCase -->
  <testcase classname="CriticalTestCases.CompanyAdminLogin" name="TaskClosed" time="0.0">
    <skipped/>
  </testcase> <!-- TaskClosed -->
  <testcase classname="CriticalTestCases.CompanyAdminLogin" name="NoticeDocument" time="0.0">
    <skipped/>
  </testcase> <!-- NoticeDocument -->
  <testcase classname="CriticalTestCases.CompanyAdminLogin" name="NoticeTaskActivity" time="0.0">
    <skipped/>
  </testcase> <!-- NoticeTaskActivity -->
  <testcase classname="CriticalTestCases.CompanyAdminLogin" name="TaskActivtityDeleteResponse" time="0.0">
    <skipped/>
  </testcase> <!-- TaskActivtityDeleteResponse -->
  <testcase classname="CriticalTestCases.CompanyAdminLogin" name="NoticeResponse" time="0.0">
    <skipped/>
  </testcase> <!-- NoticeResponse -->
  <testcase classname="CriticalTestCases.CompanyAdminLogin" name="NoticePayment" time="0.0">
    <skipped/>
  </testcase> <!-- NoticePayment -->
  <testcase classname="CriticalTestCases.CompanyAdminLogin" name="NoticeExternalLawyer" time="0.0">
    <skipped/>
  </testcase> <!-- NoticeExternalLawyer -->
  <testcase classname="CriticalTestCases.CompanyAdminLogin" name="NoticeAuditLog" time="0.0">
    <skipped/>
  </testcase> <!-- NoticeAuditLog -->
  <testcase classname="CriticalTestCases.CompanyAdminLogin" name="CaseDocument" time="0.0">
    <skipped/>
  </testcase> <!-- CaseDocument -->
  <testcase classname="CriticalTestCases.CompanyAdminLogin" name="CaseTaskActivityTab" time="0.0">
    <skipped/>
  </testcase> <!-- CaseTaskActivityTab -->
  <testcase classname="CriticalTestCases.CompanyAdminLogin" name="CaseHearingcfo" time="0.0">
    <skipped/>
  </testcase> <!-- CaseHearingcfo -->
  <testcase classname="CriticalTestCases.CompanyAdminLogin" name="CaseOrderTab" time="0.0">
    <skipped/>
  </testcase> <!-- CaseOrderTab -->
  <testcase classname="CriticalTestCases.CompanyAdminLogin" name="CaseStatusPayment" time="0.0">
    <skipped/>
  </testcase> <!-- CaseStatusPayment -->
  <testcase classname="CriticalTestCases.CompanyAdminLogin" name="ExternalLawyer" time="0.0">
    <skipped/>
  </testcase> <!-- ExternalLawyer -->
  <testcase classname="CriticalTestCases.CompanyAdminLogin" name="CaseAuditLog" time="0.0">
    <skipped/>
  </testcase> <!-- CaseAuditLog -->
  <testcase classname="CriticalTestCases.CompanyAdminLogin" name="MyDocument" time="0.0">
    <skipped/>
  </testcase> <!-- MyDocument -->
  <testcase classname="CriticalTestCases.CompanyAdminLogin" name="ShareCaseDocument" time="0.0">
    <skipped/>
  </testcase> <!-- ShareCaseDocument -->
  <testcase classname="CriticalTestCases.CompanyAdminLogin" name="ShareNoticeDocument" time="0.0">
    <skipped/>
  </testcase> <!-- ShareNoticeDocument -->
  <testcase classname="CriticalTestCases.CompanyAdminLogin" name="ShareTaskDocument" time="0.0">
    <skipped/>
  </testcase> <!-- ShareTaskDocument -->
  <testcase classname="CriticalTestCases.CompanyAdminLogin" name="MyReports" time="0.0">
    <skipped/>
  </testcase> <!-- MyReports -->
  <testcase classname="CriticalTestCases.CompanyAdminLogin" name="MoreReports" time="0.0">
    <skipped/>
  </testcase> <!-- MoreReports -->
  <testcase classname="CriticalTestCases.CompanyAdminLogin" name="MyReminder" time="0.0">
    <skipped/>
  </testcase> <!-- MyReminder -->
  <testcase classname="CriticalTestCases.CompanyAdminLogin" name="ImportUtility" time="0.0">
    <skipped/>
  </testcase> <!-- ImportUtility -->
  <testcase classname="CriticalTestCases.CompanyAdminLogin" name="Masters" time="0.0">
    <skipped/>
  </testcase> <!-- Masters -->
  <testcase classname="CriticalTestCases.CompanyAdminLogin" name="Masters1" time="0.0">
    <skipped/>
  </testcase> <!-- Masters1 -->
  <testcase classname="CriticalTestCases.CompanyAdminLogin" name="Masters2" time="0.0">
    <skipped/>
  </testcase> <!-- Masters2 -->
  <testcase classname="CriticalTestCases.CompanyAdminLogin" name="Masters3" time="0.0">
    <skipped/>
  </testcase> <!-- Masters3 -->
  <testcase classname="CriticalTestCases.CompanyAdminLogin" name="Masters4" time="0.0">
    <skipped/>
  </testcase> <!-- Masters4 -->
  <testcase classname="CriticalTestCases.CompanyAdminLogin" name="Masters5" time="0.0">
    <skipped/>
  </testcase> <!-- Masters5 -->
  <testcase classname="CriticalTestCases.CompanyAdminLogin" name="Masters6" time="0.0">
    <skipped/>
  </testcase> <!-- Masters6 -->
  <testcase classname="CriticalTestCases.CompanyAdminLogin" name="Masters7" time="0.0">
    <skipped/>
  </testcase> <!-- Masters7 -->
  <testcase classname="CriticalTestCases.CompanyAdminLogin" name="Masters8" time="0.002">
    <skipped/>
  </testcase> <!-- Masters8 -->
  <testcase classname="CriticalTestCases.CompanyAdminLogin" name="Masters9" time="0.0">
    <skipped/>
  </testcase> <!-- Masters9 -->
  <testcase classname="CriticalTestCases.CompanyAdminLogin" name="Masters10" time="0.0">
    <skipped/>
  </testcase> <!-- Masters10 -->
  <testcase classname="CriticalTestCases.CompanyAdminLogin" name="Masters11" time="0.0">
    <skipped/>
  </testcase> <!-- Masters11 -->
  <testcase classname="CriticalTestCases.CompanyAdminLogin" name="AnnualBudget" time="0.0">
    <skipped/>
  </testcase> <!-- AnnualBudget -->
  <testcase classname="CriticalTestCases.CompanyAdminLogin" name="UpdateAnnualBudget" time="0.0">
    <skipped/>
  </testcase> <!-- UpdateAnnualBudget -->
  <testcase classname="CriticalTestCases.CompanyAdminLogin" name="DeleteAnnualBudget" time="0.0">
    <skipped/>
  </testcase> <!-- DeleteAnnualBudget -->
  <testcase classname="CriticalTestCases.CompanyAdminLogin" name="Masters12" time="0.0">
    <skipped/>
  </testcase> <!-- Masters12 -->
  <testcase classname="CriticalTestCases.CompanyAdminLogin" name="Masters13" time="0.0">
    <skipped/>
  </testcase> <!-- Masters13 -->
  <testcase classname="CriticalTestCases.CompanyAdminLogin" name="Masters14" time="0.0">
    <skipped/>
  </testcase> <!-- Masters14 -->
  <testcase classname="CriticalTestCases.CompanyAdminLogin" name="Masters15" time="0.0">
    <skipped/>
  </testcase> <!-- Masters15 -->
</testsuite> <!-- Default test -->
