<?xml version="1.0" encoding="UTF-8"?>
<!-- Generated by org.testng.reporters.JUnitXMLReporter -->
<testsuite ignored="0" hostname="DESKTOP-LP" failures="1" tests="54" name="Default test" time="116.201" errors="0" timestamp="2023-08-07T18:30:33 IST">
  <testcase classname="litigationCompanyAdmin.CompanyAdmin" name="@BeforeMethod Login" time="13.608">
    <failure type="org.openqa.selenium.NoSuchWindowException" message="no such window: target window already closed
from unknown error: web view not found
  (Session info: chrome=115.0.5790.111)
Build info: version: &amp;apos;3.141.0&amp;apos;, revision: &amp;apos;2ecb7d9a&amp;apos;, time: &amp;apos;2018-10-31T20:09:30&amp;apos;
System info: host: &amp;apos;DESKTOP-LP&amp;apos;, ip: &amp;apos;172.25.160.1&amp;apos;, os.name: &amp;apos;Windows 10&amp;apos;, os.arch: &amp;apos;amd64&amp;apos;, os.version: &amp;apos;10.0&amp;apos;, java.version: &amp;apos;20&amp;apos;
Driver info: org.openqa.selenium.chrome.ChromeDriver
Capabilities {acceptInsecureCerts: false, browserName: chrome, browserVersion: 115.0.5790.111, chrome: {chromedriverVersion: 114.0.5735.90 (386bc09e8f4f..., userDataDir: C:\Users\SNEHAL~1\AppData\L...}, goog:chromeOptions: {debuggerAddress: localhost:60643}, javascriptEnabled: true, networkConnectionEnabled: false, pageLoadStrategy: normal, platform: WINDOWS, platformName: WINDOWS, proxy: Proxy(), setWindowRect: true, strictFileInteractability: false, timeouts: {implicit: 0, pageLoad: 300000, script: 30000}, unhandledPromptBehavior: dismiss and notify, webauthn:extension:credBlob: true, webauthn:extension:largeBlob: true, webauthn:extension:minPinLength: true, webauthn:extension:prf: true, webauthn:virtualAuthenticators: true}
Session ID: 6be36604178da03e08529ea3e6d87775
*** Element info: {Using=xpath, value=//*[@id=&amp;apos;dvbtnLitigation&amp;apos;]}">
      <![CDATA[org.openqa.selenium.NoSuchWindowException: no such window: target window already closed
from unknown error: web view not found
  (Session info: chrome=115.0.5790.111)
Build info: version: '3.141.0', revision: '2ecb7d9a', time: '2018-10-31T20:09:30'
System info: host: 'DESKTOP-LP', ip: '172.25.160.1', os.name: 'Windows 10', os.arch: 'amd64', os.version: '10.0', java.version: '20'
Driver info: org.openqa.selenium.chrome.ChromeDriver
Capabilities {acceptInsecureCerts: false, browserName: chrome, browserVersion: 115.0.5790.111, chrome: {chromedriverVersion: 114.0.5735.90 (386bc09e8f4f..., userDataDir: C:\Users\SNEHAL~1\AppData\L...}, goog:chromeOptions: {debuggerAddress: localhost:60643}, javascriptEnabled: true, networkConnectionEnabled: false, pageLoadStrategy: normal, platform: WINDOWS, platformName: WINDOWS, proxy: Proxy(), setWindowRect: true, strictFileInteractability: false, timeouts: {implicit: 0, pageLoad: 300000, script: 30000}, unhandledPromptBehavior: dismiss and notify, webauthn:extension:credBlob: true, webauthn:extension:largeBlob: true, webauthn:extension:minPinLength: true, webauthn:extension:prf: true, webauthn:virtualAuthenticators: true}
Session ID: 6be36604178da03e08529ea3e6d87775
*** Element info: {Using=xpath, value=//*[@id='dvbtnLitigation']}
at java.base/jdk.internal.reflect.DirectConstructorHandleAccessor.newInstance(DirectConstructorHandleAccessor.java:67)
at java.base/java.lang.reflect.Constructor.newInstanceWithCaller(Constructor.java:500)
at java.base/java.lang.reflect.Constructor.newInstance(Constructor.java:484)
at org.openqa.selenium.remote.http.W3CHttpResponseCodec.createException(W3CHttpResponseCodec.java:187)
at org.openqa.selenium.remote.http.W3CHttpResponseCodec.decode(W3CHttpResponseCodec.java:122)
at org.openqa.selenium.remote.http.W3CHttpResponseCodec.decode(W3CHttpResponseCodec.java:49)
at org.openqa.selenium.remote.HttpCommandExecutor.execute(HttpCommandExecutor.java:158)
at org.openqa.selenium.remote.service.DriverCommandExecutor.execute(DriverCommandExecutor.java:83)
at org.openqa.selenium.remote.RemoteWebDriver.execute(RemoteWebDriver.java:552)
at org.openqa.selenium.remote.RemoteWebDriver.findElement(RemoteWebDriver.java:323)
at org.openqa.selenium.remote.RemoteWebDriver.findElementByXPath(RemoteWebDriver.java:428)
at org.openqa.selenium.By$ByXPath.findElement(By.java:353)
at org.openqa.selenium.remote.RemoteWebDriver.findElement(RemoteWebDriver.java:315)
at login.LoginPOM.ClickLitigation(LoginPOM.java:88)
at login.Login.UserLogin(Login.java:197)
at litigationCompanyAdmin.CompanyAdmin.Login(CompanyAdmin.java:94)
at java.base/jdk.internal.reflect.DirectMethodHandleAccessor.invoke(DirectMethodHandleAccessor.java:104)
at java.base/java.lang.reflect.Method.invoke(Method.java:578)
at org.testng.internal.MethodInvocationHelper.invokeMethod(MethodInvocationHelper.java:133)
at org.testng.internal.MethodInvocationHelper.invokeMethodConsideringTimeout(MethodInvocationHelper.java:62)
at org.testng.internal.ConfigInvoker.invokeConfigurationMethod(ConfigInvoker.java:385)
at org.testng.internal.ConfigInvoker.invokeConfigurations(ConfigInvoker.java:321)
at org.testng.internal.TestInvoker.runConfigMethods(TestInvoker.java:700)
at org.testng.internal.TestInvoker.invokeMethod(TestInvoker.java:527)
at org.testng.internal.TestInvoker.invokeTestMethod(TestInvoker.java:173)
at org.testng.internal.MethodRunner.runInSequence(MethodRunner.java:46)
at org.testng.internal.TestInvoker$MethodInvocationAgent.invoke(TestInvoker.java:824)
at org.testng.internal.TestInvoker.invokeTestMethods(TestInvoker.java:146)
at org.testng.internal.TestMethodWorker.invokeTestMethods(TestMethodWorker.java:146)
at org.testng.internal.TestMethodWorker.run(TestMethodWorker.java:128)
at java.base/java.util.ArrayList.forEach(ArrayList.java:1511)
at org.testng.TestRunner.privateRun(TestRunner.java:794)
at org.testng.TestRunner.run(TestRunner.java:596)
at org.testng.SuiteRunner.runTest(SuiteRunner.java:377)
at org.testng.SuiteRunner.runSequentially(SuiteRunner.java:371)
at org.testng.SuiteRunner.privateRun(SuiteRunner.java:332)
at org.testng.SuiteRunner.run(SuiteRunner.java:276)
at org.testng.SuiteRunnerWorker.runSuite(SuiteRunnerWorker.java:53)
at org.testng.SuiteRunnerWorker.run(SuiteRunnerWorker.java:96)
at org.testng.TestNG.runSuitesSequentially(TestNG.java:1212)
at org.testng.TestNG.runSuitesLocally(TestNG.java:1134)
at org.testng.TestNG.runSuites(TestNG.java:1063)
at org.testng.TestNG.run(TestNG.java:1031)
at org.testng.remote.AbstractRemoteTestNG.run(AbstractRemoteTestNG.java:115)
at org.testng.remote.RemoteTestNG.initAndRun(RemoteTestNG.java:251)
at org.testng.remote.RemoteTestNG.main(RemoteTestNG.java:77)
]]>
    </failure>
  </testcase> <!-- @BeforeMethod Login -->
  <testcase classname="litigationCompanyAdmin.CompanyAdmin" name="@AfterMethod Close" time="-1.691413231285E9">
    <skipped/>
  </testcase> <!-- @AfterMethod Close -->
  <testcase classname="litigationCompanyAdmin.CompanyAdmin" name="@BeforeMethod Login" time="-1.69141323129E9">
    <skipped/>
  </testcase> <!-- @BeforeMethod Login -->
  <testcase classname="litigationCompanyAdmin.CompanyAdmin" name="@AfterMethod Close" time="-1.691413231304E9">
    <skipped/>
  </testcase> <!-- @AfterMethod Close -->
  <testcase classname="litigationCompanyAdmin.CompanyAdmin" name="@BeforeMethod Login" time="-1.691413231321E9">
    <skipped/>
  </testcase> <!-- @BeforeMethod Login -->
  <testcase classname="litigationCompanyAdmin.CompanyAdmin" name="@AfterMethod Close" time="-1.691413231341E9">
    <skipped/>
  </testcase> <!-- @AfterMethod Close -->
  <testcase classname="litigationCompanyAdmin.CompanyAdmin" name="@BeforeMethod Login" time="-1.691413231349E9">
    <skipped/>
  </testcase> <!-- @BeforeMethod Login -->
  <testcase classname="litigationCompanyAdmin.CompanyAdmin" name="@AfterMethod Close" time="-1.691413231362E9">
    <skipped/>
  </testcase> <!-- @AfterMethod Close -->
  <testcase classname="litigationCompanyAdmin.CompanyAdmin" name="@BeforeMethod Login" time="-1.691413231379E9">
    <skipped/>
  </testcase> <!-- @BeforeMethod Login -->
  <testcase classname="litigationCompanyAdmin.CompanyAdmin" name="@AfterMethod Close" time="-1.691413231455E9">
    <skipped/>
  </testcase> <!-- @AfterMethod Close -->
  <testcase classname="litigationCompanyAdmin.CompanyAdmin" name="@BeforeMethod Login" time="-1.691413231468E9">
    <skipped/>
  </testcase> <!-- @BeforeMethod Login -->
  <testcase classname="litigationCompanyAdmin.CompanyAdmin" name="@AfterMethod Close" time="-1.691413231488E9">
    <skipped/>
  </testcase> <!-- @AfterMethod Close -->
  <testcase classname="litigationCompanyAdmin.CompanyAdmin" name="@BeforeMethod Login" time="-1.691413231492E9">
    <skipped/>
  </testcase> <!-- @BeforeMethod Login -->
  <testcase classname="litigationCompanyAdmin.CompanyAdmin" name="@AfterMethod Close" time="-1.691413231518E9">
    <skipped/>
  </testcase> <!-- @AfterMethod Close -->
  <testcase classname="litigationCompanyAdmin.CompanyAdmin" name="@BeforeMethod Login" time="-1.691413231522E9">
    <skipped/>
  </testcase> <!-- @BeforeMethod Login -->
  <testcase classname="litigationCompanyAdmin.CompanyAdmin" name="@AfterMethod Close" time="-1.69141323154E9">
    <skipped/>
  </testcase> <!-- @AfterMethod Close -->
  <testcase classname="litigationCompanyAdmin.CompanyAdmin" name="@BeforeMethod Login" time="-1.691413231544E9">
    <skipped/>
  </testcase> <!-- @BeforeMethod Login -->
  <testcase classname="litigationCompanyAdmin.CompanyAdmin" name="@AfterMethod Close" time="-1.691413231572E9">
    <skipped/>
  </testcase> <!-- @AfterMethod Close -->
  <testcase classname="litigationCompanyAdmin.CompanyAdmin" name="@BeforeMethod Login" time="-1.691413231588E9">
    <skipped/>
  </testcase> <!-- @BeforeMethod Login -->
  <testcase classname="litigationCompanyAdmin.CompanyAdmin" name="@AfterMethod Close" time="-1.691413231603E9">
    <skipped/>
  </testcase> <!-- @AfterMethod Close -->
  <testcase classname="litigationCompanyAdmin.CompanyAdmin" name="@BeforeMethod Login" time="-1.69141323161E9">
    <skipped/>
  </testcase> <!-- @BeforeMethod Login -->
  <testcase classname="litigationCompanyAdmin.CompanyAdmin" name="@AfterMethod Close" time="-1.691413231629E9">
    <skipped/>
  </testcase> <!-- @AfterMethod Close -->
  <testcase classname="litigationCompanyAdmin.CompanyAdmin" name="@BeforeMethod Login" time="-1.691413231635E9">
    <skipped/>
  </testcase> <!-- @BeforeMethod Login -->
  <testcase classname="litigationCompanyAdmin.CompanyAdmin" name="@AfterMethod Close" time="-1.691413231661E9">
    <skipped/>
  </testcase> <!-- @AfterMethod Close -->
  <testcase classname="litigationCompanyAdmin.CompanyAdmin" name="@BeforeMethod Login" time="-1.691413231669E9">
    <skipped/>
  </testcase> <!-- @BeforeMethod Login -->
  <testcase classname="litigationCompanyAdmin.CompanyAdmin" name="@AfterMethod Close" time="-1.691413231676E9">
    <skipped/>
  </testcase> <!-- @AfterMethod Close -->
  <testcase classname="litigationCompanyAdmin.CompanyAdmin" name="@BeforeMethod Login" time="-1.691413231685E9">
    <skipped/>
  </testcase> <!-- @BeforeMethod Login -->
  <testcase classname="litigationCompanyAdmin.CompanyAdmin" name="@AfterMethod Close" time="-1.691413231712E9">
    <skipped/>
  </testcase> <!-- @AfterMethod Close -->
  <testcase classname="litigationCompanyAdmin.CompanyAdmin" name="@BeforeMethod Login" time="-1.691413231722E9">
    <skipped/>
  </testcase> <!-- @BeforeMethod Login -->
  <testcase classname="litigationCompanyAdmin.CompanyAdmin" name="@AfterMethod Close" time="-1.691413231735E9">
    <skipped/>
  </testcase> <!-- @AfterMethod Close -->
  <testcase classname="litigationCompanyAdmin.CompanyAdmin" name="@BeforeMethod Login" time="-1.691413231745E9">
    <skipped/>
  </testcase> <!-- @BeforeMethod Login -->
  <testcase classname="litigationCompanyAdmin.CompanyAdmin" name="@AfterMethod Close" time="-1.691413231873E9">
    <skipped/>
  </testcase> <!-- @AfterMethod Close -->
  <testcase classname="litigationCompanyAdmin.CompanyAdmin" name="@BeforeMethod Login" time="-1.691413231887E9">
    <skipped/>
  </testcase> <!-- @BeforeMethod Login -->
  <testcase classname="litigationCompanyAdmin.CompanyAdmin" name="@AfterMethod Close" time="-1.691413231894E9">
    <skipped/>
  </testcase> <!-- @AfterMethod Close -->
  <testcase classname="litigationCompanyAdmin.CompanyAdmin" name="@BeforeMethod Login" time="-1.691413231911E9">
    <skipped/>
  </testcase> <!-- @BeforeMethod Login -->
  <testcase classname="litigationCompanyAdmin.CompanyAdmin" name="@AfterMethod Close" time="-1.691413232005E9">
    <skipped/>
  </testcase> <!-- @AfterMethod Close -->
  <testcase classname="litigationCompanyAdmin.CompanyAdmin" name="@BeforeMethod Login" time="-1.691413232021E9">
    <skipped/>
  </testcase> <!-- @BeforeMethod Login -->
  <testcase classname="litigationCompanyAdmin.CompanyAdmin" name="@AfterMethod Close" time="-1.691413232033E9">
    <skipped/>
  </testcase> <!-- @AfterMethod Close -->
  <testcase classname="litigationCompanyAdmin.CompanyAdmin" name="@BeforeMethod Login" time="-1.691413232042E9">
    <skipped/>
  </testcase> <!-- @BeforeMethod Login -->
  <testcase classname="litigationCompanyAdmin.CompanyAdmin" name="@AfterMethod Close" time="-1.691413232051E9">
    <skipped/>
  </testcase> <!-- @AfterMethod Close -->
  <testcase classname="litigationCompanyAdmin.CompanyAdmin" name="@BeforeMethod Login" time="-1.691413232058E9">
    <skipped/>
  </testcase> <!-- @BeforeMethod Login -->
  <testcase classname="litigationCompanyAdmin.CompanyAdmin" name="@AfterMethod Close" time="-1.691413232064E9">
    <skipped/>
  </testcase> <!-- @AfterMethod Close -->
  <testcase classname="litigationCompanyAdmin.CompanyAdmin" name="@BeforeMethod Login" time="-1.691413232068E9">
    <skipped/>
  </testcase> <!-- @BeforeMethod Login -->
  <testcase classname="litigationCompanyAdmin.CompanyAdmin" name="@AfterMethod Close" time="-1.69141323212E9">
    <skipped/>
  </testcase> <!-- @AfterMethod Close -->
  <testcase classname="litigationCompanyAdmin.CompanyAdmin" name="@BeforeMethod Login" time="-1.691413232123E9">
    <skipped/>
  </testcase> <!-- @BeforeMethod Login -->
  <testcase classname="litigationCompanyAdmin.CompanyAdmin" name="@AfterMethod Close" time="-1.69141323213E9">
    <skipped/>
  </testcase> <!-- @AfterMethod Close -->
  <testcase classname="litigationCompanyAdmin.CompanyAdmin" name="@BeforeMethod Login" time="-1.69141323214E9">
    <skipped/>
  </testcase> <!-- @BeforeMethod Login -->
  <testcase classname="litigationCompanyAdmin.CompanyAdmin" name="@AfterMethod Close" time="-1.691413232154E9">
    <skipped/>
  </testcase> <!-- @AfterMethod Close -->
  <testcase classname="litigationCompanyAdmin.CompanyAdmin" name="@BeforeMethod Login" time="-1.691413232182E9">
    <skipped/>
  </testcase> <!-- @BeforeMethod Login -->
  <testcase classname="litigationCompanyAdmin.CompanyAdmin" name="@AfterMethod Close" time="-1.691413232195E9">
    <skipped/>
  </testcase> <!-- @AfterMethod Close -->
  <testcase classname="litigationCompanyAdmin.CompanyAdmin" name="@BeforeMethod Login" time="-1.691413232263E9">
    <skipped/>
  </testcase> <!-- @BeforeMethod Login -->
  <testcase classname="litigationCompanyAdmin.CompanyAdmin" name="@AfterMethod Close" time="-1.69141323236E9">
    <skipped/>
  </testcase> <!-- @AfterMethod Close -->
  <testcase classname="litigationCompanyAdmin.CompanyAdmin" name="@BeforeMethod Login" time="-1.691413232362E9">
    <skipped/>
  </testcase> <!-- @BeforeMethod Login -->
  <testcase classname="litigationCompanyAdmin.CompanyAdmin" name="@AfterMethod Close" time="-1.691413232379E9">
    <skipped/>
  </testcase> <!-- @AfterMethod Close -->
  <testcase classname="litigationCompanyAdmin.CompanyAdmin" name="@BeforeMethod Login" time="-1.691413232386E9">
    <skipped/>
  </testcase> <!-- @BeforeMethod Login -->
  <testcase classname="litigationCompanyAdmin.CompanyAdmin" name="@AfterMethod Close" time="-1.69141323241E9">
    <skipped/>
  </testcase> <!-- @AfterMethod Close -->
  <testcase classname="litigationCompanyAdmin.CompanyAdmin" name="@BeforeMethod Login" time="-1.691413232422E9">
    <skipped/>
  </testcase> <!-- @BeforeMethod Login -->
  <testcase classname="litigationCompanyAdmin.CompanyAdmin" name="@AfterMethod Close" time="-1.691413232437E9">
    <skipped/>
  </testcase> <!-- @AfterMethod Close -->
  <testcase classname="litigationCompanyAdmin.CompanyAdmin" name="@BeforeMethod Login" time="-1.691413232512E9">
    <skipped/>
  </testcase> <!-- @BeforeMethod Login -->
  <testcase classname="litigationCompanyAdmin.CompanyAdmin" name="@AfterMethod Close" time="-1.691413232538E9">
    <skipped/>
  </testcase> <!-- @AfterMethod Close -->
  <testcase classname="litigationCompanyAdmin.CompanyAdmin" name="@BeforeMethod Login" time="-1.691413232546E9">
    <skipped/>
  </testcase> <!-- @BeforeMethod Login -->
  <testcase classname="litigationCompanyAdmin.CompanyAdmin" name="@AfterMethod Close" time="-1.691413232563E9">
    <skipped/>
  </testcase> <!-- @AfterMethod Close -->
  <testcase classname="litigationCompanyAdmin.CompanyAdmin" name="@BeforeMethod Login" time="-1.691413232573E9">
    <skipped/>
  </testcase> <!-- @BeforeMethod Login -->
  <testcase classname="litigationCompanyAdmin.CompanyAdmin" name="@AfterMethod Close" time="-1.69141323259E9">
    <skipped/>
  </testcase> <!-- @AfterMethod Close -->
  <testcase classname="litigationCompanyAdmin.CompanyAdmin" name="@BeforeMethod Login" time="-1.691413232592E9">
    <skipped/>
  </testcase> <!-- @BeforeMethod Login -->
  <testcase classname="litigationCompanyAdmin.CompanyAdmin" name="@AfterMethod Close" time="-1.691413232597E9">
    <skipped/>
  </testcase> <!-- @AfterMethod Close -->
  <testcase classname="litigationCompanyAdmin.CompanyAdmin" name="@BeforeMethod Login" time="-1.691413232622E9">
    <skipped/>
  </testcase> <!-- @BeforeMethod Login -->
  <testcase classname="litigationCompanyAdmin.CompanyAdmin" name="@AfterMethod Close" time="-1.691413232628E9">
    <skipped/>
  </testcase> <!-- @AfterMethod Close -->
  <testcase classname="litigationCompanyAdmin.CompanyAdmin" name="@BeforeMethod Login" time="-1.691413232639E9">
    <skipped/>
  </testcase> <!-- @BeforeMethod Login -->
  <testcase classname="litigationCompanyAdmin.CompanyAdmin" name="@AfterMethod Close" time="-1.691413232652E9">
    <skipped/>
  </testcase> <!-- @AfterMethod Close -->
  <testcase classname="litigationCompanyAdmin.CompanyAdmin" name="@BeforeMethod Login" time="-1.691413232659E9">
    <skipped/>
  </testcase> <!-- @BeforeMethod Login -->
  <testcase classname="litigationCompanyAdmin.CompanyAdmin" name="@AfterMethod Close" time="-1.691413232685E9">
    <skipped/>
  </testcase> <!-- @AfterMethod Close -->
  <testcase classname="litigationCompanyAdmin.CompanyAdmin" name="@BeforeMethod Login" time="-1.691413232691E9">
    <skipped/>
  </testcase> <!-- @BeforeMethod Login -->
  <testcase classname="litigationCompanyAdmin.CompanyAdmin" name="@AfterMethod Close" time="-1.691413232712E9">
    <skipped/>
  </testcase> <!-- @AfterMethod Close -->
  <testcase classname="litigationCompanyAdmin.CompanyAdmin" name="@BeforeMethod Login" time="-1.691413232724E9">
    <skipped/>
  </testcase> <!-- @BeforeMethod Login -->
  <testcase classname="litigationCompanyAdmin.CompanyAdmin" name="@AfterMethod Close" time="-1.691413232737E9">
    <skipped/>
  </testcase> <!-- @AfterMethod Close -->
  <testcase classname="litigationCompanyAdmin.CompanyAdmin" name="@BeforeMethod Login" time="-1.691413232741E9">
    <skipped/>
  </testcase> <!-- @BeforeMethod Login -->
  <testcase classname="litigationCompanyAdmin.CompanyAdmin" name="@AfterMethod Close" time="-1.691413232751E9">
    <skipped/>
  </testcase> <!-- @AfterMethod Close -->
  <testcase classname="litigationCompanyAdmin.CompanyAdmin" name="@BeforeMethod Login" time="-1.691413232757E9">
    <skipped/>
  </testcase> <!-- @BeforeMethod Login -->
  <testcase classname="litigationCompanyAdmin.CompanyAdmin" name="@AfterMethod Close" time="-1.691413232773E9">
    <skipped/>
  </testcase> <!-- @AfterMethod Close -->
  <testcase classname="litigationCompanyAdmin.CompanyAdmin" name="@BeforeMethod Login" time="-1.691413232776E9">
    <skipped/>
  </testcase> <!-- @BeforeMethod Login -->
  <testcase classname="litigationCompanyAdmin.CompanyAdmin" name="@AfterMethod Close" time="-1.691413232793E9">
    <skipped/>
  </testcase> <!-- @AfterMethod Close -->
  <testcase classname="litigationCompanyAdmin.CompanyAdmin" name="@BeforeMethod Login" time="-1.691413232806E9">
    <skipped/>
  </testcase> <!-- @BeforeMethod Login -->
  <testcase classname="litigationCompanyAdmin.CompanyAdmin" name="@AfterMethod Close" time="-1.691413232813E9">
    <skipped/>
  </testcase> <!-- @AfterMethod Close -->
  <testcase classname="litigationCompanyAdmin.CompanyAdmin" name="@BeforeMethod Login" time="-1.691413232824E9">
    <skipped/>
  </testcase> <!-- @BeforeMethod Login -->
  <testcase classname="litigationCompanyAdmin.CompanyAdmin" name="@AfterMethod Close" time="-1.69141323284E9">
    <skipped/>
  </testcase> <!-- @AfterMethod Close -->
  <testcase classname="litigationCompanyAdmin.CompanyAdmin" name="@BeforeMethod Login" time="-1.691413232845E9">
    <skipped/>
  </testcase> <!-- @BeforeMethod Login -->
  <testcase classname="litigationCompanyAdmin.CompanyAdmin" name="@AfterMethod Close" time="-1.691413232857E9">
    <skipped/>
  </testcase> <!-- @AfterMethod Close -->
  <testcase classname="litigationCompanyAdmin.CompanyAdmin" name="@BeforeMethod Login" time="-1.69141323286E9">
    <skipped/>
  </testcase> <!-- @BeforeMethod Login -->
  <testcase classname="litigationCompanyAdmin.CompanyAdmin" name="@AfterMethod Close" time="-1.691413232876E9">
    <skipped/>
  </testcase> <!-- @AfterMethod Close -->
  <testcase classname="litigationCompanyAdmin.CompanyAdmin" name="@BeforeMethod Login" time="-1.69141323288E9">
    <skipped/>
  </testcase> <!-- @BeforeMethod Login -->
  <testcase classname="litigationCompanyAdmin.CompanyAdmin" name="@AfterMethod Close" time="-1.691413232953E9">
    <skipped/>
  </testcase> <!-- @AfterMethod Close -->
  <testcase classname="litigationCompanyAdmin.CompanyAdmin" name="@BeforeMethod Login" time="-1.691413232956E9">
    <skipped/>
  </testcase> <!-- @BeforeMethod Login -->
  <testcase classname="litigationCompanyAdmin.CompanyAdmin" name="@AfterMethod Close" time="-1.691413232968E9">
    <skipped/>
  </testcase> <!-- @AfterMethod Close -->
  <testcase classname="litigationCompanyAdmin.CompanyAdmin" name="@BeforeMethod Login" time="-1.691413232975E9">
    <skipped/>
  </testcase> <!-- @BeforeMethod Login -->
  <testcase classname="litigationCompanyAdmin.CompanyAdmin" name="@AfterMethod Close" time="-1.691413233061E9">
    <skipped/>
  </testcase> <!-- @AfterMethod Close -->
  <testcase classname="litigationCompanyAdmin.CompanyAdmin" name="@BeforeMethod Login" time="-1.69141323307E9">
    <skipped/>
  </testcase> <!-- @BeforeMethod Login -->
  <testcase classname="litigationCompanyAdmin.CompanyAdmin" name="@AfterMethod Close" time="-1.691413233082E9">
    <skipped/>
  </testcase> <!-- @AfterMethod Close -->
  <testcase classname="litigationCompanyAdmin.CompanyAdmin" name="@BeforeMethod Login" time="-1.691413233085E9">
    <skipped/>
  </testcase> <!-- @BeforeMethod Login -->
  <testcase classname="litigationCompanyAdmin.CompanyAdmin" name="@AfterMethod Close" time="-1.691413233094E9">
    <skipped/>
  </testcase> <!-- @AfterMethod Close -->
  <testcase classname="litigationCompanyAdmin.CompanyAdmin" name="@BeforeMethod Login" time="-1.691413233103E9">
    <skipped/>
  </testcase> <!-- @BeforeMethod Login -->
  <testcase classname="litigationCompanyAdmin.CompanyAdmin" name="@AfterMethod Close" time="-1.691413233116E9">
    <skipped/>
  </testcase> <!-- @AfterMethod Close -->
  <testcase classname="litigationCompanyAdmin.CompanyAdmin" name="@BeforeMethod Login" time="-1.691413233121E9">
    <skipped/>
  </testcase> <!-- @BeforeMethod Login -->
  <testcase classname="litigationCompanyAdmin.CompanyAdmin" name="@AfterMethod Close" time="-1.691413233128E9">
    <skipped/>
  </testcase> <!-- @AfterMethod Close -->
  <testcase classname="litigationCompanyAdmin.CompanyAdmin" name="@BeforeMethod Login" time="-1.69141323314E9">
    <skipped/>
  </testcase> <!-- @BeforeMethod Login -->
  <testcase classname="litigationCompanyAdmin.CompanyAdmin" name="@AfterMethod Close" time="-1.691413233149E9">
    <skipped/>
  </testcase> <!-- @AfterMethod Close -->
  <testcase classname="litigationCompanyAdmin.CompanyAdmin" name="LessThanYearGraphFilter" time="56.872">
    <failure type="org.openqa.selenium.NoSuchElementException" message="no such element: Unable to locate element: {&amp;quot;method&amp;quot;:&amp;quot;xpath&amp;quot;,&amp;quot;selector&amp;quot;:&amp;quot;(//*[@class=&amp;apos;highcharts-label highcharts-data-label highcharts-data-label-color-1 &amp;apos;])[59]&amp;quot;}
  (Session info: chrome=115.0.5790.111)
For documentation on this error, please visit: http://seleniumhq.org/exceptions/no_such_element.html
Build info: version: &amp;apos;3.141.0&amp;apos;, revision: &amp;apos;2ecb7d9a&amp;apos;, time: &amp;apos;2018-10-31T20:09:30&amp;apos;
System info: host: &amp;apos;DESKTOP-LP&amp;apos;, ip: &amp;apos;172.25.160.1&amp;apos;, os.name: &amp;apos;Windows 10&amp;apos;, os.arch: &amp;apos;amd64&amp;apos;, os.version: &amp;apos;10.0&amp;apos;, java.version: &amp;apos;20&amp;apos;
Driver info: org.openqa.selenium.chrome.ChromeDriver
Capabilities {acceptInsecureCerts: false, browserName: chrome, browserVersion: 115.0.5790.111, chrome: {chromedriverVersion: 114.0.5735.90 (386bc09e8f4f..., userDataDir: C:\Users\SNEHAL~1\AppData\L...}, goog:chromeOptions: {debuggerAddress: localhost:60552}, javascriptEnabled: true, networkConnectionEnabled: false, pageLoadStrategy: normal, platform: WINDOWS, platformName: WINDOWS, proxy: Proxy(), setWindowRect: true, strictFileInteractability: false, timeouts: {implicit: 0, pageLoad: 300000, script: 30000}, unhandledPromptBehavior: dismiss and notify, webauthn:extension:credBlob: true, webauthn:extension:largeBlob: true, webauthn:extension:minPinLength: true, webauthn:extension:prf: true, webauthn:virtualAuthenticators: true}
Session ID: 5d7734da6e6b420c8e556cd97bb88dea
*** Element info: {Using=xpath, value=(//*[@class=&amp;apos;highcharts-label highcharts-data-label highcharts-data-label-color-1 &amp;apos;])[59]}">
      <![CDATA[org.openqa.selenium.NoSuchElementException: no such element: Unable to locate element: {"method":"xpath","selector":"(//*[@class='highcharts-label highcharts-data-label highcharts-data-label-color-1 '])[59]"}
  (Session info: chrome=115.0.5790.111)
For documentation on this error, please visit: http://seleniumhq.org/exceptions/no_such_element.html
Build info: version: '3.141.0', revision: '2ecb7d9a', time: '2018-10-31T20:09:30'
System info: host: 'DESKTOP-LP', ip: '172.25.160.1', os.name: 'Windows 10', os.arch: 'amd64', os.version: '10.0', java.version: '20'
Driver info: org.openqa.selenium.chrome.ChromeDriver
Capabilities {acceptInsecureCerts: false, browserName: chrome, browserVersion: 115.0.5790.111, chrome: {chromedriverVersion: 114.0.5735.90 (386bc09e8f4f..., userDataDir: C:\Users\SNEHAL~1\AppData\L...}, goog:chromeOptions: {debuggerAddress: localhost:60552}, javascriptEnabled: true, networkConnectionEnabled: false, pageLoadStrategy: normal, platform: WINDOWS, platformName: WINDOWS, proxy: Proxy(), setWindowRect: true, strictFileInteractability: false, timeouts: {implicit: 0, pageLoad: 300000, script: 30000}, unhandledPromptBehavior: dismiss and notify, webauthn:extension:credBlob: true, webauthn:extension:largeBlob: true, webauthn:extension:minPinLength: true, webauthn:extension:prf: true, webauthn:virtualAuthenticators: true}
Session ID: 5d7734da6e6b420c8e556cd97bb88dea
*** Element info: {Using=xpath, value=(//*[@class='highcharts-label highcharts-data-label highcharts-data-label-color-1 '])[59]}
at java.base/jdk.internal.reflect.DirectConstructorHandleAccessor.newInstance(DirectConstructorHandleAccessor.java:67)
at java.base/java.lang.reflect.Constructor.newInstanceWithCaller(Constructor.java:500)
at java.base/java.lang.reflect.Constructor.newInstance(Constructor.java:484)
at org.openqa.selenium.remote.http.W3CHttpResponseCodec.createException(W3CHttpResponseCodec.java:187)
at org.openqa.selenium.remote.http.W3CHttpResponseCodec.decode(W3CHttpResponseCodec.java:122)
at org.openqa.selenium.remote.http.W3CHttpResponseCodec.decode(W3CHttpResponseCodec.java:49)
at org.openqa.selenium.remote.HttpCommandExecutor.execute(HttpCommandExecutor.java:158)
at org.openqa.selenium.remote.service.DriverCommandExecutor.execute(DriverCommandExecutor.java:83)
at org.openqa.selenium.remote.RemoteWebDriver.execute(RemoteWebDriver.java:552)
at org.openqa.selenium.remote.RemoteWebDriver.findElement(RemoteWebDriver.java:323)
at org.openqa.selenium.remote.RemoteWebDriver.findElementByXPath(RemoteWebDriver.java:428)
at org.openqa.selenium.By$ByXPath.findElement(By.java:353)
at org.openqa.selenium.remote.RemoteWebDriver.findElement(RemoteWebDriver.java:315)
at litigationAdditionalOwner.performerPOM.clickComplainantAgeing(performerPOM.java:6098)
at litigationAdditionalOwner.MethodsPOM.LessThanYearGraphFilter(MethodsPOM.java:12085)
at litigationCompanyAdmin.CompanyAdmin.LessThanYearGraphFilter(CompanyAdmin.java:389)
at java.base/jdk.internal.reflect.DirectMethodHandleAccessor.invoke(DirectMethodHandleAccessor.java:104)
at java.base/java.lang.reflect.Method.invoke(Method.java:578)
at org.testng.internal.MethodInvocationHelper.invokeMethod(MethodInvocationHelper.java:133)
at org.testng.internal.TestInvoker.invokeMethod(TestInvoker.java:598)
at org.testng.internal.TestInvoker.invokeTestMethod(TestInvoker.java:173)
at org.testng.internal.MethodRunner.runInSequence(MethodRunner.java:46)
at org.testng.internal.TestInvoker$MethodInvocationAgent.invoke(TestInvoker.java:824)
at org.testng.internal.TestInvoker.invokeTestMethods(TestInvoker.java:146)
at org.testng.internal.TestMethodWorker.invokeTestMethods(TestMethodWorker.java:146)
at org.testng.internal.TestMethodWorker.run(TestMethodWorker.java:128)
at java.base/java.util.ArrayList.forEach(ArrayList.java:1511)
at org.testng.TestRunner.privateRun(TestRunner.java:794)
at org.testng.TestRunner.run(TestRunner.java:596)
at org.testng.SuiteRunner.runTest(SuiteRunner.java:377)
at org.testng.SuiteRunner.runSequentially(SuiteRunner.java:371)
at org.testng.SuiteRunner.privateRun(SuiteRunner.java:332)
at org.testng.SuiteRunner.run(SuiteRunner.java:276)
at org.testng.SuiteRunnerWorker.runSuite(SuiteRunnerWorker.java:53)
at org.testng.SuiteRunnerWorker.run(SuiteRunnerWorker.java:96)
at org.testng.TestNG.runSuitesSequentially(TestNG.java:1212)
at org.testng.TestNG.runSuitesLocally(TestNG.java:1134)
at org.testng.TestNG.runSuites(TestNG.java:1063)
at org.testng.TestNG.run(TestNG.java:1031)
at org.testng.remote.AbstractRemoteTestNG.run(AbstractRemoteTestNG.java:115)
at org.testng.remote.RemoteTestNG.initAndRun(RemoteTestNG.java:251)
at org.testng.remote.RemoteTestNG.main(RemoteTestNG.java:77)
]]>
    </failure>
  </testcase> <!-- LessThanYearGraphFilter -->
  <testcase classname="litigationCompanyAdmin.CompanyAdmin" name="NoticeExternalLawyerTab" time="0.0">
    <skipped/>
  </testcase> <!-- NoticeExternalLawyerTab -->
  <testcase classname="litigationCompanyAdmin.CompanyAdmin" name="MyReports" time="0.0">
    <skipped/>
  </testcase> <!-- MyReports -->
  <testcase classname="litigationCompanyAdmin.CompanyAdmin" name="RiskSummaryGraph" time="0.0">
    <skipped/>
  </testcase> <!-- RiskSummaryGraph -->
  <testcase classname="litigationCompanyAdmin.CompanyAdmin" name="MoreReports" time="0.0">
    <skipped/>
  </testcase> <!-- MoreReports -->
  <testcase classname="litigationCompanyAdmin.CompanyAdmin" name="ImportUtility" time="0.0">
    <skipped/>
  </testcase> <!-- ImportUtility -->
  <testcase classname="litigationCompanyAdmin.CompanyAdmin" name="NoticeOpen" time="0.0">
    <skipped/>
  </testcase> <!-- NoticeOpen -->
  <testcase classname="litigationCompanyAdmin.CompanyAdmin" name="NoticeClosed" time="0.0">
    <skipped/>
  </testcase> <!-- NoticeClosed -->
  <testcase classname="litigationCompanyAdmin.CompanyAdmin" name="CaseOpen" time="0.0">
    <skipped/>
  </testcase> <!-- CaseOpen -->
  <testcase classname="litigationCompanyAdmin.CompanyAdmin" name="CaseClose" time="0.0">
    <skipped/>
  </testcase> <!-- CaseClose -->
  <testcase classname="litigationCompanyAdmin.CompanyAdmin" name="TaskOpen" time="0.0">
    <skipped/>
  </testcase> <!-- TaskOpen -->
  <testcase classname="litigationCompanyAdmin.CompanyAdmin" name="TaskClosed" time="0.0">
    <skipped/>
  </testcase> <!-- TaskClosed -->
  <testcase classname="litigationCompanyAdmin.CompanyAdmin" name="LinkNotice" time="0.0">
    <skipped/>
  </testcase> <!-- LinkNotice -->
  <testcase classname="litigationCompanyAdmin.CompanyAdmin" name="LinkCase" time="0.0">
    <skipped/>
  </testcase> <!-- LinkCase -->
  <testcase classname="litigationCompanyAdmin.CompanyAdmin" name="CloseNotice" time="0.0">
    <skipped/>
  </testcase> <!-- CloseNotice -->
  <testcase classname="litigationCompanyAdmin.CompanyAdmin" name="CloseCase" time="0.0">
    <skipped/>
  </testcase> <!-- CloseCase -->
  <testcase classname="litigationCompanyAdmin.CompanyAdmin" name="NoticeDocumentTab" time="0.0">
    <skipped/>
  </testcase> <!-- NoticeDocumentTab -->
  <testcase classname="litigationCompanyAdmin.CompanyAdmin" name="NoticeTaskActivityTab" time="0.0">
    <skipped/>
  </testcase> <!-- NoticeTaskActivityTab -->
  <testcase classname="litigationCompanyAdmin.CompanyAdmin" name="NoticeResponseTab" time="0.0">
    <skipped/>
  </testcase> <!-- NoticeResponseTab -->
  <testcase classname="litigationCompanyAdmin.CompanyAdmin" name="NoticePaymentLogTab" time="0.0">
    <skipped/>
  </testcase> <!-- NoticePaymentLogTab -->
  <testcase classname="litigationCompanyAdmin.CompanyAdmin" name="NoticeAuditLogTab" time="0.0">
    <skipped/>
  </testcase> <!-- NoticeAuditLogTab -->
  <testcase classname="litigationCompanyAdmin.CompanyAdmin" name="NoticeDocViewandDownload" time="0.0">
    <skipped/>
  </testcase> <!-- NoticeDocViewandDownload -->
  <testcase classname="litigationCompanyAdmin.CompanyAdmin" name="CaseDocumentTab" time="0.0">
    <skipped/>
  </testcase> <!-- CaseDocumentTab -->
  <testcase classname="litigationCompanyAdmin.CompanyAdmin" name="CaseTaskActivityTab" time="0.0">
    <skipped/>
  </testcase> <!-- CaseTaskActivityTab -->
  <testcase classname="litigationCompanyAdmin.CompanyAdmin" name="CaseHearingTab" time="0.009">
    <skipped/>
  </testcase> <!-- CaseHearingTab -->
  <testcase classname="litigationCompanyAdmin.CompanyAdmin" name="CaseOrderTab" time="0.0">
    <skipped/>
  </testcase> <!-- CaseOrderTab -->
  <testcase classname="litigationCompanyAdmin.CompanyAdmin" name="CaseAdvocateBillTab" time="0.0">
    <skipped/>
  </testcase> <!-- CaseAdvocateBillTab -->
  <testcase classname="litigationCompanyAdmin.CompanyAdmin" name="ExternalLawyer" time="0.0">
    <skipped/>
  </testcase> <!-- ExternalLawyer -->
  <testcase classname="litigationCompanyAdmin.CompanyAdmin" name="StatusPayment" time="0.0">
    <skipped/>
  </testcase> <!-- StatusPayment -->
  <testcase classname="litigationCompanyAdmin.CompanyAdmin" name="Auditlog" time="0.0">
    <skipped/>
  </testcase> <!-- Auditlog -->
  <testcase classname="litigationCompanyAdmin.CompanyAdmin" name="CaseHearing" time="0.0">
    <skipped/>
  </testcase> <!-- CaseHearing -->
  <testcase classname="litigationCompanyAdmin.CompanyAdmin" name="AdvancedSearchworkspace" time="0.0">
    <skipped/>
  </testcase> <!-- AdvancedSearchworkspace -->
  <testcase classname="litigationCompanyAdmin.CompanyAdmin" name="MyDocument" time="0.0">
    <skipped/>
  </testcase> <!-- MyDocument -->
  <testcase classname="litigationCompanyAdmin.CompanyAdmin" name="AdvancedSearchDoc" time="0.0">
    <skipped/>
  </testcase> <!-- AdvancedSearchDoc -->
  <testcase classname="litigationCompanyAdmin.CompanyAdmin" name="AdvancedSearch" time="0.0">
    <skipped/>
  </testcase> <!-- AdvancedSearch -->
  <testcase classname="litigationCompanyAdmin.CompanyAdmin" name="MyReminder" time="0.0">
    <skipped/>
  </testcase> <!-- MyReminder -->
  <testcase classname="litigationCompanyAdmin.CompanyAdmin" name="CaseAdvocateBill" time="0.0">
    <skipped/>
  </testcase> <!-- CaseAdvocateBill -->
  <testcase classname="litigationCompanyAdmin.CompanyAdmin" name="CaseAdvocateBill1" time="0.001">
    <skipped/>
  </testcase> <!-- CaseAdvocateBill1 -->
  <testcase classname="litigationCompanyAdmin.CompanyAdmin" name="Masters" time="0.0">
    <skipped/>
  </testcase> <!-- Masters -->
  <testcase classname="litigationCompanyAdmin.CompanyAdmin" name="Masters1" time="0.0">
    <skipped/>
  </testcase> <!-- Masters1 -->
  <testcase classname="litigationCompanyAdmin.CompanyAdmin" name="Masters2" time="0.0">
    <skipped/>
  </testcase> <!-- Masters2 -->
  <testcase classname="litigationCompanyAdmin.CompanyAdmin" name="Masters3" time="0.0">
    <skipped/>
  </testcase> <!-- Masters3 -->
  <testcase classname="litigationCompanyAdmin.CompanyAdmin" name="Masters4" time="0.001">
    <skipped/>
  </testcase> <!-- Masters4 -->
  <testcase classname="litigationCompanyAdmin.CompanyAdmin" name="Masters5" time="0.0">
    <skipped/>
  </testcase> <!-- Masters5 -->
  <testcase classname="litigationCompanyAdmin.CompanyAdmin" name="Masters6" time="0.0">
    <skipped/>
  </testcase> <!-- Masters6 -->
  <testcase classname="litigationCompanyAdmin.CompanyAdmin" name="Masters7" time="0.0">
    <skipped/>
  </testcase> <!-- Masters7 -->
  <testcase classname="litigationCompanyAdmin.CompanyAdmin" name="Masters8" time="0.0">
    <skipped/>
  </testcase> <!-- Masters8 -->
  <testcase classname="litigationCompanyAdmin.CompanyAdmin" name="Masters9" time="0.0">
    <skipped/>
  </testcase> <!-- Masters9 -->
  <testcase classname="litigationCompanyAdmin.CompanyAdmin" name="Masters10" time="0.0">
    <skipped/>
  </testcase> <!-- Masters10 -->
  <testcase classname="litigationCompanyAdmin.CompanyAdmin" name="Masters11" time="0.0">
    <skipped/>
  </testcase> <!-- Masters11 -->
  <testcase classname="litigationCompanyAdmin.CompanyAdmin" name="Masters12" time="0.0">
    <skipped/>
  </testcase> <!-- Masters12 -->
  <testcase classname="litigationCompanyAdmin.CompanyAdmin" name="Masters13" time="0.0">
    <skipped/>
  </testcase> <!-- Masters13 -->
  <testcase classname="litigationCompanyAdmin.CompanyAdmin" name="Masters14" time="0.0">
    <skipped/>
  </testcase> <!-- Masters14 -->
  <testcase classname="litigationCompanyAdmin.CompanyAdmin" name="Masters15" time="0.0">
    <skipped/>
  </testcase> <!-- Masters15 -->
</testsuite> <!-- Default test -->
