<?xml version="1.0" encoding="UTF-8"?>
<!-- Generated by org.testng.reporters.JUnitXMLReporter -->
<testsuite ignored="0" hostname="DESKTOP-LP" failures="1" tests="128" name="Default test" time="651.172" errors="0" timestamp="2023-09-04T20:18:43 IST">
  <testcase classname="litigationCompanyAdmin.CompanyAdmin" name="@BeforeMethod Login" time="12.355">
    <failure type="org.openqa.selenium.NoSuchElementException" message="no such element: Unable to locate element: {&amp;quot;method&amp;quot;:&amp;quot;xpath&amp;quot;,&amp;quot;selector&amp;quot;:&amp;quot;//*[@id=&amp;apos;dvbtnLitigation&amp;apos;]&amp;quot;}
  (Session info: chrome=116.0.5845.141)
For documentation on this error, please visit: http://seleniumhq.org/exceptions/no_such_element.html
Build info: version: &amp;apos;3.141.0&amp;apos;, revision: &amp;apos;2ecb7d9a&amp;apos;, time: &amp;apos;2018-10-31T20:09:30&amp;apos;
System info: host: &amp;apos;DESKTOP-LP&amp;apos;, ip: &amp;apos;10.1.1.3&amp;apos;, os.name: &amp;apos;Windows 10&amp;apos;, os.arch: &amp;apos;amd64&amp;apos;, os.version: &amp;apos;10.0&amp;apos;, java.version: &amp;apos;20&amp;apos;
Driver info: org.openqa.selenium.chrome.ChromeDriver
Capabilities {acceptInsecureCerts: false, browserName: chrome, browserVersion: 116.0.5845.141, chrome: {chromedriverVersion: 116.0.5845.96 (1a3918166880..., userDataDir: C:\Users\SNEHAL~1\AppData\L...}, fedcm:accounts: true, goog:chromeOptions: {debuggerAddress: localhost:57163}, javascriptEnabled: true, networkConnectionEnabled: false, pageLoadStrategy: normal, platform: WINDOWS, platformName: WINDOWS, proxy: Proxy(), setWindowRect: true, strictFileInteractability: false, timeouts: {implicit: 0, pageLoad: 300000, script: 30000}, unhandledPromptBehavior: dismiss and notify, webauthn:extension:credBlob: true, webauthn:extension:largeBlob: true, webauthn:extension:minPinLength: true, webauthn:extension:prf: true, webauthn:virtualAuthenticators: true}
Session ID: ac75052b5b49a5ffe38d7bfc4eff09c1
*** Element info: {Using=xpath, value=//*[@id=&amp;apos;dvbtnLitigation&amp;apos;]}">
      <![CDATA[org.openqa.selenium.NoSuchElementException: no such element: Unable to locate element: {"method":"xpath","selector":"//*[@id='dvbtnLitigation']"}
  (Session info: chrome=116.0.5845.141)
For documentation on this error, please visit: http://seleniumhq.org/exceptions/no_such_element.html
Build info: version: '3.141.0', revision: '2ecb7d9a', time: '2018-10-31T20:09:30'
System info: host: 'DESKTOP-LP', ip: '10.1.1.3', os.name: 'Windows 10', os.arch: 'amd64', os.version: '10.0', java.version: '20'
Driver info: org.openqa.selenium.chrome.ChromeDriver
Capabilities {acceptInsecureCerts: false, browserName: chrome, browserVersion: 116.0.5845.141, chrome: {chromedriverVersion: 116.0.5845.96 (1a3918166880..., userDataDir: C:\Users\SNEHAL~1\AppData\L...}, fedcm:accounts: true, goog:chromeOptions: {debuggerAddress: localhost:57163}, javascriptEnabled: true, networkConnectionEnabled: false, pageLoadStrategy: normal, platform: WINDOWS, platformName: WINDOWS, proxy: Proxy(), setWindowRect: true, strictFileInteractability: false, timeouts: {implicit: 0, pageLoad: 300000, script: 30000}, unhandledPromptBehavior: dismiss and notify, webauthn:extension:credBlob: true, webauthn:extension:largeBlob: true, webauthn:extension:minPinLength: true, webauthn:extension:prf: true, webauthn:virtualAuthenticators: true}
Session ID: ac75052b5b49a5ffe38d7bfc4eff09c1
*** Element info: {Using=xpath, value=//*[@id='dvbtnLitigation']}
at java.base/jdk.internal.reflect.DirectConstructorHandleAccessor.newInstance(DirectConstructorHandleAccessor.java:67)
at java.base/java.lang.reflect.Constructor.newInstanceWithCaller(Constructor.java:500)
at java.base/java.lang.reflect.Constructor.newInstance(Constructor.java:484)
at org.openqa.selenium.remote.http.W3CHttpResponseCodec.createException(W3CHttpResponseCodec.java:187)
at org.openqa.selenium.remote.http.W3CHttpResponseCodec.decode(W3CHttpResponseCodec.java:122)
at org.openqa.selenium.remote.http.W3CHttpResponseCodec.decode(W3CHttpResponseCodec.java:49)
at org.openqa.selenium.remote.HttpCommandExecutor.execute(HttpCommandExecutor.java:158)
at org.openqa.selenium.remote.service.DriverCommandExecutor.execute(DriverCommandExecutor.java:83)
at org.openqa.selenium.remote.RemoteWebDriver.execute(RemoteWebDriver.java:552)
at org.openqa.selenium.remote.RemoteWebDriver.findElement(RemoteWebDriver.java:323)
at org.openqa.selenium.remote.RemoteWebDriver.findElementByXPath(RemoteWebDriver.java:428)
at org.openqa.selenium.By$ByXPath.findElement(By.java:353)
at org.openqa.selenium.remote.RemoteWebDriver.findElement(RemoteWebDriver.java:315)
at login.LoginPOM.ClickLitigation(LoginPOM.java:88)
at login.Login.UserLogin(Login.java:196)
at litigationCompanyAdmin.CompanyAdmin.Login(CompanyAdmin.java:84)
at java.base/jdk.internal.reflect.DirectMethodHandleAccessor.invoke(DirectMethodHandleAccessor.java:104)
at java.base/java.lang.reflect.Method.invoke(Method.java:578)
at org.testng.internal.MethodInvocationHelper.invokeMethod(MethodInvocationHelper.java:133)
at org.testng.internal.MethodInvocationHelper.invokeMethodConsideringTimeout(MethodInvocationHelper.java:62)
at org.testng.internal.ConfigInvoker.invokeConfigurationMethod(ConfigInvoker.java:385)
at org.testng.internal.ConfigInvoker.invokeConfigurations(ConfigInvoker.java:321)
at org.testng.internal.TestInvoker.runConfigMethods(TestInvoker.java:700)
at org.testng.internal.TestInvoker.invokeMethod(TestInvoker.java:527)
at org.testng.internal.TestInvoker.invokeTestMethod(TestInvoker.java:173)
at org.testng.internal.MethodRunner.runInSequence(MethodRunner.java:46)
at org.testng.internal.TestInvoker$MethodInvocationAgent.invoke(TestInvoker.java:824)
at org.testng.internal.TestInvoker.invokeTestMethods(TestInvoker.java:146)
at org.testng.internal.TestMethodWorker.invokeTestMethods(TestMethodWorker.java:146)
at org.testng.internal.TestMethodWorker.run(TestMethodWorker.java:128)
at java.base/java.util.ArrayList.forEach(ArrayList.java:1511)
at org.testng.TestRunner.privateRun(TestRunner.java:794)
at org.testng.TestRunner.run(TestRunner.java:596)
at org.testng.SuiteRunner.runTest(SuiteRunner.java:377)
at org.testng.SuiteRunner.runSequentially(SuiteRunner.java:371)
at org.testng.SuiteRunner.privateRun(SuiteRunner.java:332)
at org.testng.SuiteRunner.run(SuiteRunner.java:276)
at org.testng.SuiteRunnerWorker.runSuite(SuiteRunnerWorker.java:53)
at org.testng.SuiteRunnerWorker.run(SuiteRunnerWorker.java:96)
at org.testng.TestNG.runSuitesSequentially(TestNG.java:1212)
at org.testng.TestNG.runSuitesLocally(TestNG.java:1134)
at org.testng.TestNG.runSuites(TestNG.java:1063)
at org.testng.TestNG.run(TestNG.java:1031)
at org.testng.remote.AbstractRemoteTestNG.run(AbstractRemoteTestNG.java:115)
at org.testng.remote.RemoteTestNG.initAndRun(RemoteTestNG.java:251)
at org.testng.remote.RemoteTestNG.main(RemoteTestNG.java:77)
]]>
    </failure>
  </testcase> <!-- @BeforeMethod Login -->
  <testcase classname="litigationCompanyAdmin.CompanyAdmin" name="@AfterMethod Close" time="-1.69383892104E9">
    <skipped/>
  </testcase> <!-- @AfterMethod Close -->
  <testcase classname="litigationCompanyAdmin.CompanyAdmin" name="@BeforeMethod Login" time="-1.693838921044E9">
    <skipped/>
  </testcase> <!-- @BeforeMethod Login -->
  <testcase classname="litigationCompanyAdmin.CompanyAdmin" name="@AfterMethod Close" time="-1.693838921051E9">
    <skipped/>
  </testcase> <!-- @AfterMethod Close -->
  <testcase classname="litigationCompanyAdmin.CompanyAdmin" name="@BeforeMethod Login" time="-1.693838921055E9">
    <skipped/>
  </testcase> <!-- @BeforeMethod Login -->
  <testcase classname="litigationCompanyAdmin.CompanyAdmin" name="@AfterMethod Close" time="-1.693838921063E9">
    <skipped/>
  </testcase> <!-- @AfterMethod Close -->
  <testcase classname="litigationCompanyAdmin.CompanyAdmin" name="@BeforeMethod Login" time="-1.693838921073E9">
    <skipped/>
  </testcase> <!-- @BeforeMethod Login -->
  <testcase classname="litigationCompanyAdmin.CompanyAdmin" name="@AfterMethod Close" time="-1.693838921088E9">
    <skipped/>
  </testcase> <!-- @AfterMethod Close -->
  <testcase classname="litigationCompanyAdmin.CompanyAdmin" name="@BeforeMethod Login" time="-1.69383892109E9">
    <skipped/>
  </testcase> <!-- @BeforeMethod Login -->
  <testcase classname="litigationCompanyAdmin.CompanyAdmin" name="@AfterMethod Close" time="-1.693838921098E9">
    <skipped/>
  </testcase> <!-- @AfterMethod Close -->
  <testcase classname="litigationCompanyAdmin.CompanyAdmin" name="@BeforeMethod Login" time="-1.6938389211E9">
    <skipped/>
  </testcase> <!-- @BeforeMethod Login -->
  <testcase classname="litigationCompanyAdmin.CompanyAdmin" name="@AfterMethod Close" time="-1.693838921113E9">
    <skipped/>
  </testcase> <!-- @AfterMethod Close -->
  <testcase classname="litigationCompanyAdmin.CompanyAdmin" name="@BeforeMethod Login" time="-1.693838921129E9">
    <skipped/>
  </testcase> <!-- @BeforeMethod Login -->
  <testcase classname="litigationCompanyAdmin.CompanyAdmin" name="@AfterMethod Close" time="-1.693838921163E9">
    <skipped/>
  </testcase> <!-- @AfterMethod Close -->
  <testcase classname="litigationCompanyAdmin.CompanyAdmin" name="@BeforeMethod Login" time="-1.693838921279E9">
    <skipped/>
  </testcase> <!-- @BeforeMethod Login -->
  <testcase classname="litigationCompanyAdmin.CompanyAdmin" name="@AfterMethod Close" time="-1.693838921289E9">
    <skipped/>
  </testcase> <!-- @AfterMethod Close -->
  <testcase classname="litigationCompanyAdmin.CompanyAdmin" name="@BeforeMethod Login" time="-1.693838921293E9">
    <skipped/>
  </testcase> <!-- @BeforeMethod Login -->
  <testcase classname="litigationCompanyAdmin.CompanyAdmin" name="@AfterMethod Close" time="-1.693838921305E9">
    <skipped/>
  </testcase> <!-- @AfterMethod Close -->
  <testcase classname="litigationCompanyAdmin.CompanyAdmin" name="@BeforeMethod Login" time="-1.693838921308E9">
    <skipped/>
  </testcase> <!-- @BeforeMethod Login -->
  <testcase classname="litigationCompanyAdmin.CompanyAdmin" name="@AfterMethod Close" time="-1.693838921327E9">
    <skipped/>
  </testcase> <!-- @AfterMethod Close -->
  <testcase classname="litigationCompanyAdmin.CompanyAdmin" name="@BeforeMethod Login" time="-1.693838921337E9">
    <skipped/>
  </testcase> <!-- @BeforeMethod Login -->
  <testcase classname="litigationCompanyAdmin.CompanyAdmin" name="@AfterMethod Close" time="-1.69383892135E9">
    <skipped/>
  </testcase> <!-- @AfterMethod Close -->
  <testcase classname="litigationCompanyAdmin.CompanyAdmin" name="@BeforeMethod Login" time="-1.693838921355E9">
    <skipped/>
  </testcase> <!-- @BeforeMethod Login -->
  <testcase classname="litigationCompanyAdmin.CompanyAdmin" name="@AfterMethod Close" time="-1.693838921378E9">
    <skipped/>
  </testcase> <!-- @AfterMethod Close -->
  <testcase classname="litigationCompanyAdmin.CompanyAdmin" name="@BeforeMethod Login" time="-1.693838921382E9">
    <skipped/>
  </testcase> <!-- @BeforeMethod Login -->
  <testcase classname="litigationCompanyAdmin.CompanyAdmin" name="@AfterMethod Close" time="-1.693838921411E9">
    <skipped/>
  </testcase> <!-- @AfterMethod Close -->
  <testcase classname="litigationCompanyAdmin.CompanyAdmin" name="@BeforeMethod Login" time="-1.693838921432E9">
    <skipped/>
  </testcase> <!-- @BeforeMethod Login -->
  <testcase classname="litigationCompanyAdmin.CompanyAdmin" name="@AfterMethod Close" time="-1.693838921437E9">
    <skipped/>
  </testcase> <!-- @AfterMethod Close -->
  <testcase classname="litigationCompanyAdmin.CompanyAdmin" name="@BeforeMethod Login" time="-1.693838921445E9">
    <skipped/>
  </testcase> <!-- @BeforeMethod Login -->
  <testcase classname="litigationCompanyAdmin.CompanyAdmin" name="@AfterMethod Close" time="-1.693838921458E9">
    <skipped/>
  </testcase> <!-- @AfterMethod Close -->
  <testcase classname="litigationCompanyAdmin.CompanyAdmin" name="@BeforeMethod Login" time="-1.693838921465E9">
    <skipped/>
  </testcase> <!-- @BeforeMethod Login -->
  <testcase classname="litigationCompanyAdmin.CompanyAdmin" name="@AfterMethod Close" time="-1.693838921486E9">
    <skipped/>
  </testcase> <!-- @AfterMethod Close -->
  <testcase classname="litigationCompanyAdmin.CompanyAdmin" name="@BeforeMethod Login" time="-1.693838921492E9">
    <skipped/>
  </testcase> <!-- @BeforeMethod Login -->
  <testcase classname="litigationCompanyAdmin.CompanyAdmin" name="@AfterMethod Close" time="-1.693838921497E9">
    <skipped/>
  </testcase> <!-- @AfterMethod Close -->
  <testcase classname="litigationCompanyAdmin.CompanyAdmin" name="@BeforeMethod Login" time="-1.6938389215E9">
    <skipped/>
  </testcase> <!-- @BeforeMethod Login -->
  <testcase classname="litigationCompanyAdmin.CompanyAdmin" name="@AfterMethod Close" time="-1.693838921512E9">
    <skipped/>
  </testcase> <!-- @AfterMethod Close -->
  <testcase classname="litigationCompanyAdmin.CompanyAdmin" name="@BeforeMethod Login" time="-1.69383892152E9">
    <skipped/>
  </testcase> <!-- @BeforeMethod Login -->
  <testcase classname="litigationCompanyAdmin.CompanyAdmin" name="@AfterMethod Close" time="-1.693838921528E9">
    <skipped/>
  </testcase> <!-- @AfterMethod Close -->
  <testcase classname="litigationCompanyAdmin.CompanyAdmin" name="@BeforeMethod Login" time="-1.693838921533E9">
    <skipped/>
  </testcase> <!-- @BeforeMethod Login -->
  <testcase classname="litigationCompanyAdmin.CompanyAdmin" name="@AfterMethod Close" time="-1.693838921546E9">
    <skipped/>
  </testcase> <!-- @AfterMethod Close -->
  <testcase classname="litigationCompanyAdmin.CompanyAdmin" name="@BeforeMethod Login" time="-1.693838921548E9">
    <skipped/>
  </testcase> <!-- @BeforeMethod Login -->
  <testcase classname="litigationCompanyAdmin.CompanyAdmin" name="@AfterMethod Close" time="-1.693838921567E9">
    <skipped/>
  </testcase> <!-- @AfterMethod Close -->
  <testcase classname="litigationCompanyAdmin.CompanyAdmin" name="@BeforeMethod Login" time="-1.693838921572E9">
    <skipped/>
  </testcase> <!-- @BeforeMethod Login -->
  <testcase classname="litigationCompanyAdmin.CompanyAdmin" name="@AfterMethod Close" time="-1.693838921578E9">
    <skipped/>
  </testcase> <!-- @AfterMethod Close -->
  <testcase classname="litigationCompanyAdmin.CompanyAdmin" name="@BeforeMethod Login" time="-1.69383892158E9">
    <skipped/>
  </testcase> <!-- @BeforeMethod Login -->
  <testcase classname="litigationCompanyAdmin.CompanyAdmin" name="@AfterMethod Close" time="-1.693838921593E9">
    <skipped/>
  </testcase> <!-- @AfterMethod Close -->
  <testcase classname="litigationCompanyAdmin.CompanyAdmin" name="@BeforeMethod Login" time="-1.6938389216E9">
    <skipped/>
  </testcase> <!-- @BeforeMethod Login -->
  <testcase classname="litigationCompanyAdmin.CompanyAdmin" name="@AfterMethod Close" time="-1.69383892161E9">
    <skipped/>
  </testcase> <!-- @AfterMethod Close -->
  <testcase classname="litigationCompanyAdmin.CompanyAdmin" name="@BeforeMethod Login" time="-1.693838921612E9">
    <skipped/>
  </testcase> <!-- @BeforeMethod Login -->
  <testcase classname="litigationCompanyAdmin.CompanyAdmin" name="@AfterMethod Close" time="-1.693838921625E9">
    <skipped/>
  </testcase> <!-- @AfterMethod Close -->
  <testcase classname="litigationCompanyAdmin.CompanyAdmin" name="@BeforeMethod Login" time="-1.693838921632E9">
    <skipped/>
  </testcase> <!-- @BeforeMethod Login -->
  <testcase classname="litigationCompanyAdmin.CompanyAdmin" name="@AfterMethod Close" time="-1.693838921658E9">
    <skipped/>
  </testcase> <!-- @AfterMethod Close -->
  <testcase classname="litigationCompanyAdmin.CompanyAdmin" name="@BeforeMethod Login" time="-1.693838921665E9">
    <skipped/>
  </testcase> <!-- @BeforeMethod Login -->
  <testcase classname="litigationCompanyAdmin.CompanyAdmin" name="@AfterMethod Close" time="-1.693838921685E9">
    <skipped/>
  </testcase> <!-- @AfterMethod Close -->
  <testcase classname="litigationCompanyAdmin.CompanyAdmin" name="@BeforeMethod Login" time="-1.693838921689E9">
    <skipped/>
  </testcase> <!-- @BeforeMethod Login -->
  <testcase classname="litigationCompanyAdmin.CompanyAdmin" name="@AfterMethod Close" time="-1.693838921701E9">
    <skipped/>
  </testcase> <!-- @AfterMethod Close -->
  <testcase classname="litigationCompanyAdmin.CompanyAdmin" name="@BeforeMethod Login" time="-1.693838921711E9">
    <skipped/>
  </testcase> <!-- @BeforeMethod Login -->
  <testcase classname="litigationCompanyAdmin.CompanyAdmin" name="@AfterMethod Close" time="-1.693838921732E9">
    <skipped/>
  </testcase> <!-- @AfterMethod Close -->
  <testcase classname="litigationCompanyAdmin.CompanyAdmin" name="@BeforeMethod Login" time="-1.693838921738E9">
    <skipped/>
  </testcase> <!-- @BeforeMethod Login -->
  <testcase classname="litigationCompanyAdmin.CompanyAdmin" name="@AfterMethod Close" time="-1.693838921793E9">
    <skipped/>
  </testcase> <!-- @AfterMethod Close -->
  <testcase classname="litigationCompanyAdmin.CompanyAdmin" name="@BeforeMethod Login" time="-1.693838921797E9">
    <skipped/>
  </testcase> <!-- @BeforeMethod Login -->
  <testcase classname="litigationCompanyAdmin.CompanyAdmin" name="@AfterMethod Close" time="-1.693838921803E9">
    <skipped/>
  </testcase> <!-- @AfterMethod Close -->
  <testcase classname="litigationCompanyAdmin.CompanyAdmin" name="@BeforeMethod Login" time="-1.693838921811E9">
    <skipped/>
  </testcase> <!-- @BeforeMethod Login -->
  <testcase classname="litigationCompanyAdmin.CompanyAdmin" name="@AfterMethod Close" time="-1.693838921828E9">
    <skipped/>
  </testcase> <!-- @AfterMethod Close -->
  <testcase classname="litigationCompanyAdmin.CompanyAdmin" name="@BeforeMethod Login" time="-1.693838921835E9">
    <skipped/>
  </testcase> <!-- @BeforeMethod Login -->
  <testcase classname="litigationCompanyAdmin.CompanyAdmin" name="@AfterMethod Close" time="-1.693838921842E9">
    <skipped/>
  </testcase> <!-- @AfterMethod Close -->
  <testcase classname="litigationCompanyAdmin.CompanyAdmin" name="@BeforeMethod Login" time="-1.693838921845E9">
    <skipped/>
  </testcase> <!-- @BeforeMethod Login -->
  <testcase classname="litigationCompanyAdmin.CompanyAdmin" name="@AfterMethod Close" time="-1.693838921853E9">
    <skipped/>
  </testcase> <!-- @AfterMethod Close -->
  <testcase classname="litigationCompanyAdmin.CompanyAdmin" name="@BeforeMethod Login" time="-1.693838921863E9">
    <skipped/>
  </testcase> <!-- @BeforeMethod Login -->
  <testcase classname="litigationCompanyAdmin.CompanyAdmin" name="@AfterMethod Close" time="-1.693838921881E9">
    <skipped/>
  </testcase> <!-- @AfterMethod Close -->
  <testcase classname="litigationCompanyAdmin.CompanyAdmin" name="@BeforeMethod Login" time="-1.693838921886E9">
    <skipped/>
  </testcase> <!-- @BeforeMethod Login -->
  <testcase classname="litigationCompanyAdmin.CompanyAdmin" name="@AfterMethod Close" time="-1.693838921895E9">
    <skipped/>
  </testcase> <!-- @AfterMethod Close -->
  <testcase classname="litigationCompanyAdmin.CompanyAdmin" name="@BeforeMethod Login" time="-1.693838921902E9">
    <skipped/>
  </testcase> <!-- @BeforeMethod Login -->
  <testcase classname="litigationCompanyAdmin.CompanyAdmin" name="@AfterMethod Close" time="-1.693838921923E9">
    <skipped/>
  </testcase> <!-- @AfterMethod Close -->
  <testcase classname="litigationCompanyAdmin.CompanyAdmin" name="@BeforeMethod Login" time="-1.69383892193E9">
    <skipped/>
  </testcase> <!-- @BeforeMethod Login -->
  <testcase classname="litigationCompanyAdmin.CompanyAdmin" name="@AfterMethod Close" time="-1.693838921937E9">
    <skipped/>
  </testcase> <!-- @AfterMethod Close -->
  <testcase classname="litigationCompanyAdmin.CompanyAdmin" name="@BeforeMethod Login" time="-1.693838921943E9">
    <skipped/>
  </testcase> <!-- @BeforeMethod Login -->
  <testcase classname="litigationCompanyAdmin.CompanyAdmin" name="@AfterMethod Close" time="-1.693838921963E9">
    <skipped/>
  </testcase> <!-- @AfterMethod Close -->
  <testcase classname="litigationCompanyAdmin.CompanyAdmin" name="@BeforeMethod Login" time="-1.693838921976E9">
    <skipped/>
  </testcase> <!-- @BeforeMethod Login -->
  <testcase classname="litigationCompanyAdmin.CompanyAdmin" name="@AfterMethod Close" time="-1.693838921982E9">
    <skipped/>
  </testcase> <!-- @AfterMethod Close -->
  <testcase classname="litigationCompanyAdmin.CompanyAdmin" name="@BeforeMethod Login" time="-1.693838921987E9">
    <skipped/>
  </testcase> <!-- @BeforeMethod Login -->
  <testcase classname="litigationCompanyAdmin.CompanyAdmin" name="@AfterMethod Close" time="-1.693838922004E9">
    <skipped/>
  </testcase> <!-- @AfterMethod Close -->
  <testcase classname="litigationCompanyAdmin.CompanyAdmin" name="@BeforeMethod Login" time="-1.69383892201E9">
    <skipped/>
  </testcase> <!-- @BeforeMethod Login -->
  <testcase classname="litigationCompanyAdmin.CompanyAdmin" name="@AfterMethod Close" time="-1.693838922028E9">
    <skipped/>
  </testcase> <!-- @AfterMethod Close -->
  <testcase classname="litigationCompanyAdmin.CompanyAdmin" name="@BeforeMethod Login" time="-1.69383892203E9">
    <skipped/>
  </testcase> <!-- @BeforeMethod Login -->
  <testcase classname="litigationCompanyAdmin.CompanyAdmin" name="@AfterMethod Close" time="-1.69383892204E9">
    <skipped/>
  </testcase> <!-- @AfterMethod Close -->
  <testcase classname="litigationCompanyAdmin.CompanyAdmin" name="@BeforeMethod Login" time="-1.693838922043E9">
    <skipped/>
  </testcase> <!-- @BeforeMethod Login -->
  <testcase classname="litigationCompanyAdmin.CompanyAdmin" name="@AfterMethod Close" time="-1.693838922069E9">
    <skipped/>
  </testcase> <!-- @AfterMethod Close -->
  <testcase classname="litigationCompanyAdmin.CompanyAdmin" name="@BeforeMethod Login" time="-1.693838922077E9">
    <skipped/>
  </testcase> <!-- @BeforeMethod Login -->
  <testcase classname="litigationCompanyAdmin.CompanyAdmin" name="@AfterMethod Close" time="-1.693838922112E9">
    <skipped/>
  </testcase> <!-- @AfterMethod Close -->
  <testcase classname="litigationCompanyAdmin.CompanyAdmin" name="@BeforeMethod Login" time="-1.693838922118E9">
    <skipped/>
  </testcase> <!-- @BeforeMethod Login -->
  <testcase classname="litigationCompanyAdmin.CompanyAdmin" name="@AfterMethod Close" time="-1.693838922122E9">
    <skipped/>
  </testcase> <!-- @AfterMethod Close -->
  <testcase classname="litigationCompanyAdmin.CompanyAdmin" name="@BeforeMethod Login" time="-1.693838922126E9">
    <skipped/>
  </testcase> <!-- @BeforeMethod Login -->
  <testcase classname="litigationCompanyAdmin.CompanyAdmin" name="@AfterMethod Close" time="-1.69383892213E9">
    <skipped/>
  </testcase> <!-- @AfterMethod Close -->
  <testcase classname="litigationCompanyAdmin.CompanyAdmin" name="@BeforeMethod Login" time="-1.693838922132E9">
    <skipped/>
  </testcase> <!-- @BeforeMethod Login -->
  <testcase classname="litigationCompanyAdmin.CompanyAdmin" name="@AfterMethod Close" time="-1.693838922138E9">
    <skipped/>
  </testcase> <!-- @AfterMethod Close -->
  <testcase classname="litigationCompanyAdmin.CompanyAdmin" name="@BeforeMethod Login" time="-1.693838922143E9">
    <skipped/>
  </testcase> <!-- @BeforeMethod Login -->
  <testcase classname="litigationCompanyAdmin.CompanyAdmin" name="@AfterMethod Close" time="-1.693838922149E9">
    <skipped/>
  </testcase> <!-- @AfterMethod Close -->
  <testcase classname="litigationCompanyAdmin.CompanyAdmin" name="@BeforeMethod Login" time="-1.69383892215E9">
    <skipped/>
  </testcase> <!-- @BeforeMethod Login -->
  <testcase classname="litigationCompanyAdmin.CompanyAdmin" name="@AfterMethod Close" time="-1.693838922155E9">
    <skipped/>
  </testcase> <!-- @AfterMethod Close -->
  <testcase classname="litigationCompanyAdmin.CompanyAdmin" name="@BeforeMethod Login" time="-1.693838922157E9">
    <skipped/>
  </testcase> <!-- @BeforeMethod Login -->
  <testcase classname="litigationCompanyAdmin.CompanyAdmin" name="@AfterMethod Close" time="-1.693838922167E9">
    <skipped/>
  </testcase> <!-- @AfterMethod Close -->
  <testcase classname="litigationCompanyAdmin.CompanyAdmin" name="@BeforeMethod Login" time="-1.693838922169E9">
    <skipped/>
  </testcase> <!-- @BeforeMethod Login -->
  <testcase classname="litigationCompanyAdmin.CompanyAdmin" name="@AfterMethod Close" time="-1.693838922179E9">
    <skipped/>
  </testcase> <!-- @AfterMethod Close -->
  <testcase classname="litigationCompanyAdmin.CompanyAdmin" name="@BeforeMethod Login" time="-1.693838922182E9">
    <skipped/>
  </testcase> <!-- @BeforeMethod Login -->
  <testcase classname="litigationCompanyAdmin.CompanyAdmin" name="@AfterMethod Close" time="-1.693838922186E9">
    <skipped/>
  </testcase> <!-- @AfterMethod Close -->
  <testcase classname="litigationCompanyAdmin.CompanyAdmin" name="@BeforeMethod Login" time="-1.693838922189E9">
    <skipped/>
  </testcase> <!-- @BeforeMethod Login -->
  <testcase classname="litigationCompanyAdmin.CompanyAdmin" name="@AfterMethod Close" time="-1.693838922197E9">
    <skipped/>
  </testcase> <!-- @AfterMethod Close -->
  <testcase classname="litigationCompanyAdmin.CompanyAdmin" name="@BeforeMethod Login" time="-1.6938389222E9">
    <skipped/>
  </testcase> <!-- @BeforeMethod Login -->
  <testcase classname="litigationCompanyAdmin.CompanyAdmin" name="@AfterMethod Close" time="-1.69383892223E9">
    <skipped/>
  </testcase> <!-- @AfterMethod Close -->
  <testcase classname="litigationCompanyAdmin.CompanyAdmin" name="@BeforeMethod Login" time="-1.693838922233E9">
    <skipped/>
  </testcase> <!-- @BeforeMethod Login -->
  <testcase classname="litigationCompanyAdmin.CompanyAdmin" name="@AfterMethod Close" time="-1.693838922254E9">
    <skipped/>
  </testcase> <!-- @AfterMethod Close -->
  <testcase classname="litigationCompanyAdmin.CompanyAdmin" name="@BeforeMethod Login" time="-1.693838922262E9">
    <skipped/>
  </testcase> <!-- @BeforeMethod Login -->
  <testcase classname="litigationCompanyAdmin.CompanyAdmin" name="@AfterMethod Close" time="-1.693838922272E9">
    <skipped/>
  </testcase> <!-- @AfterMethod Close -->
  <testcase classname="litigationCompanyAdmin.CompanyAdmin" name="@BeforeMethod Login" time="-1.693838922288E9">
    <skipped/>
  </testcase> <!-- @BeforeMethod Login -->
  <testcase classname="litigationCompanyAdmin.CompanyAdmin" name="@AfterMethod Close" time="-1.693838922302E9">
    <skipped/>
  </testcase> <!-- @AfterMethod Close -->
  <testcase classname="litigationCompanyAdmin.CompanyAdmin" name="@BeforeMethod Login" time="-1.693838922307E9">
    <skipped/>
  </testcase> <!-- @BeforeMethod Login -->
  <testcase classname="litigationCompanyAdmin.CompanyAdmin" name="@AfterMethod Close" time="-1.69383892232E9">
    <skipped/>
  </testcase> <!-- @AfterMethod Close -->
  <testcase classname="litigationCompanyAdmin.CompanyAdmin" name="@BeforeMethod Login" time="-1.693838922322E9">
    <skipped/>
  </testcase> <!-- @BeforeMethod Login -->
  <testcase classname="litigationCompanyAdmin.CompanyAdmin" name="@AfterMethod Close" time="-1.693838922333E9">
    <skipped/>
  </testcase> <!-- @AfterMethod Close -->
  <testcase classname="litigationCompanyAdmin.CompanyAdmin" name="@BeforeMethod Login" time="-1.693838922335E9">
    <skipped/>
  </testcase> <!-- @BeforeMethod Login -->
  <testcase classname="litigationCompanyAdmin.CompanyAdmin" name="@AfterMethod Close" time="-1.69383892236E9">
    <skipped/>
  </testcase> <!-- @AfterMethod Close -->
  <testcase classname="litigationCompanyAdmin.CompanyAdmin" name="@BeforeMethod Login" time="-1.693838922368E9">
    <skipped/>
  </testcase> <!-- @BeforeMethod Login -->
  <testcase classname="litigationCompanyAdmin.CompanyAdmin" name="@AfterMethod Close" time="-1.693838922375E9">
    <skipped/>
  </testcase> <!-- @AfterMethod Close -->
  <testcase classname="litigationCompanyAdmin.CompanyAdmin" name="@BeforeMethod Login" time="-1.693838922377E9">
    <skipped/>
  </testcase> <!-- @BeforeMethod Login -->
  <testcase classname="litigationCompanyAdmin.CompanyAdmin" name="@AfterMethod Close" time="-1.693838922382E9">
    <skipped/>
  </testcase> <!-- @AfterMethod Close -->
  <testcase classname="litigationCompanyAdmin.CompanyAdmin" name="@BeforeMethod Login" time="-1.693838922384E9">
    <skipped/>
  </testcase> <!-- @BeforeMethod Login -->
  <testcase classname="litigationCompanyAdmin.CompanyAdmin" name="@AfterMethod Close" time="-1.693838922391E9">
    <skipped/>
  </testcase> <!-- @AfterMethod Close -->
  <testcase classname="litigationCompanyAdmin.CompanyAdmin" name="@BeforeMethod Login" time="-1.693838922393E9">
    <skipped/>
  </testcase> <!-- @BeforeMethod Login -->
  <testcase classname="litigationCompanyAdmin.CompanyAdmin" name="@AfterMethod Close" time="-1.693838922397E9">
    <skipped/>
  </testcase> <!-- @AfterMethod Close -->
  <testcase classname="litigationCompanyAdmin.CompanyAdmin" name="@BeforeMethod Login" time="-1.693838922398E9">
    <skipped/>
  </testcase> <!-- @BeforeMethod Login -->
  <testcase classname="litigationCompanyAdmin.CompanyAdmin" name="@AfterMethod Close" time="-1.693838922401E9">
    <skipped/>
  </testcase> <!-- @AfterMethod Close -->
  <testcase classname="litigationCompanyAdmin.CompanyAdmin" name="@BeforeMethod Login" time="-1.693838922403E9">
    <skipped/>
  </testcase> <!-- @BeforeMethod Login -->
  <testcase classname="litigationCompanyAdmin.CompanyAdmin" name="@AfterMethod Close" time="-1.693838922423E9">
    <skipped/>
  </testcase> <!-- @AfterMethod Close -->
  <testcase classname="litigationCompanyAdmin.CompanyAdmin" name="@BeforeMethod Login" time="-1.693838922426E9">
    <skipped/>
  </testcase> <!-- @BeforeMethod Login -->
  <testcase classname="litigationCompanyAdmin.CompanyAdmin" name="@AfterMethod Close" time="-1.69383892243E9">
    <skipped/>
  </testcase> <!-- @AfterMethod Close -->
  <testcase classname="litigationCompanyAdmin.CompanyAdmin" name="@BeforeMethod Login" time="-1.693838922432E9">
    <skipped/>
  </testcase> <!-- @BeforeMethod Login -->
  <testcase classname="litigationCompanyAdmin.CompanyAdmin" name="@AfterMethod Close" time="-1.693838922444E9">
    <skipped/>
  </testcase> <!-- @AfterMethod Close -->
  <testcase classname="litigationCompanyAdmin.CompanyAdmin" name="@BeforeMethod Login" time="-1.693838922446E9">
    <skipped/>
  </testcase> <!-- @BeforeMethod Login -->
  <testcase classname="litigationCompanyAdmin.CompanyAdmin" name="@AfterMethod Close" time="-1.693838922449E9">
    <skipped/>
  </testcase> <!-- @AfterMethod Close -->
  <testcase classname="litigationCompanyAdmin.CompanyAdmin" name="@BeforeMethod Login" time="-1.693838922452E9">
    <skipped/>
  </testcase> <!-- @BeforeMethod Login -->
  <testcase classname="litigationCompanyAdmin.CompanyAdmin" name="@AfterMethod Close" time="-1.693838922521E9">
    <skipped/>
  </testcase> <!-- @AfterMethod Close -->
  <testcase classname="litigationCompanyAdmin.CompanyAdmin" name="@BeforeMethod Login" time="-1.69383892253E9">
    <skipped/>
  </testcase> <!-- @BeforeMethod Login -->
  <testcase classname="litigationCompanyAdmin.CompanyAdmin" name="@AfterMethod Close" time="-1.693838922539E9">
    <skipped/>
  </testcase> <!-- @AfterMethod Close -->
  <testcase classname="litigationCompanyAdmin.CompanyAdmin" name="@BeforeMethod Login" time="-1.693838922542E9">
    <skipped/>
  </testcase> <!-- @BeforeMethod Login -->
  <testcase classname="litigationCompanyAdmin.CompanyAdmin" name="@AfterMethod Close" time="-1.693838922548E9">
    <skipped/>
  </testcase> <!-- @AfterMethod Close -->
  <testcase classname="litigationCompanyAdmin.CompanyAdmin" name="@BeforeMethod Login" time="-1.693838922563E9">
    <skipped/>
  </testcase> <!-- @BeforeMethod Login -->
  <testcase classname="litigationCompanyAdmin.CompanyAdmin" name="@AfterMethod Close" time="-1.693838922567E9">
    <skipped/>
  </testcase> <!-- @AfterMethod Close -->
  <testcase classname="litigationCompanyAdmin.CompanyAdmin" name="@BeforeMethod Login" time="-1.693838922569E9">
    <skipped/>
  </testcase> <!-- @BeforeMethod Login -->
  <testcase classname="litigationCompanyAdmin.CompanyAdmin" name="@AfterMethod Close" time="-1.693838922579E9">
    <skipped/>
  </testcase> <!-- @AfterMethod Close -->
  <testcase classname="litigationCompanyAdmin.CompanyAdmin" name="@BeforeMethod Login" time="-1.693838922581E9">
    <skipped/>
  </testcase> <!-- @BeforeMethod Login -->
  <testcase classname="litigationCompanyAdmin.CompanyAdmin" name="@AfterMethod Close" time="-1.693838922584E9">
    <skipped/>
  </testcase> <!-- @AfterMethod Close -->
  <testcase classname="litigationCompanyAdmin.CompanyAdmin" name="@BeforeMethod Login" time="-1.693838922587E9">
    <skipped/>
  </testcase> <!-- @BeforeMethod Login -->
  <testcase classname="litigationCompanyAdmin.CompanyAdmin" name="@AfterMethod Close" time="-1.693838922594E9">
    <skipped/>
  </testcase> <!-- @AfterMethod Close -->
  <testcase classname="litigationCompanyAdmin.CompanyAdmin" name="@BeforeMethod Login" time="-1.693838922606E9">
    <skipped/>
  </testcase> <!-- @BeforeMethod Login -->
  <testcase classname="litigationCompanyAdmin.CompanyAdmin" name="@AfterMethod Close" time="-1.693838922609E9">
    <skipped/>
  </testcase> <!-- @AfterMethod Close -->
  <testcase classname="litigationCompanyAdmin.CompanyAdmin" name="@BeforeMethod Login" time="-1.69383892261E9">
    <skipped/>
  </testcase> <!-- @BeforeMethod Login -->
  <testcase classname="litigationCompanyAdmin.CompanyAdmin" name="@AfterMethod Close" time="-1.693838922616E9">
    <skipped/>
  </testcase> <!-- @AfterMethod Close -->
  <testcase classname="litigationCompanyAdmin.CompanyAdmin" name="@BeforeMethod Login" time="-1.693838922618E9">
    <skipped/>
  </testcase> <!-- @BeforeMethod Login -->
  <testcase classname="litigationCompanyAdmin.CompanyAdmin" name="@AfterMethod Close" time="-1.69383892263E9">
    <skipped/>
  </testcase> <!-- @AfterMethod Close -->
  <testcase classname="litigationCompanyAdmin.CompanyAdmin" name="@BeforeMethod Login" time="-1.693838922632E9">
    <skipped/>
  </testcase> <!-- @BeforeMethod Login -->
  <testcase classname="litigationCompanyAdmin.CompanyAdmin" name="@AfterMethod Close" time="-1.693838922637E9">
    <skipped/>
  </testcase> <!-- @AfterMethod Close -->
  <testcase classname="litigationCompanyAdmin.CompanyAdmin" name="@BeforeMethod Login" time="-1.693838922639E9">
    <skipped/>
  </testcase> <!-- @BeforeMethod Login -->
  <testcase classname="litigationCompanyAdmin.CompanyAdmin" name="@AfterMethod Close" time="-1.693838922643E9">
    <skipped/>
  </testcase> <!-- @AfterMethod Close -->
  <testcase classname="litigationCompanyAdmin.CompanyAdmin" name="@BeforeMethod Login" time="-1.693838922646E9">
    <skipped/>
  </testcase> <!-- @BeforeMethod Login -->
  <testcase classname="litigationCompanyAdmin.CompanyAdmin" name="@AfterMethod Close" time="-1.693838922654E9">
    <skipped/>
  </testcase> <!-- @AfterMethod Close -->
  <testcase classname="litigationCompanyAdmin.CompanyAdmin" name="@BeforeMethod Login" time="-1.693838922656E9">
    <skipped/>
  </testcase> <!-- @BeforeMethod Login -->
  <testcase classname="litigationCompanyAdmin.CompanyAdmin" name="@AfterMethod Close" time="-1.693838922703E9">
    <skipped/>
  </testcase> <!-- @AfterMethod Close -->
  <testcase classname="litigationCompanyAdmin.CompanyAdmin" name="@BeforeMethod Login" time="-1.693838922709E9">
    <skipped/>
  </testcase> <!-- @BeforeMethod Login -->
  <testcase classname="litigationCompanyAdmin.CompanyAdmin" name="@AfterMethod Close" time="-1.693838922717E9">
    <skipped/>
  </testcase> <!-- @AfterMethod Close -->
  <testcase classname="litigationCompanyAdmin.CompanyAdmin" name="@BeforeMethod Login" time="-1.693838922718E9">
    <skipped/>
  </testcase> <!-- @BeforeMethod Login -->
  <testcase classname="litigationCompanyAdmin.CompanyAdmin" name="@AfterMethod Close" time="-1.693838922731E9">
    <skipped/>
  </testcase> <!-- @AfterMethod Close -->
  <testcase classname="litigationCompanyAdmin.CompanyAdmin" name="@BeforeMethod Login" time="-1.693838922733E9">
    <skipped/>
  </testcase> <!-- @BeforeMethod Login -->
  <testcase classname="litigationCompanyAdmin.CompanyAdmin" name="@AfterMethod Close" time="-1.693838922738E9">
    <skipped/>
  </testcase> <!-- @AfterMethod Close -->
  <testcase classname="litigationCompanyAdmin.CompanyAdmin" name="@BeforeMethod Login" time="-1.693838922744E9">
    <skipped/>
  </testcase> <!-- @BeforeMethod Login -->
  <testcase classname="litigationCompanyAdmin.CompanyAdmin" name="@AfterMethod Close" time="-1.693838922751E9">
    <skipped/>
  </testcase> <!-- @AfterMethod Close -->
  <testcase classname="litigationCompanyAdmin.CompanyAdmin" name="@BeforeMethod Login" time="-1.693838922753E9">
    <skipped/>
  </testcase> <!-- @BeforeMethod Login -->
  <testcase classname="litigationCompanyAdmin.CompanyAdmin" name="@AfterMethod Close" time="-1.693838922761E9">
    <skipped/>
  </testcase> <!-- @AfterMethod Close -->
  <testcase classname="litigationCompanyAdmin.CompanyAdmin" name="@BeforeMethod Login" time="-1.693838922763E9">
    <skipped/>
  </testcase> <!-- @BeforeMethod Login -->
  <testcase classname="litigationCompanyAdmin.CompanyAdmin" name="@AfterMethod Close" time="-1.693838922769E9">
    <skipped/>
  </testcase> <!-- @AfterMethod Close -->
  <testcase classname="litigationCompanyAdmin.CompanyAdmin" name="@BeforeMethod Login" time="-1.693838922771E9">
    <skipped/>
  </testcase> <!-- @BeforeMethod Login -->
  <testcase classname="litigationCompanyAdmin.CompanyAdmin" name="@AfterMethod Close" time="-1.693838922782E9">
    <skipped/>
  </testcase> <!-- @AfterMethod Close -->
  <testcase classname="litigationCompanyAdmin.CompanyAdmin" name="@BeforeMethod Login" time="-1.693838922784E9">
    <skipped/>
  </testcase> <!-- @BeforeMethod Login -->
  <testcase classname="litigationCompanyAdmin.CompanyAdmin" name="@AfterMethod Close" time="-1.693838922788E9">
    <skipped/>
  </testcase> <!-- @AfterMethod Close -->
  <testcase classname="litigationCompanyAdmin.CompanyAdmin" name="@BeforeMethod Login" time="-1.693838922796E9">
    <skipped/>
  </testcase> <!-- @BeforeMethod Login -->
  <testcase classname="litigationCompanyAdmin.CompanyAdmin" name="@AfterMethod Close" time="-1.693838922821E9">
    <skipped/>
  </testcase> <!-- @AfterMethod Close -->
  <testcase classname="litigationCompanyAdmin.CompanyAdmin" name="@BeforeMethod Login" time="-1.693838922834E9">
    <skipped/>
  </testcase> <!-- @BeforeMethod Login -->
  <testcase classname="litigationCompanyAdmin.CompanyAdmin" name="@AfterMethod Close" time="-1.693838922845E9">
    <skipped/>
  </testcase> <!-- @AfterMethod Close -->
  <testcase classname="litigationCompanyAdmin.CompanyAdmin" name="@BeforeMethod Login" time="-1.693838922846E9">
    <skipped/>
  </testcase> <!-- @BeforeMethod Login -->
  <testcase classname="litigationCompanyAdmin.CompanyAdmin" name="@AfterMethod Close" time="-1.693838922853E9">
    <skipped/>
  </testcase> <!-- @AfterMethod Close -->
  <testcase classname="litigationCompanyAdmin.CompanyAdmin" name="@BeforeMethod Login" time="-1.693838922854E9">
    <skipped/>
  </testcase> <!-- @BeforeMethod Login -->
  <testcase classname="litigationCompanyAdmin.CompanyAdmin" name="@AfterMethod Close" time="-1.693838922867E9">
    <skipped/>
  </testcase> <!-- @AfterMethod Close -->
  <testcase classname="litigationCompanyAdmin.CompanyAdmin" name="@BeforeMethod Login" time="-1.693838922869E9">
    <skipped/>
  </testcase> <!-- @BeforeMethod Login -->
  <testcase classname="litigationCompanyAdmin.CompanyAdmin" name="@AfterMethod Close" time="-1.693838922874E9">
    <skipped/>
  </testcase> <!-- @AfterMethod Close -->
  <testcase classname="litigationCompanyAdmin.CompanyAdmin" name="@BeforeMethod Login" time="-1.69383892288E9">
    <skipped/>
  </testcase> <!-- @BeforeMethod Login -->
  <testcase classname="litigationCompanyAdmin.CompanyAdmin" name="@AfterMethod Close" time="-1.693838922886E9">
    <skipped/>
  </testcase> <!-- @AfterMethod Close -->
  <testcase classname="litigationCompanyAdmin.CompanyAdmin" name="@BeforeMethod Login" time="-1.693838922887E9">
    <skipped/>
  </testcase> <!-- @BeforeMethod Login -->
  <testcase classname="litigationCompanyAdmin.CompanyAdmin" name="@AfterMethod Close" time="-1.693838922912E9">
    <skipped/>
  </testcase> <!-- @AfterMethod Close -->
  <testcase classname="litigationCompanyAdmin.CompanyAdmin" name="@BeforeMethod Login" time="-1.693838922918E9">
    <skipped/>
  </testcase> <!-- @BeforeMethod Login -->
  <testcase classname="litigationCompanyAdmin.CompanyAdmin" name="@AfterMethod Close" time="-1.69383892293E9">
    <skipped/>
  </testcase> <!-- @AfterMethod Close -->
  <testcase classname="litigationCompanyAdmin.CompanyAdmin" name="@BeforeMethod Login" time="-1.693838922931E9">
    <skipped/>
  </testcase> <!-- @BeforeMethod Login -->
  <testcase classname="litigationCompanyAdmin.CompanyAdmin" name="@AfterMethod Close" time="-1.693838922937E9">
    <skipped/>
  </testcase> <!-- @AfterMethod Close -->
  <testcase classname="litigationCompanyAdmin.CompanyAdmin" name="@BeforeMethod Login" time="-1.693838922939E9">
    <skipped/>
  </testcase> <!-- @BeforeMethod Login -->
  <testcase classname="litigationCompanyAdmin.CompanyAdmin" name="@AfterMethod Close" time="-1.693838922948E9">
    <skipped/>
  </testcase> <!-- @AfterMethod Close -->
  <testcase classname="litigationCompanyAdmin.CompanyAdmin" name="@BeforeMethod Login" time="-1.69383892295E9">
    <skipped/>
  </testcase> <!-- @BeforeMethod Login -->
  <testcase classname="litigationCompanyAdmin.CompanyAdmin" name="@AfterMethod Close" time="-1.693838922954E9">
    <skipped/>
  </testcase> <!-- @AfterMethod Close -->
  <testcase classname="litigationCompanyAdmin.CompanyAdmin" name="@BeforeMethod Login" time="-1.693838922956E9">
    <skipped/>
  </testcase> <!-- @BeforeMethod Login -->
  <testcase classname="litigationCompanyAdmin.CompanyAdmin" name="@AfterMethod Close" time="-1.693838922959E9">
    <skipped/>
  </testcase> <!-- @AfterMethod Close -->
  <testcase classname="litigationCompanyAdmin.CompanyAdmin" name="@BeforeMethod Login" time="-1.69383892296E9">
    <skipped/>
  </testcase> <!-- @BeforeMethod Login -->
  <testcase classname="litigationCompanyAdmin.CompanyAdmin" name="@AfterMethod Close" time="-1.693838922964E9">
    <skipped/>
  </testcase> <!-- @AfterMethod Close -->
  <testcase classname="litigationCompanyAdmin.CompanyAdmin" name="@BeforeMethod Login" time="-1.693838922965E9">
    <skipped/>
  </testcase> <!-- @BeforeMethod Login -->
  <testcase classname="litigationCompanyAdmin.CompanyAdmin" name="@AfterMethod Close" time="-1.693838922968E9">
    <skipped/>
  </testcase> <!-- @AfterMethod Close -->
  <testcase classname="litigationCompanyAdmin.CompanyAdmin" name="@BeforeMethod Login" time="-1.69383892297E9">
    <skipped/>
  </testcase> <!-- @BeforeMethod Login -->
  <testcase classname="litigationCompanyAdmin.CompanyAdmin" name="@AfterMethod Close" time="-1.693838922974E9">
    <skipped/>
  </testcase> <!-- @AfterMethod Close -->
  <testcase classname="litigationCompanyAdmin.CompanyAdmin" name="@BeforeMethod Login" time="-1.693838922976E9">
    <skipped/>
  </testcase> <!-- @BeforeMethod Login -->
  <testcase classname="litigationCompanyAdmin.CompanyAdmin" name="@AfterMethod Close" time="-1.693838922979E9">
    <skipped/>
  </testcase> <!-- @AfterMethod Close -->
  <testcase classname="litigationCompanyAdmin.CompanyAdmin" name="@BeforeMethod Login" time="-1.693838922981E9">
    <skipped/>
  </testcase> <!-- @BeforeMethod Login -->
  <testcase classname="litigationCompanyAdmin.CompanyAdmin" name="@AfterMethod Close" time="-1.693838922983E9">
    <skipped/>
  </testcase> <!-- @AfterMethod Close -->
  <testcase classname="litigationCompanyAdmin.CompanyAdmin" name="@BeforeMethod Login" time="-1.693838922984E9">
    <skipped/>
  </testcase> <!-- @BeforeMethod Login -->
  <testcase classname="litigationCompanyAdmin.CompanyAdmin" name="@AfterMethod Close" time="-1.693838922987E9">
    <skipped/>
  </testcase> <!-- @AfterMethod Close -->
  <testcase classname="litigationCompanyAdmin.CompanyAdmin" name="@BeforeMethod Login" time="-1.693838922988E9">
    <skipped/>
  </testcase> <!-- @BeforeMethod Login -->
  <testcase classname="litigationCompanyAdmin.CompanyAdmin" name="@AfterMethod Close" time="-1.693838922991E9">
    <skipped/>
  </testcase> <!-- @AfterMethod Close -->
  <testcase classname="litigationCompanyAdmin.CompanyAdmin" name="@BeforeMethod Login" time="-1.693838922992E9">
    <skipped/>
  </testcase> <!-- @BeforeMethod Login -->
  <testcase classname="litigationCompanyAdmin.CompanyAdmin" name="@AfterMethod Close" time="-1.693838922996E9">
    <skipped/>
  </testcase> <!-- @AfterMethod Close -->
  <testcase classname="litigationCompanyAdmin.CompanyAdmin" name="@BeforeMethod Login" time="-1.693838922997E9">
    <skipped/>
  </testcase> <!-- @BeforeMethod Login -->
  <testcase classname="litigationCompanyAdmin.CompanyAdmin" name="@AfterMethod Close" time="-1.693838922998E9">
    <skipped/>
  </testcase> <!-- @AfterMethod Close -->
  <testcase classname="litigationCompanyAdmin.CompanyAdmin" name="@BeforeMethod Login" time="-1.693838923E9">
    <skipped/>
  </testcase> <!-- @BeforeMethod Login -->
  <testcase classname="litigationCompanyAdmin.CompanyAdmin" name="@AfterMethod Close" time="-1.693838923004E9">
    <skipped/>
  </testcase> <!-- @AfterMethod Close -->
  <testcase classname="litigationCompanyAdmin.CompanyAdmin" name="@BeforeMethod Login" time="-1.693838923005E9">
    <skipped/>
  </testcase> <!-- @BeforeMethod Login -->
  <testcase classname="litigationCompanyAdmin.CompanyAdmin" name="@AfterMethod Close" time="-1.693838923009E9">
    <skipped/>
  </testcase> <!-- @AfterMethod Close -->
  <testcase classname="litigationCompanyAdmin.CompanyAdmin" name="@BeforeMethod Login" time="-1.69383892301E9">
    <skipped/>
  </testcase> <!-- @BeforeMethod Login -->
  <testcase classname="litigationCompanyAdmin.CompanyAdmin" name="@AfterMethod Close" time="-1.693838923016E9">
    <skipped/>
  </testcase> <!-- @AfterMethod Close -->
  <testcase classname="litigationCompanyAdmin.CompanyAdmin" name="@BeforeMethod Login" time="-1.693838923017E9">
    <skipped/>
  </testcase> <!-- @BeforeMethod Login -->
  <testcase classname="litigationCompanyAdmin.CompanyAdmin" name="@AfterMethod Close" time="-1.693838923021E9">
    <skipped/>
  </testcase> <!-- @AfterMethod Close -->
  <testcase classname="litigationCompanyAdmin.CompanyAdmin" name="@BeforeMethod Login" time="-1.693838923022E9">
    <skipped/>
  </testcase> <!-- @BeforeMethod Login -->
  <testcase classname="litigationCompanyAdmin.CompanyAdmin" name="@AfterMethod Close" time="-1.693838923027E9">
    <skipped/>
  </testcase> <!-- @AfterMethod Close -->
  <testcase classname="litigationCompanyAdmin.CompanyAdmin" name="@BeforeMethod Login" time="-1.693838923028E9">
    <skipped/>
  </testcase> <!-- @BeforeMethod Login -->
  <testcase classname="litigationCompanyAdmin.CompanyAdmin" name="@AfterMethod Close" time="-1.693838923032E9">
    <skipped/>
  </testcase> <!-- @AfterMethod Close -->
  <testcase classname="litigationCompanyAdmin.CompanyAdmin" name="@BeforeMethod Login" time="-1.693838923034E9">
    <skipped/>
  </testcase> <!-- @BeforeMethod Login -->
  <testcase classname="litigationCompanyAdmin.CompanyAdmin" name="@AfterMethod Close" time="-1.693838923037E9">
    <skipped/>
  </testcase> <!-- @AfterMethod Close -->
  <testcase classname="litigationCompanyAdmin.CompanyAdmin" name="@BeforeMethod Login" time="-1.693838923038E9">
    <skipped/>
  </testcase> <!-- @BeforeMethod Login -->
  <testcase classname="litigationCompanyAdmin.CompanyAdmin" name="@AfterMethod Close" time="-1.693838923041E9">
    <skipped/>
  </testcase> <!-- @AfterMethod Close -->
  <testcase classname="litigationCompanyAdmin.CompanyAdmin" name="@BeforeMethod Login" time="-1.693838923044E9">
    <skipped/>
  </testcase> <!-- @BeforeMethod Login -->
  <testcase classname="litigationCompanyAdmin.CompanyAdmin" name="@AfterMethod Close" time="-1.693838923051E9">
    <skipped/>
  </testcase> <!-- @AfterMethod Close -->
  <testcase classname="litigationCompanyAdmin.CompanyAdmin" name="NoticeResponseTab" time="80.919"/>
  <testcase classname="litigationCompanyAdmin.CompanyAdmin" name="ResponseExistingData" time="40.784"/>
  <testcase classname="litigationCompanyAdmin.CompanyAdmin" name="NoticeResponseWithoutData" time="34.525"/>
  <testcase classname="litigationCompanyAdmin.CompanyAdmin" name="ResponseClearBtn" time="8.338">
    <failure type="org.openqa.selenium.NoSuchElementException" message="no such element: Unable to locate element: {&amp;quot;method&amp;quot;:&amp;quot;xpath&amp;quot;,&amp;quot;selector&amp;quot;:&amp;quot;//*[@id=&amp;apos;grid&amp;apos;]/div[2]/table/tbody/tr[1]/td[18]/a[1]&amp;quot;}
  (Session info: chrome=116.0.5845.141)
For documentation on this error, please visit: http://seleniumhq.org/exceptions/no_such_element.html
Build info: version: &amp;apos;3.141.0&amp;apos;, revision: &amp;apos;2ecb7d9a&amp;apos;, time: &amp;apos;2018-10-31T20:09:30&amp;apos;
System info: host: &amp;apos;DESKTOP-LP&amp;apos;, ip: &amp;apos;10.1.1.3&amp;apos;, os.name: &amp;apos;Windows 10&amp;apos;, os.arch: &amp;apos;amd64&amp;apos;, os.version: &amp;apos;10.0&amp;apos;, java.version: &amp;apos;20&amp;apos;
Driver info: org.openqa.selenium.chrome.ChromeDriver
Capabilities {acceptInsecureCerts: false, browserName: chrome, browserVersion: 116.0.5845.141, chrome: {chromedriverVersion: 116.0.5845.96 (1a3918166880..., userDataDir: C:\Users\SNEHAL~1\AppData\L...}, fedcm:accounts: true, goog:chromeOptions: {debuggerAddress: localhost:56743}, javascriptEnabled: true, networkConnectionEnabled: false, pageLoadStrategy: normal, platform: WINDOWS, platformName: WINDOWS, proxy: Proxy(), setWindowRect: true, strictFileInteractability: false, timeouts: {implicit: 0, pageLoad: 300000, script: 30000}, unhandledPromptBehavior: dismiss and notify, webauthn:extension:credBlob: true, webauthn:extension:largeBlob: true, webauthn:extension:minPinLength: true, webauthn:extension:prf: true, webauthn:virtualAuthenticators: true}
Session ID: 67de685995d215acb878329c71aba94f
*** Element info: {Using=xpath, value=//*[@id=&amp;apos;grid&amp;apos;]/div[2]/table/tbody/tr[1]/td[18]/a[1]}">
      <![CDATA[org.openqa.selenium.NoSuchElementException: no such element: Unable to locate element: {"method":"xpath","selector":"//*[@id='grid']/div[2]/table/tbody/tr[1]/td[18]/a[1]"}
  (Session info: chrome=116.0.5845.141)
For documentation on this error, please visit: http://seleniumhq.org/exceptions/no_such_element.html
Build info: version: '3.141.0', revision: '2ecb7d9a', time: '2018-10-31T20:09:30'
System info: host: 'DESKTOP-LP', ip: '10.1.1.3', os.name: 'Windows 10', os.arch: 'amd64', os.version: '10.0', java.version: '20'
Driver info: org.openqa.selenium.chrome.ChromeDriver
Capabilities {acceptInsecureCerts: false, browserName: chrome, browserVersion: 116.0.5845.141, chrome: {chromedriverVersion: 116.0.5845.96 (1a3918166880..., userDataDir: C:\Users\SNEHAL~1\AppData\L...}, fedcm:accounts: true, goog:chromeOptions: {debuggerAddress: localhost:56743}, javascriptEnabled: true, networkConnectionEnabled: false, pageLoadStrategy: normal, platform: WINDOWS, platformName: WINDOWS, proxy: Proxy(), setWindowRect: true, strictFileInteractability: false, timeouts: {implicit: 0, pageLoad: 300000, script: 30000}, unhandledPromptBehavior: dismiss and notify, webauthn:extension:credBlob: true, webauthn:extension:largeBlob: true, webauthn:extension:minPinLength: true, webauthn:extension:prf: true, webauthn:virtualAuthenticators: true}
Session ID: 67de685995d215acb878329c71aba94f
*** Element info: {Using=xpath, value=//*[@id='grid']/div[2]/table/tbody/tr[1]/td[18]/a[1]}
at java.base/jdk.internal.reflect.DirectConstructorHandleAccessor.newInstance(DirectConstructorHandleAccessor.java:67)
at java.base/java.lang.reflect.Constructor.newInstanceWithCaller(Constructor.java:500)
at java.base/java.lang.reflect.Constructor.newInstance(Constructor.java:484)
at org.openqa.selenium.remote.http.W3CHttpResponseCodec.createException(W3CHttpResponseCodec.java:187)
at org.openqa.selenium.remote.http.W3CHttpResponseCodec.decode(W3CHttpResponseCodec.java:122)
at org.openqa.selenium.remote.http.W3CHttpResponseCodec.decode(W3CHttpResponseCodec.java:49)
at org.openqa.selenium.remote.HttpCommandExecutor.execute(HttpCommandExecutor.java:158)
at org.openqa.selenium.remote.service.DriverCommandExecutor.execute(DriverCommandExecutor.java:83)
at org.openqa.selenium.remote.RemoteWebDriver.execute(RemoteWebDriver.java:552)
at org.openqa.selenium.remote.RemoteWebDriver.findElement(RemoteWebDriver.java:323)
at org.openqa.selenium.remote.RemoteWebDriver.findElementByXPath(RemoteWebDriver.java:428)
at org.openqa.selenium.By$ByXPath.findElement(By.java:353)
at org.openqa.selenium.remote.RemoteWebDriver.findElement(RemoteWebDriver.java:315)
at litigationAdditionalOwner.performerPOM.clickEditNotice(performerPOM.java:533)
at litigationAdditionalOwner.MethodsPOM.ResponseClearBtn(MethodsPOM.java:16280)
at litigationCompanyAdmin.CompanyAdmin.ResponseClearBtn(CompanyAdmin.java:1837)
at java.base/jdk.internal.reflect.DirectMethodHandleAccessor.invoke(DirectMethodHandleAccessor.java:104)
at java.base/java.lang.reflect.Method.invoke(Method.java:578)
at org.testng.internal.MethodInvocationHelper.invokeMethod(MethodInvocationHelper.java:133)
at org.testng.internal.TestInvoker.invokeMethod(TestInvoker.java:598)
at org.testng.internal.TestInvoker.invokeTestMethod(TestInvoker.java:173)
at org.testng.internal.MethodRunner.runInSequence(MethodRunner.java:46)
at org.testng.internal.TestInvoker$MethodInvocationAgent.invoke(TestInvoker.java:824)
at org.testng.internal.TestInvoker.invokeTestMethods(TestInvoker.java:146)
at org.testng.internal.TestMethodWorker.invokeTestMethods(TestMethodWorker.java:146)
at org.testng.internal.TestMethodWorker.run(TestMethodWorker.java:128)
at java.base/java.util.ArrayList.forEach(ArrayList.java:1511)
at org.testng.TestRunner.privateRun(TestRunner.java:794)
at org.testng.TestRunner.run(TestRunner.java:596)
at org.testng.SuiteRunner.runTest(SuiteRunner.java:377)
at org.testng.SuiteRunner.runSequentially(SuiteRunner.java:371)
at org.testng.SuiteRunner.privateRun(SuiteRunner.java:332)
at org.testng.SuiteRunner.run(SuiteRunner.java:276)
at org.testng.SuiteRunnerWorker.runSuite(SuiteRunnerWorker.java:53)
at org.testng.SuiteRunnerWorker.run(SuiteRunnerWorker.java:96)
at org.testng.TestNG.runSuitesSequentially(TestNG.java:1212)
at org.testng.TestNG.runSuitesLocally(TestNG.java:1134)
at org.testng.TestNG.runSuites(TestNG.java:1063)
at org.testng.TestNG.run(TestNG.java:1031)
at org.testng.remote.AbstractRemoteTestNG.run(AbstractRemoteTestNG.java:115)
at org.testng.remote.RemoteTestNG.initAndRun(RemoteTestNG.java:251)
at org.testng.remote.RemoteTestNG.main(RemoteTestNG.java:77)
]]>
    </failure>
  </testcase> <!-- ResponseClearBtn -->
  <testcase classname="litigationCompanyAdmin.CompanyAdmin" name="NoticePaymentLogTab" time="83.817"/>
  <testcase classname="litigationCompanyAdmin.CompanyAdmin" name="PaymentLogwithExistingData" time="39.918"/>
  <testcase classname="litigationCompanyAdmin.CompanyAdmin" name="NoticePaymentWithoutData" time="0.0">
    <skipped/>
  </testcase> <!-- NoticePaymentWithoutData -->
  <testcase classname="litigationCompanyAdmin.CompanyAdmin" name="NoticeExternalLawyerTab" time="0.0">
    <skipped/>
  </testcase> <!-- NoticeExternalLawyerTab -->
  <testcase classname="litigationCompanyAdmin.CompanyAdmin" name="CriteriaInvalidData" time="0.0">
    <skipped/>
  </testcase> <!-- CriteriaInvalidData -->
  <testcase classname="litigationCompanyAdmin.CompanyAdmin" name="CriteriaExistingData" time="0.0">
    <skipped/>
  </testcase> <!-- CriteriaExistingData -->
  <testcase classname="litigationCompanyAdmin.CompanyAdmin" name="CriteriaWithoutData" time="0.0">
    <skipped/>
  </testcase> <!-- CriteriaWithoutData -->
  <testcase classname="litigationCompanyAdmin.CompanyAdmin" name="NoticeAuditLogTab" time="0.0">
    <skipped/>
  </testcase> <!-- NoticeAuditLogTab -->
  <testcase classname="litigationCompanyAdmin.CompanyAdmin" name="NoticeDocViewandDownload" time="0.0">
    <skipped/>
  </testcase> <!-- NoticeDocViewandDownload -->
  <testcase classname="litigationCompanyAdmin.CompanyAdmin" name="CaseDocumentTab" time="0.0">
    <skipped/>
  </testcase> <!-- CaseDocumentTab -->
  <testcase classname="litigationCompanyAdmin.CompanyAdmin" name="CaseWithoutUploadDocument" time="0.0">
    <skipped/>
  </testcase> <!-- CaseWithoutUploadDocument -->
  <testcase classname="litigationCompanyAdmin.CompanyAdmin" name="CaseDocumentEmptyFields" time="0.0">
    <skipped/>
  </testcase> <!-- CaseDocumentEmptyFields -->
  <testcase classname="litigationCompanyAdmin.CompanyAdmin" name="CaseDocumentSearchFields" time="0.0">
    <skipped/>
  </testcase> <!-- CaseDocumentSearchFields -->
  <testcase classname="litigationCompanyAdmin.CompanyAdmin" name="CaseDocumentShareInvalidData" time="0.0">
    <skipped/>
  </testcase> <!-- CaseDocumentShareInvalidData -->
  <testcase classname="litigationCompanyAdmin.CompanyAdmin" name="CaseDocumentShareWithoutData" time="0.0">
    <skipped/>
  </testcase> <!-- CaseDocumentShareWithoutData -->
  <testcase classname="litigationCompanyAdmin.CompanyAdmin" name="CaseDocumentShareCloseBtn" time="0.0">
    <skipped/>
  </testcase> <!-- CaseDocumentShareCloseBtn -->
  <testcase classname="litigationCompanyAdmin.CompanyAdmin" name="CaseSendMailWithDoc" time="0.0">
    <skipped/>
  </testcase> <!-- CaseSendMailWithDoc -->
  <testcase classname="litigationCompanyAdmin.CompanyAdmin" name="CaseSendMailWithDocInvalidFields" time="0.0">
    <skipped/>
  </testcase> <!-- CaseSendMailWithDocInvalidFields -->
  <testcase classname="litigationCompanyAdmin.CompanyAdmin" name="CaseSendMailWithEmptyFields" time="0.0">
    <skipped/>
  </testcase> <!-- CaseSendMailWithEmptyFields -->
  <testcase classname="litigationCompanyAdmin.CompanyAdmin" name="CaseTaskActivityTab" time="0.0">
    <skipped/>
  </testcase> <!-- CaseTaskActivityTab -->
  <testcase classname="litigationCompanyAdmin.CompanyAdmin" name="CaseTaskActivityWithoutData" time="0.0">
    <skipped/>
  </testcase> <!-- CaseTaskActivityWithoutData -->
  <testcase classname="litigationCompanyAdmin.CompanyAdmin" name="CaseTaskActivitywithExistingData" time="0.0">
    <skipped/>
  </testcase> <!-- CaseTaskActivitywithExistingData -->
  <testcase classname="litigationCompanyAdmin.CompanyAdmin" name="CaseTaskActivtityResponseWithoutStatus" time="0.0">
    <skipped/>
  </testcase> <!-- CaseTaskActivtityResponseWithoutStatus -->
  <testcase classname="litigationCompanyAdmin.CompanyAdmin" name="CaseTaskActivtityResponseClearBtn" time="0.0">
    <skipped/>
  </testcase> <!-- CaseTaskActivtityResponseClearBtn -->
  <testcase classname="litigationCompanyAdmin.CompanyAdmin" name="CaseHearingTab" time="0.0">
    <skipped/>
  </testcase> <!-- CaseHearingTab -->
  <testcase classname="litigationCompanyAdmin.CompanyAdmin" name="CaseExistingHearingData" time="0.0">
    <skipped/>
  </testcase> <!-- CaseExistingHearingData -->
  <testcase classname="litigationCompanyAdmin.CompanyAdmin" name="CaseWithoutHearingData" time="0.0">
    <skipped/>
  </testcase> <!-- CaseWithoutHearingData -->
  <testcase classname="litigationCompanyAdmin.CompanyAdmin" name="CaseHearingInvalidDate" time="0.0">
    <skipped/>
  </testcase> <!-- CaseHearingInvalidDate -->
  <testcase classname="litigationCompanyAdmin.CompanyAdmin" name="CaseHearingClearBtn" time="0.0">
    <skipped/>
  </testcase> <!-- CaseHearingClearBtn -->
  <testcase classname="litigationCompanyAdmin.CompanyAdmin" name="CaseOrderExistingData" time="0.0">
    <skipped/>
  </testcase> <!-- CaseOrderExistingData -->
  <testcase classname="litigationCompanyAdmin.CompanyAdmin" name="CaseOrderTab" time="0.0">
    <skipped/>
  </testcase> <!-- CaseOrderTab -->
  <testcase classname="litigationCompanyAdmin.CompanyAdmin" name="CaseOrderWithoutData" time="0.0">
    <skipped/>
  </testcase> <!-- CaseOrderWithoutData -->
  <testcase classname="litigationCompanyAdmin.CompanyAdmin" name="CaseOrderwithClearBtn" time="0.0">
    <skipped/>
  </testcase> <!-- CaseOrderwithClearBtn -->
  <testcase classname="litigationCompanyAdmin.CompanyAdmin" name="CaseAdvocateBillTab" time="0.0">
    <skipped/>
  </testcase> <!-- CaseAdvocateBillTab -->
  <testcase classname="litigationCompanyAdmin.CompanyAdmin" name="StatusPayment" time="0.0">
    <skipped/>
  </testcase> <!-- StatusPayment -->
  <testcase classname="litigationCompanyAdmin.CompanyAdmin" name="StatusPaymentWithExistingData" time="0.0">
    <skipped/>
  </testcase> <!-- StatusPaymentWithExistingData -->
  <testcase classname="litigationCompanyAdmin.CompanyAdmin" name="StatusPaymentWithoutdata" time="0.0">
    <skipped/>
  </testcase> <!-- StatusPaymentWithoutdata -->
  <testcase classname="litigationCompanyAdmin.CompanyAdmin" name="CaseStatuswithEmptyFields" time="0.0">
    <skipped/>
  </testcase> <!-- CaseStatuswithEmptyFields -->
  <testcase classname="litigationCompanyAdmin.CompanyAdmin" name="ExternalLawyer" time="0.0">
    <skipped/>
  </testcase> <!-- ExternalLawyer -->
  <testcase classname="litigationCompanyAdmin.CompanyAdmin" name="CaseExternalLawyerCriteria" time="0.0">
    <skipped/>
  </testcase> <!-- CaseExternalLawyerCriteria -->
  <testcase classname="litigationCompanyAdmin.CompanyAdmin" name="CaseExistingCriteria" time="0.0">
    <skipped/>
  </testcase> <!-- CaseExistingCriteria -->
  <testcase classname="litigationCompanyAdmin.CompanyAdmin" name="CaseCriteriaInvalidData" time="0.0">
    <skipped/>
  </testcase> <!-- CaseCriteriaInvalidData -->
  <testcase classname="litigationCompanyAdmin.CompanyAdmin" name="CaseCriteriaWithoutData" time="0.0">
    <skipped/>
  </testcase> <!-- CaseCriteriaWithoutData -->
  <testcase classname="litigationCompanyAdmin.CompanyAdmin" name="Auditlog" time="0.0">
    <skipped/>
  </testcase> <!-- Auditlog -->
  <testcase classname="litigationCompanyAdmin.CompanyAdmin" name="CaseHearing" time="0.0">
    <skipped/>
  </testcase> <!-- CaseHearing -->
  <testcase classname="litigationCompanyAdmin.CompanyAdmin" name="AdvancedSearchworkspace" time="0.0">
    <skipped/>
  </testcase> <!-- AdvancedSearchworkspace -->
  <testcase classname="litigationCompanyAdmin.CompanyAdmin" name="MyDocument" time="0.0">
    <skipped/>
  </testcase> <!-- MyDocument -->
  <testcase classname="litigationCompanyAdmin.CompanyAdmin" name="ShareCaseDocument" time="0.0">
    <skipped/>
  </testcase> <!-- ShareCaseDocument -->
  <testcase classname="litigationCompanyAdmin.CompanyAdmin" name="ShareNoticeDocument" time="0.0">
    <skipped/>
  </testcase> <!-- ShareNoticeDocument -->
  <testcase classname="litigationCompanyAdmin.CompanyAdmin" name="ShareTaskDocument" time="0.0">
    <skipped/>
  </testcase> <!-- ShareTaskDocument -->
  <testcase classname="litigationCompanyAdmin.CompanyAdmin" name="AdvancedSearchDoc" time="0.0">
    <skipped/>
  </testcase> <!-- AdvancedSearchDoc -->
  <testcase classname="litigationCompanyAdmin.CompanyAdmin" name="AdvancedSearchShareCaseDocument" time="0.0">
    <skipped/>
  </testcase> <!-- AdvancedSearchShareCaseDocument -->
  <testcase classname="litigationCompanyAdmin.CompanyAdmin" name="AdvancedSearchShareNoticeDocument" time="0.0">
    <skipped/>
  </testcase> <!-- AdvancedSearchShareNoticeDocument -->
  <testcase classname="litigationCompanyAdmin.CompanyAdmin" name="AdvancedSearchShareTaskDocument" time="0.0">
    <skipped/>
  </testcase> <!-- AdvancedSearchShareTaskDocument -->
  <testcase classname="litigationCompanyAdmin.CompanyAdmin" name="CriticalDocuments" time="0.0">
    <skipped/>
  </testcase> <!-- CriticalDocuments -->
  <testcase classname="litigationCompanyAdmin.CompanyAdmin" name="CriticalDocuments1" time="0.0">
    <skipped/>
  </testcase> <!-- CriticalDocuments1 -->
  <testcase classname="litigationCompanyAdmin.CompanyAdmin" name="MyReports" time="0.0">
    <skipped/>
  </testcase> <!-- MyReports -->
  <testcase classname="litigationCompanyAdmin.CompanyAdmin" name="AdvancedSearch" time="0.0">
    <skipped/>
  </testcase> <!-- AdvancedSearch -->
  <testcase classname="litigationCompanyAdmin.CompanyAdmin" name="MoreReports" time="0.0">
    <skipped/>
  </testcase> <!-- MoreReports -->
  <testcase classname="litigationCompanyAdmin.CompanyAdmin" name="MyReminder" time="0.0">
    <skipped/>
  </testcase> <!-- MyReminder -->
  <testcase classname="litigationCompanyAdmin.CompanyAdmin" name="ReminderWithoutData" time="0.0">
    <skipped/>
  </testcase> <!-- ReminderWithoutData -->
  <testcase classname="litigationCompanyAdmin.CompanyAdmin" name="ImportUtility" time="0.0">
    <skipped/>
  </testcase> <!-- ImportUtility -->
  <testcase classname="litigationCompanyAdmin.CompanyAdmin" name="ImportUtilityWithoutData" time="0.0">
    <skipped/>
  </testcase> <!-- ImportUtilityWithoutData -->
  <testcase classname="litigationCompanyAdmin.CompanyAdmin" name="ImportUtilityInvalidData" time="0.0">
    <skipped/>
  </testcase> <!-- ImportUtilityInvalidData -->
  <testcase classname="litigationCompanyAdmin.CompanyAdmin" name="ImportUtilityTwoManadtoryFileds" time="0.0">
    <skipped/>
  </testcase> <!-- ImportUtilityTwoManadtoryFileds -->
  <testcase classname="litigationCompanyAdmin.CompanyAdmin" name="CaseAdvocateBill" time="0.0">
    <skipped/>
  </testcase> <!-- CaseAdvocateBill -->
  <testcase classname="litigationCompanyAdmin.CompanyAdmin" name="CaseAdvocateBill1" time="0.0">
    <skipped/>
  </testcase> <!-- CaseAdvocateBill1 -->
  <testcase classname="litigationCompanyAdmin.CompanyAdmin" name="Masters" time="0.0">
    <skipped/>
  </testcase> <!-- Masters -->
  <testcase classname="litigationCompanyAdmin.CompanyAdmin" name="MastersLegalEntity" time="0.0">
    <skipped/>
  </testcase> <!-- MastersLegalEntity -->
  <testcase classname="litigationCompanyAdmin.CompanyAdmin" name="MastersLegalEntity1" time="0.0">
    <skipped/>
  </testcase> <!-- MastersLegalEntity1 -->
  <testcase classname="litigationCompanyAdmin.CompanyAdmin" name="MastersLegalEntity2" time="0.0">
    <skipped/>
  </testcase> <!-- MastersLegalEntity2 -->
  <testcase classname="litigationCompanyAdmin.CompanyAdmin" name="MastersLegalEntity3" time="0.0">
    <skipped/>
  </testcase> <!-- MastersLegalEntity3 -->
  <testcase classname="litigationCompanyAdmin.CompanyAdmin" name="UnitEntity" time="0.0">
    <skipped/>
  </testcase> <!-- UnitEntity -->
  <testcase classname="litigationCompanyAdmin.CompanyAdmin" name="Masters1" time="0.0">
    <skipped/>
  </testcase> <!-- Masters1 -->
  <testcase classname="litigationCompanyAdmin.CompanyAdmin" name="MastersLawFirm" time="0.0">
    <skipped/>
  </testcase> <!-- MastersLawFirm -->
  <testcase classname="litigationCompanyAdmin.CompanyAdmin" name="MastersLawFirm1" time="0.0">
    <skipped/>
  </testcase> <!-- MastersLawFirm1 -->
  <testcase classname="litigationCompanyAdmin.CompanyAdmin" name="MastersLawFirm2" time="0.0">
    <skipped/>
  </testcase> <!-- MastersLawFirm2 -->
  <testcase classname="litigationCompanyAdmin.CompanyAdmin" name="MastersLawFirm3" time="0.0">
    <skipped/>
  </testcase> <!-- MastersLawFirm3 -->
  <testcase classname="litigationCompanyAdmin.CompanyAdmin" name="LawyerWithoutData" time="0.0">
    <skipped/>
  </testcase> <!-- LawyerWithoutData -->
  <testcase classname="litigationCompanyAdmin.CompanyAdmin" name="LawyerInvalidData" time="0.0">
    <skipped/>
  </testcase> <!-- LawyerInvalidData -->
  <testcase classname="litigationCompanyAdmin.CompanyAdmin" name="LawyerTwoManadatoryFileds" time="0.0">
    <skipped/>
  </testcase> <!-- LawyerTwoManadatoryFileds -->
  <testcase classname="litigationCompanyAdmin.CompanyAdmin" name="LawyerCloseButton" time="0.0">
    <skipped/>
  </testcase> <!-- LawyerCloseButton -->
  <testcase classname="litigationCompanyAdmin.CompanyAdmin" name="Masters2" time="0.0">
    <skipped/>
  </testcase> <!-- Masters2 -->
  <testcase classname="litigationCompanyAdmin.CompanyAdmin" name="UserWithoutData" time="0.0">
    <skipped/>
  </testcase> <!-- UserWithoutData -->
  <testcase classname="litigationCompanyAdmin.CompanyAdmin" name="UserInvalidData" time="0.0">
    <skipped/>
  </testcase> <!-- UserInvalidData -->
  <testcase classname="litigationCompanyAdmin.CompanyAdmin" name="UserTwoManadatoryFields" time="0.0">
    <skipped/>
  </testcase> <!-- UserTwoManadatoryFields -->
  <testcase classname="litigationCompanyAdmin.CompanyAdmin" name="UserCloseButton" time="0.0">
    <skipped/>
  </testcase> <!-- UserCloseButton -->
  <testcase classname="litigationCompanyAdmin.CompanyAdmin" name="Masters3" time="0.0">
    <skipped/>
  </testcase> <!-- Masters3 -->
  <testcase classname="litigationCompanyAdmin.CompanyAdmin" name="OpponentWithoutData" time="0.0">
    <skipped/>
  </testcase> <!-- OpponentWithoutData -->
  <testcase classname="litigationCompanyAdmin.CompanyAdmin" name="OpponentInvalidData" time="0.0">
    <skipped/>
  </testcase> <!-- OpponentInvalidData -->
  <testcase classname="litigationCompanyAdmin.CompanyAdmin" name="OpponentCloseButton" time="0.0">
    <skipped/>
  </testcase> <!-- OpponentCloseButton -->
  <testcase classname="litigationCompanyAdmin.CompanyAdmin" name="Masters4" time="0.0">
    <skipped/>
  </testcase> <!-- Masters4 -->
  <testcase classname="litigationCompanyAdmin.CompanyAdmin" name="CourtWithoutData" time="0.0">
    <skipped/>
  </testcase> <!-- CourtWithoutData -->
  <testcase classname="litigationCompanyAdmin.CompanyAdmin" name="CourtInvalidData" time="0.0">
    <skipped/>
  </testcase> <!-- CourtInvalidData -->
  <testcase classname="litigationCompanyAdmin.CompanyAdmin" name="CourtTwomanadatoryFields" time="0.0">
    <skipped/>
  </testcase> <!-- CourtTwomanadatoryFields -->
  <testcase classname="litigationCompanyAdmin.CompanyAdmin" name="CourtCloseButton" time="0.0">
    <skipped/>
  </testcase> <!-- CourtCloseButton -->
  <testcase classname="litigationCompanyAdmin.CompanyAdmin" name="Masters5" time="0.0">
    <skipped/>
  </testcase> <!-- Masters5 -->
  <testcase classname="litigationCompanyAdmin.CompanyAdmin" name="CaseNoticeTypeWithoutData" time="0.0">
    <skipped/>
  </testcase> <!-- CaseNoticeTypeWithoutData -->
  <testcase classname="litigationCompanyAdmin.CompanyAdmin" name="CaseNoticeTypeInvaliData" time="0.0">
    <skipped/>
  </testcase> <!-- CaseNoticeTypeInvaliData -->
  <testcase classname="litigationCompanyAdmin.CompanyAdmin" name="CaseNoticeTypeCloseBuuton" time="0.0">
    <skipped/>
  </testcase> <!-- CaseNoticeTypeCloseBuuton -->
  <testcase classname="litigationCompanyAdmin.CompanyAdmin" name="Masters6" time="0.0">
    <skipped/>
  </testcase> <!-- Masters6 -->
  <testcase classname="litigationCompanyAdmin.CompanyAdmin" name="PaymentTypeWithouData" time="0.0">
    <skipped/>
  </testcase> <!-- PaymentTypeWithouData -->
  <testcase classname="litigationCompanyAdmin.CompanyAdmin" name="PaymentTypeInvalidData" time="0.0">
    <skipped/>
  </testcase> <!-- PaymentTypeInvalidData -->
  <testcase classname="litigationCompanyAdmin.CompanyAdmin" name="PaymentTypeCloseButton" time="0.0">
    <skipped/>
  </testcase> <!-- PaymentTypeCloseButton -->
  <testcase classname="litigationCompanyAdmin.CompanyAdmin" name="Masters7" time="0.0">
    <skipped/>
  </testcase> <!-- Masters7 -->
  <testcase classname="litigationCompanyAdmin.CompanyAdmin" name="customParameterWithoutData" time="0.0">
    <skipped/>
  </testcase> <!-- customParameterWithoutData -->
  <testcase classname="litigationCompanyAdmin.CompanyAdmin" name="customParameterCloseButton" time="0.0">
    <skipped/>
  </testcase> <!-- customParameterCloseButton -->
  <testcase classname="litigationCompanyAdmin.CompanyAdmin" name="Masters8" time="0.0">
    <skipped/>
  </testcase> <!-- Masters8 -->
  <testcase classname="litigationCompanyAdmin.CompanyAdmin" name="CaseStageWithoutData" time="0.0">
    <skipped/>
  </testcase> <!-- CaseStageWithoutData -->
  <testcase classname="litigationCompanyAdmin.CompanyAdmin" name="CaseStageInvalidData" time="0.0">
    <skipped/>
  </testcase> <!-- CaseStageInvalidData -->
  <testcase classname="litigationCompanyAdmin.CompanyAdmin" name="CaseStageCloseButton" time="0.0">
    <skipped/>
  </testcase> <!-- CaseStageCloseButton -->
  <testcase classname="litigationCompanyAdmin.CompanyAdmin" name="Masters9" time="0.0">
    <skipped/>
  </testcase> <!-- Masters9 -->
  <testcase classname="litigationCompanyAdmin.CompanyAdmin" name="DocumentTypeWithoutData" time="0.0">
    <skipped/>
  </testcase> <!-- DocumentTypeWithoutData -->
  <testcase classname="litigationCompanyAdmin.CompanyAdmin" name="DocumentTypeInvalidData" time="0.0">
    <skipped/>
  </testcase> <!-- DocumentTypeInvalidData -->
  <testcase classname="litigationCompanyAdmin.CompanyAdmin" name="DocumentTypeCloseButton" time="0.0">
    <skipped/>
  </testcase> <!-- DocumentTypeCloseButton -->
  <testcase classname="litigationCompanyAdmin.CompanyAdmin" name="Masters10" time="0.0">
    <skipped/>
  </testcase> <!-- Masters10 -->
  <testcase classname="litigationCompanyAdmin.CompanyAdmin" name="RatingCriteriaWithoutData" time="0.0">
    <skipped/>
  </testcase> <!-- RatingCriteriaWithoutData -->
  <testcase classname="litigationCompanyAdmin.CompanyAdmin" name="RatingCriteriaInvalidData" time="0.0">
    <skipped/>
  </testcase> <!-- RatingCriteriaInvalidData -->
  <testcase classname="litigationCompanyAdmin.CompanyAdmin" name="RatingCriteriaCloseButton" time="0.0">
    <skipped/>
  </testcase> <!-- RatingCriteriaCloseButton -->
  <testcase classname="litigationCompanyAdmin.CompanyAdmin" name="Masters11" time="0.0">
    <skipped/>
  </testcase> <!-- Masters11 -->
  <testcase classname="litigationCompanyAdmin.CompanyAdmin" name="Masters12" time="0.0">
    <skipped/>
  </testcase> <!-- Masters12 -->
  <testcase classname="litigationCompanyAdmin.CompanyAdmin" name="Masters13" time="0.0">
    <skipped/>
  </testcase> <!-- Masters13 -->
  <testcase classname="litigationCompanyAdmin.CompanyAdmin" name="Masters14" time="0.0">
    <skipped/>
  </testcase> <!-- Masters14 -->
  <testcase classname="litigationCompanyAdmin.CompanyAdmin" name="Masters15" time="0.0">
    <skipped/>
  </testcase> <!-- Masters15 -->
</testsuite> <!-- Default test -->
