<?xml version="1.0" encoding="UTF-8"?>
<!-- Generated by org.testng.reporters.JUnitXMLReporter -->
<testsuite ignored="0" hostname="DESKTOP-LP" failures="4" tests="128" name="Default test" time="3101.755" errors="0" timestamp="2023-08-31T23:38:15 IST">
  <testcase classname="litigationCompanyAdmin.CompanyAdmin" name="@BeforeMethod Login" time="3.149">
    <failure type="org.openqa.selenium.SessionNotCreatedException" message="session not created
from no such execution context: uniqueContextId not found
  (Session info: chrome=116.0.5845.112)
Build info: version: &amp;apos;3.141.0&amp;apos;, revision: &amp;apos;2ecb7d9a&amp;apos;, time: &amp;apos;2018-10-31T20:09:30&amp;apos;
System info: host: &amp;apos;DESKTOP-LP&amp;apos;, ip: &amp;apos;172.22.144.1&amp;apos;, os.name: &amp;apos;Windows 10&amp;apos;, os.arch: &amp;apos;amd64&amp;apos;, os.version: &amp;apos;10.0&amp;apos;, java.version: &amp;apos;20&amp;apos;
Driver info: driver.version: ChromeDriver
remote stacktrace: 	GetHandleVerifier [0x00007FF6277852A2+57122]
	(No symbol) [0x00007FF6276FEA92]
	(No symbol) [0x00007FF6275CE3AB]
	(No symbol) [0x00007FF6275BC6E6]
	(No symbol) [0x00007FF6275BAA3B]
	(No symbol) [0x00007FF6275BB31E]
	(No symbol) [0x00007FF6275D1FE7]
	(No symbol) [0x00007FF6275D3D2F]
	(No symbol) [0x00007FF6275D3E20]
	(No symbol) [0x00007FF62762FF28]
	(No symbol) [0x00007FF62762E5B0]
	(No symbol) [0x00007FF627626DB3]
	(No symbol) [0x00007FF6275FD2B1]
	(No symbol) [0x00007FF6275FE494]
	GetHandleVerifier [0x00007FF627A2EF82+2849794]
	GetHandleVerifier [0x00007FF627A81D24+3189156]
	GetHandleVerifier [0x00007FF627A7ACAF+3160367]
	GetHandleVerifier [0x00007FF627816D06+653702]
	(No symbol) [0x00007FF62770A208]
	(No symbol) [0x00007FF6277062C4]
	(No symbol) [0x00007FF6277063F6]
	(No symbol) [0x00007FF6276F67A3]
	BaseThreadInitThunk [0x00007FFE5E597614+20]
	RtlUserThreadStart [0x00007FFE5F5026B1+33]
">
      <![CDATA[org.openqa.selenium.SessionNotCreatedException: session not created
from no such execution context: uniqueContextId not found
  (Session info: chrome=116.0.5845.112)
Build info: version: '3.141.0', revision: '2ecb7d9a', time: '2018-10-31T20:09:30'
System info: host: 'DESKTOP-LP', ip: '172.22.144.1', os.name: 'Windows 10', os.arch: 'amd64', os.version: '10.0', java.version: '20'
Driver info: driver.version: ChromeDriver
remote stacktrace: GetHandleVerifier [0x00007FF6277852A2+57122]
(No symbol) [0x00007FF6276FEA92]
(No symbol) [0x00007FF6275CE3AB]
(No symbol) [0x00007FF6275BC6E6]
(No symbol) [0x00007FF6275BAA3B]
(No symbol) [0x00007FF6275BB31E]
(No symbol) [0x00007FF6275D1FE7]
(No symbol) [0x00007FF6275D3D2F]
(No symbol) [0x00007FF6275D3E20]
(No symbol) [0x00007FF62762FF28]
(No symbol) [0x00007FF62762E5B0]
(No symbol) [0x00007FF627626DB3]
(No symbol) [0x00007FF6275FD2B1]
(No symbol) [0x00007FF6275FE494]
GetHandleVerifier [0x00007FF627A2EF82+2849794]
GetHandleVerifier [0x00007FF627A81D24+3189156]
GetHandleVerifier [0x00007FF627A7ACAF+3160367]
GetHandleVerifier [0x00007FF627816D06+653702]
(No symbol) [0x00007FF62770A208]
(No symbol) [0x00007FF6277062C4]
(No symbol) [0x00007FF6277063F6]
(No symbol) [0x00007FF6276F67A3]
BaseThreadInitThunk [0x00007FFE5E597614+20]
RtlUserThreadStart [0x00007FFE5F5026B1+33]

at java.base/jdk.internal.reflect.DirectConstructorHandleAccessor.newInstance(DirectConstructorHandleAccessor.java:67)
at java.base/java.lang.reflect.Constructor.newInstanceWithCaller(Constructor.java:500)
at java.base/java.lang.reflect.Constructor.newInstance(Constructor.java:484)
at org.openqa.selenium.remote.W3CHandshakeResponse.lambda$errorHandler$0(W3CHandshakeResponse.java:62)
at org.openqa.selenium.remote.HandshakeResponse.lambda$getResponseFunction$0(HandshakeResponse.java:30)
at org.openqa.selenium.remote.ProtocolHandshake.lambda$createSession$0(ProtocolHandshake.java:123)
at java.base/java.util.stream.ReferencePipeline$3$1.accept(ReferencePipeline.java:197)
at java.base/java.util.Spliterators$ArraySpliterator.tryAdvance(Spliterators.java:1016)
at java.base/java.util.stream.ReferencePipeline.forEachWithCancel(ReferencePipeline.java:129)
at java.base/java.util.stream.AbstractPipeline.copyIntoWithCancel(AbstractPipeline.java:527)
at java.base/java.util.stream.AbstractPipeline.copyInto(AbstractPipeline.java:513)
at java.base/java.util.stream.AbstractPipeline.wrapAndCopyInto(AbstractPipeline.java:499)
at java.base/java.util.stream.FindOps$FindOp.evaluateSequential(FindOps.java:150)
at java.base/java.util.stream.AbstractPipeline.evaluate(AbstractPipeline.java:234)
at java.base/java.util.stream.ReferencePipeline.findFirst(ReferencePipeline.java:647)
at org.openqa.selenium.remote.ProtocolHandshake.createSession(ProtocolHandshake.java:125)
at org.openqa.selenium.remote.ProtocolHandshake.createSession(ProtocolHandshake.java:74)
at org.openqa.selenium.remote.HttpCommandExecutor.execute(HttpCommandExecutor.java:136)
at org.openqa.selenium.remote.service.DriverCommandExecutor.execute(DriverCommandExecutor.java:83)
at org.openqa.selenium.remote.RemoteWebDriver.execute(RemoteWebDriver.java:552)
at org.openqa.selenium.remote.RemoteWebDriver.startSession(RemoteWebDriver.java:213)
at org.openqa.selenium.remote.RemoteWebDriver.<init>(RemoteWebDriver.java:131)
at org.openqa.selenium.chrome.ChromeDriver.<init>(ChromeDriver.java:181)
at org.openqa.selenium.chrome.ChromeDriver.<init>(ChromeDriver.java:168)
at org.openqa.selenium.chrome.ChromeDriver.<init>(ChromeDriver.java:123)
at login.Login.BrowserSetup(Login.java:31)
at litigationCompanyAdmin.CompanyAdmin.Login(CompanyAdmin.java:73)
at java.base/jdk.internal.reflect.DirectMethodHandleAccessor.invoke(DirectMethodHandleAccessor.java:104)
at java.base/java.lang.reflect.Method.invoke(Method.java:578)
at org.testng.internal.MethodInvocationHelper.invokeMethod(MethodInvocationHelper.java:133)
at org.testng.internal.MethodInvocationHelper.invokeMethodConsideringTimeout(MethodInvocationHelper.java:62)
at org.testng.internal.ConfigInvoker.invokeConfigurationMethod(ConfigInvoker.java:385)
at org.testng.internal.ConfigInvoker.invokeConfigurations(ConfigInvoker.java:321)
at org.testng.internal.TestInvoker.runConfigMethods(TestInvoker.java:700)
at org.testng.internal.TestInvoker.invokeMethod(TestInvoker.java:527)
at org.testng.internal.TestInvoker.invokeTestMethod(TestInvoker.java:173)
at org.testng.internal.MethodRunner.runInSequence(MethodRunner.java:46)
at org.testng.internal.TestInvoker$MethodInvocationAgent.invoke(TestInvoker.java:824)
at org.testng.internal.TestInvoker.invokeTestMethods(TestInvoker.java:146)
at org.testng.internal.TestMethodWorker.invokeTestMethods(TestMethodWorker.java:146)
at org.testng.internal.TestMethodWorker.run(TestMethodWorker.java:128)
at java.base/java.util.ArrayList.forEach(ArrayList.java:1511)
at org.testng.TestRunner.privateRun(TestRunner.java:794)
at org.testng.TestRunner.run(TestRunner.java:596)
at org.testng.SuiteRunner.runTest(SuiteRunner.java:377)
at org.testng.SuiteRunner.runSequentially(SuiteRunner.java:371)
at org.testng.SuiteRunner.privateRun(SuiteRunner.java:332)
at org.testng.SuiteRunner.run(SuiteRunner.java:276)
at org.testng.SuiteRunnerWorker.runSuite(SuiteRunnerWorker.java:53)
at org.testng.SuiteRunnerWorker.run(SuiteRunnerWorker.java:96)
at org.testng.TestNG.runSuitesSequentially(TestNG.java:1212)
at org.testng.TestNG.runSuitesLocally(TestNG.java:1134)
at org.testng.TestNG.runSuites(TestNG.java:1063)
at org.testng.TestNG.run(TestNG.java:1031)
at org.testng.remote.AbstractRemoteTestNG.run(AbstractRemoteTestNG.java:115)
at org.testng.remote.RemoteTestNG.initAndRun(RemoteTestNG.java:251)
at org.testng.remote.RemoteTestNG.main(RemoteTestNG.java:77)
]]>
    </failure>
  </testcase> <!-- @BeforeMethod Login -->
  <testcase classname="litigationCompanyAdmin.CompanyAdmin" name="@AfterMethod Close" time="-1.693505294623E9">
    <skipped/>
  </testcase> <!-- @AfterMethod Close -->
  <testcase classname="litigationCompanyAdmin.CompanyAdmin" name="@BeforeMethod Login" time="-1.693505294625E9">
    <skipped/>
  </testcase> <!-- @BeforeMethod Login -->
  <testcase classname="litigationCompanyAdmin.CompanyAdmin" name="@AfterMethod Close" time="-1.693505294632E9">
    <skipped/>
  </testcase> <!-- @AfterMethod Close -->
  <testcase classname="litigationCompanyAdmin.CompanyAdmin" name="@BeforeMethod Login" time="-1.693505294634E9">
    <skipped/>
  </testcase> <!-- @BeforeMethod Login -->
  <testcase classname="litigationCompanyAdmin.CompanyAdmin" name="@AfterMethod Close" time="-1.693505294641E9">
    <skipped/>
  </testcase> <!-- @AfterMethod Close -->
  <testcase classname="litigationCompanyAdmin.CompanyAdmin" name="@BeforeMethod Login" time="-1.693505294642E9">
    <skipped/>
  </testcase> <!-- @BeforeMethod Login -->
  <testcase classname="litigationCompanyAdmin.CompanyAdmin" name="@AfterMethod Close" time="-1.693505294648E9">
    <skipped/>
  </testcase> <!-- @AfterMethod Close -->
  <testcase classname="litigationCompanyAdmin.CompanyAdmin" name="@BeforeMethod Login" time="-1.69350529465E9">
    <skipped/>
  </testcase> <!-- @BeforeMethod Login -->
  <testcase classname="litigationCompanyAdmin.CompanyAdmin" name="@AfterMethod Close" time="-1.693505294654E9">
    <skipped/>
  </testcase> <!-- @AfterMethod Close -->
  <testcase classname="litigationCompanyAdmin.CompanyAdmin" name="@BeforeMethod Login" time="-1.693505294656E9">
    <skipped/>
  </testcase> <!-- @BeforeMethod Login -->
  <testcase classname="litigationCompanyAdmin.CompanyAdmin" name="@AfterMethod Close" time="-1.693505294661E9">
    <skipped/>
  </testcase> <!-- @AfterMethod Close -->
  <testcase classname="litigationCompanyAdmin.CompanyAdmin" name="@BeforeMethod Login" time="-1.693505294662E9">
    <skipped/>
  </testcase> <!-- @BeforeMethod Login -->
  <testcase classname="litigationCompanyAdmin.CompanyAdmin" name="@AfterMethod Close" time="-1.693505294666E9">
    <skipped/>
  </testcase> <!-- @AfterMethod Close -->
  <testcase classname="litigationCompanyAdmin.CompanyAdmin" name="@BeforeMethod Login" time="-1.693505294668E9">
    <skipped/>
  </testcase> <!-- @BeforeMethod Login -->
  <testcase classname="litigationCompanyAdmin.CompanyAdmin" name="@AfterMethod Close" time="-1.693505294672E9">
    <skipped/>
  </testcase> <!-- @AfterMethod Close -->
  <testcase classname="litigationCompanyAdmin.CompanyAdmin" name="@BeforeMethod Login" time="-1.693505294674E9">
    <skipped/>
  </testcase> <!-- @BeforeMethod Login -->
  <testcase classname="litigationCompanyAdmin.CompanyAdmin" name="@AfterMethod Close" time="-1.693505294678E9">
    <skipped/>
  </testcase> <!-- @AfterMethod Close -->
  <testcase classname="litigationCompanyAdmin.CompanyAdmin" name="@BeforeMethod Login" time="-1.693505294683E9">
    <skipped/>
  </testcase> <!-- @BeforeMethod Login -->
  <testcase classname="litigationCompanyAdmin.CompanyAdmin" name="@AfterMethod Close" time="-1.693505294691E9">
    <skipped/>
  </testcase> <!-- @AfterMethod Close -->
  <testcase classname="litigationCompanyAdmin.CompanyAdmin" name="@BeforeMethod Login" time="-1.693505294694E9">
    <skipped/>
  </testcase> <!-- @BeforeMethod Login -->
  <testcase classname="litigationCompanyAdmin.CompanyAdmin" name="@AfterMethod Close" time="-1.6935052947E9">
    <skipped/>
  </testcase> <!-- @AfterMethod Close -->
  <testcase classname="litigationCompanyAdmin.CompanyAdmin" name="@BeforeMethod Login" time="-1.693505294702E9">
    <skipped/>
  </testcase> <!-- @BeforeMethod Login -->
  <testcase classname="litigationCompanyAdmin.CompanyAdmin" name="@AfterMethod Close" time="-1.693505294706E9">
    <skipped/>
  </testcase> <!-- @AfterMethod Close -->
  <testcase classname="litigationCompanyAdmin.CompanyAdmin" name="@BeforeMethod Login" time="-1.693505294708E9">
    <skipped/>
  </testcase> <!-- @BeforeMethod Login -->
  <testcase classname="litigationCompanyAdmin.CompanyAdmin" name="@AfterMethod Close" time="-1.693505294714E9">
    <skipped/>
  </testcase> <!-- @AfterMethod Close -->
  <testcase classname="litigationCompanyAdmin.CompanyAdmin" name="@BeforeMethod Login" time="-1.693505294715E9">
    <skipped/>
  </testcase> <!-- @BeforeMethod Login -->
  <testcase classname="litigationCompanyAdmin.CompanyAdmin" name="@AfterMethod Close" time="-1.693505294719E9">
    <skipped/>
  </testcase> <!-- @AfterMethod Close -->
  <testcase classname="litigationCompanyAdmin.CompanyAdmin" name="@BeforeMethod Login" time="-1.693505294721E9">
    <skipped/>
  </testcase> <!-- @BeforeMethod Login -->
  <testcase classname="litigationCompanyAdmin.CompanyAdmin" name="@AfterMethod Close" time="-1.693505294736E9">
    <skipped/>
  </testcase> <!-- @AfterMethod Close -->
  <testcase classname="litigationCompanyAdmin.CompanyAdmin" name="@BeforeMethod Login" time="-1.693505294741E9">
    <skipped/>
  </testcase> <!-- @BeforeMethod Login -->
  <testcase classname="litigationCompanyAdmin.CompanyAdmin" name="@AfterMethod Close" time="-1.693505294747E9">
    <skipped/>
  </testcase> <!-- @AfterMethod Close -->
  <testcase classname="litigationCompanyAdmin.CompanyAdmin" name="@BeforeMethod Login" time="-1.693505294753E9">
    <skipped/>
  </testcase> <!-- @BeforeMethod Login -->
  <testcase classname="litigationCompanyAdmin.CompanyAdmin" name="@AfterMethod Close" time="-1.69350529476E9">
    <skipped/>
  </testcase> <!-- @AfterMethod Close -->
  <testcase classname="litigationCompanyAdmin.CompanyAdmin" name="@BeforeMethod Login" time="-1.693505294762E9">
    <skipped/>
  </testcase> <!-- @BeforeMethod Login -->
  <testcase classname="litigationCompanyAdmin.CompanyAdmin" name="@AfterMethod Close" time="-1.693505294767E9">
    <skipped/>
  </testcase> <!-- @AfterMethod Close -->
  <testcase classname="litigationCompanyAdmin.CompanyAdmin" name="@BeforeMethod Login" time="-1.693505294769E9">
    <skipped/>
  </testcase> <!-- @BeforeMethod Login -->
  <testcase classname="litigationCompanyAdmin.CompanyAdmin" name="@AfterMethod Close" time="-1.693505294777E9">
    <skipped/>
  </testcase> <!-- @AfterMethod Close -->
  <testcase classname="litigationCompanyAdmin.CompanyAdmin" name="@BeforeMethod Login" time="-1.693505294787E9">
    <skipped/>
  </testcase> <!-- @BeforeMethod Login -->
  <testcase classname="litigationCompanyAdmin.CompanyAdmin" name="@AfterMethod Close" time="-1.693505294815E9">
    <skipped/>
  </testcase> <!-- @AfterMethod Close -->
  <testcase classname="litigationCompanyAdmin.CompanyAdmin" name="@BeforeMethod Login" time="-1.69350529482E9">
    <skipped/>
  </testcase> <!-- @BeforeMethod Login -->
  <testcase classname="litigationCompanyAdmin.CompanyAdmin" name="@AfterMethod Close" time="-1.693505294825E9">
    <skipped/>
  </testcase> <!-- @AfterMethod Close -->
  <testcase classname="litigationCompanyAdmin.CompanyAdmin" name="@BeforeMethod Login" time="-1.693505294838E9">
    <skipped/>
  </testcase> <!-- @BeforeMethod Login -->
  <testcase classname="litigationCompanyAdmin.CompanyAdmin" name="@AfterMethod Close" time="-1.693505294847E9">
    <skipped/>
  </testcase> <!-- @AfterMethod Close -->
  <testcase classname="litigationCompanyAdmin.CompanyAdmin" name="@BeforeMethod Login" time="-1.693505294851E9">
    <skipped/>
  </testcase> <!-- @BeforeMethod Login -->
  <testcase classname="litigationCompanyAdmin.CompanyAdmin" name="@AfterMethod Close" time="-1.693505294856E9">
    <skipped/>
  </testcase> <!-- @AfterMethod Close -->
  <testcase classname="litigationCompanyAdmin.CompanyAdmin" name="@BeforeMethod Login" time="-1.693505294858E9">
    <skipped/>
  </testcase> <!-- @BeforeMethod Login -->
  <testcase classname="litigationCompanyAdmin.CompanyAdmin" name="@AfterMethod Close" time="-1.693505294936E9">
    <skipped/>
  </testcase> <!-- @AfterMethod Close -->
  <testcase classname="litigationCompanyAdmin.CompanyAdmin" name="@BeforeMethod Login" time="-1.693505294937E9">
    <skipped/>
  </testcase> <!-- @BeforeMethod Login -->
  <testcase classname="litigationCompanyAdmin.CompanyAdmin" name="@AfterMethod Close" time="-1.693505294941E9">
    <skipped/>
  </testcase> <!-- @AfterMethod Close -->
  <testcase classname="litigationCompanyAdmin.CompanyAdmin" name="@BeforeMethod Login" time="-1.693505294942E9">
    <skipped/>
  </testcase> <!-- @BeforeMethod Login -->
  <testcase classname="litigationCompanyAdmin.CompanyAdmin" name="@AfterMethod Close" time="-1.69350529497E9">
    <skipped/>
  </testcase> <!-- @AfterMethod Close -->
  <testcase classname="litigationCompanyAdmin.CompanyAdmin" name="@BeforeMethod Login" time="-1.693505294972E9">
    <skipped/>
  </testcase> <!-- @BeforeMethod Login -->
  <testcase classname="litigationCompanyAdmin.CompanyAdmin" name="@AfterMethod Close" time="-1.69350529498E9">
    <skipped/>
  </testcase> <!-- @AfterMethod Close -->
  <testcase classname="litigationCompanyAdmin.CompanyAdmin" name="@BeforeMethod Login" time="-1.693505295E9">
    <skipped/>
  </testcase> <!-- @BeforeMethod Login -->
  <testcase classname="litigationCompanyAdmin.CompanyAdmin" name="@AfterMethod Close" time="-1.693505295009E9">
    <skipped/>
  </testcase> <!-- @AfterMethod Close -->
  <testcase classname="litigationCompanyAdmin.CompanyAdmin" name="@BeforeMethod Login" time="-1.69350529501E9">
    <skipped/>
  </testcase> <!-- @BeforeMethod Login -->
  <testcase classname="litigationCompanyAdmin.CompanyAdmin" name="@AfterMethod Close" time="-1.693505295017E9">
    <skipped/>
  </testcase> <!-- @AfterMethod Close -->
  <testcase classname="litigationCompanyAdmin.CompanyAdmin" name="@BeforeMethod Login" time="-1.693505295018E9">
    <skipped/>
  </testcase> <!-- @BeforeMethod Login -->
  <testcase classname="litigationCompanyAdmin.CompanyAdmin" name="@AfterMethod Close" time="-1.693505295022E9">
    <skipped/>
  </testcase> <!-- @AfterMethod Close -->
  <testcase classname="litigationCompanyAdmin.CompanyAdmin" name="@BeforeMethod Login" time="-1.693505295024E9">
    <skipped/>
  </testcase> <!-- @BeforeMethod Login -->
  <testcase classname="litigationCompanyAdmin.CompanyAdmin" name="@AfterMethod Close" time="-1.693505295028E9">
    <skipped/>
  </testcase> <!-- @AfterMethod Close -->
  <testcase classname="litigationCompanyAdmin.CompanyAdmin" name="@BeforeMethod Login" time="-1.693505295033E9">
    <skipped/>
  </testcase> <!-- @BeforeMethod Login -->
  <testcase classname="litigationCompanyAdmin.CompanyAdmin" name="@AfterMethod Close" time="-1.693505295039E9">
    <skipped/>
  </testcase> <!-- @AfterMethod Close -->
  <testcase classname="litigationCompanyAdmin.CompanyAdmin" name="@BeforeMethod Login" time="-1.693505295041E9">
    <skipped/>
  </testcase> <!-- @BeforeMethod Login -->
  <testcase classname="litigationCompanyAdmin.CompanyAdmin" name="@AfterMethod Close" time="-1.693505295055E9">
    <skipped/>
  </testcase> <!-- @AfterMethod Close -->
  <testcase classname="litigationCompanyAdmin.CompanyAdmin" name="@BeforeMethod Login" time="-1.693505295057E9">
    <skipped/>
  </testcase> <!-- @BeforeMethod Login -->
  <testcase classname="litigationCompanyAdmin.CompanyAdmin" name="@AfterMethod Close" time="-1.693505295062E9">
    <skipped/>
  </testcase> <!-- @AfterMethod Close -->
  <testcase classname="litigationCompanyAdmin.CompanyAdmin" name="@BeforeMethod Login" time="-1.693505295064E9">
    <skipped/>
  </testcase> <!-- @BeforeMethod Login -->
  <testcase classname="litigationCompanyAdmin.CompanyAdmin" name="@AfterMethod Close" time="-1.693505295069E9">
    <skipped/>
  </testcase> <!-- @AfterMethod Close -->
  <testcase classname="litigationCompanyAdmin.CompanyAdmin" name="@BeforeMethod Login" time="-1.693505295071E9">
    <skipped/>
  </testcase> <!-- @BeforeMethod Login -->
  <testcase classname="litigationCompanyAdmin.CompanyAdmin" name="@AfterMethod Close" time="-1.693505295083E9">
    <skipped/>
  </testcase> <!-- @AfterMethod Close -->
  <testcase classname="litigationCompanyAdmin.CompanyAdmin" name="@BeforeMethod Login" time="-1.693505295084E9">
    <skipped/>
  </testcase> <!-- @BeforeMethod Login -->
  <testcase classname="litigationCompanyAdmin.CompanyAdmin" name="@AfterMethod Close" time="-1.693505295091E9">
    <skipped/>
  </testcase> <!-- @AfterMethod Close -->
  <testcase classname="litigationCompanyAdmin.CompanyAdmin" name="@BeforeMethod Login" time="-1.693505295101E9">
    <skipped/>
  </testcase> <!-- @BeforeMethod Login -->
  <testcase classname="litigationCompanyAdmin.CompanyAdmin" name="@AfterMethod Close" time="-1.693505295107E9">
    <skipped/>
  </testcase> <!-- @AfterMethod Close -->
  <testcase classname="litigationCompanyAdmin.CompanyAdmin" name="@BeforeMethod Login" time="-1.693505295109E9">
    <skipped/>
  </testcase> <!-- @BeforeMethod Login -->
  <testcase classname="litigationCompanyAdmin.CompanyAdmin" name="@AfterMethod Close" time="-1.693505295114E9">
    <skipped/>
  </testcase> <!-- @AfterMethod Close -->
  <testcase classname="litigationCompanyAdmin.CompanyAdmin" name="@BeforeMethod Login" time="-1.693505295117E9">
    <skipped/>
  </testcase> <!-- @BeforeMethod Login -->
  <testcase classname="litigationCompanyAdmin.CompanyAdmin" name="@AfterMethod Close" time="-1.693505295141E9">
    <skipped/>
  </testcase> <!-- @AfterMethod Close -->
  <testcase classname="litigationCompanyAdmin.CompanyAdmin" name="@BeforeMethod Login" time="-1.693505295145E9">
    <skipped/>
  </testcase> <!-- @BeforeMethod Login -->
  <testcase classname="litigationCompanyAdmin.CompanyAdmin" name="@AfterMethod Close" time="-1.693505295154E9">
    <skipped/>
  </testcase> <!-- @AfterMethod Close -->
  <testcase classname="litigationCompanyAdmin.CompanyAdmin" name="@BeforeMethod Login" time="-1.693505295157E9">
    <skipped/>
  </testcase> <!-- @BeforeMethod Login -->
  <testcase classname="litigationCompanyAdmin.CompanyAdmin" name="@AfterMethod Close" time="-1.693505295167E9">
    <skipped/>
  </testcase> <!-- @AfterMethod Close -->
  <testcase classname="litigationCompanyAdmin.CompanyAdmin" name="@BeforeMethod Login" time="-1.693505295169E9">
    <skipped/>
  </testcase> <!-- @BeforeMethod Login -->
  <testcase classname="litigationCompanyAdmin.CompanyAdmin" name="@AfterMethod Close" time="-1.693505295205E9">
    <skipped/>
  </testcase> <!-- @AfterMethod Close -->
  <testcase classname="litigationCompanyAdmin.CompanyAdmin" name="@BeforeMethod Login" time="-1.693505295229E9">
    <skipped/>
  </testcase> <!-- @BeforeMethod Login -->
  <testcase classname="litigationCompanyAdmin.CompanyAdmin" name="@AfterMethod Close" time="-1.693505295235E9">
    <skipped/>
  </testcase> <!-- @AfterMethod Close -->
  <testcase classname="litigationCompanyAdmin.CompanyAdmin" name="@BeforeMethod Login" time="-1.693505295237E9">
    <skipped/>
  </testcase> <!-- @BeforeMethod Login -->
  <testcase classname="litigationCompanyAdmin.CompanyAdmin" name="@AfterMethod Close" time="-1.693505295242E9">
    <skipped/>
  </testcase> <!-- @AfterMethod Close -->
  <testcase classname="litigationCompanyAdmin.CompanyAdmin" name="@BeforeMethod Login" time="-1.693505295244E9">
    <skipped/>
  </testcase> <!-- @BeforeMethod Login -->
  <testcase classname="litigationCompanyAdmin.CompanyAdmin" name="@AfterMethod Close" time="-1.693505295247E9">
    <skipped/>
  </testcase> <!-- @AfterMethod Close -->
  <testcase classname="litigationCompanyAdmin.CompanyAdmin" name="@BeforeMethod Login" time="-1.693505295249E9">
    <skipped/>
  </testcase> <!-- @BeforeMethod Login -->
  <testcase classname="litigationCompanyAdmin.CompanyAdmin" name="@AfterMethod Close" time="-1.693505295252E9">
    <skipped/>
  </testcase> <!-- @AfterMethod Close -->
  <testcase classname="litigationCompanyAdmin.CompanyAdmin" name="@BeforeMethod Login" time="-1.693505295257E9">
    <skipped/>
  </testcase> <!-- @BeforeMethod Login -->
  <testcase classname="litigationCompanyAdmin.CompanyAdmin" name="@AfterMethod Close" time="-1.693505295264E9">
    <skipped/>
  </testcase> <!-- @AfterMethod Close -->
  <testcase classname="litigationCompanyAdmin.CompanyAdmin" name="@BeforeMethod Login" time="-1.693505295265E9">
    <skipped/>
  </testcase> <!-- @BeforeMethod Login -->
  <testcase classname="litigationCompanyAdmin.CompanyAdmin" name="@AfterMethod Close" time="-1.693505295301E9">
    <skipped/>
  </testcase> <!-- @AfterMethod Close -->
  <testcase classname="litigationCompanyAdmin.CompanyAdmin" name="@BeforeMethod Login" time="-1.693505295306E9">
    <skipped/>
  </testcase> <!-- @BeforeMethod Login -->
  <testcase classname="litigationCompanyAdmin.CompanyAdmin" name="@AfterMethod Close" time="-1.693505295322E9">
    <skipped/>
  </testcase> <!-- @AfterMethod Close -->
  <testcase classname="litigationCompanyAdmin.CompanyAdmin" name="@BeforeMethod Login" time="-1.693505295326E9">
    <skipped/>
  </testcase> <!-- @BeforeMethod Login -->
  <testcase classname="litigationCompanyAdmin.CompanyAdmin" name="@AfterMethod Close" time="-1.693505295335E9">
    <skipped/>
  </testcase> <!-- @AfterMethod Close -->
  <testcase classname="litigationCompanyAdmin.CompanyAdmin" name="@BeforeMethod Login" time="-1.693505295336E9">
    <skipped/>
  </testcase> <!-- @BeforeMethod Login -->
  <testcase classname="litigationCompanyAdmin.CompanyAdmin" name="@AfterMethod Close" time="-1.69350529534E9">
    <skipped/>
  </testcase> <!-- @AfterMethod Close -->
  <testcase classname="litigationCompanyAdmin.CompanyAdmin" name="@BeforeMethod Login" time="-1.693505295342E9">
    <skipped/>
  </testcase> <!-- @BeforeMethod Login -->
  <testcase classname="litigationCompanyAdmin.CompanyAdmin" name="@AfterMethod Close" time="-1.693505295348E9">
    <skipped/>
  </testcase> <!-- @AfterMethod Close -->
  <testcase classname="litigationCompanyAdmin.CompanyAdmin" name="@BeforeMethod Login" time="-1.693505295358E9">
    <skipped/>
  </testcase> <!-- @BeforeMethod Login -->
  <testcase classname="litigationCompanyAdmin.CompanyAdmin" name="@AfterMethod Close" time="-1.693505295362E9">
    <skipped/>
  </testcase> <!-- @AfterMethod Close -->
  <testcase classname="litigationCompanyAdmin.CompanyAdmin" name="@BeforeMethod Login" time="-1.693505295364E9">
    <skipped/>
  </testcase> <!-- @BeforeMethod Login -->
  <testcase classname="litigationCompanyAdmin.CompanyAdmin" name="@AfterMethod Close" time="-1.693505295386E9">
    <skipped/>
  </testcase> <!-- @AfterMethod Close -->
  <testcase classname="litigationCompanyAdmin.CompanyAdmin" name="@BeforeMethod Login" time="-1.693505295393E9">
    <skipped/>
  </testcase> <!-- @BeforeMethod Login -->
  <testcase classname="litigationCompanyAdmin.CompanyAdmin" name="@AfterMethod Close" time="-1.693505295402E9">
    <skipped/>
  </testcase> <!-- @AfterMethod Close -->
  <testcase classname="litigationCompanyAdmin.CompanyAdmin" name="@BeforeMethod Login" time="-1.693505295404E9">
    <skipped/>
  </testcase> <!-- @BeforeMethod Login -->
  <testcase classname="litigationCompanyAdmin.CompanyAdmin" name="@AfterMethod Close" time="-1.693505295407E9">
    <skipped/>
  </testcase> <!-- @AfterMethod Close -->
  <testcase classname="litigationCompanyAdmin.CompanyAdmin" name="@BeforeMethod Login" time="-1.693505295409E9">
    <skipped/>
  </testcase> <!-- @BeforeMethod Login -->
  <testcase classname="litigationCompanyAdmin.CompanyAdmin" name="@AfterMethod Close" time="-1.693505295414E9">
    <skipped/>
  </testcase> <!-- @AfterMethod Close -->
  <testcase classname="litigationCompanyAdmin.CompanyAdmin" name="@BeforeMethod Login" time="-1.693505295416E9">
    <skipped/>
  </testcase> <!-- @BeforeMethod Login -->
  <testcase classname="litigationCompanyAdmin.CompanyAdmin" name="@AfterMethod Close" time="-1.69350529542E9">
    <skipped/>
  </testcase> <!-- @AfterMethod Close -->
  <testcase classname="litigationCompanyAdmin.CompanyAdmin" name="@BeforeMethod Login" time="-1.693505295422E9">
    <skipped/>
  </testcase> <!-- @BeforeMethod Login -->
  <testcase classname="litigationCompanyAdmin.CompanyAdmin" name="@AfterMethod Close" time="-1.693505295427E9">
    <skipped/>
  </testcase> <!-- @AfterMethod Close -->
  <testcase classname="litigationCompanyAdmin.CompanyAdmin" name="@BeforeMethod Login" time="-1.693505295428E9">
    <skipped/>
  </testcase> <!-- @BeforeMethod Login -->
  <testcase classname="litigationCompanyAdmin.CompanyAdmin" name="@AfterMethod Close" time="-1.693505295435E9">
    <skipped/>
  </testcase> <!-- @AfterMethod Close -->
  <testcase classname="litigationCompanyAdmin.CompanyAdmin" name="@BeforeMethod Login" time="-1.693505295438E9">
    <skipped/>
  </testcase> <!-- @BeforeMethod Login -->
  <testcase classname="litigationCompanyAdmin.CompanyAdmin" name="@AfterMethod Close" time="-1.693505295442E9">
    <skipped/>
  </testcase> <!-- @AfterMethod Close -->
  <testcase classname="litigationCompanyAdmin.CompanyAdmin" name="@BeforeMethod Login" time="-1.693505295443E9">
    <skipped/>
  </testcase> <!-- @BeforeMethod Login -->
  <testcase classname="litigationCompanyAdmin.CompanyAdmin" name="@AfterMethod Close" time="-1.693505295451E9">
    <skipped/>
  </testcase> <!-- @AfterMethod Close -->
  <testcase classname="litigationCompanyAdmin.CompanyAdmin" name="@BeforeMethod Login" time="-1.693505295456E9">
    <skipped/>
  </testcase> <!-- @BeforeMethod Login -->
  <testcase classname="litigationCompanyAdmin.CompanyAdmin" name="@AfterMethod Close" time="-1.69350529546E9">
    <skipped/>
  </testcase> <!-- @AfterMethod Close -->
  <testcase classname="litigationCompanyAdmin.CompanyAdmin" name="@BeforeMethod Login" time="-1.693505295463E9">
    <skipped/>
  </testcase> <!-- @BeforeMethod Login -->
  <testcase classname="litigationCompanyAdmin.CompanyAdmin" name="@AfterMethod Close" time="-1.69350529547E9">
    <skipped/>
  </testcase> <!-- @AfterMethod Close -->
  <testcase classname="litigationCompanyAdmin.CompanyAdmin" name="@BeforeMethod Login" time="-1.693505295471E9">
    <skipped/>
  </testcase> <!-- @BeforeMethod Login -->
  <testcase classname="litigationCompanyAdmin.CompanyAdmin" name="@AfterMethod Close" time="-1.693505295476E9">
    <skipped/>
  </testcase> <!-- @AfterMethod Close -->
  <testcase classname="litigationCompanyAdmin.CompanyAdmin" name="@BeforeMethod Login" time="-1.693505295477E9">
    <skipped/>
  </testcase> <!-- @BeforeMethod Login -->
  <testcase classname="litigationCompanyAdmin.CompanyAdmin" name="@AfterMethod Close" time="-1.693505295481E9">
    <skipped/>
  </testcase> <!-- @AfterMethod Close -->
  <testcase classname="litigationCompanyAdmin.CompanyAdmin" name="@BeforeMethod Login" time="-1.693505295482E9">
    <skipped/>
  </testcase> <!-- @BeforeMethod Login -->
  <testcase classname="litigationCompanyAdmin.CompanyAdmin" name="@AfterMethod Close" time="-1.693505295487E9">
    <skipped/>
  </testcase> <!-- @AfterMethod Close -->
  <testcase classname="litigationCompanyAdmin.CompanyAdmin" name="@BeforeMethod Login" time="-1.693505295489E9">
    <skipped/>
  </testcase> <!-- @BeforeMethod Login -->
  <testcase classname="litigationCompanyAdmin.CompanyAdmin" name="@AfterMethod Close" time="-1.693505295495E9">
    <skipped/>
  </testcase> <!-- @AfterMethod Close -->
  <testcase classname="litigationCompanyAdmin.CompanyAdmin" name="@BeforeMethod Login" time="-1.693505295497E9">
    <skipped/>
  </testcase> <!-- @BeforeMethod Login -->
  <testcase classname="litigationCompanyAdmin.CompanyAdmin" name="@AfterMethod Close" time="-1.693505295512E9">
    <skipped/>
  </testcase> <!-- @AfterMethod Close -->
  <testcase classname="litigationCompanyAdmin.CompanyAdmin" name="@BeforeMethod Login" time="-1.693505295515E9">
    <skipped/>
  </testcase> <!-- @BeforeMethod Login -->
  <testcase classname="litigationCompanyAdmin.CompanyAdmin" name="@AfterMethod Close" time="-1.69350529553E9">
    <skipped/>
  </testcase> <!-- @AfterMethod Close -->
  <testcase classname="litigationCompanyAdmin.CompanyAdmin" name="@BeforeMethod Login" time="-1.693505295531E9">
    <skipped/>
  </testcase> <!-- @BeforeMethod Login -->
  <testcase classname="litigationCompanyAdmin.CompanyAdmin" name="@AfterMethod Close" time="-1.693505295544E9">
    <skipped/>
  </testcase> <!-- @AfterMethod Close -->
  <testcase classname="litigationCompanyAdmin.CompanyAdmin" name="@BeforeMethod Login" time="-1.693505295546E9">
    <skipped/>
  </testcase> <!-- @BeforeMethod Login -->
  <testcase classname="litigationCompanyAdmin.CompanyAdmin" name="@AfterMethod Close" time="-1.69350529555E9">
    <skipped/>
  </testcase> <!-- @AfterMethod Close -->
  <testcase classname="litigationCompanyAdmin.CompanyAdmin" name="@BeforeMethod Login" time="-1.693505295567E9">
    <skipped/>
  </testcase> <!-- @BeforeMethod Login -->
  <testcase classname="litigationCompanyAdmin.CompanyAdmin" name="@AfterMethod Close" time="-1.693505295574E9">
    <skipped/>
  </testcase> <!-- @AfterMethod Close -->
  <testcase classname="litigationCompanyAdmin.CompanyAdmin" name="@BeforeMethod Login" time="-1.693505295576E9">
    <skipped/>
  </testcase> <!-- @BeforeMethod Login -->
  <testcase classname="litigationCompanyAdmin.CompanyAdmin" name="@AfterMethod Close" time="-1.693505295584E9">
    <skipped/>
  </testcase> <!-- @AfterMethod Close -->
  <testcase classname="litigationCompanyAdmin.CompanyAdmin" name="@BeforeMethod Login" time="-1.693505295589E9">
    <skipped/>
  </testcase> <!-- @BeforeMethod Login -->
  <testcase classname="litigationCompanyAdmin.CompanyAdmin" name="@AfterMethod Close" time="-1.693505295612E9">
    <skipped/>
  </testcase> <!-- @AfterMethod Close -->
  <testcase classname="litigationCompanyAdmin.CompanyAdmin" name="@BeforeMethod Login" time="-1.693505295647E9">
    <skipped/>
  </testcase> <!-- @BeforeMethod Login -->
  <testcase classname="litigationCompanyAdmin.CompanyAdmin" name="@AfterMethod Close" time="-1.693505295659E9">
    <skipped/>
  </testcase> <!-- @AfterMethod Close -->
  <testcase classname="litigationCompanyAdmin.CompanyAdmin" name="@BeforeMethod Login" time="-1.693505295664E9">
    <skipped/>
  </testcase> <!-- @BeforeMethod Login -->
  <testcase classname="litigationCompanyAdmin.CompanyAdmin" name="@AfterMethod Close" time="-1.69350529568E9">
    <skipped/>
  </testcase> <!-- @AfterMethod Close -->
  <testcase classname="litigationCompanyAdmin.CompanyAdmin" name="@BeforeMethod Login" time="-1.693505295682E9">
    <skipped/>
  </testcase> <!-- @BeforeMethod Login -->
  <testcase classname="litigationCompanyAdmin.CompanyAdmin" name="@AfterMethod Close" time="-1.693505295686E9">
    <skipped/>
  </testcase> <!-- @AfterMethod Close -->
  <testcase classname="litigationCompanyAdmin.CompanyAdmin" name="@BeforeMethod Login" time="-1.69350529569E9">
    <skipped/>
  </testcase> <!-- @BeforeMethod Login -->
  <testcase classname="litigationCompanyAdmin.CompanyAdmin" name="@AfterMethod Close" time="-1.693505295694E9">
    <skipped/>
  </testcase> <!-- @AfterMethod Close -->
  <testcase classname="litigationCompanyAdmin.CompanyAdmin" name="@BeforeMethod Login" time="-1.693505295696E9">
    <skipped/>
  </testcase> <!-- @BeforeMethod Login -->
  <testcase classname="litigationCompanyAdmin.CompanyAdmin" name="@AfterMethod Close" time="-1.693505295714E9">
    <skipped/>
  </testcase> <!-- @AfterMethod Close -->
  <testcase classname="litigationCompanyAdmin.CompanyAdmin" name="@BeforeMethod Login" time="-1.693505295719E9">
    <skipped/>
  </testcase> <!-- @BeforeMethod Login -->
  <testcase classname="litigationCompanyAdmin.CompanyAdmin" name="@AfterMethod Close" time="-1.693505295723E9">
    <skipped/>
  </testcase> <!-- @AfterMethod Close -->
  <testcase classname="litigationCompanyAdmin.CompanyAdmin" name="@BeforeMethod Login" time="-1.693505295725E9">
    <skipped/>
  </testcase> <!-- @BeforeMethod Login -->
  <testcase classname="litigationCompanyAdmin.CompanyAdmin" name="@AfterMethod Close" time="-1.693505295747E9">
    <skipped/>
  </testcase> <!-- @AfterMethod Close -->
  <testcase classname="litigationCompanyAdmin.CompanyAdmin" name="@BeforeMethod Login" time="-1.693505295752E9">
    <skipped/>
  </testcase> <!-- @BeforeMethod Login -->
  <testcase classname="litigationCompanyAdmin.CompanyAdmin" name="@AfterMethod Close" time="-1.693505295757E9">
    <skipped/>
  </testcase> <!-- @AfterMethod Close -->
  <testcase classname="litigationCompanyAdmin.CompanyAdmin" name="@BeforeMethod Login" time="-1.693505295759E9">
    <skipped/>
  </testcase> <!-- @BeforeMethod Login -->
  <testcase classname="litigationCompanyAdmin.CompanyAdmin" name="@AfterMethod Close" time="-1.693505295771E9">
    <skipped/>
  </testcase> <!-- @AfterMethod Close -->
  <testcase classname="litigationCompanyAdmin.CompanyAdmin" name="@BeforeMethod Login" time="-1.693505295778E9">
    <skipped/>
  </testcase> <!-- @BeforeMethod Login -->
  <testcase classname="litigationCompanyAdmin.CompanyAdmin" name="@AfterMethod Close" time="-1.693505295788E9">
    <skipped/>
  </testcase> <!-- @AfterMethod Close -->
  <testcase classname="litigationCompanyAdmin.CompanyAdmin" name="MyReports" time="165.043"/>
  <testcase classname="litigationCompanyAdmin.CompanyAdmin" name="NoticeResponseTab" time="84.843"/>
  <testcase classname="litigationCompanyAdmin.CompanyAdmin" name="ResponseExistingData" time="40.437"/>
  <testcase classname="litigationCompanyAdmin.CompanyAdmin" name="NoticeResponseWithoutData" time="31.183"/>
  <testcase classname="litigationCompanyAdmin.CompanyAdmin" name="ResponseClearBtn" time="35.431"/>
  <testcase classname="litigationCompanyAdmin.CompanyAdmin" name="NoticePaymentLogTab" time="76.613"/>
  <testcase classname="litigationCompanyAdmin.CompanyAdmin" name="PaymentLogwithExistingData" time="36.028"/>
  <testcase classname="litigationCompanyAdmin.CompanyAdmin" name="NoticePaymentWithoutData" time="21.064"/>
  <testcase classname="litigationCompanyAdmin.CompanyAdmin" name="NoticeExternalLawyerTab" time="59.04"/>
  <testcase classname="litigationCompanyAdmin.CompanyAdmin" name="CriteriaInvalidData" time="35.827"/>
  <testcase classname="litigationCompanyAdmin.CompanyAdmin" name="CriteriaExistingData" time="33.644"/>
  <testcase classname="litigationCompanyAdmin.CompanyAdmin" name="CriteriaWithoutData" time="33.263"/>
  <testcase classname="litigationCompanyAdmin.CompanyAdmin" name="NoticeAuditLogTab" time="32.192"/>
  <testcase classname="litigationCompanyAdmin.CompanyAdmin" name="NoticeDocViewandDownload" time="43.679">
    <failure type="org.openqa.selenium.ElementClickInterceptedException" message="element click intercepted: Element &amp;lt;button id=&amp;quot;btnAddEditcase&amp;quot; type=&amp;quot;button&amp;quot; class=&amp;quot;close&amp;quot; data-dismiss=&amp;quot;modal&amp;quot; aria-hidden=&amp;quot;true&amp;quot; onclick=&amp;quot;ClosePopNoticeDetialPage();&amp;quot;&amp;gt;...&amp;lt;/button&amp;gt; is not clickable at point (1314, 2). Other element would receive the click: &amp;lt;div class=&amp;quot;modal-body&amp;quot; style=&amp;quot;background-color: #f7f7f7;&amp;quot;&amp;gt;...&amp;lt;/div&amp;gt;
  (Session info: chrome=116.0.5845.112)
Build info: version: &amp;apos;3.141.0&amp;apos;, revision: &amp;apos;2ecb7d9a&amp;apos;, time: &amp;apos;2018-10-31T20:09:30&amp;apos;
System info: host: &amp;apos;DESKTOP-LP&amp;apos;, ip: &amp;apos;172.22.144.1&amp;apos;, os.name: &amp;apos;Windows 10&amp;apos;, os.arch: &amp;apos;amd64&amp;apos;, os.version: &amp;apos;10.0&amp;apos;, java.version: &amp;apos;20&amp;apos;
Driver info: org.openqa.selenium.chrome.ChromeDriver
Capabilities {acceptInsecureCerts: false, browserName: chrome, browserVersion: 116.0.5845.112, chrome: {chromedriverVersion: 116.0.5845.96 (1a3918166880..., userDataDir: C:\Users\SNEHAL~1\AppData\L...}, fedcm:accounts: true, goog:chromeOptions: {debuggerAddress: localhost:52871}, javascriptEnabled: true, networkConnectionEnabled: false, pageLoadStrategy: normal, platform: WINDOWS, platformName: WINDOWS, proxy: Proxy(), setWindowRect: true, strictFileInteractability: false, timeouts: {implicit: 0, pageLoad: 300000, script: 30000}, unhandledPromptBehavior: dismiss and notify, webauthn:extension:credBlob: true, webauthn:extension:largeBlob: true, webauthn:extension:minPinLength: true, webauthn:extension:prf: true, webauthn:virtualAuthenticators: true}
Session ID: 49902a16e49a5de74268e53ce07d04b4">
      <![CDATA[org.openqa.selenium.ElementClickInterceptedException: element click intercepted: Element <button id="btnAddEditcase" type="button" class="close" data-dismiss="modal" aria-hidden="true" onclick="ClosePopNoticeDetialPage();">...</button> is not clickable at point (1314, 2). Other element would receive the click: <div class="modal-body" style="background-color: #f7f7f7;">...</div>
  (Session info: chrome=116.0.5845.112)
Build info: version: '3.141.0', revision: '2ecb7d9a', time: '2018-10-31T20:09:30'
System info: host: 'DESKTOP-LP', ip: '172.22.144.1', os.name: 'Windows 10', os.arch: 'amd64', os.version: '10.0', java.version: '20'
Driver info: org.openqa.selenium.chrome.ChromeDriver
Capabilities {acceptInsecureCerts: false, browserName: chrome, browserVersion: 116.0.5845.112, chrome: {chromedriverVersion: 116.0.5845.96 (1a3918166880..., userDataDir: C:\Users\SNEHAL~1\AppData\L...}, fedcm:accounts: true, goog:chromeOptions: {debuggerAddress: localhost:52871}, javascriptEnabled: true, networkConnectionEnabled: false, pageLoadStrategy: normal, platform: WINDOWS, platformName: WINDOWS, proxy: Proxy(), setWindowRect: true, strictFileInteractability: false, timeouts: {implicit: 0, pageLoad: 300000, script: 30000}, unhandledPromptBehavior: dismiss and notify, webauthn:extension:credBlob: true, webauthn:extension:largeBlob: true, webauthn:extension:minPinLength: true, webauthn:extension:prf: true, webauthn:virtualAuthenticators: true}
Session ID: 49902a16e49a5de74268e53ce07d04b4
at java.base/jdk.internal.reflect.DirectConstructorHandleAccessor.newInstance(DirectConstructorHandleAccessor.java:67)
at java.base/java.lang.reflect.Constructor.newInstanceWithCaller(Constructor.java:500)
at java.base/java.lang.reflect.Constructor.newInstance(Constructor.java:484)
at org.openqa.selenium.remote.http.W3CHttpResponseCodec.createException(W3CHttpResponseCodec.java:187)
at org.openqa.selenium.remote.http.W3CHttpResponseCodec.decode(W3CHttpResponseCodec.java:122)
at org.openqa.selenium.remote.http.W3CHttpResponseCodec.decode(W3CHttpResponseCodec.java:49)
at org.openqa.selenium.remote.HttpCommandExecutor.execute(HttpCommandExecutor.java:158)
at org.openqa.selenium.remote.service.DriverCommandExecutor.execute(DriverCommandExecutor.java:83)
at org.openqa.selenium.remote.RemoteWebDriver.execute(RemoteWebDriver.java:552)
at org.openqa.selenium.remote.RemoteWebElement.execute(RemoteWebElement.java:285)
at org.openqa.selenium.remote.RemoteWebElement.click(RemoteWebElement.java:84)
at litigationAdditionalOwner.MethodsPOM.NoticeDocViewandDownload(MethodsPOM.java:10659)
at litigationCompanyAdmin.CompanyAdmin.NoticeDocViewandDownload(CompanyAdmin.java:1935)
at java.base/jdk.internal.reflect.DirectMethodHandleAccessor.invoke(DirectMethodHandleAccessor.java:104)
at java.base/java.lang.reflect.Method.invoke(Method.java:578)
at org.testng.internal.MethodInvocationHelper.invokeMethod(MethodInvocationHelper.java:133)
at org.testng.internal.TestInvoker.invokeMethod(TestInvoker.java:598)
at org.testng.internal.TestInvoker.invokeTestMethod(TestInvoker.java:173)
at org.testng.internal.MethodRunner.runInSequence(MethodRunner.java:46)
at org.testng.internal.TestInvoker$MethodInvocationAgent.invoke(TestInvoker.java:824)
at org.testng.internal.TestInvoker.invokeTestMethods(TestInvoker.java:146)
at org.testng.internal.TestMethodWorker.invokeTestMethods(TestMethodWorker.java:146)
at org.testng.internal.TestMethodWorker.run(TestMethodWorker.java:128)
at java.base/java.util.ArrayList.forEach(ArrayList.java:1511)
at org.testng.TestRunner.privateRun(TestRunner.java:794)
at org.testng.TestRunner.run(TestRunner.java:596)
at org.testng.SuiteRunner.runTest(SuiteRunner.java:377)
at org.testng.SuiteRunner.runSequentially(SuiteRunner.java:371)
at org.testng.SuiteRunner.privateRun(SuiteRunner.java:332)
at org.testng.SuiteRunner.run(SuiteRunner.java:276)
at org.testng.SuiteRunnerWorker.runSuite(SuiteRunnerWorker.java:53)
at org.testng.SuiteRunnerWorker.run(SuiteRunnerWorker.java:96)
at org.testng.TestNG.runSuitesSequentially(TestNG.java:1212)
at org.testng.TestNG.runSuitesLocally(TestNG.java:1134)
at org.testng.TestNG.runSuites(TestNG.java:1063)
at org.testng.TestNG.run(TestNG.java:1031)
at org.testng.remote.AbstractRemoteTestNG.run(AbstractRemoteTestNG.java:115)
at org.testng.remote.RemoteTestNG.initAndRun(RemoteTestNG.java:251)
at org.testng.remote.RemoteTestNG.main(RemoteTestNG.java:77)
]]>
    </failure>
  </testcase> <!-- NoticeDocViewandDownload -->
  <testcase classname="litigationCompanyAdmin.CompanyAdmin" name="CaseDocumentTab" time="71.215"/>
  <testcase classname="litigationCompanyAdmin.CompanyAdmin" name="CaseWithoutUploadDocument" time="31.172"/>
  <testcase classname="litigationCompanyAdmin.CompanyAdmin" name="CaseDocumentEmptyFields" time="27.303"/>
  <testcase classname="litigationCompanyAdmin.CompanyAdmin" name="CaseDocumentSearchFields" time="29.421"/>
  <testcase classname="litigationCompanyAdmin.CompanyAdmin" name="CaseDocumentShareInvalidData" time="46.662"/>
  <testcase classname="litigationCompanyAdmin.CompanyAdmin" name="CaseDocumentShareWithoutData" time="42.152"/>
  <testcase classname="litigationCompanyAdmin.CompanyAdmin" name="CaseDocumentShareCloseBtn" time="34.344"/>
  <testcase classname="litigationCompanyAdmin.CompanyAdmin" name="CaseSendMailWithDoc" time="58.89"/>
  <testcase classname="litigationCompanyAdmin.CompanyAdmin" name="CaseSendMailWithDocInvalidFields" time="55.997"/>
  <testcase classname="litigationCompanyAdmin.CompanyAdmin" name="CaseSendMailWithEmptyFields" time="47.552"/>
  <testcase classname="litigationCompanyAdmin.CompanyAdmin" name="CaseTaskActivityTab" time="75.234">
    <failure type="org.openqa.selenium.ElementClickInterceptedException" message="element click intercepted: Element &amp;lt;input type=&amp;quot;submit&amp;quot; name=&amp;quot;btnTaskSave&amp;quot; value=&amp;quot;Save&amp;quot; onclick=&amp;quot;if (!CheckValidation()) return false;WebForm_DoPostBackWithOptions(new WebForm_PostBackOptions(&amp;amp;quot;btnTaskSave&amp;amp;quot;, &amp;amp;quot;&amp;amp;quot;, true, &amp;amp;quot;CasePopUpTaskValidationGroup&amp;amp;quot;, &amp;amp;quot;&amp;amp;quot;, false, false))&amp;quot; id=&amp;quot;btnTaskSave&amp;quot; class=&amp;quot;btn btn-primary&amp;quot;&amp;gt; is not clickable at point (611, 537). Other element would receive the click: &amp;lt;html xmlns=&amp;quot;http://www.w3.org/1999/xhtml&amp;quot; class=&amp;quot;k-webkit k-webkit116&amp;quot;&amp;gt;...&amp;lt;/html&amp;gt;
  (Session info: chrome=116.0.5845.112)
Build info: version: &amp;apos;3.141.0&amp;apos;, revision: &amp;apos;2ecb7d9a&amp;apos;, time: &amp;apos;2018-10-31T20:09:30&amp;apos;
System info: host: &amp;apos;DESKTOP-LP&amp;apos;, ip: &amp;apos;172.22.144.1&amp;apos;, os.name: &amp;apos;Windows 10&amp;apos;, os.arch: &amp;apos;amd64&amp;apos;, os.version: &amp;apos;10.0&amp;apos;, java.version: &amp;apos;20&amp;apos;
Driver info: org.openqa.selenium.chrome.ChromeDriver
Capabilities {acceptInsecureCerts: false, browserName: chrome, browserVersion: 116.0.5845.112, chrome: {chromedriverVersion: 116.0.5845.96 (1a3918166880..., userDataDir: C:\Users\SNEHAL~1\AppData\L...}, fedcm:accounts: true, goog:chromeOptions: {debuggerAddress: localhost:53443}, javascriptEnabled: true, networkConnectionEnabled: false, pageLoadStrategy: normal, platform: WINDOWS, platformName: WINDOWS, proxy: Proxy(), setWindowRect: true, strictFileInteractability: false, timeouts: {implicit: 0, pageLoad: 300000, script: 30000}, unhandledPromptBehavior: dismiss and notify, webauthn:extension:credBlob: true, webauthn:extension:largeBlob: true, webauthn:extension:minPinLength: true, webauthn:extension:prf: true, webauthn:virtualAuthenticators: true}
Session ID: 69e1a7a02f4cb3a5b3dbb04dbb4c88fb">
      <![CDATA[org.openqa.selenium.ElementClickInterceptedException: element click intercepted: Element <input type="submit" name="btnTaskSave" value="Save" onclick="if (!CheckValidation()) return false;WebForm_DoPostBackWithOptions(new WebForm_PostBackOptions(&quot;btnTaskSave&quot;, &quot;&quot;, true, &quot;CasePopUpTaskValidationGroup&quot;, &quot;&quot;, false, false))" id="btnTaskSave" class="btn btn-primary"> is not clickable at point (611, 537). Other element would receive the click: <html xmlns="http://www.w3.org/1999/xhtml" class="k-webkit k-webkit116">...</html>
  (Session info: chrome=116.0.5845.112)
Build info: version: '3.141.0', revision: '2ecb7d9a', time: '2018-10-31T20:09:30'
System info: host: 'DESKTOP-LP', ip: '172.22.144.1', os.name: 'Windows 10', os.arch: 'amd64', os.version: '10.0', java.version: '20'
Driver info: org.openqa.selenium.chrome.ChromeDriver
Capabilities {acceptInsecureCerts: false, browserName: chrome, browserVersion: 116.0.5845.112, chrome: {chromedriverVersion: 116.0.5845.96 (1a3918166880..., userDataDir: C:\Users\SNEHAL~1\AppData\L...}, fedcm:accounts: true, goog:chromeOptions: {debuggerAddress: localhost:53443}, javascriptEnabled: true, networkConnectionEnabled: false, pageLoadStrategy: normal, platform: WINDOWS, platformName: WINDOWS, proxy: Proxy(), setWindowRect: true, strictFileInteractability: false, timeouts: {implicit: 0, pageLoad: 300000, script: 30000}, unhandledPromptBehavior: dismiss and notify, webauthn:extension:credBlob: true, webauthn:extension:largeBlob: true, webauthn:extension:minPinLength: true, webauthn:extension:prf: true, webauthn:virtualAuthenticators: true}
Session ID: 69e1a7a02f4cb3a5b3dbb04dbb4c88fb
at java.base/jdk.internal.reflect.DirectConstructorHandleAccessor.newInstance(DirectConstructorHandleAccessor.java:67)
at java.base/java.lang.reflect.Constructor.newInstanceWithCaller(Constructor.java:500)
at java.base/java.lang.reflect.Constructor.newInstance(Constructor.java:484)
at org.openqa.selenium.remote.http.W3CHttpResponseCodec.createException(W3CHttpResponseCodec.java:187)
at org.openqa.selenium.remote.http.W3CHttpResponseCodec.decode(W3CHttpResponseCodec.java:122)
at org.openqa.selenium.remote.http.W3CHttpResponseCodec.decode(W3CHttpResponseCodec.java:49)
at org.openqa.selenium.remote.HttpCommandExecutor.execute(HttpCommandExecutor.java:158)
at org.openqa.selenium.remote.service.DriverCommandExecutor.execute(DriverCommandExecutor.java:83)
at org.openqa.selenium.remote.RemoteWebDriver.execute(RemoteWebDriver.java:552)
at org.openqa.selenium.remote.RemoteWebElement.execute(RemoteWebElement.java:285)
at org.openqa.selenium.remote.RemoteWebElement.click(RemoteWebElement.java:84)
at litigationAdditionalOwner.MethodsPOM.TaskActivity1(MethodsPOM.java:2001)
at litigationCompanyAdmin.CompanyAdmin.CaseTaskActivityTab(CompanyAdmin.java:2059)
at java.base/jdk.internal.reflect.DirectMethodHandleAccessor.invoke(DirectMethodHandleAccessor.java:104)
at java.base/java.lang.reflect.Method.invoke(Method.java:578)
at org.testng.internal.MethodInvocationHelper.invokeMethod(MethodInvocationHelper.java:133)
at org.testng.internal.TestInvoker.invokeMethod(TestInvoker.java:598)
at org.testng.internal.TestInvoker.invokeTestMethod(TestInvoker.java:173)
at org.testng.internal.MethodRunner.runInSequence(MethodRunner.java:46)
at org.testng.internal.TestInvoker$MethodInvocationAgent.invoke(TestInvoker.java:824)
at org.testng.internal.TestInvoker.invokeTestMethods(TestInvoker.java:146)
at org.testng.internal.TestMethodWorker.invokeTestMethods(TestMethodWorker.java:146)
at org.testng.internal.TestMethodWorker.run(TestMethodWorker.java:128)
at java.base/java.util.ArrayList.forEach(ArrayList.java:1511)
at org.testng.TestRunner.privateRun(TestRunner.java:794)
at org.testng.TestRunner.run(TestRunner.java:596)
at org.testng.SuiteRunner.runTest(SuiteRunner.java:377)
at org.testng.SuiteRunner.runSequentially(SuiteRunner.java:371)
at org.testng.SuiteRunner.privateRun(SuiteRunner.java:332)
at org.testng.SuiteRunner.run(SuiteRunner.java:276)
at org.testng.SuiteRunnerWorker.runSuite(SuiteRunnerWorker.java:53)
at org.testng.SuiteRunnerWorker.run(SuiteRunnerWorker.java:96)
at org.testng.TestNG.runSuitesSequentially(TestNG.java:1212)
at org.testng.TestNG.runSuitesLocally(TestNG.java:1134)
at org.testng.TestNG.runSuites(TestNG.java:1063)
at org.testng.TestNG.run(TestNG.java:1031)
at org.testng.remote.AbstractRemoteTestNG.run(AbstractRemoteTestNG.java:115)
at org.testng.remote.RemoteTestNG.initAndRun(RemoteTestNG.java:251)
at org.testng.remote.RemoteTestNG.main(RemoteTestNG.java:77)
]]>
    </failure>
  </testcase> <!-- CaseTaskActivityTab -->
  <testcase classname="litigationCompanyAdmin.CompanyAdmin" name="CaseTaskActivityWithoutData" time="23.43"/>
  <testcase classname="litigationCompanyAdmin.CompanyAdmin" name="CaseTaskActivitywithExistingData" time="50.143"/>
  <testcase classname="litigationCompanyAdmin.CompanyAdmin" name="CaseTaskActivtityResponseWithoutStatus" time="36.472"/>
  <testcase classname="litigationCompanyAdmin.CompanyAdmin" name="CaseTaskActivtityResponseClearBtn" time="37.968"/>
  <testcase classname="litigationCompanyAdmin.CompanyAdmin" name="CaseHearingTab" time="62.501"/>
  <testcase classname="litigationCompanyAdmin.CompanyAdmin" name="CaseExistingHearingData" time="30.353"/>
  <testcase classname="litigationCompanyAdmin.CompanyAdmin" name="CaseWithoutHearingData" time="28.048"/>
  <testcase classname="litigationCompanyAdmin.CompanyAdmin" name="CaseHearingInvalidDate" time="31.249"/>
  <testcase classname="litigationCompanyAdmin.CompanyAdmin" name="CaseHearingClearBtn" time="27.025"/>
  <testcase classname="litigationCompanyAdmin.CompanyAdmin" name="CaseOrderExistingData" time="52.101"/>
  <testcase classname="litigationCompanyAdmin.CompanyAdmin" name="CaseOrderTab" time="69.686"/>
  <testcase classname="litigationCompanyAdmin.CompanyAdmin" name="CaseOrderWithoutData" time="33.783"/>
  <testcase classname="litigationCompanyAdmin.CompanyAdmin" name="CaseOrderwithClearBtn" time="41.019"/>
  <testcase classname="litigationCompanyAdmin.CompanyAdmin" name="CaseAdvocateBillTab" time="118.137"/>
  <testcase classname="litigationCompanyAdmin.CompanyAdmin" name="StatusPayment" time="44.981">
    <failure type="org.openqa.selenium.ElementNotInteractableException" message="element not interactable
  (Session info: chrome=116.0.5845.112)
Build info: version: &amp;apos;3.141.0&amp;apos;, revision: &amp;apos;2ecb7d9a&amp;apos;, time: &amp;apos;2018-10-31T20:09:30&amp;apos;
System info: host: &amp;apos;DESKTOP-LP&amp;apos;, ip: &amp;apos;172.22.144.1&amp;apos;, os.name: &amp;apos;Windows 10&amp;apos;, os.arch: &amp;apos;amd64&amp;apos;, os.version: &amp;apos;10.0&amp;apos;, java.version: &amp;apos;20&amp;apos;
Driver info: org.openqa.selenium.chrome.ChromeDriver
Capabilities {acceptInsecureCerts: false, browserName: chrome, browserVersion: 116.0.5845.112, chrome: {chromedriverVersion: 116.0.5845.96 (1a3918166880..., userDataDir: C:\Users\SNEHAL~1\AppData\L...}, fedcm:accounts: true, goog:chromeOptions: {debuggerAddress: localhost:54203}, javascriptEnabled: true, networkConnectionEnabled: false, pageLoadStrategy: normal, platform: WINDOWS, platformName: WINDOWS, proxy: Proxy(), setWindowRect: true, strictFileInteractability: false, timeouts: {implicit: 0, pageLoad: 300000, script: 30000}, unhandledPromptBehavior: dismiss and notify, webauthn:extension:credBlob: true, webauthn:extension:largeBlob: true, webauthn:extension:minPinLength: true, webauthn:extension:prf: true, webauthn:virtualAuthenticators: true}
Session ID: 1755ad04474a2b56db16e80f6e470cf5">
      <![CDATA[org.openqa.selenium.ElementNotInteractableException: element not interactable
  (Session info: chrome=116.0.5845.112)
Build info: version: '3.141.0', revision: '2ecb7d9a', time: '2018-10-31T20:09:30'
System info: host: 'DESKTOP-LP', ip: '172.22.144.1', os.name: 'Windows 10', os.arch: 'amd64', os.version: '10.0', java.version: '20'
Driver info: org.openqa.selenium.chrome.ChromeDriver
Capabilities {acceptInsecureCerts: false, browserName: chrome, browserVersion: 116.0.5845.112, chrome: {chromedriverVersion: 116.0.5845.96 (1a3918166880..., userDataDir: C:\Users\SNEHAL~1\AppData\L...}, fedcm:accounts: true, goog:chromeOptions: {debuggerAddress: localhost:54203}, javascriptEnabled: true, networkConnectionEnabled: false, pageLoadStrategy: normal, platform: WINDOWS, platformName: WINDOWS, proxy: Proxy(), setWindowRect: true, strictFileInteractability: false, timeouts: {implicit: 0, pageLoad: 300000, script: 30000}, unhandledPromptBehavior: dismiss and notify, webauthn:extension:credBlob: true, webauthn:extension:largeBlob: true, webauthn:extension:minPinLength: true, webauthn:extension:prf: true, webauthn:virtualAuthenticators: true}
Session ID: 1755ad04474a2b56db16e80f6e470cf5
at java.base/jdk.internal.reflect.DirectConstructorHandleAccessor.newInstance(DirectConstructorHandleAccessor.java:67)
at java.base/java.lang.reflect.Constructor.newInstanceWithCaller(Constructor.java:500)
at java.base/java.lang.reflect.Constructor.newInstance(Constructor.java:484)
at org.openqa.selenium.remote.http.W3CHttpResponseCodec.createException(W3CHttpResponseCodec.java:187)
at org.openqa.selenium.remote.http.W3CHttpResponseCodec.decode(W3CHttpResponseCodec.java:122)
at org.openqa.selenium.remote.http.W3CHttpResponseCodec.decode(W3CHttpResponseCodec.java:49)
at org.openqa.selenium.remote.HttpCommandExecutor.execute(HttpCommandExecutor.java:158)
at org.openqa.selenium.remote.service.DriverCommandExecutor.execute(DriverCommandExecutor.java:83)
at org.openqa.selenium.remote.RemoteWebDriver.execute(RemoteWebDriver.java:552)
at org.openqa.selenium.remote.RemoteWebElement.execute(RemoteWebElement.java:285)
at org.openqa.selenium.remote.RemoteWebElement.click(RemoteWebElement.java:84)
at litigationAdditionalOwner.MethodsPOM.StatusPayment(MethodsPOM.java:2444)
at litigationCompanyAdmin.CompanyAdmin.StatusPayment(CompanyAdmin.java:2233)
at java.base/jdk.internal.reflect.DirectMethodHandleAccessor.invoke(DirectMethodHandleAccessor.java:104)
at java.base/java.lang.reflect.Method.invoke(Method.java:578)
at org.testng.internal.MethodInvocationHelper.invokeMethod(MethodInvocationHelper.java:133)
at org.testng.internal.TestInvoker.invokeMethod(TestInvoker.java:598)
at org.testng.internal.TestInvoker.invokeTestMethod(TestInvoker.java:173)
at org.testng.internal.MethodRunner.runInSequence(MethodRunner.java:46)
at org.testng.internal.TestInvoker$MethodInvocationAgent.invoke(TestInvoker.java:824)
at org.testng.internal.TestInvoker.invokeTestMethods(TestInvoker.java:146)
at org.testng.internal.TestMethodWorker.invokeTestMethods(TestMethodWorker.java:146)
at org.testng.internal.TestMethodWorker.run(TestMethodWorker.java:128)
at java.base/java.util.ArrayList.forEach(ArrayList.java:1511)
at org.testng.TestRunner.privateRun(TestRunner.java:794)
at org.testng.TestRunner.run(TestRunner.java:596)
at org.testng.SuiteRunner.runTest(SuiteRunner.java:377)
at org.testng.SuiteRunner.runSequentially(SuiteRunner.java:371)
at org.testng.SuiteRunner.privateRun(SuiteRunner.java:332)
at org.testng.SuiteRunner.run(SuiteRunner.java:276)
at org.testng.SuiteRunnerWorker.runSuite(SuiteRunnerWorker.java:53)
at org.testng.SuiteRunnerWorker.run(SuiteRunnerWorker.java:96)
at org.testng.TestNG.runSuitesSequentially(TestNG.java:1212)
at org.testng.TestNG.runSuitesLocally(TestNG.java:1134)
at org.testng.TestNG.runSuites(TestNG.java:1063)
at org.testng.TestNG.run(TestNG.java:1031)
at org.testng.remote.AbstractRemoteTestNG.run(AbstractRemoteTestNG.java:115)
at org.testng.remote.RemoteTestNG.initAndRun(RemoteTestNG.java:251)
at org.testng.remote.RemoteTestNG.main(RemoteTestNG.java:77)
]]>
    </failure>
  </testcase> <!-- StatusPayment -->
  <testcase classname="litigationCompanyAdmin.CompanyAdmin" name="StatusPaymentWithExistingData" time="23.171">
    <failure type="org.openqa.selenium.ElementNotInteractableException" message="element not interactable
  (Session info: chrome=116.0.5845.112)
Build info: version: &amp;apos;3.141.0&amp;apos;, revision: &amp;apos;2ecb7d9a&amp;apos;, time: &amp;apos;2018-10-31T20:09:30&amp;apos;
System info: host: &amp;apos;DESKTOP-LP&amp;apos;, ip: &amp;apos;172.22.144.1&amp;apos;, os.name: &amp;apos;Windows 10&amp;apos;, os.arch: &amp;apos;amd64&amp;apos;, os.version: &amp;apos;10.0&amp;apos;, java.version: &amp;apos;20&amp;apos;
Driver info: org.openqa.selenium.chrome.ChromeDriver
Capabilities {acceptInsecureCerts: false, browserName: chrome, browserVersion: 116.0.5845.112, chrome: {chromedriverVersion: 116.0.5845.96 (1a3918166880..., userDataDir: C:\Users\SNEHAL~1\AppData\L...}, fedcm:accounts: true, goog:chromeOptions: {debuggerAddress: localhost:54246}, javascriptEnabled: true, networkConnectionEnabled: false, pageLoadStrategy: normal, platform: WINDOWS, platformName: WINDOWS, proxy: Proxy(), setWindowRect: true, strictFileInteractability: false, timeouts: {implicit: 0, pageLoad: 300000, script: 30000}, unhandledPromptBehavior: dismiss and notify, webauthn:extension:credBlob: true, webauthn:extension:largeBlob: true, webauthn:extension:minPinLength: true, webauthn:extension:prf: true, webauthn:virtualAuthenticators: true}
Session ID: c22bfa43b5f422a4d90ac49e2d7d4351">
      <![CDATA[org.openqa.selenium.ElementNotInteractableException: element not interactable
  (Session info: chrome=116.0.5845.112)
Build info: version: '3.141.0', revision: '2ecb7d9a', time: '2018-10-31T20:09:30'
System info: host: 'DESKTOP-LP', ip: '172.22.144.1', os.name: 'Windows 10', os.arch: 'amd64', os.version: '10.0', java.version: '20'
Driver info: org.openqa.selenium.chrome.ChromeDriver
Capabilities {acceptInsecureCerts: false, browserName: chrome, browserVersion: 116.0.5845.112, chrome: {chromedriverVersion: 116.0.5845.96 (1a3918166880..., userDataDir: C:\Users\SNEHAL~1\AppData\L...}, fedcm:accounts: true, goog:chromeOptions: {debuggerAddress: localhost:54246}, javascriptEnabled: true, networkConnectionEnabled: false, pageLoadStrategy: normal, platform: WINDOWS, platformName: WINDOWS, proxy: Proxy(), setWindowRect: true, strictFileInteractability: false, timeouts: {implicit: 0, pageLoad: 300000, script: 30000}, unhandledPromptBehavior: dismiss and notify, webauthn:extension:credBlob: true, webauthn:extension:largeBlob: true, webauthn:extension:minPinLength: true, webauthn:extension:prf: true, webauthn:virtualAuthenticators: true}
Session ID: c22bfa43b5f422a4d90ac49e2d7d4351
at java.base/jdk.internal.reflect.DirectConstructorHandleAccessor.newInstance(DirectConstructorHandleAccessor.java:67)
at java.base/java.lang.reflect.Constructor.newInstanceWithCaller(Constructor.java:500)
at java.base/java.lang.reflect.Constructor.newInstance(Constructor.java:484)
at org.openqa.selenium.remote.http.W3CHttpResponseCodec.createException(W3CHttpResponseCodec.java:187)
at org.openqa.selenium.remote.http.W3CHttpResponseCodec.decode(W3CHttpResponseCodec.java:122)
at org.openqa.selenium.remote.http.W3CHttpResponseCodec.decode(W3CHttpResponseCodec.java:49)
at org.openqa.selenium.remote.HttpCommandExecutor.execute(HttpCommandExecutor.java:158)
at org.openqa.selenium.remote.service.DriverCommandExecutor.execute(DriverCommandExecutor.java:83)
at org.openqa.selenium.remote.RemoteWebDriver.execute(RemoteWebDriver.java:552)
at org.openqa.selenium.remote.RemoteWebElement.execute(RemoteWebElement.java:285)
at org.openqa.selenium.remote.RemoteWebElement.click(RemoteWebElement.java:84)
at litigationAdditionalOwner.MethodsPOM.StatusPaymentWithExistingData(MethodsPOM.java:18077)
at litigationCompanyAdmin.CompanyAdmin.StatusPaymentWithExistingData(CompanyAdmin.java:2245)
at java.base/jdk.internal.reflect.DirectMethodHandleAccessor.invoke(DirectMethodHandleAccessor.java:104)
at java.base/java.lang.reflect.Method.invoke(Method.java:578)
at org.testng.internal.MethodInvocationHelper.invokeMethod(MethodInvocationHelper.java:133)
at org.testng.internal.TestInvoker.invokeMethod(TestInvoker.java:598)
at org.testng.internal.TestInvoker.invokeTestMethod(TestInvoker.java:173)
at org.testng.internal.MethodRunner.runInSequence(MethodRunner.java:46)
at org.testng.internal.TestInvoker$MethodInvocationAgent.invoke(TestInvoker.java:824)
at org.testng.internal.TestInvoker.invokeTestMethods(TestInvoker.java:146)
at org.testng.internal.TestMethodWorker.invokeTestMethods(TestMethodWorker.java:146)
at org.testng.internal.TestMethodWorker.run(TestMethodWorker.java:128)
at java.base/java.util.ArrayList.forEach(ArrayList.java:1511)
at org.testng.TestRunner.privateRun(TestRunner.java:794)
at org.testng.TestRunner.run(TestRunner.java:596)
at org.testng.SuiteRunner.runTest(SuiteRunner.java:377)
at org.testng.SuiteRunner.runSequentially(SuiteRunner.java:371)
at org.testng.SuiteRunner.privateRun(SuiteRunner.java:332)
at org.testng.SuiteRunner.run(SuiteRunner.java:276)
at org.testng.SuiteRunnerWorker.runSuite(SuiteRunnerWorker.java:53)
at org.testng.SuiteRunnerWorker.run(SuiteRunnerWorker.java:96)
at org.testng.TestNG.runSuitesSequentially(TestNG.java:1212)
at org.testng.TestNG.runSuitesLocally(TestNG.java:1134)
at org.testng.TestNG.runSuites(TestNG.java:1063)
at org.testng.TestNG.run(TestNG.java:1031)
at org.testng.remote.AbstractRemoteTestNG.run(AbstractRemoteTestNG.java:115)
at org.testng.remote.RemoteTestNG.initAndRun(RemoteTestNG.java:251)
at org.testng.remote.RemoteTestNG.main(RemoteTestNG.java:77)
]]>
    </failure>
  </testcase> <!-- StatusPaymentWithExistingData -->
  <testcase classname="litigationCompanyAdmin.CompanyAdmin" name="StatusPaymentWithoutdata" time="22.251"/>
  <testcase classname="litigationCompanyAdmin.CompanyAdmin" name="CaseStatuswithEmptyFields" time="0.0">
    <skipped/>
  </testcase> <!-- CaseStatuswithEmptyFields -->
  <testcase classname="litigationCompanyAdmin.CompanyAdmin" name="ExternalLawyer" time="0.0">
    <skipped/>
  </testcase> <!-- ExternalLawyer -->
  <testcase classname="litigationCompanyAdmin.CompanyAdmin" name="CaseExternalLawyerCriteria" time="0.0">
    <skipped/>
  </testcase> <!-- CaseExternalLawyerCriteria -->
  <testcase classname="litigationCompanyAdmin.CompanyAdmin" name="CaseExistingCriteria" time="0.0">
    <skipped/>
  </testcase> <!-- CaseExistingCriteria -->
  <testcase classname="litigationCompanyAdmin.CompanyAdmin" name="CaseCriteriaInvalidData" time="0.0">
    <skipped/>
  </testcase> <!-- CaseCriteriaInvalidData -->
  <testcase classname="litigationCompanyAdmin.CompanyAdmin" name="CaseCriteriaWithoutData" time="0.0">
    <skipped/>
  </testcase> <!-- CaseCriteriaWithoutData -->
  <testcase classname="litigationCompanyAdmin.CompanyAdmin" name="Auditlog" time="0.0">
    <skipped/>
  </testcase> <!-- Auditlog -->
  <testcase classname="litigationCompanyAdmin.CompanyAdmin" name="CaseHearing" time="0.0">
    <skipped/>
  </testcase> <!-- CaseHearing -->
  <testcase classname="litigationCompanyAdmin.CompanyAdmin" name="AdvancedSearchworkspace" time="0.0">
    <skipped/>
  </testcase> <!-- AdvancedSearchworkspace -->
  <testcase classname="litigationCompanyAdmin.CompanyAdmin" name="MyDocument" time="0.0">
    <skipped/>
  </testcase> <!-- MyDocument -->
  <testcase classname="litigationCompanyAdmin.CompanyAdmin" name="ShareCaseDocument" time="0.0">
    <skipped/>
  </testcase> <!-- ShareCaseDocument -->
  <testcase classname="litigationCompanyAdmin.CompanyAdmin" name="ShareNoticeDocument" time="0.0">
    <skipped/>
  </testcase> <!-- ShareNoticeDocument -->
  <testcase classname="litigationCompanyAdmin.CompanyAdmin" name="ShareTaskDocument" time="0.0">
    <skipped/>
  </testcase> <!-- ShareTaskDocument -->
  <testcase classname="litigationCompanyAdmin.CompanyAdmin" name="AdvancedSearchDoc" time="0.0">
    <skipped/>
  </testcase> <!-- AdvancedSearchDoc -->
  <testcase classname="litigationCompanyAdmin.CompanyAdmin" name="AdvancedSearchShareCaseDocument" time="0.0">
    <skipped/>
  </testcase> <!-- AdvancedSearchShareCaseDocument -->
  <testcase classname="litigationCompanyAdmin.CompanyAdmin" name="AdvancedSearchShareNoticeDocument" time="0.0">
    <skipped/>
  </testcase> <!-- AdvancedSearchShareNoticeDocument -->
  <testcase classname="litigationCompanyAdmin.CompanyAdmin" name="AdvancedSearchShareTaskDocument" time="0.0">
    <skipped/>
  </testcase> <!-- AdvancedSearchShareTaskDocument -->
  <testcase classname="litigationCompanyAdmin.CompanyAdmin" name="CriticalDocuments" time="0.0">
    <skipped/>
  </testcase> <!-- CriticalDocuments -->
  <testcase classname="litigationCompanyAdmin.CompanyAdmin" name="CriticalDocuments1" time="0.0">
    <skipped/>
  </testcase> <!-- CriticalDocuments1 -->
  <testcase classname="litigationCompanyAdmin.CompanyAdmin" name="AdvancedSearch" time="0.0">
    <skipped/>
  </testcase> <!-- AdvancedSearch -->
  <testcase classname="litigationCompanyAdmin.CompanyAdmin" name="MoreReports" time="0.0">
    <skipped/>
  </testcase> <!-- MoreReports -->
  <testcase classname="litigationCompanyAdmin.CompanyAdmin" name="MyReminder" time="0.001">
    <skipped/>
  </testcase> <!-- MyReminder -->
  <testcase classname="litigationCompanyAdmin.CompanyAdmin" name="ReminderWithoutData" time="0.0">
    <skipped/>
  </testcase> <!-- ReminderWithoutData -->
  <testcase classname="litigationCompanyAdmin.CompanyAdmin" name="ImportUtility" time="0.0">
    <skipped/>
  </testcase> <!-- ImportUtility -->
  <testcase classname="litigationCompanyAdmin.CompanyAdmin" name="ImportUtilityWithoutData" time="0.0">
    <skipped/>
  </testcase> <!-- ImportUtilityWithoutData -->
  <testcase classname="litigationCompanyAdmin.CompanyAdmin" name="ImportUtilityInvalidData" time="0.0">
    <skipped/>
  </testcase> <!-- ImportUtilityInvalidData -->
  <testcase classname="litigationCompanyAdmin.CompanyAdmin" name="ImportUtilityTwoManadtoryFileds" time="0.0">
    <skipped/>
  </testcase> <!-- ImportUtilityTwoManadtoryFileds -->
  <testcase classname="litigationCompanyAdmin.CompanyAdmin" name="CaseAdvocateBill" time="0.0">
    <skipped/>
  </testcase> <!-- CaseAdvocateBill -->
  <testcase classname="litigationCompanyAdmin.CompanyAdmin" name="CaseAdvocateBill1" time="0.0">
    <skipped/>
  </testcase> <!-- CaseAdvocateBill1 -->
  <testcase classname="litigationCompanyAdmin.CompanyAdmin" name="Masters" time="0.0">
    <skipped/>
  </testcase> <!-- Masters -->
  <testcase classname="litigationCompanyAdmin.CompanyAdmin" name="MastersLegalEntity" time="0.0">
    <skipped/>
  </testcase> <!-- MastersLegalEntity -->
  <testcase classname="litigationCompanyAdmin.CompanyAdmin" name="MastersLegalEntity1" time="0.0">
    <skipped/>
  </testcase> <!-- MastersLegalEntity1 -->
  <testcase classname="litigationCompanyAdmin.CompanyAdmin" name="MastersLegalEntity2" time="0.0">
    <skipped/>
  </testcase> <!-- MastersLegalEntity2 -->
  <testcase classname="litigationCompanyAdmin.CompanyAdmin" name="MastersLegalEntity3" time="0.0">
    <skipped/>
  </testcase> <!-- MastersLegalEntity3 -->
  <testcase classname="litigationCompanyAdmin.CompanyAdmin" name="UnitEntity" time="0.0">
    <skipped/>
  </testcase> <!-- UnitEntity -->
  <testcase classname="litigationCompanyAdmin.CompanyAdmin" name="Masters1" time="0.0">
    <skipped/>
  </testcase> <!-- Masters1 -->
  <testcase classname="litigationCompanyAdmin.CompanyAdmin" name="MastersLawFirm" time="0.0">
    <skipped/>
  </testcase> <!-- MastersLawFirm -->
  <testcase classname="litigationCompanyAdmin.CompanyAdmin" name="MastersLawFirm1" time="0.0">
    <skipped/>
  </testcase> <!-- MastersLawFirm1 -->
  <testcase classname="litigationCompanyAdmin.CompanyAdmin" name="MastersLawFirm2" time="0.0">
    <skipped/>
  </testcase> <!-- MastersLawFirm2 -->
  <testcase classname="litigationCompanyAdmin.CompanyAdmin" name="MastersLawFirm3" time="0.0">
    <skipped/>
  </testcase> <!-- MastersLawFirm3 -->
  <testcase classname="litigationCompanyAdmin.CompanyAdmin" name="LawyerWithoutData" time="0.0">
    <skipped/>
  </testcase> <!-- LawyerWithoutData -->
  <testcase classname="litigationCompanyAdmin.CompanyAdmin" name="LawyerInvalidData" time="0.0">
    <skipped/>
  </testcase> <!-- LawyerInvalidData -->
  <testcase classname="litigationCompanyAdmin.CompanyAdmin" name="LawyerTwoManadatoryFileds" time="0.0">
    <skipped/>
  </testcase> <!-- LawyerTwoManadatoryFileds -->
  <testcase classname="litigationCompanyAdmin.CompanyAdmin" name="LawyerCloseButton" time="0.0">
    <skipped/>
  </testcase> <!-- LawyerCloseButton -->
  <testcase classname="litigationCompanyAdmin.CompanyAdmin" name="Masters2" time="0.0">
    <skipped/>
  </testcase> <!-- Masters2 -->
  <testcase classname="litigationCompanyAdmin.CompanyAdmin" name="UserWithoutData" time="0.0">
    <skipped/>
  </testcase> <!-- UserWithoutData -->
  <testcase classname="litigationCompanyAdmin.CompanyAdmin" name="UserInvalidData" time="0.001">
    <skipped/>
  </testcase> <!-- UserInvalidData -->
  <testcase classname="litigationCompanyAdmin.CompanyAdmin" name="UserTwoManadatoryFields" time="0.0">
    <skipped/>
  </testcase> <!-- UserTwoManadatoryFields -->
  <testcase classname="litigationCompanyAdmin.CompanyAdmin" name="UserCloseButton" time="0.0">
    <skipped/>
  </testcase> <!-- UserCloseButton -->
  <testcase classname="litigationCompanyAdmin.CompanyAdmin" name="Masters3" time="0.0">
    <skipped/>
  </testcase> <!-- Masters3 -->
  <testcase classname="litigationCompanyAdmin.CompanyAdmin" name="OpponentWithoutData" time="0.0">
    <skipped/>
  </testcase> <!-- OpponentWithoutData -->
  <testcase classname="litigationCompanyAdmin.CompanyAdmin" name="OpponentInvalidData" time="0.0">
    <skipped/>
  </testcase> <!-- OpponentInvalidData -->
  <testcase classname="litigationCompanyAdmin.CompanyAdmin" name="OpponentCloseButton" time="0.0">
    <skipped/>
  </testcase> <!-- OpponentCloseButton -->
  <testcase classname="litigationCompanyAdmin.CompanyAdmin" name="Masters4" time="0.0">
    <skipped/>
  </testcase> <!-- Masters4 -->
  <testcase classname="litigationCompanyAdmin.CompanyAdmin" name="CourtWithoutData" time="0.0">
    <skipped/>
  </testcase> <!-- CourtWithoutData -->
  <testcase classname="litigationCompanyAdmin.CompanyAdmin" name="CourtInvalidData" time="0.0">
    <skipped/>
  </testcase> <!-- CourtInvalidData -->
  <testcase classname="litigationCompanyAdmin.CompanyAdmin" name="CourtTwomanadatoryFields" time="0.0">
    <skipped/>
  </testcase> <!-- CourtTwomanadatoryFields -->
  <testcase classname="litigationCompanyAdmin.CompanyAdmin" name="CourtCloseButton" time="0.0">
    <skipped/>
  </testcase> <!-- CourtCloseButton -->
  <testcase classname="litigationCompanyAdmin.CompanyAdmin" name="Masters5" time="0.0">
    <skipped/>
  </testcase> <!-- Masters5 -->
  <testcase classname="litigationCompanyAdmin.CompanyAdmin" name="CaseNoticeTypeWithoutData" time="0.0">
    <skipped/>
  </testcase> <!-- CaseNoticeTypeWithoutData -->
  <testcase classname="litigationCompanyAdmin.CompanyAdmin" name="CaseNoticeTypeInvaliData" time="0.0">
    <skipped/>
  </testcase> <!-- CaseNoticeTypeInvaliData -->
  <testcase classname="litigationCompanyAdmin.CompanyAdmin" name="CaseNoticeTypeCloseBuuton" time="0.0">
    <skipped/>
  </testcase> <!-- CaseNoticeTypeCloseBuuton -->
  <testcase classname="litigationCompanyAdmin.CompanyAdmin" name="Masters6" time="0.0">
    <skipped/>
  </testcase> <!-- Masters6 -->
  <testcase classname="litigationCompanyAdmin.CompanyAdmin" name="PaymentTypeWithouData" time="0.0">
    <skipped/>
  </testcase> <!-- PaymentTypeWithouData -->
  <testcase classname="litigationCompanyAdmin.CompanyAdmin" name="PaymentTypeInvalidData" time="0.0">
    <skipped/>
  </testcase> <!-- PaymentTypeInvalidData -->
  <testcase classname="litigationCompanyAdmin.CompanyAdmin" name="PaymentTypeCloseButton" time="0.0">
    <skipped/>
  </testcase> <!-- PaymentTypeCloseButton -->
  <testcase classname="litigationCompanyAdmin.CompanyAdmin" name="Masters7" time="0.0">
    <skipped/>
  </testcase> <!-- Masters7 -->
  <testcase classname="litigationCompanyAdmin.CompanyAdmin" name="customParameterWithoutData" time="0.0">
    <skipped/>
  </testcase> <!-- customParameterWithoutData -->
  <testcase classname="litigationCompanyAdmin.CompanyAdmin" name="customParameterCloseButton" time="0.0">
    <skipped/>
  </testcase> <!-- customParameterCloseButton -->
  <testcase classname="litigationCompanyAdmin.CompanyAdmin" name="Masters8" time="0.0">
    <skipped/>
  </testcase> <!-- Masters8 -->
  <testcase classname="litigationCompanyAdmin.CompanyAdmin" name="CaseStageWithoutData" time="0.0">
    <skipped/>
  </testcase> <!-- CaseStageWithoutData -->
  <testcase classname="litigationCompanyAdmin.CompanyAdmin" name="CaseStageInvalidData" time="0.0">
    <skipped/>
  </testcase> <!-- CaseStageInvalidData -->
  <testcase classname="litigationCompanyAdmin.CompanyAdmin" name="CaseStageCloseButton" time="0.0">
    <skipped/>
  </testcase> <!-- CaseStageCloseButton -->
  <testcase classname="litigationCompanyAdmin.CompanyAdmin" name="Masters9" time="0.0">
    <skipped/>
  </testcase> <!-- Masters9 -->
  <testcase classname="litigationCompanyAdmin.CompanyAdmin" name="DocumentTypeWithoutData" time="0.0">
    <skipped/>
  </testcase> <!-- DocumentTypeWithoutData -->
  <testcase classname="litigationCompanyAdmin.CompanyAdmin" name="DocumentTypeInvalidData" time="0.0">
    <skipped/>
  </testcase> <!-- DocumentTypeInvalidData -->
  <testcase classname="litigationCompanyAdmin.CompanyAdmin" name="DocumentTypeCloseButton" time="0.0">
    <skipped/>
  </testcase> <!-- DocumentTypeCloseButton -->
  <testcase classname="litigationCompanyAdmin.CompanyAdmin" name="Masters10" time="0.0">
    <skipped/>
  </testcase> <!-- Masters10 -->
  <testcase classname="litigationCompanyAdmin.CompanyAdmin" name="RatingCriteriaWithoutData" time="0.0">
    <skipped/>
  </testcase> <!-- RatingCriteriaWithoutData -->
  <testcase classname="litigationCompanyAdmin.CompanyAdmin" name="RatingCriteriaInvalidData" time="0.0">
    <skipped/>
  </testcase> <!-- RatingCriteriaInvalidData -->
  <testcase classname="litigationCompanyAdmin.CompanyAdmin" name="RatingCriteriaCloseButton" time="0.0">
    <skipped/>
  </testcase> <!-- RatingCriteriaCloseButton -->
  <testcase classname="litigationCompanyAdmin.CompanyAdmin" name="Masters11" time="0.0">
    <skipped/>
  </testcase> <!-- Masters11 -->
  <testcase classname="litigationCompanyAdmin.CompanyAdmin" name="Masters12" time="0.0">
    <skipped/>
  </testcase> <!-- Masters12 -->
  <testcase classname="litigationCompanyAdmin.CompanyAdmin" name="Masters13" time="0.0">
    <skipped/>
  </testcase> <!-- Masters13 -->
  <testcase classname="litigationCompanyAdmin.CompanyAdmin" name="Masters14" time="0.0">
    <skipped/>
  </testcase> <!-- Masters14 -->
  <testcase classname="litigationCompanyAdmin.CompanyAdmin" name="Masters15" time="0.0">
    <skipped/>
  </testcase> <!-- Masters15 -->
</testsuite> <!-- Default test -->
