<?xml version="1.0" encoding="UTF-8"?>
<!-- Generated by org.testng.reporters.JUnitXMLReporter -->
<testsuite ignored="0" hostname="DESKTOP-6RDAJ8O" failures="0" tests="12" name="Default test" time="961.815" errors="0" timestamp="2023-02-20T23:35:29 IST">
  <testcase classname="litigationManagement.CFO" name="Login" time="14.915"/>
  <testcase classname="litigationManagement.CFO" name="MyDocument" time="78.668"/>
  <testcase classname="litigationManagement.CFO" name="MyReports" time="60.127"/>
  <testcase classname="litigationManagement.CFO" name="MoreReports" time="53.943"/>
  <testcase classname="litigationManagement.CFO" name="MyReminder" time="220.456"/>
  <testcase classname="litigationManagement.CFO" name="ImportUtility" time="88.8"/>
  <testcase classname="litigationManagement.CFO" name="AdvancedSearch" time="113.025"/>
  <testcase classname="litigationManagement.CFO" name="AdvancedSearchDoc" time="94.834"/>
  <testcase classname="litigationManagement.CFO" name="AdvancedSearchreport" time="131.706"/>
  <testcase classname="litigationManagement.CFO" name="HearingCalender" time="27.68"/>
  <testcase classname="litigationManagement.CFO" name="CaseHearing" time="26.156"/>
  <testcase classname="litigationManagement.CFO" name="NoticeDocViewandDownload" time="40.886"/>
</testsuite> <!-- Default test -->
