<?xml version="1.0" encoding="UTF-8"?>
<!-- Generated by org.testng.reporters.JUnitXMLReporter -->
<testsuite ignored="0" hostname="DESKTOP-LP" failures="1" tests="205" name="Default test" time="909.99" errors="0" timestamp="2023-07-10T15:31:39 IST">
  <testcase classname="litigationManagement.CFO" name="@BeforeMethod Login" time="9.597">
    <failure type="org.openqa.selenium.NoSuchElementException" message="no such element: Unable to locate element: {&amp;quot;method&amp;quot;:&amp;quot;xpath&amp;quot;,&amp;quot;selector&amp;quot;:&amp;quot;//input[@placeholder=&amp;apos;Username&amp;apos;]&amp;quot;}
  (Session info: chrome=114.0.5735.199)
For documentation on this error, please visit: http://seleniumhq.org/exceptions/no_such_element.html
Build info: version: &amp;apos;3.141.0&amp;apos;, revision: &amp;apos;2ecb7d9a&amp;apos;, time: &amp;apos;2018-10-31T20:09:30&amp;apos;
System info: host: &amp;apos;DESKTOP-LP&amp;apos;, ip: &amp;apos;172.22.32.1&amp;apos;, os.name: &amp;apos;Windows 10&amp;apos;, os.arch: &amp;apos;amd64&amp;apos;, os.version: &amp;apos;10.0&amp;apos;, java.version: &amp;apos;20&amp;apos;
Driver info: org.openqa.selenium.chrome.ChromeDriver
Capabilities {acceptInsecureCerts: false, browserName: chrome, browserVersion: 114.0.5735.199, chrome: {chromedriverVersion: 114.0.5735.90 (386bc09e8f4f..., userDataDir: C:\Users\SNEHAL~1\AppData\L...}, goog:chromeOptions: {debuggerAddress: localhost:49252}, javascriptEnabled: true, networkConnectionEnabled: false, pageLoadStrategy: normal, platform: WINDOWS, platformName: WINDOWS, proxy: Proxy(), setWindowRect: true, strictFileInteractability: false, timeouts: {implicit: 0, pageLoad: 300000, script: 30000}, unhandledPromptBehavior: dismiss and notify, webauthn:extension:credBlob: true, webauthn:extension:largeBlob: true, webauthn:extension:minPinLength: true, webauthn:extension:prf: true, webauthn:virtualAuthenticators: true}
Session ID: 93a5f73d81ced631a59d7506855fd526
*** Element info: {Using=xpath, value=//input[@placeholder=&amp;apos;Username&amp;apos;]}">
      <![CDATA[org.openqa.selenium.NoSuchElementException: no such element: Unable to locate element: {"method":"xpath","selector":"//input[@placeholder='Username']"}
  (Session info: chrome=114.0.5735.199)
For documentation on this error, please visit: http://seleniumhq.org/exceptions/no_such_element.html
Build info: version: '3.141.0', revision: '2ecb7d9a', time: '2018-10-31T20:09:30'
System info: host: 'DESKTOP-LP', ip: '172.22.32.1', os.name: 'Windows 10', os.arch: 'amd64', os.version: '10.0', java.version: '20'
Driver info: org.openqa.selenium.chrome.ChromeDriver
Capabilities {acceptInsecureCerts: false, browserName: chrome, browserVersion: 114.0.5735.199, chrome: {chromedriverVersion: 114.0.5735.90 (386bc09e8f4f..., userDataDir: C:\Users\SNEHAL~1\AppData\L...}, goog:chromeOptions: {debuggerAddress: localhost:49252}, javascriptEnabled: true, networkConnectionEnabled: false, pageLoadStrategy: normal, platform: WINDOWS, platformName: WINDOWS, proxy: Proxy(), setWindowRect: true, strictFileInteractability: false, timeouts: {implicit: 0, pageLoad: 300000, script: 30000}, unhandledPromptBehavior: dismiss and notify, webauthn:extension:credBlob: true, webauthn:extension:largeBlob: true, webauthn:extension:minPinLength: true, webauthn:extension:prf: true, webauthn:virtualAuthenticators: true}
Session ID: 93a5f73d81ced631a59d7506855fd526
*** Element info: {Using=xpath, value=//input[@placeholder='Username']}
at java.base/jdk.internal.reflect.DirectConstructorHandleAccessor.newInstance(DirectConstructorHandleAccessor.java:67)
at java.base/java.lang.reflect.Constructor.newInstanceWithCaller(Constructor.java:500)
at java.base/java.lang.reflect.Constructor.newInstance(Constructor.java:484)
at org.openqa.selenium.remote.http.W3CHttpResponseCodec.createException(W3CHttpResponseCodec.java:187)
at org.openqa.selenium.remote.http.W3CHttpResponseCodec.decode(W3CHttpResponseCodec.java:122)
at org.openqa.selenium.remote.http.W3CHttpResponseCodec.decode(W3CHttpResponseCodec.java:49)
at org.openqa.selenium.remote.HttpCommandExecutor.execute(HttpCommandExecutor.java:158)
at org.openqa.selenium.remote.service.DriverCommandExecutor.execute(DriverCommandExecutor.java:83)
at org.openqa.selenium.remote.RemoteWebDriver.execute(RemoteWebDriver.java:552)
at org.openqa.selenium.remote.RemoteWebDriver.findElement(RemoteWebDriver.java:323)
at org.openqa.selenium.remote.RemoteWebDriver.findElementByXPath(RemoteWebDriver.java:428)
at org.openqa.selenium.By$ByXPath.findElement(By.java:353)
at org.openqa.selenium.remote.RemoteWebDriver.findElement(RemoteWebDriver.java:315)
at login.LoginPOM.setUname(LoginPOM.java:22)
at login.Login.UserLogin(Login.java:80)
at litigationManagement.CFO.Login(CFO.java:101)
at java.base/jdk.internal.reflect.DirectMethodHandleAccessor.invoke(DirectMethodHandleAccessor.java:104)
at java.base/java.lang.reflect.Method.invoke(Method.java:578)
at org.testng.internal.MethodInvocationHelper.invokeMethod(MethodInvocationHelper.java:133)
at org.testng.internal.MethodInvocationHelper.invokeMethodConsideringTimeout(MethodInvocationHelper.java:62)
at org.testng.internal.ConfigInvoker.invokeConfigurationMethod(ConfigInvoker.java:385)
at org.testng.internal.ConfigInvoker.invokeConfigurations(ConfigInvoker.java:321)
at org.testng.internal.TestInvoker.runConfigMethods(TestInvoker.java:700)
at org.testng.internal.TestInvoker.invokeMethod(TestInvoker.java:527)
at org.testng.internal.TestInvoker.invokeTestMethod(TestInvoker.java:173)
at org.testng.internal.MethodRunner.runInSequence(MethodRunner.java:46)
at org.testng.internal.TestInvoker$MethodInvocationAgent.invoke(TestInvoker.java:824)
at org.testng.internal.TestInvoker.invokeTestMethods(TestInvoker.java:146)
at org.testng.internal.TestMethodWorker.invokeTestMethods(TestMethodWorker.java:146)
at org.testng.internal.TestMethodWorker.run(TestMethodWorker.java:128)
at java.base/java.util.ArrayList.forEach(ArrayList.java:1511)
at org.testng.TestRunner.privateRun(TestRunner.java:794)
at org.testng.TestRunner.run(TestRunner.java:596)
at org.testng.SuiteRunner.runTest(SuiteRunner.java:377)
at org.testng.SuiteRunner.runSequentially(SuiteRunner.java:371)
at org.testng.SuiteRunner.privateRun(SuiteRunner.java:332)
at org.testng.SuiteRunner.run(SuiteRunner.java:276)
at org.testng.SuiteRunnerWorker.runSuite(SuiteRunnerWorker.java:53)
at org.testng.SuiteRunnerWorker.run(SuiteRunnerWorker.java:96)
at org.testng.TestNG.runSuitesSequentially(TestNG.java:1212)
at org.testng.TestNG.runSuitesLocally(TestNG.java:1134)
at org.testng.TestNG.runSuites(TestNG.java:1063)
at org.testng.TestNG.run(TestNG.java:1031)
at org.testng.remote.AbstractRemoteTestNG.run(AbstractRemoteTestNG.java:115)
at org.testng.remote.RemoteTestNG.initAndRun(RemoteTestNG.java:251)
at org.testng.remote.RemoteTestNG.main(RemoteTestNG.java:77)
]]>
    </failure>
  </testcase> <!-- @BeforeMethod Login -->
  <testcase classname="litigationManagement.CFO" name="@AfterMethod Close" time="-1.688983296384E9">
    <skipped/>
  </testcase> <!-- @AfterMethod Close -->
  <testcase classname="litigationManagement.CFO" name="@BeforeMethod Login" time="-1.688983296387E9">
    <skipped/>
  </testcase> <!-- @BeforeMethod Login -->
  <testcase classname="litigationManagement.CFO" name="@AfterMethod Close" time="-1.688983296397E9">
    <skipped/>
  </testcase> <!-- @AfterMethod Close -->
  <testcase classname="litigationManagement.CFO" name="@BeforeMethod Login" time="-1.6889832964E9">
    <skipped/>
  </testcase> <!-- @BeforeMethod Login -->
  <testcase classname="litigationManagement.CFO" name="@AfterMethod Close" time="-1.688983296407E9">
    <skipped/>
  </testcase> <!-- @AfterMethod Close -->
  <testcase classname="litigationManagement.CFO" name="@BeforeMethod Login" time="-1.688983296409E9">
    <skipped/>
  </testcase> <!-- @BeforeMethod Login -->
  <testcase classname="litigationManagement.CFO" name="@AfterMethod Close" time="-1.68898329645E9">
    <skipped/>
  </testcase> <!-- @AfterMethod Close -->
  <testcase classname="litigationManagement.CFO" name="@BeforeMethod Login" time="-1.688983296453E9">
    <skipped/>
  </testcase> <!-- @BeforeMethod Login -->
  <testcase classname="litigationManagement.CFO" name="@AfterMethod Close" time="-1.688983296479E9">
    <skipped/>
  </testcase> <!-- @AfterMethod Close -->
  <testcase classname="litigationManagement.CFO" name="@BeforeMethod Login" time="-1.688983296511E9">
    <skipped/>
  </testcase> <!-- @BeforeMethod Login -->
  <testcase classname="litigationManagement.CFO" name="@AfterMethod Close" time="-1.688983296516E9">
    <skipped/>
  </testcase> <!-- @AfterMethod Close -->
  <testcase classname="litigationManagement.CFO" name="@BeforeMethod Login" time="-1.68898329652E9">
    <skipped/>
  </testcase> <!-- @BeforeMethod Login -->
  <testcase classname="litigationManagement.CFO" name="@AfterMethod Close" time="-1.688983296822E9">
    <skipped/>
  </testcase> <!-- @AfterMethod Close -->
  <testcase classname="litigationManagement.CFO" name="@BeforeMethod Login" time="-1.688983296851E9">
    <skipped/>
  </testcase> <!-- @BeforeMethod Login -->
  <testcase classname="litigationManagement.CFO" name="@AfterMethod Close" time="-1.688983296876E9">
    <skipped/>
  </testcase> <!-- @AfterMethod Close -->
  <testcase classname="litigationManagement.CFO" name="@BeforeMethod Login" time="-1.688983296904E9">
    <skipped/>
  </testcase> <!-- @BeforeMethod Login -->
  <testcase classname="litigationManagement.CFO" name="@AfterMethod Close" time="-1.688983296948E9">
    <skipped/>
  </testcase> <!-- @AfterMethod Close -->
  <testcase classname="litigationManagement.CFO" name="@BeforeMethod Login" time="-1.688983296961E9">
    <skipped/>
  </testcase> <!-- @BeforeMethod Login -->
  <testcase classname="litigationManagement.CFO" name="@AfterMethod Close" time="-1.688983296998E9">
    <skipped/>
  </testcase> <!-- @AfterMethod Close -->
  <testcase classname="litigationManagement.CFO" name="@BeforeMethod Login" time="-1.688983297022E9">
    <skipped/>
  </testcase> <!-- @BeforeMethod Login -->
  <testcase classname="litigationManagement.CFO" name="@AfterMethod Close" time="-1.688983297051E9">
    <skipped/>
  </testcase> <!-- @AfterMethod Close -->
  <testcase classname="litigationManagement.CFO" name="@BeforeMethod Login" time="-1.688983297083E9">
    <skipped/>
  </testcase> <!-- @BeforeMethod Login -->
  <testcase classname="litigationManagement.CFO" name="@AfterMethod Close" time="-1.688983297089E9">
    <skipped/>
  </testcase> <!-- @AfterMethod Close -->
  <testcase classname="litigationManagement.CFO" name="@BeforeMethod Login" time="-1.688983297091E9">
    <skipped/>
  </testcase> <!-- @BeforeMethod Login -->
  <testcase classname="litigationManagement.CFO" name="@AfterMethod Close" time="-1.688983297096E9">
    <skipped/>
  </testcase> <!-- @AfterMethod Close -->
  <testcase classname="litigationManagement.CFO" name="@BeforeMethod Login" time="-1.688983297099E9">
    <skipped/>
  </testcase> <!-- @BeforeMethod Login -->
  <testcase classname="litigationManagement.CFO" name="@AfterMethod Close" time="-1.688983297115E9">
    <skipped/>
  </testcase> <!-- @AfterMethod Close -->
  <testcase classname="litigationManagement.CFO" name="@BeforeMethod Login" time="-1.688983297117E9">
    <skipped/>
  </testcase> <!-- @BeforeMethod Login -->
  <testcase classname="litigationManagement.CFO" name="@AfterMethod Close" time="-1.688983297139E9">
    <skipped/>
  </testcase> <!-- @AfterMethod Close -->
  <testcase classname="litigationManagement.CFO" name="@BeforeMethod Login" time="-1.688983297142E9">
    <skipped/>
  </testcase> <!-- @BeforeMethod Login -->
  <testcase classname="litigationManagement.CFO" name="@AfterMethod Close" time="-1.688983297157E9">
    <skipped/>
  </testcase> <!-- @AfterMethod Close -->
  <testcase classname="litigationManagement.CFO" name="@BeforeMethod Login" time="-1.688983297166E9">
    <skipped/>
  </testcase> <!-- @BeforeMethod Login -->
  <testcase classname="litigationManagement.CFO" name="@AfterMethod Close" time="-1.68898329717E9">
    <skipped/>
  </testcase> <!-- @AfterMethod Close -->
  <testcase classname="litigationManagement.CFO" name="@BeforeMethod Login" time="-1.688983297176E9">
    <skipped/>
  </testcase> <!-- @BeforeMethod Login -->
  <testcase classname="litigationManagement.CFO" name="@AfterMethod Close" time="-1.688983297186E9">
    <skipped/>
  </testcase> <!-- @AfterMethod Close -->
  <testcase classname="litigationManagement.CFO" name="@BeforeMethod Login" time="-1.688983297188E9">
    <skipped/>
  </testcase> <!-- @BeforeMethod Login -->
  <testcase classname="litigationManagement.CFO" name="@AfterMethod Close" time="-1.688983297199E9">
    <skipped/>
  </testcase> <!-- @AfterMethod Close -->
  <testcase classname="litigationManagement.CFO" name="@BeforeMethod Login" time="-1.688983297205E9">
    <skipped/>
  </testcase> <!-- @BeforeMethod Login -->
  <testcase classname="litigationManagement.CFO" name="@AfterMethod Close" time="-1.688983297234E9">
    <skipped/>
  </testcase> <!-- @AfterMethod Close -->
  <testcase classname="litigationManagement.CFO" name="@BeforeMethod Login" time="-1.688983297235E9">
    <skipped/>
  </testcase> <!-- @BeforeMethod Login -->
  <testcase classname="litigationManagement.CFO" name="@AfterMethod Close" time="-1.688983297245E9">
    <skipped/>
  </testcase> <!-- @AfterMethod Close -->
  <testcase classname="litigationManagement.CFO" name="@BeforeMethod Login" time="-1.688983297247E9">
    <skipped/>
  </testcase> <!-- @BeforeMethod Login -->
  <testcase classname="litigationManagement.CFO" name="@AfterMethod Close" time="-1.688983297254E9">
    <skipped/>
  </testcase> <!-- @AfterMethod Close -->
  <testcase classname="litigationManagement.CFO" name="@BeforeMethod Login" time="-1.688983297257E9">
    <skipped/>
  </testcase> <!-- @BeforeMethod Login -->
  <testcase classname="litigationManagement.CFO" name="@AfterMethod Close" time="-1.688983297268E9">
    <skipped/>
  </testcase> <!-- @AfterMethod Close -->
  <testcase classname="litigationManagement.CFO" name="@BeforeMethod Login" time="-1.688983297276E9">
    <skipped/>
  </testcase> <!-- @BeforeMethod Login -->
  <testcase classname="litigationManagement.CFO" name="@AfterMethod Close" time="-1.688983297282E9">
    <skipped/>
  </testcase> <!-- @AfterMethod Close -->
  <testcase classname="litigationManagement.CFO" name="@BeforeMethod Login" time="-1.688983297283E9">
    <skipped/>
  </testcase> <!-- @BeforeMethod Login -->
  <testcase classname="litigationManagement.CFO" name="@AfterMethod Close" time="-1.688983297289E9">
    <skipped/>
  </testcase> <!-- @AfterMethod Close -->
  <testcase classname="litigationManagement.CFO" name="@BeforeMethod Login" time="-1.688983297292E9">
    <skipped/>
  </testcase> <!-- @BeforeMethod Login -->
  <testcase classname="litigationManagement.CFO" name="@AfterMethod Close" time="-1.688983297301E9">
    <skipped/>
  </testcase> <!-- @AfterMethod Close -->
  <testcase classname="litigationManagement.CFO" name="@BeforeMethod Login" time="-1.688983297303E9">
    <skipped/>
  </testcase> <!-- @BeforeMethod Login -->
  <testcase classname="litigationManagement.CFO" name="@AfterMethod Close" time="-1.688983297308E9">
    <skipped/>
  </testcase> <!-- @AfterMethod Close -->
  <testcase classname="litigationManagement.CFO" name="@BeforeMethod Login" time="-1.688983297311E9">
    <skipped/>
  </testcase> <!-- @BeforeMethod Login -->
  <testcase classname="litigationManagement.CFO" name="@AfterMethod Close" time="-1.688983297318E9">
    <skipped/>
  </testcase> <!-- @AfterMethod Close -->
  <testcase classname="litigationManagement.CFO" name="@BeforeMethod Login" time="-1.688983297321E9">
    <skipped/>
  </testcase> <!-- @BeforeMethod Login -->
  <testcase classname="litigationManagement.CFO" name="@AfterMethod Close" time="-1.688983297336E9">
    <skipped/>
  </testcase> <!-- @AfterMethod Close -->
  <testcase classname="litigationManagement.CFO" name="@BeforeMethod Login" time="-1.68898329734E9">
    <skipped/>
  </testcase> <!-- @BeforeMethod Login -->
  <testcase classname="litigationManagement.CFO" name="@AfterMethod Close" time="-1.688983297361E9">
    <skipped/>
  </testcase> <!-- @AfterMethod Close -->
  <testcase classname="litigationManagement.CFO" name="@BeforeMethod Login" time="-1.688983297364E9">
    <skipped/>
  </testcase> <!-- @BeforeMethod Login -->
  <testcase classname="litigationManagement.CFO" name="@AfterMethod Close" time="-1.688983297368E9">
    <skipped/>
  </testcase> <!-- @AfterMethod Close -->
  <testcase classname="litigationManagement.CFO" name="@BeforeMethod Login" time="-1.68898329737E9">
    <skipped/>
  </testcase> <!-- @BeforeMethod Login -->
  <testcase classname="litigationManagement.CFO" name="@AfterMethod Close" time="-1.688983297394E9">
    <skipped/>
  </testcase> <!-- @AfterMethod Close -->
  <testcase classname="litigationManagement.CFO" name="@BeforeMethod Login" time="-1.688983297396E9">
    <skipped/>
  </testcase> <!-- @BeforeMethod Login -->
  <testcase classname="litigationManagement.CFO" name="@AfterMethod Close" time="-1.688983297414E9">
    <skipped/>
  </testcase> <!-- @AfterMethod Close -->
  <testcase classname="litigationManagement.CFO" name="@BeforeMethod Login" time="-1.688983297419E9">
    <skipped/>
  </testcase> <!-- @BeforeMethod Login -->
  <testcase classname="litigationManagement.CFO" name="@AfterMethod Close" time="-1.688983297423E9">
    <skipped/>
  </testcase> <!-- @AfterMethod Close -->
  <testcase classname="litigationManagement.CFO" name="@BeforeMethod Login" time="-1.688983297429E9">
    <skipped/>
  </testcase> <!-- @BeforeMethod Login -->
  <testcase classname="litigationManagement.CFO" name="@AfterMethod Close" time="-1.688983297449E9">
    <skipped/>
  </testcase> <!-- @AfterMethod Close -->
  <testcase classname="litigationManagement.CFO" name="@BeforeMethod Login" time="-1.688983297451E9">
    <skipped/>
  </testcase> <!-- @BeforeMethod Login -->
  <testcase classname="litigationManagement.CFO" name="@AfterMethod Close" time="-1.688983297463E9">
    <skipped/>
  </testcase> <!-- @AfterMethod Close -->
  <testcase classname="litigationManagement.CFO" name="@BeforeMethod Login" time="-1.688983297465E9">
    <skipped/>
  </testcase> <!-- @BeforeMethod Login -->
  <testcase classname="litigationManagement.CFO" name="@AfterMethod Close" time="-1.688983297472E9">
    <skipped/>
  </testcase> <!-- @AfterMethod Close -->
  <testcase classname="litigationManagement.CFO" name="@BeforeMethod Login" time="-1.688983297504E9">
    <skipped/>
  </testcase> <!-- @BeforeMethod Login -->
  <testcase classname="litigationManagement.CFO" name="@AfterMethod Close" time="-1.688983297522E9">
    <skipped/>
  </testcase> <!-- @AfterMethod Close -->
  <testcase classname="litigationManagement.CFO" name="@BeforeMethod Login" time="-1.688983297528E9">
    <skipped/>
  </testcase> <!-- @BeforeMethod Login -->
  <testcase classname="litigationManagement.CFO" name="@AfterMethod Close" time="-1.688983297532E9">
    <skipped/>
  </testcase> <!-- @AfterMethod Close -->
  <testcase classname="litigationManagement.CFO" name="@BeforeMethod Login" time="-1.688983297534E9">
    <skipped/>
  </testcase> <!-- @BeforeMethod Login -->
  <testcase classname="litigationManagement.CFO" name="@AfterMethod Close" time="-1.688983297543E9">
    <skipped/>
  </testcase> <!-- @AfterMethod Close -->
  <testcase classname="litigationManagement.CFO" name="@BeforeMethod Login" time="-1.688983297548E9">
    <skipped/>
  </testcase> <!-- @BeforeMethod Login -->
  <testcase classname="litigationManagement.CFO" name="@AfterMethod Close" time="-1.688983297554E9">
    <skipped/>
  </testcase> <!-- @AfterMethod Close -->
  <testcase classname="litigationManagement.CFO" name="@BeforeMethod Login" time="-1.688983297556E9">
    <skipped/>
  </testcase> <!-- @BeforeMethod Login -->
  <testcase classname="litigationManagement.CFO" name="@AfterMethod Close" time="-1.688983297564E9">
    <skipped/>
  </testcase> <!-- @AfterMethod Close -->
  <testcase classname="litigationManagement.CFO" name="@BeforeMethod Login" time="-1.688983297565E9">
    <skipped/>
  </testcase> <!-- @BeforeMethod Login -->
  <testcase classname="litigationManagement.CFO" name="@AfterMethod Close" time="-1.688983297573E9">
    <skipped/>
  </testcase> <!-- @AfterMethod Close -->
  <testcase classname="litigationManagement.CFO" name="@BeforeMethod Login" time="-1.688983297574E9">
    <skipped/>
  </testcase> <!-- @BeforeMethod Login -->
  <testcase classname="litigationManagement.CFO" name="@AfterMethod Close" time="-1.68898329758E9">
    <skipped/>
  </testcase> <!-- @AfterMethod Close -->
  <testcase classname="litigationManagement.CFO" name="@BeforeMethod Login" time="-1.688983297582E9">
    <skipped/>
  </testcase> <!-- @BeforeMethod Login -->
  <testcase classname="litigationManagement.CFO" name="@AfterMethod Close" time="-1.688983297589E9">
    <skipped/>
  </testcase> <!-- @AfterMethod Close -->
  <testcase classname="litigationManagement.CFO" name="@BeforeMethod Login" time="-1.688983297591E9">
    <skipped/>
  </testcase> <!-- @BeforeMethod Login -->
  <testcase classname="litigationManagement.CFO" name="@AfterMethod Close" time="-1.688983297684E9">
    <skipped/>
  </testcase> <!-- @AfterMethod Close -->
  <testcase classname="litigationManagement.CFO" name="@BeforeMethod Login" time="-1.688983297685E9">
    <skipped/>
  </testcase> <!-- @BeforeMethod Login -->
  <testcase classname="litigationManagement.CFO" name="@AfterMethod Close" time="-1.688983297688E9">
    <skipped/>
  </testcase> <!-- @AfterMethod Close -->
  <testcase classname="litigationManagement.CFO" name="@BeforeMethod Login" time="-1.688983297689E9">
    <skipped/>
  </testcase> <!-- @BeforeMethod Login -->
  <testcase classname="litigationManagement.CFO" name="@AfterMethod Close" time="-1.688983297692E9">
    <skipped/>
  </testcase> <!-- @AfterMethod Close -->
  <testcase classname="litigationManagement.CFO" name="@BeforeMethod Login" time="-1.688983297695E9">
    <skipped/>
  </testcase> <!-- @BeforeMethod Login -->
  <testcase classname="litigationManagement.CFO" name="@AfterMethod Close" time="-1.688983297698E9">
    <skipped/>
  </testcase> <!-- @AfterMethod Close -->
  <testcase classname="litigationManagement.CFO" name="@BeforeMethod Login" time="-1.6889832977E9">
    <skipped/>
  </testcase> <!-- @BeforeMethod Login -->
  <testcase classname="litigationManagement.CFO" name="@AfterMethod Close" time="-1.688983297721E9">
    <skipped/>
  </testcase> <!-- @AfterMethod Close -->
  <testcase classname="litigationManagement.CFO" name="@BeforeMethod Login" time="-1.688983297723E9">
    <skipped/>
  </testcase> <!-- @BeforeMethod Login -->
  <testcase classname="litigationManagement.CFO" name="@AfterMethod Close" time="-1.688983297727E9">
    <skipped/>
  </testcase> <!-- @AfterMethod Close -->
  <testcase classname="litigationManagement.CFO" name="@BeforeMethod Login" time="-1.688983297728E9">
    <skipped/>
  </testcase> <!-- @BeforeMethod Login -->
  <testcase classname="litigationManagement.CFO" name="@AfterMethod Close" time="-1.688983297731E9">
    <skipped/>
  </testcase> <!-- @AfterMethod Close -->
  <testcase classname="litigationManagement.CFO" name="@BeforeMethod Login" time="-1.688983297783E9">
    <skipped/>
  </testcase> <!-- @BeforeMethod Login -->
  <testcase classname="litigationManagement.CFO" name="@AfterMethod Close" time="-1.688983297799E9">
    <skipped/>
  </testcase> <!-- @AfterMethod Close -->
  <testcase classname="litigationManagement.CFO" name="@BeforeMethod Login" time="-1.6889832978E9">
    <skipped/>
  </testcase> <!-- @BeforeMethod Login -->
  <testcase classname="litigationManagement.CFO" name="@AfterMethod Close" time="-1.688983297804E9">
    <skipped/>
  </testcase> <!-- @AfterMethod Close -->
  <testcase classname="litigationManagement.CFO" name="@BeforeMethod Login" time="-1.688983297806E9">
    <skipped/>
  </testcase> <!-- @BeforeMethod Login -->
  <testcase classname="litigationManagement.CFO" name="@AfterMethod Close" time="-1.688983297816E9">
    <skipped/>
  </testcase> <!-- @AfterMethod Close -->
  <testcase classname="litigationManagement.CFO" name="@BeforeMethod Login" time="-1.688983297831E9">
    <skipped/>
  </testcase> <!-- @BeforeMethod Login -->
  <testcase classname="litigationManagement.CFO" name="@AfterMethod Close" time="-1.688983297854E9">
    <skipped/>
  </testcase> <!-- @AfterMethod Close -->
  <testcase classname="litigationManagement.CFO" name="@BeforeMethod Login" time="-1.688983297857E9">
    <skipped/>
  </testcase> <!-- @BeforeMethod Login -->
  <testcase classname="litigationManagement.CFO" name="@AfterMethod Close" time="-1.688983297863E9">
    <skipped/>
  </testcase> <!-- @AfterMethod Close -->
  <testcase classname="litigationManagement.CFO" name="@BeforeMethod Login" time="-1.688983297894E9">
    <skipped/>
  </testcase> <!-- @BeforeMethod Login -->
  <testcase classname="litigationManagement.CFO" name="@AfterMethod Close" time="-1.688983297971E9">
    <skipped/>
  </testcase> <!-- @AfterMethod Close -->
  <testcase classname="litigationManagement.CFO" name="@BeforeMethod Login" time="-1.688983298E9">
    <skipped/>
  </testcase> <!-- @BeforeMethod Login -->
  <testcase classname="litigationManagement.CFO" name="@AfterMethod Close" time="-1.688983298016E9">
    <skipped/>
  </testcase> <!-- @AfterMethod Close -->
  <testcase classname="litigationManagement.CFO" name="@BeforeMethod Login" time="-1.688983298018E9">
    <skipped/>
  </testcase> <!-- @BeforeMethod Login -->
  <testcase classname="litigationManagement.CFO" name="@AfterMethod Close" time="-1.688983298099E9">
    <skipped/>
  </testcase> <!-- @AfterMethod Close -->
  <testcase classname="litigationManagement.CFO" name="@BeforeMethod Login" time="-1.688983298102E9">
    <skipped/>
  </testcase> <!-- @BeforeMethod Login -->
  <testcase classname="litigationManagement.CFO" name="@AfterMethod Close" time="-1.688983298153E9">
    <skipped/>
  </testcase> <!-- @AfterMethod Close -->
  <testcase classname="litigationManagement.CFO" name="@BeforeMethod Login" time="-1.688983298155E9">
    <skipped/>
  </testcase> <!-- @BeforeMethod Login -->
  <testcase classname="litigationManagement.CFO" name="@AfterMethod Close" time="-1.688983298167E9">
    <skipped/>
  </testcase> <!-- @AfterMethod Close -->
  <testcase classname="litigationManagement.CFO" name="@BeforeMethod Login" time="-1.688983298168E9">
    <skipped/>
  </testcase> <!-- @BeforeMethod Login -->
  <testcase classname="litigationManagement.CFO" name="@AfterMethod Close" time="-1.688983298173E9">
    <skipped/>
  </testcase> <!-- @AfterMethod Close -->
  <testcase classname="litigationManagement.CFO" name="@BeforeMethod Login" time="-1.688983298175E9">
    <skipped/>
  </testcase> <!-- @BeforeMethod Login -->
  <testcase classname="litigationManagement.CFO" name="@AfterMethod Close" time="-1.688983298215E9">
    <skipped/>
  </testcase> <!-- @AfterMethod Close -->
  <testcase classname="litigationManagement.CFO" name="@BeforeMethod Login" time="-1.688983298222E9">
    <skipped/>
  </testcase> <!-- @BeforeMethod Login -->
  <testcase classname="litigationManagement.CFO" name="@AfterMethod Close" time="-1.68898329823E9">
    <skipped/>
  </testcase> <!-- @AfterMethod Close -->
  <testcase classname="litigationManagement.CFO" name="@BeforeMethod Login" time="-1.688983298232E9">
    <skipped/>
  </testcase> <!-- @BeforeMethod Login -->
  <testcase classname="litigationManagement.CFO" name="@AfterMethod Close" time="-1.688983298238E9">
    <skipped/>
  </testcase> <!-- @AfterMethod Close -->
  <testcase classname="litigationManagement.CFO" name="@BeforeMethod Login" time="-1.688983298241E9">
    <skipped/>
  </testcase> <!-- @BeforeMethod Login -->
  <testcase classname="litigationManagement.CFO" name="@AfterMethod Close" time="-1.688983298245E9">
    <skipped/>
  </testcase> <!-- @AfterMethod Close -->
  <testcase classname="litigationManagement.CFO" name="@BeforeMethod Login" time="-1.688983298247E9">
    <skipped/>
  </testcase> <!-- @BeforeMethod Login -->
  <testcase classname="litigationManagement.CFO" name="@AfterMethod Close" time="-1.688983298256E9">
    <skipped/>
  </testcase> <!-- @AfterMethod Close -->
  <testcase classname="litigationManagement.CFO" name="@BeforeMethod Login" time="-1.688983298259E9">
    <skipped/>
  </testcase> <!-- @BeforeMethod Login -->
  <testcase classname="litigationManagement.CFO" name="@AfterMethod Close" time="-1.688983298262E9">
    <skipped/>
  </testcase> <!-- @AfterMethod Close -->
  <testcase classname="litigationManagement.CFO" name="@BeforeMethod Login" time="-1.688983298271E9">
    <skipped/>
  </testcase> <!-- @BeforeMethod Login -->
  <testcase classname="litigationManagement.CFO" name="@AfterMethod Close" time="-1.688983298275E9">
    <skipped/>
  </testcase> <!-- @AfterMethod Close -->
  <testcase classname="litigationManagement.CFO" name="@BeforeMethod Login" time="-1.688983298278E9">
    <skipped/>
  </testcase> <!-- @BeforeMethod Login -->
  <testcase classname="litigationManagement.CFO" name="@AfterMethod Close" time="-1.688983298285E9">
    <skipped/>
  </testcase> <!-- @AfterMethod Close -->
  <testcase classname="litigationManagement.CFO" name="@BeforeMethod Login" time="-1.688983298288E9">
    <skipped/>
  </testcase> <!-- @BeforeMethod Login -->
  <testcase classname="litigationManagement.CFO" name="@AfterMethod Close" time="-1.688983298293E9">
    <skipped/>
  </testcase> <!-- @AfterMethod Close -->
  <testcase classname="litigationManagement.CFO" name="@BeforeMethod Login" time="-1.688983298298E9">
    <skipped/>
  </testcase> <!-- @BeforeMethod Login -->
  <testcase classname="litigationManagement.CFO" name="@AfterMethod Close" time="-1.688983298304E9">
    <skipped/>
  </testcase> <!-- @AfterMethod Close -->
  <testcase classname="litigationManagement.CFO" name="@BeforeMethod Login" time="-1.688983298305E9">
    <skipped/>
  </testcase> <!-- @BeforeMethod Login -->
  <testcase classname="litigationManagement.CFO" name="@AfterMethod Close" time="-1.688983298308E9">
    <skipped/>
  </testcase> <!-- @AfterMethod Close -->
  <testcase classname="litigationManagement.CFO" name="@BeforeMethod Login" time="-1.688983298309E9">
    <skipped/>
  </testcase> <!-- @BeforeMethod Login -->
  <testcase classname="litigationManagement.CFO" name="@AfterMethod Close" time="-1.688983298315E9">
    <skipped/>
  </testcase> <!-- @AfterMethod Close -->
  <testcase classname="litigationManagement.CFO" name="@BeforeMethod Login" time="-1.688983298316E9">
    <skipped/>
  </testcase> <!-- @BeforeMethod Login -->
  <testcase classname="litigationManagement.CFO" name="@AfterMethod Close" time="-1.68898329832E9">
    <skipped/>
  </testcase> <!-- @AfterMethod Close -->
  <testcase classname="litigationManagement.CFO" name="@BeforeMethod Login" time="-1.688983298322E9">
    <skipped/>
  </testcase> <!-- @BeforeMethod Login -->
  <testcase classname="litigationManagement.CFO" name="@AfterMethod Close" time="-1.688983298325E9">
    <skipped/>
  </testcase> <!-- @AfterMethod Close -->
  <testcase classname="litigationManagement.CFO" name="@BeforeMethod Login" time="-1.68898329833E9">
    <skipped/>
  </testcase> <!-- @BeforeMethod Login -->
  <testcase classname="litigationManagement.CFO" name="@AfterMethod Close" time="-1.688983298334E9">
    <skipped/>
  </testcase> <!-- @AfterMethod Close -->
  <testcase classname="litigationManagement.CFO" name="@BeforeMethod Login" time="-1.688983298335E9">
    <skipped/>
  </testcase> <!-- @BeforeMethod Login -->
  <testcase classname="litigationManagement.CFO" name="@AfterMethod Close" time="-1.688983298339E9">
    <skipped/>
  </testcase> <!-- @AfterMethod Close -->
  <testcase classname="litigationManagement.CFO" name="@BeforeMethod Login" time="-1.688983298341E9">
    <skipped/>
  </testcase> <!-- @BeforeMethod Login -->
  <testcase classname="litigationManagement.CFO" name="@AfterMethod Close" time="-1.688983298347E9">
    <skipped/>
  </testcase> <!-- @AfterMethod Close -->
  <testcase classname="litigationManagement.CFO" name="@BeforeMethod Login" time="-1.688983298352E9">
    <skipped/>
  </testcase> <!-- @BeforeMethod Login -->
  <testcase classname="litigationManagement.CFO" name="@AfterMethod Close" time="-1.688983298356E9">
    <skipped/>
  </testcase> <!-- @AfterMethod Close -->
  <testcase classname="litigationManagement.CFO" name="@BeforeMethod Login" time="-1.688983298358E9">
    <skipped/>
  </testcase> <!-- @BeforeMethod Login -->
  <testcase classname="litigationManagement.CFO" name="@AfterMethod Close" time="-1.688983298362E9">
    <skipped/>
  </testcase> <!-- @AfterMethod Close -->
  <testcase classname="litigationManagement.CFO" name="@BeforeMethod Login" time="-1.688983298364E9">
    <skipped/>
  </testcase> <!-- @BeforeMethod Login -->
  <testcase classname="litigationManagement.CFO" name="@AfterMethod Close" time="-1.688983298367E9">
    <skipped/>
  </testcase> <!-- @AfterMethod Close -->
  <testcase classname="litigationManagement.CFO" name="@BeforeMethod Login" time="-1.688983298368E9">
    <skipped/>
  </testcase> <!-- @BeforeMethod Login -->
  <testcase classname="litigationManagement.CFO" name="@AfterMethod Close" time="-1.688983298372E9">
    <skipped/>
  </testcase> <!-- @AfterMethod Close -->
  <testcase classname="litigationManagement.CFO" name="@BeforeMethod Login" time="-1.688983298373E9">
    <skipped/>
  </testcase> <!-- @BeforeMethod Login -->
  <testcase classname="litigationManagement.CFO" name="@AfterMethod Close" time="-1.688983298376E9">
    <skipped/>
  </testcase> <!-- @AfterMethod Close -->
  <testcase classname="litigationManagement.CFO" name="@BeforeMethod Login" time="-1.688983298378E9">
    <skipped/>
  </testcase> <!-- @BeforeMethod Login -->
  <testcase classname="litigationManagement.CFO" name="@AfterMethod Close" time="-1.688983298382E9">
    <skipped/>
  </testcase> <!-- @AfterMethod Close -->
  <testcase classname="litigationManagement.CFO" name="@BeforeMethod Login" time="-1.688983298384E9">
    <skipped/>
  </testcase> <!-- @BeforeMethod Login -->
  <testcase classname="litigationManagement.CFO" name="@AfterMethod Close" time="-1.688983298387E9">
    <skipped/>
  </testcase> <!-- @AfterMethod Close -->
  <testcase classname="litigationManagement.CFO" name="@BeforeMethod Login" time="-1.688983298388E9">
    <skipped/>
  </testcase> <!-- @BeforeMethod Login -->
  <testcase classname="litigationManagement.CFO" name="@AfterMethod Close" time="-1.688983298391E9">
    <skipped/>
  </testcase> <!-- @AfterMethod Close -->
  <testcase classname="litigationManagement.CFO" name="@BeforeMethod Login" time="-1.688983298393E9">
    <skipped/>
  </testcase> <!-- @BeforeMethod Login -->
  <testcase classname="litigationManagement.CFO" name="@AfterMethod Close" time="-1.688983298397E9">
    <skipped/>
  </testcase> <!-- @AfterMethod Close -->
  <testcase classname="litigationManagement.CFO" name="@BeforeMethod Login" time="-1.688983298399E9">
    <skipped/>
  </testcase> <!-- @BeforeMethod Login -->
  <testcase classname="litigationManagement.CFO" name="@AfterMethod Close" time="-1.688983298402E9">
    <skipped/>
  </testcase> <!-- @AfterMethod Close -->
  <testcase classname="litigationManagement.CFO" name="@BeforeMethod Login" time="-1.688983298404E9">
    <skipped/>
  </testcase> <!-- @BeforeMethod Login -->
  <testcase classname="litigationManagement.CFO" name="@AfterMethod Close" time="-1.688983298408E9">
    <skipped/>
  </testcase> <!-- @AfterMethod Close -->
  <testcase classname="litigationManagement.CFO" name="@BeforeMethod Login" time="-1.68898329841E9">
    <skipped/>
  </testcase> <!-- @BeforeMethod Login -->
  <testcase classname="litigationManagement.CFO" name="@AfterMethod Close" time="-1.688983298414E9">
    <skipped/>
  </testcase> <!-- @AfterMethod Close -->
  <testcase classname="litigationManagement.CFO" name="@BeforeMethod Login" time="-1.688983298416E9">
    <skipped/>
  </testcase> <!-- @BeforeMethod Login -->
  <testcase classname="litigationManagement.CFO" name="@AfterMethod Close" time="-1.688983298425E9">
    <skipped/>
  </testcase> <!-- @AfterMethod Close -->
  <testcase classname="litigationManagement.CFO" name="@BeforeMethod Login" time="-1.688983298429E9">
    <skipped/>
  </testcase> <!-- @BeforeMethod Login -->
  <testcase classname="litigationManagement.CFO" name="@AfterMethod Close" time="-1.688983298432E9">
    <skipped/>
  </testcase> <!-- @AfterMethod Close -->
  <testcase classname="litigationManagement.CFO" name="@BeforeMethod Login" time="-1.688983298433E9">
    <skipped/>
  </testcase> <!-- @BeforeMethod Login -->
  <testcase classname="litigationManagement.CFO" name="@AfterMethod Close" time="-1.688983298437E9">
    <skipped/>
  </testcase> <!-- @AfterMethod Close -->
  <testcase classname="litigationManagement.CFO" name="@BeforeMethod Login" time="-1.688983298439E9">
    <skipped/>
  </testcase> <!-- @BeforeMethod Login -->
  <testcase classname="litigationManagement.CFO" name="@AfterMethod Close" time="-1.688983298442E9">
    <skipped/>
  </testcase> <!-- @AfterMethod Close -->
  <testcase classname="litigationManagement.CFO" name="@BeforeMethod Login" time="-1.688983298448E9">
    <skipped/>
  </testcase> <!-- @BeforeMethod Login -->
  <testcase classname="litigationManagement.CFO" name="@AfterMethod Close" time="-1.688983298451E9">
    <skipped/>
  </testcase> <!-- @AfterMethod Close -->
  <testcase classname="litigationManagement.CFO" name="@BeforeMethod Login" time="-1.688983298453E9">
    <skipped/>
  </testcase> <!-- @BeforeMethod Login -->
  <testcase classname="litigationManagement.CFO" name="@AfterMethod Close" time="-1.688983298457E9">
    <skipped/>
  </testcase> <!-- @AfterMethod Close -->
  <testcase classname="litigationManagement.CFO" name="@BeforeMethod Login" time="-1.688983298459E9">
    <skipped/>
  </testcase> <!-- @BeforeMethod Login -->
  <testcase classname="litigationManagement.CFO" name="@AfterMethod Close" time="-1.688983298464E9">
    <skipped/>
  </testcase> <!-- @AfterMethod Close -->
  <testcase classname="litigationManagement.CFO" name="@BeforeMethod Login" time="-1.688983298465E9">
    <skipped/>
  </testcase> <!-- @BeforeMethod Login -->
  <testcase classname="litigationManagement.CFO" name="@AfterMethod Close" time="-1.688983298467E9">
    <skipped/>
  </testcase> <!-- @AfterMethod Close -->
  <testcase classname="litigationManagement.CFO" name="@BeforeMethod Login" time="-1.688983298468E9">
    <skipped/>
  </testcase> <!-- @BeforeMethod Login -->
  <testcase classname="litigationManagement.CFO" name="@AfterMethod Close" time="-1.688983298472E9">
    <skipped/>
  </testcase> <!-- @AfterMethod Close -->
  <testcase classname="litigationManagement.CFO" name="@BeforeMethod Login" time="-1.688983298477E9">
    <skipped/>
  </testcase> <!-- @BeforeMethod Login -->
  <testcase classname="litigationManagement.CFO" name="@AfterMethod Close" time="-1.68898329848E9">
    <skipped/>
  </testcase> <!-- @AfterMethod Close -->
  <testcase classname="litigationManagement.CFO" name="@BeforeMethod Login" time="-1.688983298481E9">
    <skipped/>
  </testcase> <!-- @BeforeMethod Login -->
  <testcase classname="litigationManagement.CFO" name="@AfterMethod Close" time="-1.688983298484E9">
    <skipped/>
  </testcase> <!-- @AfterMethod Close -->
  <testcase classname="litigationManagement.CFO" name="@BeforeMethod Login" time="-1.688983298485E9">
    <skipped/>
  </testcase> <!-- @BeforeMethod Login -->
  <testcase classname="litigationManagement.CFO" name="@AfterMethod Close" time="-1.688983298489E9">
    <skipped/>
  </testcase> <!-- @AfterMethod Close -->
  <testcase classname="litigationManagement.CFO" name="@BeforeMethod Login" time="-1.688983298491E9">
    <skipped/>
  </testcase> <!-- @BeforeMethod Login -->
  <testcase classname="litigationManagement.CFO" name="@AfterMethod Close" time="-1.688983298494E9">
    <skipped/>
  </testcase> <!-- @AfterMethod Close -->
  <testcase classname="litigationManagement.CFO" name="@BeforeMethod Login" time="-1.688983298495E9">
    <skipped/>
  </testcase> <!-- @BeforeMethod Login -->
  <testcase classname="litigationManagement.CFO" name="@AfterMethod Close" time="-1.688983298499E9">
    <skipped/>
  </testcase> <!-- @AfterMethod Close -->
  <testcase classname="litigationManagement.CFO" name="@BeforeMethod Login" time="-1.688983298501E9">
    <skipped/>
  </testcase> <!-- @BeforeMethod Login -->
  <testcase classname="litigationManagement.CFO" name="@AfterMethod Close" time="-1.688983298504E9">
    <skipped/>
  </testcase> <!-- @AfterMethod Close -->
  <testcase classname="litigationManagement.CFO" name="@BeforeMethod Login" time="-1.688983298506E9">
    <skipped/>
  </testcase> <!-- @BeforeMethod Login -->
  <testcase classname="litigationManagement.CFO" name="@AfterMethod Close" time="-1.688983298509E9">
    <skipped/>
  </testcase> <!-- @AfterMethod Close -->
  <testcase classname="litigationManagement.CFO" name="@BeforeMethod Login" time="-1.68898329851E9">
    <skipped/>
  </testcase> <!-- @BeforeMethod Login -->
  <testcase classname="litigationManagement.CFO" name="@AfterMethod Close" time="-1.688983298513E9">
    <skipped/>
  </testcase> <!-- @AfterMethod Close -->
  <testcase classname="litigationManagement.CFO" name="@BeforeMethod Login" time="-1.688983298515E9">
    <skipped/>
  </testcase> <!-- @BeforeMethod Login -->
  <testcase classname="litigationManagement.CFO" name="@AfterMethod Close" time="-1.688983298518E9">
    <skipped/>
  </testcase> <!-- @AfterMethod Close -->
  <testcase classname="litigationManagement.CFO" name="@BeforeMethod Login" time="-1.688983298519E9">
    <skipped/>
  </testcase> <!-- @BeforeMethod Login -->
  <testcase classname="litigationManagement.CFO" name="@AfterMethod Close" time="-1.688983298522E9">
    <skipped/>
  </testcase> <!-- @AfterMethod Close -->
  <testcase classname="litigationManagement.CFO" name="@BeforeMethod Login" time="-1.688983298523E9">
    <skipped/>
  </testcase> <!-- @BeforeMethod Login -->
  <testcase classname="litigationManagement.CFO" name="@AfterMethod Close" time="-1.688983298526E9">
    <skipped/>
  </testcase> <!-- @AfterMethod Close -->
  <testcase classname="litigationManagement.CFO" name="@BeforeMethod Login" time="-1.688983298527E9">
    <skipped/>
  </testcase> <!-- @BeforeMethod Login -->
  <testcase classname="litigationManagement.CFO" name="@AfterMethod Close" time="-1.688983298532E9">
    <skipped/>
  </testcase> <!-- @AfterMethod Close -->
  <testcase classname="litigationManagement.CFO" name="@BeforeMethod Login" time="-1.688983298533E9">
    <skipped/>
  </testcase> <!-- @BeforeMethod Login -->
  <testcase classname="litigationManagement.CFO" name="@AfterMethod Close" time="-1.688983298536E9">
    <skipped/>
  </testcase> <!-- @AfterMethod Close -->
  <testcase classname="litigationManagement.CFO" name="@BeforeMethod Login" time="-1.688983298537E9">
    <skipped/>
  </testcase> <!-- @BeforeMethod Login -->
  <testcase classname="litigationManagement.CFO" name="@AfterMethod Close" time="-1.68898329854E9">
    <skipped/>
  </testcase> <!-- @AfterMethod Close -->
  <testcase classname="litigationManagement.CFO" name="@BeforeMethod Login" time="-1.688983298542E9">
    <skipped/>
  </testcase> <!-- @BeforeMethod Login -->
  <testcase classname="litigationManagement.CFO" name="@AfterMethod Close" time="-1.688983298559E9">
    <skipped/>
  </testcase> <!-- @AfterMethod Close -->
  <testcase classname="litigationManagement.CFO" name="@BeforeMethod Login" time="-1.688983298562E9">
    <skipped/>
  </testcase> <!-- @BeforeMethod Login -->
  <testcase classname="litigationManagement.CFO" name="@AfterMethod Close" time="-1.688983298575E9">
    <skipped/>
  </testcase> <!-- @AfterMethod Close -->
  <testcase classname="litigationManagement.CFO" name="@BeforeMethod Login" time="-1.688983298578E9">
    <skipped/>
  </testcase> <!-- @BeforeMethod Login -->
  <testcase classname="litigationManagement.CFO" name="@AfterMethod Close" time="-1.688983298584E9">
    <skipped/>
  </testcase> <!-- @AfterMethod Close -->
  <testcase classname="litigationManagement.CFO" name="@BeforeMethod Login" time="-1.688983298587E9">
    <skipped/>
  </testcase> <!-- @BeforeMethod Login -->
  <testcase classname="litigationManagement.CFO" name="@AfterMethod Close" time="-1.688983298591E9">
    <skipped/>
  </testcase> <!-- @AfterMethod Close -->
  <testcase classname="litigationManagement.CFO" name="@BeforeMethod Login" time="-1.688983298594E9">
    <skipped/>
  </testcase> <!-- @BeforeMethod Login -->
  <testcase classname="litigationManagement.CFO" name="@AfterMethod Close" time="-1.688983298602E9">
    <skipped/>
  </testcase> <!-- @AfterMethod Close -->
  <testcase classname="litigationManagement.CFO" name="@BeforeMethod Login" time="-1.688983298604E9">
    <skipped/>
  </testcase> <!-- @BeforeMethod Login -->
  <testcase classname="litigationManagement.CFO" name="@AfterMethod Close" time="-1.688983298606E9">
    <skipped/>
  </testcase> <!-- @AfterMethod Close -->
  <testcase classname="litigationManagement.CFO" name="@BeforeMethod Login" time="-1.688983298608E9">
    <skipped/>
  </testcase> <!-- @BeforeMethod Login -->
  <testcase classname="litigationManagement.CFO" name="@AfterMethod Close" time="-1.688983298614E9">
    <skipped/>
  </testcase> <!-- @AfterMethod Close -->
  <testcase classname="litigationManagement.CFO" name="@BeforeMethod Login" time="-1.688983298616E9">
    <skipped/>
  </testcase> <!-- @BeforeMethod Login -->
  <testcase classname="litigationManagement.CFO" name="@AfterMethod Close" time="-1.688983298619E9">
    <skipped/>
  </testcase> <!-- @AfterMethod Close -->
  <testcase classname="litigationManagement.CFO" name="@BeforeMethod Login" time="-1.68898329862E9">
    <skipped/>
  </testcase> <!-- @BeforeMethod Login -->
  <testcase classname="litigationManagement.CFO" name="@AfterMethod Close" time="-1.688983298622E9">
    <skipped/>
  </testcase> <!-- @AfterMethod Close -->
  <testcase classname="litigationManagement.CFO" name="@BeforeMethod Login" time="-1.688983298623E9">
    <skipped/>
  </testcase> <!-- @BeforeMethod Login -->
  <testcase classname="litigationManagement.CFO" name="@AfterMethod Close" time="-1.688983298646E9">
    <skipped/>
  </testcase> <!-- @AfterMethod Close -->
  <testcase classname="litigationManagement.CFO" name="@BeforeMethod Login" time="-1.688983298648E9">
    <skipped/>
  </testcase> <!-- @BeforeMethod Login -->
  <testcase classname="litigationManagement.CFO" name="@AfterMethod Close" time="-1.688983298653E9">
    <skipped/>
  </testcase> <!-- @AfterMethod Close -->
  <testcase classname="litigationManagement.CFO" name="@BeforeMethod Login" time="-1.688983298662E9">
    <skipped/>
  </testcase> <!-- @BeforeMethod Login -->
  <testcase classname="litigationManagement.CFO" name="@AfterMethod Close" time="-1.688983298667E9">
    <skipped/>
  </testcase> <!-- @AfterMethod Close -->
  <testcase classname="litigationManagement.CFO" name="@BeforeMethod Login" time="-1.688983298669E9">
    <skipped/>
  </testcase> <!-- @BeforeMethod Login -->
  <testcase classname="litigationManagement.CFO" name="@AfterMethod Close" time="-1.688983298671E9">
    <skipped/>
  </testcase> <!-- @AfterMethod Close -->
  <testcase classname="litigationManagement.CFO" name="@BeforeMethod Login" time="-1.688983298672E9">
    <skipped/>
  </testcase> <!-- @BeforeMethod Login -->
  <testcase classname="litigationManagement.CFO" name="@AfterMethod Close" time="-1.688983298675E9">
    <skipped/>
  </testcase> <!-- @AfterMethod Close -->
  <testcase classname="litigationManagement.CFO" name="@BeforeMethod Login" time="-1.688983298676E9">
    <skipped/>
  </testcase> <!-- @BeforeMethod Login -->
  <testcase classname="litigationManagement.CFO" name="@AfterMethod Close" time="-1.688983298679E9">
    <skipped/>
  </testcase> <!-- @AfterMethod Close -->
  <testcase classname="litigationManagement.CFO" name="@BeforeMethod Login" time="-1.68898329868E9">
    <skipped/>
  </testcase> <!-- @BeforeMethod Login -->
  <testcase classname="litigationManagement.CFO" name="@AfterMethod Close" time="-1.688983298682E9">
    <skipped/>
  </testcase> <!-- @AfterMethod Close -->
  <testcase classname="litigationManagement.CFO" name="@BeforeMethod Login" time="-1.688983298683E9">
    <skipped/>
  </testcase> <!-- @BeforeMethod Login -->
  <testcase classname="litigationManagement.CFO" name="@AfterMethod Close" time="-1.688983298685E9">
    <skipped/>
  </testcase> <!-- @AfterMethod Close -->
  <testcase classname="litigationManagement.CFO" name="@BeforeMethod Login" time="-1.688983298686E9">
    <skipped/>
  </testcase> <!-- @BeforeMethod Login -->
  <testcase classname="litigationManagement.CFO" name="@AfterMethod Close" time="-1.688983298688E9">
    <skipped/>
  </testcase> <!-- @AfterMethod Close -->
  <testcase classname="litigationManagement.CFO" name="@BeforeMethod Login" time="-1.688983298689E9">
    <skipped/>
  </testcase> <!-- @BeforeMethod Login -->
  <testcase classname="litigationManagement.CFO" name="@AfterMethod Close" time="-1.688983298692E9">
    <skipped/>
  </testcase> <!-- @AfterMethod Close -->
  <testcase classname="litigationManagement.CFO" name="@BeforeMethod Login" time="-1.688983298692E9">
    <skipped/>
  </testcase> <!-- @BeforeMethod Login -->
  <testcase classname="litigationManagement.CFO" name="@AfterMethod Close" time="-1.688983298696E9">
    <skipped/>
  </testcase> <!-- @AfterMethod Close -->
  <testcase classname="litigationManagement.CFO" name="@BeforeMethod Login" time="-1.688983298698E9">
    <skipped/>
  </testcase> <!-- @BeforeMethod Login -->
  <testcase classname="litigationManagement.CFO" name="@AfterMethod Close" time="-1.688983298701E9">
    <skipped/>
  </testcase> <!-- @AfterMethod Close -->
  <testcase classname="litigationManagement.CFO" name="@BeforeMethod Login" time="-1.688983298702E9">
    <skipped/>
  </testcase> <!-- @BeforeMethod Login -->
  <testcase classname="litigationManagement.CFO" name="@AfterMethod Close" time="-1.688983298705E9">
    <skipped/>
  </testcase> <!-- @AfterMethod Close -->
  <testcase classname="litigationManagement.CFO" name="@BeforeMethod Login" time="-1.688983298707E9">
    <skipped/>
  </testcase> <!-- @BeforeMethod Login -->
  <testcase classname="litigationManagement.CFO" name="@AfterMethod Close" time="-1.688983298712E9">
    <skipped/>
  </testcase> <!-- @AfterMethod Close -->
  <testcase classname="litigationManagement.CFO" name="@BeforeMethod Login" time="-1.688983298713E9">
    <skipped/>
  </testcase> <!-- @BeforeMethod Login -->
  <testcase classname="litigationManagement.CFO" name="@AfterMethod Close" time="-1.688983298716E9">
    <skipped/>
  </testcase> <!-- @AfterMethod Close -->
  <testcase classname="litigationManagement.CFO" name="@BeforeMethod Login" time="-1.688983298717E9">
    <skipped/>
  </testcase> <!-- @BeforeMethod Login -->
  <testcase classname="litigationManagement.CFO" name="@AfterMethod Close" time="-1.688983298719E9">
    <skipped/>
  </testcase> <!-- @AfterMethod Close -->
  <testcase classname="litigationManagement.CFO" name="@BeforeMethod Login" time="-1.68898329872E9">
    <skipped/>
  </testcase> <!-- @BeforeMethod Login -->
  <testcase classname="litigationManagement.CFO" name="@AfterMethod Close" time="-1.688983298723E9">
    <skipped/>
  </testcase> <!-- @AfterMethod Close -->
  <testcase classname="litigationManagement.CFO" name="@BeforeMethod Login" time="-1.688983298724E9">
    <skipped/>
  </testcase> <!-- @BeforeMethod Login -->
  <testcase classname="litigationManagement.CFO" name="@AfterMethod Close" time="-1.688983298729E9">
    <skipped/>
  </testcase> <!-- @AfterMethod Close -->
  <testcase classname="litigationManagement.CFO" name="@BeforeMethod Login" time="-1.68898329873E9">
    <skipped/>
  </testcase> <!-- @BeforeMethod Login -->
  <testcase classname="litigationManagement.CFO" name="@AfterMethod Close" time="-1.688983298732E9">
    <skipped/>
  </testcase> <!-- @AfterMethod Close -->
  <testcase classname="litigationManagement.CFO" name="@BeforeMethod Login" time="-1.688983298733E9">
    <skipped/>
  </testcase> <!-- @BeforeMethod Login -->
  <testcase classname="litigationManagement.CFO" name="@AfterMethod Close" time="-1.688983298736E9">
    <skipped/>
  </testcase> <!-- @AfterMethod Close -->
  <testcase classname="litigationManagement.CFO" name="@BeforeMethod Login" time="-1.688983298737E9">
    <skipped/>
  </testcase> <!-- @BeforeMethod Login -->
  <testcase classname="litigationManagement.CFO" name="@AfterMethod Close" time="-1.688983298739E9">
    <skipped/>
  </testcase> <!-- @AfterMethod Close -->
  <testcase classname="litigationManagement.CFO" name="@BeforeMethod Login" time="-1.68898329874E9">
    <skipped/>
  </testcase> <!-- @BeforeMethod Login -->
  <testcase classname="litigationManagement.CFO" name="@AfterMethod Close" time="-1.688983298746E9">
    <skipped/>
  </testcase> <!-- @AfterMethod Close -->
  <testcase classname="litigationManagement.CFO" name="@BeforeMethod Login" time="-1.688983298747E9">
    <skipped/>
  </testcase> <!-- @BeforeMethod Login -->
  <testcase classname="litigationManagement.CFO" name="@AfterMethod Close" time="-1.688983298751E9">
    <skipped/>
  </testcase> <!-- @AfterMethod Close -->
  <testcase classname="litigationManagement.CFO" name="@BeforeMethod Login" time="-1.688983298753E9">
    <skipped/>
  </testcase> <!-- @BeforeMethod Login -->
  <testcase classname="litigationManagement.CFO" name="@AfterMethod Close" time="-1.688983298755E9">
    <skipped/>
  </testcase> <!-- @AfterMethod Close -->
  <testcase classname="litigationManagement.CFO" name="@BeforeMethod Login" time="-1.688983298756E9">
    <skipped/>
  </testcase> <!-- @BeforeMethod Login -->
  <testcase classname="litigationManagement.CFO" name="@AfterMethod Close" time="-1.688983298759E9">
    <skipped/>
  </testcase> <!-- @AfterMethod Close -->
  <testcase classname="litigationManagement.CFO" name="@BeforeMethod Login" time="-1.68898329876E9">
    <skipped/>
  </testcase> <!-- @BeforeMethod Login -->
  <testcase classname="litigationManagement.CFO" name="@AfterMethod Close" time="-1.688983298763E9">
    <skipped/>
  </testcase> <!-- @AfterMethod Close -->
  <testcase classname="litigationManagement.CFO" name="@BeforeMethod Login" time="-1.688983298764E9">
    <skipped/>
  </testcase> <!-- @BeforeMethod Login -->
  <testcase classname="litigationManagement.CFO" name="@AfterMethod Close" time="-1.688983298767E9">
    <skipped/>
  </testcase> <!-- @AfterMethod Close -->
  <testcase classname="litigationManagement.CFO" name="@BeforeMethod Login" time="-1.688983298768E9">
    <skipped/>
  </testcase> <!-- @BeforeMethod Login -->
  <testcase classname="litigationManagement.CFO" name="@AfterMethod Close" time="-1.68898329877E9">
    <skipped/>
  </testcase> <!-- @AfterMethod Close -->
  <testcase classname="litigationManagement.CFO" name="@BeforeMethod Login" time="-1.688983298771E9">
    <skipped/>
  </testcase> <!-- @BeforeMethod Login -->
  <testcase classname="litigationManagement.CFO" name="@AfterMethod Close" time="-1.688983298774E9">
    <skipped/>
  </testcase> <!-- @AfterMethod Close -->
  <testcase classname="litigationManagement.CFO" name="@BeforeMethod Login" time="-1.688983298775E9">
    <skipped/>
  </testcase> <!-- @BeforeMethod Login -->
  <testcase classname="litigationManagement.CFO" name="@AfterMethod Close" time="-1.688983298778E9">
    <skipped/>
  </testcase> <!-- @AfterMethod Close -->
  <testcase classname="litigationManagement.CFO" name="@BeforeMethod Login" time="-1.688983298779E9">
    <skipped/>
  </testcase> <!-- @BeforeMethod Login -->
  <testcase classname="litigationManagement.CFO" name="@AfterMethod Close" time="-1.688983298781E9">
    <skipped/>
  </testcase> <!-- @AfterMethod Close -->
  <testcase classname="litigationManagement.CFO" name="@BeforeMethod Login" time="-1.688983298782E9">
    <skipped/>
  </testcase> <!-- @BeforeMethod Login -->
  <testcase classname="litigationManagement.CFO" name="@AfterMethod Close" time="-1.688983298785E9">
    <skipped/>
  </testcase> <!-- @AfterMethod Close -->
  <testcase classname="litigationManagement.CFO" name="@BeforeMethod Login" time="-1.688983298785E9">
    <skipped/>
  </testcase> <!-- @BeforeMethod Login -->
  <testcase classname="litigationManagement.CFO" name="@AfterMethod Close" time="-1.68898329879E9">
    <skipped/>
  </testcase> <!-- @AfterMethod Close -->
  <testcase classname="litigationManagement.CFO" name="@BeforeMethod Login" time="-1.688983298791E9">
    <skipped/>
  </testcase> <!-- @BeforeMethod Login -->
  <testcase classname="litigationManagement.CFO" name="@AfterMethod Close" time="-1.688983298795E9">
    <skipped/>
  </testcase> <!-- @AfterMethod Close -->
  <testcase classname="litigationManagement.CFO" name="@BeforeMethod Login" time="-1.688983298797E9">
    <skipped/>
  </testcase> <!-- @BeforeMethod Login -->
  <testcase classname="litigationManagement.CFO" name="@AfterMethod Close" time="-1.688983298799E9">
    <skipped/>
  </testcase> <!-- @AfterMethod Close -->
  <testcase classname="litigationManagement.CFO" name="@BeforeMethod Login" time="-1.6889832988E9">
    <skipped/>
  </testcase> <!-- @BeforeMethod Login -->
  <testcase classname="litigationManagement.CFO" name="@AfterMethod Close" time="-1.688983298803E9">
    <skipped/>
  </testcase> <!-- @AfterMethod Close -->
  <testcase classname="litigationManagement.CFO" name="@BeforeMethod Login" time="-1.688983298805E9">
    <skipped/>
  </testcase> <!-- @BeforeMethod Login -->
  <testcase classname="litigationManagement.CFO" name="@AfterMethod Close" time="-1.688983298807E9">
    <skipped/>
  </testcase> <!-- @AfterMethod Close -->
  <testcase classname="litigationManagement.CFO" name="@BeforeMethod Login" time="-1.688983298808E9">
    <skipped/>
  </testcase> <!-- @BeforeMethod Login -->
  <testcase classname="litigationManagement.CFO" name="@AfterMethod Close" time="-1.688983298812E9">
    <skipped/>
  </testcase> <!-- @AfterMethod Close -->
  <testcase classname="litigationManagement.CFO" name="@BeforeMethod Login" time="-1.688983298813E9">
    <skipped/>
  </testcase> <!-- @BeforeMethod Login -->
  <testcase classname="litigationManagement.CFO" name="@AfterMethod Close" time="-1.688983298816E9">
    <skipped/>
  </testcase> <!-- @AfterMethod Close -->
  <testcase classname="litigationManagement.CFO" name="@BeforeMethod Login" time="-1.688983298817E9">
    <skipped/>
  </testcase> <!-- @BeforeMethod Login -->
  <testcase classname="litigationManagement.CFO" name="@AfterMethod Close" time="-1.68898329882E9">
    <skipped/>
  </testcase> <!-- @AfterMethod Close -->
  <testcase classname="litigationManagement.CFO" name="@BeforeMethod Login" time="-1.688983298821E9">
    <skipped/>
  </testcase> <!-- @BeforeMethod Login -->
  <testcase classname="litigationManagement.CFO" name="@AfterMethod Close" time="-1.688983298824E9">
    <skipped/>
  </testcase> <!-- @AfterMethod Close -->
  <testcase classname="litigationManagement.CFO" name="@BeforeMethod Login" time="-1.688983298825E9">
    <skipped/>
  </testcase> <!-- @BeforeMethod Login -->
  <testcase classname="litigationManagement.CFO" name="@AfterMethod Close" time="-1.688983298829E9">
    <skipped/>
  </testcase> <!-- @AfterMethod Close -->
  <testcase classname="litigationManagement.CFO" name="@BeforeMethod Login" time="-1.68898329883E9">
    <skipped/>
  </testcase> <!-- @BeforeMethod Login -->
  <testcase classname="litigationManagement.CFO" name="@AfterMethod Close" time="-1.688983298833E9">
    <skipped/>
  </testcase> <!-- @AfterMethod Close -->
  <testcase classname="litigationManagement.CFO" name="@BeforeMethod Login" time="-1.688983298834E9">
    <skipped/>
  </testcase> <!-- @BeforeMethod Login -->
  <testcase classname="litigationManagement.CFO" name="@AfterMethod Close" time="-1.688983298837E9">
    <skipped/>
  </testcase> <!-- @AfterMethod Close -->
  <testcase classname="litigationManagement.CFO" name="@BeforeMethod Login" time="-1.688983298838E9">
    <skipped/>
  </testcase> <!-- @BeforeMethod Login -->
  <testcase classname="litigationManagement.CFO" name="@AfterMethod Close" time="-1.68898329884E9">
    <skipped/>
  </testcase> <!-- @AfterMethod Close -->
  <testcase classname="litigationManagement.CFO" name="@BeforeMethod Login" time="-1.688983298841E9">
    <skipped/>
  </testcase> <!-- @BeforeMethod Login -->
  <testcase classname="litigationManagement.CFO" name="@AfterMethod Close" time="-1.688983298845E9">
    <skipped/>
  </testcase> <!-- @AfterMethod Close -->
  <testcase classname="litigationManagement.CFO" name="@BeforeMethod Login" time="-1.688983298846E9">
    <skipped/>
  </testcase> <!-- @BeforeMethod Login -->
  <testcase classname="litigationManagement.CFO" name="@AfterMethod Close" time="-1.688983298849E9">
    <skipped/>
  </testcase> <!-- @AfterMethod Close -->
  <testcase classname="litigationManagement.CFO" name="@BeforeMethod Login" time="-1.68898329885E9">
    <skipped/>
  </testcase> <!-- @BeforeMethod Login -->
  <testcase classname="litigationManagement.CFO" name="@AfterMethod Close" time="-1.688983298853E9">
    <skipped/>
  </testcase> <!-- @AfterMethod Close -->
  <testcase classname="litigationManagement.CFO" name="@BeforeMethod Login" time="-1.688983298854E9">
    <skipped/>
  </testcase> <!-- @BeforeMethod Login -->
  <testcase classname="litigationManagement.CFO" name="@AfterMethod Close" time="-1.688983298857E9">
    <skipped/>
  </testcase> <!-- @AfterMethod Close -->
  <testcase classname="litigationManagement.CFO" name="@BeforeMethod Login" time="-1.688983298858E9">
    <skipped/>
  </testcase> <!-- @BeforeMethod Login -->
  <testcase classname="litigationManagement.CFO" name="@AfterMethod Close" time="-1.688983298861E9">
    <skipped/>
  </testcase> <!-- @AfterMethod Close -->
  <testcase classname="litigationManagement.CFO" name="@BeforeMethod Login" time="-1.688983298863E9">
    <skipped/>
  </testcase> <!-- @BeforeMethod Login -->
  <testcase classname="litigationManagement.CFO" name="@AfterMethod Close" time="-1.688983298866E9">
    <skipped/>
  </testcase> <!-- @AfterMethod Close -->
  <testcase classname="litigationManagement.CFO" name="@BeforeMethod Login" time="-1.688983298867E9">
    <skipped/>
  </testcase> <!-- @BeforeMethod Login -->
  <testcase classname="litigationManagement.CFO" name="@AfterMethod Close" time="-1.68898329887E9">
    <skipped/>
  </testcase> <!-- @AfterMethod Close -->
  <testcase classname="litigationManagement.CFO" name="@BeforeMethod Login" time="-1.688983298872E9">
    <skipped/>
  </testcase> <!-- @BeforeMethod Login -->
  <testcase classname="litigationManagement.CFO" name="@AfterMethod Close" time="-1.688983298878E9">
    <skipped/>
  </testcase> <!-- @AfterMethod Close -->
  <testcase classname="litigationManagement.CFO" name="@BeforeMethod Login" time="-1.688983298879E9">
    <skipped/>
  </testcase> <!-- @BeforeMethod Login -->
  <testcase classname="litigationManagement.CFO" name="@AfterMethod Close" time="-1.688983298884E9">
    <skipped/>
  </testcase> <!-- @AfterMethod Close -->
  <testcase classname="litigationManagement.CFO" name="@BeforeMethod Login" time="-1.688983298885E9">
    <skipped/>
  </testcase> <!-- @BeforeMethod Login -->
  <testcase classname="litigationManagement.CFO" name="@AfterMethod Close" time="-1.688983298889E9">
    <skipped/>
  </testcase> <!-- @AfterMethod Close -->
  <testcase classname="litigationManagement.CFO" name="@BeforeMethod Login" time="-1.68898329889E9">
    <skipped/>
  </testcase> <!-- @BeforeMethod Login -->
  <testcase classname="litigationManagement.CFO" name="@AfterMethod Close" time="-1.688983298894E9">
    <skipped/>
  </testcase> <!-- @AfterMethod Close -->
  <testcase classname="litigationManagement.CFO" name="@BeforeMethod Login" time="-1.688983298897E9">
    <skipped/>
  </testcase> <!-- @BeforeMethod Login -->
  <testcase classname="litigationManagement.CFO" name="@AfterMethod Close" time="-1.688983298901E9">
    <skipped/>
  </testcase> <!-- @AfterMethod Close -->
  <testcase classname="litigationManagement.CFO" name="@BeforeMethod Login" time="-1.688983298902E9">
    <skipped/>
  </testcase> <!-- @BeforeMethod Login -->
  <testcase classname="litigationManagement.CFO" name="@AfterMethod Close" time="-1.688983298905E9">
    <skipped/>
  </testcase> <!-- @AfterMethod Close -->
  <testcase classname="litigationManagement.CFO" name="@BeforeMethod Login" time="-1.688983298906E9">
    <skipped/>
  </testcase> <!-- @BeforeMethod Login -->
  <testcase classname="litigationManagement.CFO" name="@AfterMethod Close" time="-1.688983298909E9">
    <skipped/>
  </testcase> <!-- @AfterMethod Close -->
  <testcase classname="litigationManagement.CFO" name="@BeforeMethod Login" time="-1.688983298911E9">
    <skipped/>
  </testcase> <!-- @BeforeMethod Login -->
  <testcase classname="litigationManagement.CFO" name="@AfterMethod Close" time="-1.688983298914E9">
    <skipped/>
  </testcase> <!-- @AfterMethod Close -->
  <testcase classname="litigationManagement.CFO" name="@BeforeMethod Login" time="-1.688983298915E9">
    <skipped/>
  </testcase> <!-- @BeforeMethod Login -->
  <testcase classname="litigationManagement.CFO" name="@AfterMethod Close" time="-1.688983298917E9">
    <skipped/>
  </testcase> <!-- @AfterMethod Close -->
  <testcase classname="litigationManagement.CFO" name="@BeforeMethod Login" time="-1.688983298919E9">
    <skipped/>
  </testcase> <!-- @BeforeMethod Login -->
  <testcase classname="litigationManagement.CFO" name="@AfterMethod Close" time="-1.688983298921E9">
    <skipped/>
  </testcase> <!-- @AfterMethod Close -->
  <testcase classname="litigationManagement.CFO" name="@BeforeMethod Login" time="-1.688983298923E9">
    <skipped/>
  </testcase> <!-- @BeforeMethod Login -->
  <testcase classname="litigationManagement.CFO" name="@AfterMethod Close" time="-1.688983298927E9">
    <skipped/>
  </testcase> <!-- @AfterMethod Close -->
  <testcase classname="litigationManagement.CFO" name="@BeforeMethod Login" time="-1.688983298929E9">
    <skipped/>
  </testcase> <!-- @BeforeMethod Login -->
  <testcase classname="litigationManagement.CFO" name="@AfterMethod Close" time="-1.688983298932E9">
    <skipped/>
  </testcase> <!-- @AfterMethod Close -->
  <testcase classname="litigationManagement.CFO" name="@BeforeMethod Login" time="-1.688983298934E9">
    <skipped/>
  </testcase> <!-- @BeforeMethod Login -->
  <testcase classname="litigationManagement.CFO" name="@AfterMethod Close" time="-1.688983298937E9">
    <skipped/>
  </testcase> <!-- @AfterMethod Close -->
  <testcase classname="litigationManagement.CFO" name="@BeforeMethod Login" time="-1.688983298938E9">
    <skipped/>
  </testcase> <!-- @BeforeMethod Login -->
  <testcase classname="litigationManagement.CFO" name="@AfterMethod Close" time="-1.688983298941E9">
    <skipped/>
  </testcase> <!-- @AfterMethod Close -->
  <testcase classname="litigationManagement.CFO" name="@BeforeMethod Login" time="-1.688983298945E9">
    <skipped/>
  </testcase> <!-- @BeforeMethod Login -->
  <testcase classname="litigationManagement.CFO" name="@AfterMethod Close" time="-1.688983298953E9">
    <skipped/>
  </testcase> <!-- @AfterMethod Close -->
  <testcase classname="litigationManagement.CFO" name="@BeforeMethod Login" time="-1.688983298954E9">
    <skipped/>
  </testcase> <!-- @BeforeMethod Login -->
  <testcase classname="litigationManagement.CFO" name="@AfterMethod Close" time="-1.688983298956E9">
    <skipped/>
  </testcase> <!-- @AfterMethod Close -->
  <testcase classname="litigationManagement.CFO" name="@BeforeMethod Login" time="-1.688983298957E9">
    <skipped/>
  </testcase> <!-- @BeforeMethod Login -->
  <testcase classname="litigationManagement.CFO" name="@AfterMethod Close" time="-1.688983298964E9">
    <skipped/>
  </testcase> <!-- @AfterMethod Close -->
  <testcase classname="litigationManagement.CFO" name="@BeforeMethod Login" time="-1.688983298966E9">
    <skipped/>
  </testcase> <!-- @BeforeMethod Login -->
  <testcase classname="litigationManagement.CFO" name="@AfterMethod Close" time="-1.688983298969E9">
    <skipped/>
  </testcase> <!-- @AfterMethod Close -->
  <testcase classname="litigationManagement.CFO" name="@BeforeMethod Login" time="-1.68898329897E9">
    <skipped/>
  </testcase> <!-- @BeforeMethod Login -->
  <testcase classname="litigationManagement.CFO" name="@AfterMethod Close" time="-1.688983298973E9">
    <skipped/>
  </testcase> <!-- @AfterMethod Close -->
  <testcase classname="litigationManagement.CFO" name="@BeforeMethod Login" time="-1.688983298974E9">
    <skipped/>
  </testcase> <!-- @BeforeMethod Login -->
  <testcase classname="litigationManagement.CFO" name="@AfterMethod Close" time="-1.688983298977E9">
    <skipped/>
  </testcase> <!-- @AfterMethod Close -->
  <testcase classname="litigationManagement.CFO" name="@BeforeMethod Login" time="-1.688983298979E9">
    <skipped/>
  </testcase> <!-- @BeforeMethod Login -->
  <testcase classname="litigationManagement.CFO" name="@AfterMethod Close" time="-1.688983298982E9">
    <skipped/>
  </testcase> <!-- @AfterMethod Close -->
  <testcase classname="litigationManagement.CFO" name="@BeforeMethod Login" time="-1.688983298983E9">
    <skipped/>
  </testcase> <!-- @BeforeMethod Login -->
  <testcase classname="litigationManagement.CFO" name="@AfterMethod Close" time="-1.688983298986E9">
    <skipped/>
  </testcase> <!-- @AfterMethod Close -->
  <testcase classname="litigationManagement.CFO" name="@BeforeMethod Login" time="-1.688983298988E9">
    <skipped/>
  </testcase> <!-- @BeforeMethod Login -->
  <testcase classname="litigationManagement.CFO" name="@AfterMethod Close" time="-1.68898329899E9">
    <skipped/>
  </testcase> <!-- @AfterMethod Close -->
  <testcase classname="litigationManagement.CFO" name="@BeforeMethod Login" time="-1.688983298991E9">
    <skipped/>
  </testcase> <!-- @BeforeMethod Login -->
  <testcase classname="litigationManagement.CFO" name="@AfterMethod Close" time="-1.688983298995E9">
    <skipped/>
  </testcase> <!-- @AfterMethod Close -->
  <testcase classname="litigationManagement.CFO" name="CaseNoticeTypeGraph" time="407.376"/>
  <testcase classname="litigationManagement.CFO" name="CaseNoticeStageGraph" time="86.04"/>
  <testcase classname="litigationManagement.CFO" name="RiskSummaryGraph" time="23.34">
    <failure type="java.lang.NumberFormatException" message="For input string: &amp;quot;&amp;quot;">
      <![CDATA[java.lang.NumberFormatException: For input string: ""
at java.base/java.lang.NumberFormatException.forInputString(NumberFormatException.java:67)
at java.base/java.lang.Integer.parseInt(Integer.java:675)
at java.base/java.lang.Integer.parseInt(Integer.java:781)
at litigationManagement.CFO.RiskSummaryGraph(CFO.java:201)
at java.base/jdk.internal.reflect.DirectMethodHandleAccessor.invoke(DirectMethodHandleAccessor.java:104)
at java.base/java.lang.reflect.Method.invoke(Method.java:578)
at org.testng.internal.MethodInvocationHelper.invokeMethod(MethodInvocationHelper.java:133)
at org.testng.internal.TestInvoker.invokeMethod(TestInvoker.java:598)
at org.testng.internal.TestInvoker.invokeTestMethod(TestInvoker.java:173)
at org.testng.internal.MethodRunner.runInSequence(MethodRunner.java:46)
at org.testng.internal.TestInvoker$MethodInvocationAgent.invoke(TestInvoker.java:824)
at org.testng.internal.TestInvoker.invokeTestMethods(TestInvoker.java:146)
at org.testng.internal.TestMethodWorker.invokeTestMethods(TestMethodWorker.java:146)
at org.testng.internal.TestMethodWorker.run(TestMethodWorker.java:128)
at java.base/java.util.ArrayList.forEach(ArrayList.java:1511)
at org.testng.TestRunner.privateRun(TestRunner.java:794)
at org.testng.TestRunner.run(TestRunner.java:596)
at org.testng.SuiteRunner.runTest(SuiteRunner.java:377)
at org.testng.SuiteRunner.runSequentially(SuiteRunner.java:371)
at org.testng.SuiteRunner.privateRun(SuiteRunner.java:332)
at org.testng.SuiteRunner.run(SuiteRunner.java:276)
at org.testng.SuiteRunnerWorker.runSuite(SuiteRunnerWorker.java:53)
at org.testng.SuiteRunnerWorker.run(SuiteRunnerWorker.java:96)
at org.testng.TestNG.runSuitesSequentially(TestNG.java:1212)
at org.testng.TestNG.runSuitesLocally(TestNG.java:1134)
at org.testng.TestNG.runSuites(TestNG.java:1063)
at org.testng.TestNG.run(TestNG.java:1031)
at org.testng.remote.AbstractRemoteTestNG.run(AbstractRemoteTestNG.java:115)
at org.testng.remote.RemoteTestNG.initAndRun(RemoteTestNG.java:251)
at org.testng.remote.RemoteTestNG.main(RemoteTestNG.java:77)
]]>
    </failure>
  </testcase> <!-- RiskSummaryGraph -->
  <testcase classname="litigationManagement.CFO" name="DepartmentSummaryGraph" time="92.4"/>
  <testcase classname="litigationManagement.CFO" name="LocationSummaryGraph" time="150.352"/>
  <testcase classname="litigationManagement.CFO" name="CategorySummaryGraph" time="0.0">
    <skipped/>
  </testcase> <!-- CategorySummaryGraph -->
  <testcase classname="litigationManagement.CFO" name="ExpensesNoticeGraph" time="0.0">
    <skipped/>
  </testcase> <!-- ExpensesNoticeGraph -->
  <testcase classname="litigationManagement.CFO" name="ExpensesCategoryWiseNoticeGraph" time="0.0">
    <skipped/>
  </testcase> <!-- ExpensesCategoryWiseNoticeGraph -->
  <testcase classname="litigationManagement.CFO" name="InwardDefendantAgeingGraph" time="0.0">
    <skipped/>
  </testcase> <!-- InwardDefendantAgeingGraph -->
  <testcase classname="litigationManagement.CFO" name="ComplainantAgeingGraph" time="0.0">
    <skipped/>
  </testcase> <!-- ComplainantAgeingGraph -->
  <testcase classname="litigationManagement.CFO" name="ApplicantAgeingGraph" time="0.0">
    <skipped/>
  </testcase> <!-- ApplicantAgeingGraph -->
  <testcase classname="litigationManagement.CFO" name="OutwardPlaintiffAgeingGraph" time="0.0">
    <skipped/>
  </testcase> <!-- OutwardPlaintiffAgeingGraph -->
  <testcase classname="litigationManagement.CFO" name="PetitionerAgeingGraph" time="0.0">
    <skipped/>
  </testcase> <!-- PetitionerAgeingGraph -->
  <testcase classname="litigationManagement.CFO" name="RespondentAgeingGraph" time="0.0">
    <skipped/>
  </testcase> <!-- RespondentAgeingGraph -->
  <testcase classname="litigationManagement.CFO" name="ComplainantAgeingGraph1to2years" time="0.0">
    <skipped/>
  </testcase> <!-- ComplainantAgeingGraph1to2years -->
  <testcase classname="litigationManagement.CFO" name="InwardDefendentAgeingGraph1to2years" time="0.0">
    <skipped/>
  </testcase> <!-- InwardDefendentAgeingGraph1to2years -->
  <testcase classname="litigationManagement.CFO" name="OutwardPlaintiffAgeingGraph1to2years" time="0.0">
    <skipped/>
  </testcase> <!-- OutwardPlaintiffAgeingGraph1to2years -->
  <testcase classname="litigationManagement.CFO" name="RespondentAgeingGraph1to2yearsAgeingGraph1to2years" time="0.0">
    <skipped/>
  </testcase> <!-- RespondentAgeingGraph1to2yearsAgeingGraph1to2years -->
  <testcase classname="litigationManagement.CFO" name="InwardDefendentAgeingGraph2to3years" time="0.0">
    <skipped/>
  </testcase> <!-- InwardDefendentAgeingGraph2to3years -->
  <testcase classname="litigationManagement.CFO" name="CaseNoticeTypeGraph1" time="0.0">
    <skipped/>
  </testcase> <!-- CaseNoticeTypeGraph1 -->
  <testcase classname="litigationManagement.CFO" name="CaseNoticeStageGraph1" time="0.0">
    <skipped/>
  </testcase> <!-- CaseNoticeStageGraph1 -->
  <testcase classname="litigationManagement.CFO" name="RiskSummaryGraph1" time="0.0">
    <skipped/>
  </testcase> <!-- RiskSummaryGraph1 -->
  <testcase classname="litigationManagement.CFO" name="DepartmentSummaryGraph1" time="0.0">
    <skipped/>
  </testcase> <!-- DepartmentSummaryGraph1 -->
  <testcase classname="litigationManagement.CFO" name="LocationSummaryGraph1" time="0.0">
    <skipped/>
  </testcase> <!-- LocationSummaryGraph1 -->
  <testcase classname="litigationManagement.CFO" name="CategorySummaryGraph1" time="0.0">
    <skipped/>
  </testcase> <!-- CategorySummaryGraph1 -->
  <testcase classname="litigationManagement.CFO" name="ExpensesCaseGraph" time="0.0">
    <skipped/>
  </testcase> <!-- ExpensesCaseGraph -->
  <testcase classname="litigationManagement.CFO" name="ExpensesCategoryWiseCaseGraph" time="0.0">
    <skipped/>
  </testcase> <!-- ExpensesCategoryWiseCaseGraph -->
  <testcase classname="litigationManagement.CFO" name="InwardDefendantAgeingGraphCase" time="0.0">
    <skipped/>
  </testcase> <!-- InwardDefendantAgeingGraphCase -->
  <testcase classname="litigationManagement.CFO" name="OutwardPlaintiffAgeingGraphCase" time="0.0">
    <skipped/>
  </testcase> <!-- OutwardPlaintiffAgeingGraphCase -->
  <testcase classname="litigationManagement.CFO" name="PetitionerAgeingGraphCase" time="0.0">
    <skipped/>
  </testcase> <!-- PetitionerAgeingGraphCase -->
  <testcase classname="litigationManagement.CFO" name="NoticeOpen" time="0.0">
    <skipped/>
  </testcase> <!-- NoticeOpen -->
  <testcase classname="litigationManagement.CFO" name="NoticeWithExistingData" time="0.0">
    <skipped/>
  </testcase> <!-- NoticeWithExistingData -->
  <testcase classname="litigationManagement.CFO" name="NoticeWithInvalidData" time="0.0">
    <skipped/>
  </testcase> <!-- NoticeWithInvalidData -->
  <testcase classname="litigationManagement.CFO" name="NoticeWithTwoMandatoryData" time="0.0">
    <skipped/>
  </testcase> <!-- NoticeWithTwoMandatoryData -->
  <testcase classname="litigationManagement.CFO" name="NoticeWithEmptyFields" time="0.0">
    <skipped/>
  </testcase> <!-- NoticeWithEmptyFields -->
  <testcase classname="litigationManagement.CFO" name="NoticeClearBtn" time="0.0">
    <skipped/>
  </testcase> <!-- NoticeClearBtn -->
  <testcase classname="litigationManagement.CFO" name="NoticeSendMailWithDoc" time="0.0">
    <skipped/>
  </testcase> <!-- NoticeSendMailWithDoc -->
  <testcase classname="litigationManagement.CFO" name="NoticeSendMailWithDocInvalidFields" time="0.0">
    <skipped/>
  </testcase> <!-- NoticeSendMailWithDocInvalidFields -->
  <testcase classname="litigationManagement.CFO" name="NoticeSendMailWithDocEmptyFields" time="0.0">
    <skipped/>
  </testcase> <!-- NoticeSendMailWithDocEmptyFields -->
  <testcase classname="litigationManagement.CFO" name="NoticeUserAssignment" time="0.0">
    <skipped/>
  </testcase> <!-- NoticeUserAssignment -->
  <testcase classname="litigationManagement.CFO" name="NoticeUserAssignmentDelete" time="0.0">
    <skipped/>
  </testcase> <!-- NoticeUserAssignmentDelete -->
  <testcase classname="litigationManagement.CFO" name="LinkNotice" time="0.0">
    <skipped/>
  </testcase> <!-- LinkNotice -->
  <testcase classname="litigationManagement.CFO" name="LinkNoticeViewIcon" time="0.0">
    <skipped/>
  </testcase> <!-- LinkNoticeViewIcon -->
  <testcase classname="litigationManagement.CFO" name="LinkNoticeDeleteIcon" time="0.0">
    <skipped/>
  </testcase> <!-- LinkNoticeDeleteIcon -->
  <testcase classname="litigationManagement.CFO" name="CaseOpen" time="0.0">
    <skipped/>
  </testcase> <!-- CaseOpen -->
  <testcase classname="litigationManagement.CFO" name="CaseExistingData" time="0.0">
    <skipped/>
  </testcase> <!-- CaseExistingData -->
  <testcase classname="litigationManagement.CFO" name="CaseWithInvalidData" time="0.0">
    <skipped/>
  </testcase> <!-- CaseWithInvalidData -->
  <testcase classname="litigationManagement.CFO" name="CaseWithTwoFieldsData" time="0.0">
    <skipped/>
  </testcase> <!-- CaseWithTwoFieldsData -->
  <testcase classname="litigationManagement.CFO" name="CaseWithEmptyFields" time="0.0">
    <skipped/>
  </testcase> <!-- CaseWithEmptyFields -->
  <testcase classname="litigationManagement.CFO" name="CaseWithClearBtn" time="0.0">
    <skipped/>
  </testcase> <!-- CaseWithClearBtn -->
[...]
  </testcase> <!-- NoticeDocument -->
  <testcase classname="litigationManagement.CFO" name="NoticeDocumentEmptyFields" time="0.0">
    <skipped/>
  </testcase> <!-- NoticeDocumentEmptyFields -->
  <testcase classname="litigationManagement.CFO" name="NoticeWithoutUploadDocument" time="0.0">
    <skipped/>
  </testcase> <!-- NoticeWithoutUploadDocument -->
  <testcase classname="litigationManagement.CFO" name="NoticeDocumentSearchFields" time="0.0">
    <skipped/>
  </testcase> <!-- NoticeDocumentSearchFields -->
  <testcase classname="litigationManagement.CFO" name="CaseHearing" time="0.0">
    <skipped/>
  </testcase> <!-- CaseHearing -->
  <testcase classname="litigationManagement.CFO" name="NoticeDocumentShareInvalidData" time="0.0">
    <skipped/>
  </testcase> <!-- NoticeDocumentShareInvalidData -->
  <testcase classname="litigationManagement.CFO" name="NoticeDocViewandDownload" time="0.0">
    <skipped/>
  </testcase> <!-- NoticeDocViewandDownload -->
  <testcase classname="litigationManagement.CFO" name="NoticeDocumentShareWithoutData" time="0.0">
    <skipped/>
  </testcase> <!-- NoticeDocumentShareWithoutData -->
  <testcase classname="litigationManagement.CFO" name="NoticeDocumentShareCloseBtn" time="0.0">
    <skipped/>
  </testcase> <!-- NoticeDocumentShareCloseBtn -->
  <testcase classname="litigationManagement.CFO" name="NoticeTaskActivity" time="0.0">
    <skipped/>
  </testcase> <!-- NoticeTaskActivity -->
  <testcase classname="litigationManagement.CFO" name="TaskActivtityDeleteResponse" time="0.0">
    <skipped/>
  </testcase> <!-- TaskActivtityDeleteResponse -->
  <testcase classname="litigationManagement.CFO" name="TaskActivtityExistingData" time="0.0">
    <skipped/>
  </testcase> <!-- TaskActivtityExistingData -->
  <testcase classname="litigationManagement.CFO" name="TaskActivtityWithoutData" time="0.0">
    <skipped/>
  </testcase> <!-- TaskActivtityWithoutData -->
  <testcase classname="litigationManagement.CFO" name="TaskActivtityResponseWithoutStatus" time="0.0">
    <skipped/>
  </testcase> <!-- TaskActivtityResponseWithoutStatus -->
  <testcase classname="litigationManagement.CFO" name="TaskActivtityResponseClearBtn" time="0.0">
    <skipped/>
  </testcase> <!-- TaskActivtityResponseClearBtn -->
  <testcase classname="litigationManagement.CFO" name="NoticeResponse" time="0.0">
    <skipped/>
  </testcase> <!-- NoticeResponse -->
  <testcase classname="litigationManagement.CFO" name="ResponseExistingData" time="0.0">
    <skipped/>
  </testcase> <!-- ResponseExistingData -->
  <testcase classname="litigationManagement.CFO" name="NoticeResponseWithoutData" time="0.0">
    <skipped/>
  </testcase> <!-- NoticeResponseWithoutData -->
  <testcase classname="litigationManagement.CFO" name="ResponseClearBtn" time="0.0">
    <skipped/>
  </testcase> <!-- ResponseClearBtn -->
  <testcase classname="litigationManagement.CFO" name="NoticePayment" time="0.0">
    <skipped/>
  </testcase> <!-- NoticePayment -->
  <testcase classname="litigationManagement.CFO" name="PaymentLogwithExistingData" time="0.0">
    <skipped/>
  </testcase> <!-- PaymentLogwithExistingData -->
  <testcase classname="litigationManagement.CFO" name="NoticePaymentWithoutData" time="0.0">
    <skipped/>
  </testcase> <!-- NoticePaymentWithoutData -->
  <testcase classname="litigationManagement.CFO" name="NoticeExternalLawyer" time="0.0">
    <skipped/>
  </testcase> <!-- NoticeExternalLawyer -->
  <testcase classname="litigationManagement.CFO" name="CriteriaExistingData" time="0.0">
    <skipped/>
  </testcase> <!-- CriteriaExistingData -->
  <testcase classname="litigationManagement.CFO" name="CriteriaInvalidData" time="0.0">
    <skipped/>
  </testcase> <!-- CriteriaInvalidData -->
  <testcase classname="litigationManagement.CFO" name="CriteriaWithoutData" time="0.0">
    <skipped/>
  </testcase> <!-- CriteriaWithoutData -->
  <testcase classname="litigationManagement.CFO" name="NoticeAuditLog" time="0.0">
    <skipped/>
  </testcase> <!-- NoticeAuditLog -->
  <testcase classname="litigationManagement.CFO" name="CaseDocument" time="0.0">
    <skipped/>
  </testcase> <!-- CaseDocument -->
  <testcase classname="litigationManagement.CFO" name="CaseWithoutUploadDocument" time="0.0">
    <skipped/>
  </testcase> <!-- CaseWithoutUploadDocument -->
  <testcase classname="litigationManagement.CFO" name="CaseDocumentEmptyFields" time="0.0">
    <skipped/>
  </testcase> <!-- CaseDocumentEmptyFields -->
  <testcase classname="litigationManagement.CFO" name="CaseDocumentSearchFields" time="0.0">
    <skipped/>
  </testcase> <!-- CaseDocumentSearchFields -->
  <testcase classname="litigationManagement.CFO" name="CaseDocumentShareInvalidData" time="0.0">
    <skipped/>
  </testcase> <!-- CaseDocumentShareInvalidData -->
  <testcase classname="litigationManagement.CFO" name="CaseDocumentShareWithoutData" time="0.0">
    <skipped/>
  </testcase> <!-- CaseDocumentShareWithoutData -->
  <testcase classname="litigationManagement.CFO" name="CaseDocumentShareCloseBtn" time="0.0">
    <skipped/>
  </testcase> <!-- CaseDocumentShareCloseBtn -->
  <testcase classname="litigationManagement.CFO" name="CaseTaskActivity" time="0.0">
    <skipped/>
  </testcase> <!-- CaseTaskActivity -->
  <testcase classname="litigationManagement.CFO" name="CaseTaskActivityWithoutData" time="0.0">
    <skipped/>
  </testcase> <!-- CaseTaskActivityWithoutData -->
  <testcase classname="litigationManagement.CFO" name="CaseTaskActivitywithExistingData" time="0.0">
    <skipped/>
  </testcase> <!-- CaseTaskActivitywithExistingData -->
  <testcase classname="litigationManagement.CFO" name="CaseTaskActivtityResponseWithoutStatus" time="0.0">
    <skipped/>
  </testcase> <!-- CaseTaskActivtityResponseWithoutStatus -->
  <testcase classname="litigationManagement.CFO" name="CaseTaskActivtityResponseClearBtn" time="0.0">
    <skipped/>
  </testcase> <!-- CaseTaskActivtityResponseClearBtn -->
  <testcase classname="litigationManagement.CFO" name="CaseHearingcfo" time="0.0">
    <skipped/>
  </testcase> <!-- CaseHearingcfo -->
  <testcase classname="litigationManagement.CFO" name="CaseExistingHearingDate" time="0.0">
    <skipped/>
  </testcase> <!-- CaseExistingHearingDate -->
  <testcase classname="litigationManagement.CFO" name="CaseWithoutHearingData" time="0.0">
    <skipped/>
  </testcase> <!-- CaseWithoutHearingData -->
  <testcase classname="litigationManagement.CFO" name="CaseHearingInvalidDate" time="0.0">
    <skipped/>
  </testcase> <!-- CaseHearingInvalidDate -->
  <testcase classname="litigationManagement.CFO" name="CaseHearingClearBtn" time="0.0">
    <skipped/>
  </testcase> <!-- CaseHearingClearBtn -->
  <testcase classname="litigationManagement.CFO" name="CaseOrder" time="0.0">
    <skipped/>
  </testcase> <!-- CaseOrder -->
  <testcase classname="litigationManagement.CFO" name="CaseOrderExistingData" time="0.0">
    <skipped/>
  </testcase> <!-- CaseOrderExistingData -->
  <testcase classname="litigationManagement.CFO" name="CaseOrderWithoutData" time="0.0">
    <skipped/>
  </testcase> <!-- CaseOrderWithoutData -->
  <testcase classname="litigationManagement.CFO" name="CaseOrderwithClearBtn" time="0.0">
    <skipped/>
  </testcase> <!-- CaseOrderwithClearBtn -->
  <testcase classname="litigationManagement.CFO" name="CaseStatusPayment" time="0.0">
    <skipped/>
  </testcase> <!-- CaseStatusPayment -->
  <testcase classname="litigationManagement.CFO" name="StatusPaymentExistingdata" time="0.0">
    <skipped/>
  </testcase> <!-- StatusPaymentExistingdata -->
  <testcase classname="litigationManagement.CFO" name="StatusPaymentWithoutdata" time="0.0">
    <skipped/>
  </testcase> <!-- StatusPaymentWithoutdata -->
  <testcase classname="litigationManagement.CFO" name="CaseStatusAppealtoNextCourt" time="0.0">
    <skipped/>
  </testcase> <!-- CaseStatusAppealtoNextCourt -->
  <testcase classname="litigationManagement.CFO" name="CaseStatuswithEmptyFields" time="0.0">
    <skipped/>
  </testcase> <!-- CaseStatuswithEmptyFields -->
  <testcase classname="litigationManagement.CFO" name="CaseExternalLawyerRating" time="0.0">
    <skipped/>
  </testcase> <!-- CaseExternalLawyerRating -->
  <testcase classname="litigationManagement.CFO" name="CaseExternalLawyerCriteria" time="0.0">
    <skipped/>
  </testcase> <!-- CaseExternalLawyerCriteria -->
  <testcase classname="litigationManagement.CFO" name="CaseExistingCriteria" time="0.0">
    <skipped/>
  </testcase> <!-- CaseExistingCriteria -->
  <testcase classname="litigationManagement.CFO" name="CaseCriteriaInvalidData" time="0.0">
    <skipped/>
  </testcase> <!-- CaseCriteriaInvalidData -->
  <testcase classname="litigationManagement.CFO" name="CaseCriteriaWithoutData" time="0.0">
    <skipped/>
  </testcase> <!-- CaseCriteriaWithoutData -->
  <testcase classname="litigationManagement.CFO" name="CaseAuditLog" time="0.0">
    <skipped/>
  </testcase> <!-- CaseAuditLog -->
  <testcase classname="litigationManagement.CFO" name="MyDocument" time="0.0">
    <skipped/>
  </testcase> <!-- MyDocument -->
  <testcase classname="litigationManagement.CFO" name="ShareCaseDocument" time="0.0">
    <skipped/>
  </testcase> <!-- ShareCaseDocument -->
  <testcase classname="litigationManagement.CFO" name="ShareNoticeDocument" time="0.0">
    <skipped/>
  </testcase> <!-- ShareNoticeDocument -->
  <testcase classname="litigationManagement.CFO" name="ShareTaskDocument" time="0.0">
    <skipped/>
  </testcase> <!-- ShareTaskDocument -->
  <testcase classname="litigationManagement.CFO" name="MyReports" time="0.0">
    <skipped/>
  </testcase> <!-- MyReports -->
  <testcase classname="litigationManagement.CFO" name="MoreReports" time="0.0">
    <skipped/>
  </testcase> <!-- MoreReports -->
  <testcase classname="litigationManagement.CFO" name="MyReminder" time="0.0">
    <skipped/>
  </testcase> <!-- MyReminder -->
  <testcase classname="litigationManagement.CFO" name="ReminderWithoutData" time="0.0">
    <skipped/>
  </testcase> <!-- ReminderWithoutData -->
  <testcase classname="litigationManagement.CFO" name="ImportUtility" time="0.0">
    <skipped/>
  </testcase> <!-- ImportUtility -->
  <testcase classname="litigationManagement.CFO" name="ImportUtilityWithoutData" time="0.0">
    <skipped/>
  </testcase> <!-- ImportUtilityWithoutData -->
  <testcase classname="litigationManagement.CFO" name="ImportUtilityInvalidData" time="0.0">
    <skipped/>
  </testcase> <!-- ImportUtilityInvalidData -->
  <testcase classname="litigationManagement.CFO" name="ImportUtilityTwoManadtoryFileds" time="0.0">
    <skipped/>
  </testcase> <!-- ImportUtilityTwoManadtoryFileds -->
  <testcase classname="litigationManagement.CFO" name="AdvancedSearch" time="0.0">
    <skipped/>
  </testcase> <!-- AdvancedSearch -->
  <testcase classname="litigationManagement.CFO" name="AdvancedSearchDoc" time="0.0">
    <skipped/>
  </testcase> <!-- AdvancedSearchDoc -->
  <testcase classname="litigationManagement.CFO" name="AdvancedSearchShareCaseDocument" time="0.0">
    <skipped/>
  </testcase> <!-- AdvancedSearchShareCaseDocument -->
  <testcase classname="litigationManagement.CFO" name="AdvancedSearchShareNoticeDocument" time="0.0">
    <skipped/>
  </testcase> <!-- AdvancedSearchShareNoticeDocument -->
  <testcase classname="litigationManagement.CFO" name="AdvancedSearchShareTaskDocument" time="0.0">
    <skipped/>
  </testcase> <!-- AdvancedSearchShareTaskDocument -->
  <testcase classname="litigationManagement.CFO" name="CriticalDocuments" time="0.0">
    <skipped/>
  </testcase> <!-- CriticalDocuments -->
  <testcase classname="litigationManagement.CFO" name="CriticalDocuments1" time="0.001">
    <skipped/>
  </testcase> <!-- CriticalDocuments1 -->
  <testcase classname="litigationManagement.CFO" name="AdvancedSearchreport" time="0.0">
    <skipped/>
  </testcase> <!-- AdvancedSearchreport -->
  <testcase classname="litigationManagement.CFO" name="Masters" time="0.0">
    <skipped/>
  </testcase> <!-- Masters -->
  <testcase classname="litigationManagement.CFO" name="MastersLegalEntity" time="0.0">
    <skipped/>
  </testcase> <!-- MastersLegalEntity -->
  <testcase classname="litigationManagement.CFO" name="MastersLegalEntity1" time="0.0">
    <skipped/>
  </testcase> <!-- MastersLegalEntity1 -->
  <testcase classname="litigationManagement.CFO" name="MastersLegalEntity2" time="0.0">
    <skipped/>
  </testcase> <!-- MastersLegalEntity2 -->
  <testcase classname="litigationManagement.CFO" name="MastersLegalEntity3" time="0.0">
    <skipped/>
  </testcase> <!-- MastersLegalEntity3 -->
  <testcase classname="litigationManagement.CFO" name="UnitEntity" time="0.0">
    <skipped/>
  </testcase> <!-- UnitEntity -->
  <testcase classname="litigationManagement.CFO" name="Masters1" time="0.0">
    <skipped/>
  </testcase> <!-- Masters1 -->
  <testcase classname="litigationManagement.CFO" name="MastersLawFirm" time="0.0">
    <skipped/>
  </testcase> <!-- MastersLawFirm -->
  <testcase classname="litigationManagement.CFO" name="MastersLawFirm1" time="0.0">
    <skipped/>
  </testcase> <!-- MastersLawFirm1 -->
  <testcase classname="litigationManagement.CFO" name="MastersLawFirm2" time="0.0">
    <skipped/>
  </testcase> <!-- MastersLawFirm2 -->
  <testcase classname="litigationManagement.CFO" name="MastersLawFirm3" time="0.0">
    <skipped/>
  </testcase> <!-- MastersLawFirm3 -->
  <testcase classname="litigationManagement.CFO" name="LawyerWithoutData" time="0.0">
    <skipped/>
  </testcase> <!-- LawyerWithoutData -->
  <testcase classname="litigationManagement.CFO" name="LawyerInvalidData" time="0.0">
    <skipped/>
  </testcase> <!-- LawyerInvalidData -->
  <testcase classname="litigationManagement.CFO" name="LawyerTwoManadatoryFileds" time="0.0">
    <skipped/>
  </testcase> <!-- LawyerTwoManadatoryFileds -->
  <testcase classname="litigationManagement.CFO" name="LawyerCloseButton" time="0.0">
    <skipped/>
  </testcase> <!-- LawyerCloseButton -->
  <testcase classname="litigationManagement.CFO" name="Masters2" time="0.0">
    <skipped/>
  </testcase> <!-- Masters2 -->
  <testcase classname="litigationManagement.CFO" name="UserWithoutData" time="0.0">
    <skipped/>
  </testcase> <!-- UserWithoutData -->
  <testcase classname="litigationManagement.CFO" name="UserInvalidData" time="0.0">
    <skipped/>
  </testcase> <!-- UserInvalidData -->
  <testcase classname="litigationManagement.CFO" name="UserTwoManadatoryFields" time="0.0">
    <skipped/>
  </testcase> <!-- UserTwoManadatoryFields -->
  <testcase classname="litigationManagement.CFO" name="UserCloseButton" time="0.0">
    <skipped/>
  </testcase> <!-- UserCloseButton -->
  <testcase classname="litigationManagement.CFO" name="Masters3" time="0.0">
    <skipped/>
  </testcase> <!-- Masters3 -->
  <testcase classname="litigationManagement.CFO" name="OpponentWithoutData" time="0.0">
    <skipped/>
  </testcase> <!-- OpponentWithoutData -->
  <testcase classname="litigationManagement.CFO" name="OpponentInvalidData" time="0.0">
    <skipped/>
  </testcase> <!-- OpponentInvalidData -->
  <testcase classname="litigationManagement.CFO" name="OpponentCloseButton" time="0.0">
    <skipped/>
  </testcase> <!-- OpponentCloseButton -->
  <testcase classname="litigationManagement.CFO" name="Masters4" time="0.0">
    <skipped/>
  </testcase> <!-- Masters4 -->
  <testcase classname="litigationManagement.CFO" name="CourtWithoutData" time="0.0">
    <skipped/>
  </testcase> <!-- CourtWithoutData -->
  <testcase classname="litigationManagement.CFO" name="CourtInvalidData" time="0.0">
    <skipped/>
  </testcase> <!-- CourtInvalidData -->
  <testcase classname="litigationManagement.CFO" name="CourtTwomanadatoryFields" time="0.0">
    <skipped/>
  </testcase> <!-- CourtTwomanadatoryFields -->
  <testcase classname="litigationManagement.CFO" name="CourtCloseButton" time="0.0">
    <skipped/>
  </testcase> <!-- CourtCloseButton -->
  <testcase classname="litigationManagement.CFO" name="Masters5" time="0.0">
    <skipped/>
  </testcase> <!-- Masters5 -->
  <testcase classname="litigationManagement.CFO" name="CaseNoticeTypeWithoutData" time="0.0">
    <skipped/>
  </testcase> <!-- CaseNoticeTypeWithoutData -->
  <testcase classname="litigationManagement.CFO" name="CaseNoticeTypeInvaliData" time="0.0">
    <skipped/>
  </testcase> <!-- CaseNoticeTypeInvaliData -->
  <testcase classname="litigationManagement.CFO" name="CaseNoticeTypeCloseBuuton" time="0.0">
    <skipped/>
  </testcase> <!-- CaseNoticeTypeCloseBuuton -->
  <testcase classname="litigationManagement.CFO" name="Masters6" time="0.0">
    <skipped/>
  </testcase> <!-- Masters6 -->
  <testcase classname="litigationManagement.CFO" name="PaymentTypeWithouData" time="0.0">
    <skipped/>
  </testcase> <!-- PaymentTypeWithouData -->
  <testcase classname="litigationManagement.CFO" name="PaymentTypeInvalidData" time="0.0">
    <skipped/>
  </testcase> <!-- PaymentTypeInvalidData -->
  <testcase classname="litigationManagement.CFO" name="PaymentTypeCloseButton" time="0.0">
    <skipped/>
  </testcase> <!-- PaymentTypeCloseButton -->
  <testcase classname="litigationManagement.CFO" name="Masters7" time="0.0">
    <skipped/>
  </testcase> <!-- Masters7 -->
  <testcase classname="litigationManagement.CFO" name="customParameterWithoutData" time="0.0">
    <skipped/>
  </testcase> <!-- customParameterWithoutData -->
  <testcase classname="litigationManagement.CFO" name="customParameterInvalidData" time="0.0">
    <skipped/>
  </testcase> <!-- customParameterInvalidData -->
  <testcase classname="litigationManagement.CFO" name="customParameterCloseButton" time="0.0">
    <skipped/>
  </testcase> <!-- customParameterCloseButton -->
  <testcase classname="litigationManagement.CFO" name="Masters8" time="0.0">
    <skipped/>
  </testcase> <!-- Masters8 -->
  <testcase classname="litigationManagement.CFO" name="CaseStageWithoutData" time="0.0">
    <skipped/>
  </testcase> <!-- CaseStageWithoutData -->
  <testcase classname="litigationManagement.CFO" name="CaseStageInvalidData" time="0.0">
    <skipped/>
  </testcase> <!-- CaseStageInvalidData -->
  <testcase classname="litigationManagement.CFO" name="CaseStageCloseButton" time="0.0">
    <skipped/>
  </testcase> <!-- CaseStageCloseButton -->
  <testcase classname="litigationManagement.CFO" name="Masters9" time="0.0">
    <skipped/>
  </testcase> <!-- Masters9 -->
  <testcase classname="litigationManagement.CFO" name="DocumentTypeWithoutData" time="0.0">
    <skipped/>
  </testcase> <!-- DocumentTypeWithoutData -->
  <testcase classname="litigationManagement.CFO" name="DocumentTypeInvalidData" time="0.0">
    <skipped/>
  </testcase> <!-- DocumentTypeInvalidData -->
  <testcase classname="litigationManagement.CFO" name="DocumentTypeCloseButton" time="0.0">
    <skipped/>
  </testcase> <!-- DocumentTypeCloseButton -->
  <testcase classname="litigationManagement.CFO" name="Masters10" time="0.0">
    <skipped/>
  </testcase> <!-- Masters10 -->
  <testcase classname="litigationManagement.CFO" name="RatingCriteriaWithoutData" time="0.0">
    <skipped/>
  </testcase> <!-- RatingCriteriaWithoutData -->
  <testcase classname="litigationManagement.CFO" name="RatingCriteriaInvalidData" time="0.0">
    <skipped/>
  </testcase> <!-- RatingCriteriaInvalidData -->
  <testcase classname="litigationManagement.CFO" name="RatingCriteriaCloseButton" time="0.0">
    <skipped/>
  </testcase> <!-- RatingCriteriaCloseButton -->
  <testcase classname="litigationManagement.CFO" name="Masters12" time="0.0">
    <skipped/>
  </testcase> <!-- Masters12 -->
  <testcase classname="litigationManagement.CFO" name="Masters11" time="0.0">
    <skipped/>
  </testcase> <!-- Masters11 -->
  <testcase classname="litigationManagement.CFO" name="Masters13" time="0.0">
    <skipped/>
  </testcase> <!-- Masters13 -->
  <testcase classname="litigationManagement.CFO" name="HearingCalender" time="0.0">
    <skipped/>
  </testcase> <!-- HearingCalender -->
</testsuite> <!-- Default test -->
