<?xml version="1.0" encoding="UTF-8"?>
<!-- Generated by org.testng.reporters.JUnitXMLReporter -->
<testsuite ignored="0" hostname="TRPL-PUN-0115" failures="0" tests="75" name="FirefoxTest" time="5.695" errors="0" timestamp="2024-02-12T10:56:33 IST">
  <testcase classname="CriticalTestCases.CFOlogin" name="@BeforeMethod Login" time="4.527">
    <failure type="org.openqa.selenium.NoSuchWindowException" message="no such window: target window already closed
from unknown error: web view not found
  (Session info: chrome=121.0.6167.161)
Build info: version: &amp;apos;3.141.0&amp;apos;, revision: &amp;apos;2ecb7d9a&amp;apos;, time: &amp;apos;2018-10-31T20:09:30&amp;apos;
System info: host: &amp;apos;TRPL-PUN-0115&amp;apos;, ip: &amp;apos;192.168.0.105&amp;apos;, os.name: &amp;apos;Windows 10&amp;apos;, os.arch: &amp;apos;amd64&amp;apos;, os.version: &amp;apos;10.0&amp;apos;, java.version: &amp;apos;20&amp;apos;
Driver info: org.openqa.selenium.chrome.ChromeDriver
Capabilities {acceptInsecureCerts: false, browserName: chrome, browserVersion: 121.0.6167.161, chrome: {chromedriverVersion: 121.0.6167.85 (3f98d690ad7e..., userDataDir: C:\Users\snehalp\AppData\Lo...}, fedcm:accounts: true, goog:chromeOptions: {debuggerAddress: localhost:52184}, javascriptEnabled: true, networkConnectionEnabled: false, pageLoadStrategy: normal, platform: WINDOWS, platformName: WINDOWS, proxy: Proxy(), setWindowRect: true, strictFileInteractability: false, timeouts: {implicit: 0, pageLoad: 300000, script: 30000}, unhandledPromptBehavior: dismiss and notify, webauthn:extension:credBlob: true, webauthn:extension:largeBlob: true, webauthn:extension:minPinLength: true, webauthn:extension:prf: true, webauthn:virtualAuthenticators: true}
Session ID: 7e48eb75a107a0865f6c6f6fc4e7afff
*** Element info: {Using=xpath, value=//input[@placeholder=&amp;apos;Username&amp;apos;]}">
      <![CDATA[org.openqa.selenium.NoSuchWindowException: no such window: target window already closed
from unknown error: web view not found
  (Session info: chrome=121.0.6167.161)
Build info: version: '3.141.0', revision: '2ecb7d9a', time: '2018-10-31T20:09:30'
System info: host: 'TRPL-PUN-0115', ip: '192.168.0.105', os.name: 'Windows 10', os.arch: 'amd64', os.version: '10.0', java.version: '20'
Driver info: org.openqa.selenium.chrome.ChromeDriver
Capabilities {acceptInsecureCerts: false, browserName: chrome, browserVersion: 121.0.6167.161, chrome: {chromedriverVersion: 121.0.6167.85 (3f98d690ad7e..., userDataDir: C:\Users\snehalp\AppData\Lo...}, fedcm:accounts: true, goog:chromeOptions: {debuggerAddress: localhost:52184}, javascriptEnabled: true, networkConnectionEnabled: false, pageLoadStrategy: normal, platform: WINDOWS, platformName: WINDOWS, proxy: Proxy(), setWindowRect: true, strictFileInteractability: false, timeouts: {implicit: 0, pageLoad: 300000, script: 30000}, unhandledPromptBehavior: dismiss and notify, webauthn:extension:credBlob: true, webauthn:extension:largeBlob: true, webauthn:extension:minPinLength: true, webauthn:extension:prf: true, webauthn:virtualAuthenticators: true}
Session ID: 7e48eb75a107a0865f6c6f6fc4e7afff
*** Element info: {Using=xpath, value=//input[@placeholder='Username']}
at org.openqa.selenium.remote.http.W3CHttpResponseCodec.createException(W3CHttpResponseCodec.java:187)
at org.openqa.selenium.remote.http.W3CHttpResponseCodec.decode(W3CHttpResponseCodec.java:122)
at org.openqa.selenium.remote.http.W3CHttpResponseCodec.decode(W3CHttpResponseCodec.java:49)
at org.openqa.selenium.remote.HttpCommandExecutor.execute(HttpCommandExecutor.java:158)
at org.openqa.selenium.remote.service.DriverCommandExecutor.execute(DriverCommandExecutor.java:83)
at org.openqa.selenium.remote.RemoteWebDriver.execute(RemoteWebDriver.java:552)
at org.openqa.selenium.remote.RemoteWebDriver.findElement(RemoteWebDriver.java:323)
at org.openqa.selenium.remote.RemoteWebDriver.findElementByXPath(RemoteWebDriver.java:428)
at org.openqa.selenium.By$ByXPath.findElement(By.java:353)
at org.openqa.selenium.remote.RemoteWebDriver.findElement(RemoteWebDriver.java:315)
at login.LoginPOM.setUname(LoginPOM.java:22)
at login.Login.UserLogin(Login.java:105)
at CriticalTestCases.CFOlogin.Login(CFOlogin.java:86)
at java.base/java.util.ArrayList.forEach(ArrayList.java:1511)
... Removed 32 stack frames]]>
    </failure>
  </testcase> <!-- @BeforeMethod Login -->
  <testcase classname="CriticalTestCases.CFOlogin" name="@AfterMethod Close" time="-1.707715592554E9">
    <skipped/>
  </testcase> <!-- @AfterMethod Close -->
  <testcase classname="CriticalTestCases.CFOlogin" name="@BeforeMethod Login" time="-1.707715592556E9">
    <skipped/>
  </testcase> <!-- @BeforeMethod Login -->
  <testcase classname="CriticalTestCases.CFOlogin" name="@AfterMethod Close" time="-1.707715592561E9">
    <skipped/>
  </testcase> <!-- @AfterMethod Close -->
  <testcase classname="CriticalTestCases.CFOlogin" name="@BeforeMethod Login" time="-1.707715592563E9">
    <skipped/>
  </testcase> <!-- @BeforeMethod Login -->
  <testcase classname="CriticalTestCases.CFOlogin" name="@AfterMethod Close" time="-1.707715592567E9">
    <skipped/>
  </testcase> <!-- @AfterMethod Close -->
  <testcase classname="CriticalTestCases.CFOlogin" name="@BeforeMethod Login" time="-1.707715592572E9">
    <skipped/>
  </testcase> <!-- @BeforeMethod Login -->
  <testcase classname="CriticalTestCases.CFOlogin" name="@AfterMethod Close" time="-1.707715592576E9">
    <skipped/>
  </testcase> <!-- @AfterMethod Close -->
  <testcase classname="CriticalTestCases.CFOlogin" name="@BeforeMethod Login" time="-1.707715592579E9">
    <skipped/>
  </testcase> <!-- @BeforeMethod Login -->
  <testcase classname="CriticalTestCases.CFOlogin" name="@AfterMethod Close" time="-1.707715592584E9">
    <skipped/>
  </testcase> <!-- @AfterMethod Close -->
  <testcase classname="CriticalTestCases.CFOlogin" name="@BeforeMethod Login" time="-1.707715592586E9">
    <skipped/>
  </testcase> <!-- @BeforeMethod Login -->
  <testcase classname="CriticalTestCases.CFOlogin" name="@AfterMethod Close" time="-1.707715592593E9">
    <skipped/>
  </testcase> <!-- @AfterMethod Close -->
  <testcase classname="CriticalTestCases.CFOlogin" name="@BeforeMethod Login" time="-1.707715592596E9">
    <skipped/>
  </testcase> <!-- @BeforeMethod Login -->
  <testcase classname="CriticalTestCases.CFOlogin" name="@AfterMethod Close" time="-1.7077155926E9">
    <skipped/>
  </testcase> <!-- @AfterMethod Close -->
  <testcase classname="CriticalTestCases.CFOlogin" name="@BeforeMethod Login" time="-1.707715592603E9">
    <skipped/>
  </testcase> <!-- @BeforeMethod Login -->
  <testcase classname="CriticalTestCases.CFOlogin" name="@AfterMethod Close" time="-1.707715592607E9">
    <skipped/>
  </testcase> <!-- @AfterMethod Close -->
  <testcase classname="CriticalTestCases.CFOlogin" name="@BeforeMethod Login" time="-1.707715592612E9">
    <skipped/>
  </testcase> <!-- @BeforeMethod Login -->
  <testcase classname="CriticalTestCases.CFOlogin" name="@AfterMethod Close" time="-1.707715592615E9">
    <skipped/>
  </testcase> <!-- @AfterMethod Close -->
  <testcase classname="CriticalTestCases.CFOlogin" name="@BeforeMethod Login" time="-1.707715592617E9">
    <skipped/>
  </testcase> <!-- @BeforeMethod Login -->
  <testcase classname="CriticalTestCases.CFOlogin" name="@AfterMethod Close" time="-1.707715592622E9">
    <skipped/>
  </testcase> <!-- @AfterMethod Close -->
  <testcase classname="CriticalTestCases.CFOlogin" name="@BeforeMethod Login" time="-1.707715592624E9">
    <skipped/>
  </testcase> <!-- @BeforeMethod Login -->
  <testcase classname="CriticalTestCases.CFOlogin" name="@AfterMethod Close" time="-1.707715592629E9">
    <skipped/>
  </testcase> <!-- @AfterMethod Close -->
  <testcase classname="CriticalTestCases.CFOlogin" name="@BeforeMethod Login" time="-1.707715592632E9">
    <skipped/>
  </testcase> <!-- @BeforeMethod Login -->
  <testcase classname="CriticalTestCases.CFOlogin" name="@AfterMethod Close" time="-1.707715592656E9">
    <skipped/>
  </testcase> <!-- @AfterMethod Close -->
  <testcase classname="CriticalTestCases.CFOlogin" name="@BeforeMethod Login" time="-1.707715592662E9">
    <skipped/>
  </testcase> <!-- @BeforeMethod Login -->
  <testcase classname="CriticalTestCases.CFOlogin" name="@AfterMethod Close" time="-1.707715592668E9">
    <skipped/>
  </testcase> <!-- @AfterMethod Close -->
  <testcase classname="CriticalTestCases.CFOlogin" name="@BeforeMethod Login" time="-1.707715592673E9">
    <skipped/>
  </testcase> <!-- @BeforeMethod Login -->
  <testcase classname="CriticalTestCases.CFOlogin" name="@AfterMethod Close" time="-1.707715592687E9">
    <skipped/>
  </testcase> <!-- @AfterMethod Close -->
  <testcase classname="CriticalTestCases.CFOlogin" name="@BeforeMethod Login" time="-1.707715592689E9">
    <skipped/>
  </testcase> <!-- @BeforeMethod Login -->
  <testcase classname="CriticalTestCases.CFOlogin" name="@AfterMethod Close" time="-1.707715592697E9">
    <skipped/>
  </testcase> <!-- @AfterMethod Close -->
  <testcase classname="CriticalTestCases.CFOlogin" name="@BeforeMethod Login" time="-1.707715592704E9">
    <skipped/>
  </testcase> <!-- @BeforeMethod Login -->
  <testcase classname="CriticalTestCases.CFOlogin" name="@AfterMethod Close" time="-1.707715592713E9">
    <skipped/>
  </testcase> <!-- @AfterMethod Close -->
  <testcase classname="CriticalTestCases.CFOlogin" name="@BeforeMethod Login" time="-1.707715592717E9">
    <skipped/>
  </testcase> <!-- @BeforeMethod Login -->
  <testcase classname="CriticalTestCases.CFOlogin" name="@AfterMethod Close" time="-1.707715592781E9">
    <skipped/>
  </testcase> <!-- @AfterMethod Close -->
  <testcase classname="CriticalTestCases.CFOlogin" name="@BeforeMethod Login" time="-1.707715592783E9">
    <skipped/>
  </testcase> <!-- @BeforeMethod Login -->
  <testcase classname="CriticalTestCases.CFOlogin" name="@AfterMethod Close" time="-1.707715592787E9">
    <skipped/>
  </testcase> <!-- @AfterMethod Close -->
  <testcase classname="CriticalTestCases.CFOlogin" name="@BeforeMethod Login" time="-1.707715592789E9">
    <skipped/>
  </testcase> <!-- @BeforeMethod Login -->
  <testcase classname="CriticalTestCases.CFOlogin" name="@AfterMethod Close" time="-1.707715592797E9">
    <skipped/>
  </testcase> <!-- @AfterMethod Close -->
  <testcase classname="CriticalTestCases.CFOlogin" name="@BeforeMethod Login" time="-1.707715592799E9">
    <skipped/>
  </testcase> <!-- @BeforeMethod Login -->
  <testcase classname="CriticalTestCases.CFOlogin" name="@AfterMethod Close" time="-1.707715592807E9">
    <skipped/>
  </testcase> <!-- @AfterMethod Close -->
  <testcase classname="CriticalTestCases.CFOlogin" name="@BeforeMethod Login" time="-1.707715592809E9">
    <skipped/>
  </testcase> <!-- @BeforeMethod Login -->
  <testcase classname="CriticalTestCases.CFOlogin" name="@AfterMethod Close" time="-1.707715592814E9">
    <skipped/>
  </testcase> <!-- @AfterMethod Close -->
  <testcase classname="CriticalTestCases.CFOlogin" name="@BeforeMethod Login" time="-1.707715592816E9">
    <skipped/>
  </testcase> <!-- @BeforeMethod Login -->
  <testcase classname="CriticalTestCases.CFOlogin" name="@AfterMethod Close" time="-1.707715592819E9">
    <skipped/>
  </testcase> <!-- @AfterMethod Close -->
  <testcase classname="CriticalTestCases.CFOlogin" name="@BeforeMethod Login" time="-1.707715592822E9">
    <skipped/>
  </testcase> <!-- @BeforeMethod Login -->
  <testcase classname="CriticalTestCases.CFOlogin" name="@AfterMethod Close" time="-1.707715592826E9">
    <skipped/>
  </testcase> <!-- @AfterMethod Close -->
  <testcase classname="CriticalTestCases.CFOlogin" name="@BeforeMethod Login" time="-1.707715592845E9">
    <skipped/>
  </testcase> <!-- @BeforeMethod Login -->
  <testcase classname="CriticalTestCases.CFOlogin" name="@AfterMethod Close" time="-1.707715592852E9">
    <skipped/>
  </testcase> <!-- @AfterMethod Close -->
  <testcase classname="CriticalTestCases.CFOlogin" name="@BeforeMethod Login" time="-1.707715592856E9">
    <skipped/>
  </testcase> <!-- @BeforeMethod Login -->
  <testcase classname="CriticalTestCases.CFOlogin" name="@AfterMethod Close" time="-1.707715592863E9">
    <skipped/>
  </testcase> <!-- @AfterMethod Close -->
  <testcase classname="CriticalTestCases.CFOlogin" name="@BeforeMethod Login" time="-1.707715592865E9">
    <skipped/>
  </testcase> <!-- @BeforeMethod Login -->
  <testcase classname="CriticalTestCases.CFOlogin" name="@AfterMethod Close" time="-1.707715592869E9">
    <skipped/>
  </testcase> <!-- @AfterMethod Close -->
  <testcase classname="CriticalTestCases.CFOlogin" name="@BeforeMethod Login" time="-1.707715592872E9">
    <skipped/>
  </testcase> <!-- @BeforeMethod Login -->
  <testcase classname="CriticalTestCases.CFOlogin" name="@AfterMethod Close" time="-1.707715592876E9">
    <skipped/>
  </testcase> <!-- @AfterMethod Close -->
  <testcase classname="CriticalTestCases.CFOlogin" name="@BeforeMethod Login" time="-1.707715592879E9">
    <skipped/>
  </testcase> <!-- @BeforeMethod Login -->
  <testcase classname="CriticalTestCases.CFOlogin" name="@AfterMethod Close" time="-1.707715592885E9">
    <skipped/>
  </testcase> <!-- @AfterMethod Close -->
  <testcase classname="CriticalTestCases.CFOlogin" name="@BeforeMethod Login" time="-1.707715592888E9">
    <skipped/>
  </testcase> <!-- @BeforeMethod Login -->
  <testcase classname="CriticalTestCases.CFOlogin" name="@AfterMethod Close" time="-1.707715592893E9">
    <skipped/>
  </testcase> <!-- @AfterMethod Close -->
  <testcase classname="CriticalTestCases.CFOlogin" name="@BeforeMethod Login" time="-1.707715592904E9">
    <skipped/>
  </testcase> <!-- @BeforeMethod Login -->
  <testcase classname="CriticalTestCases.CFOlogin" name="@AfterMethod Close" time="-1.707715592908E9">
    <skipped/>
  </testcase> <!-- @AfterMethod Close -->
  <testcase classname="CriticalTestCases.CFOlogin" name="@BeforeMethod Login" time="-1.707715592912E9">
    <skipped/>
  </testcase> <!-- @BeforeMethod Login -->
  <testcase classname="CriticalTestCases.CFOlogin" name="@AfterMethod Close" time="-1.707715592916E9">
    <skipped/>
  </testcase> <!-- @AfterMethod Close -->
  <testcase classname="CriticalTestCases.CFOlogin" name="@BeforeMethod Login" time="-1.707715592919E9">
    <skipped/>
  </testcase> <!-- @BeforeMethod Login -->
  <testcase classname="CriticalTestCases.CFOlogin" name="@AfterMethod Close" time="-1.707715592925E9">
    <skipped/>
  </testcase> <!-- @AfterMethod Close -->
  <testcase classname="CriticalTestCases.CFOlogin" name="@BeforeMethod Login" time="-1.707715592927E9">
    <skipped/>
  </testcase> <!-- @BeforeMethod Login -->
  <testcase classname="CriticalTestCases.CFOlogin" name="@AfterMethod Close" time="-1.707715592935E9">
    <skipped/>
  </testcase> <!-- @AfterMethod Close -->
  <testcase classname="CriticalTestCases.CFOlogin" name="@BeforeMethod Login" time="-1.707715592937E9">
    <skipped/>
  </testcase> <!-- @BeforeMethod Login -->
  <testcase classname="CriticalTestCases.CFOlogin" name="@AfterMethod Close" time="-1.707715592946E9">
    <skipped/>
  </testcase> <!-- @AfterMethod Close -->
  <testcase classname="CriticalTestCases.CFOlogin" name="@BeforeMethod Login" time="-1.707715592948E9">
    <skipped/>
  </testcase> <!-- @BeforeMethod Login -->
  <testcase classname="CriticalTestCases.CFOlogin" name="@AfterMethod Close" time="-1.707715592953E9">
    <skipped/>
  </testcase> <!-- @AfterMethod Close -->
  <testcase classname="CriticalTestCases.CFOlogin" name="@BeforeMethod Login" time="-1.707715592954E9">
    <skipped/>
  </testcase> <!-- @BeforeMethod Login -->
  <testcase classname="CriticalTestCases.CFOlogin" name="@AfterMethod Close" time="-1.707715592973E9">
    <skipped/>
  </testcase> <!-- @AfterMethod Close -->
  <testcase classname="CriticalTestCases.CFOlogin" name="@BeforeMethod Login" time="-1.707715592975E9">
    <skipped/>
  </testcase> <!-- @BeforeMethod Login -->
  <testcase classname="CriticalTestCases.CFOlogin" name="@AfterMethod Close" time="-1.70771559298E9">
    <skipped/>
  </testcase> <!-- @AfterMethod Close -->
  <testcase classname="CriticalTestCases.CFOlogin" name="@BeforeMethod Login" time="-1.707715592985E9">
    <skipped/>
  </testcase> <!-- @BeforeMethod Login -->
  <testcase classname="CriticalTestCases.CFOlogin" name="@AfterMethod Close" time="-1.707715592989E9">
    <skipped/>
  </testcase> <!-- @AfterMethod Close -->
  <testcase classname="CriticalTestCases.CFOlogin" name="@BeforeMethod Login" time="-1.70771559299E9">
    <skipped/>
  </testcase> <!-- @BeforeMethod Login -->
  <testcase classname="CriticalTestCases.CFOlogin" name="@AfterMethod Close" time="-1.707715592996E9">
    <skipped/>
  </testcase> <!-- @AfterMethod Close -->
  <testcase classname="CriticalTestCases.CFOlogin" name="@BeforeMethod Login" time="-1.707715592998E9">
    <skipped/>
  </testcase> <!-- @BeforeMethod Login -->
  <testcase classname="CriticalTestCases.CFOlogin" name="@AfterMethod Close" time="-1.707715593003E9">
    <skipped/>
  </testcase> <!-- @AfterMethod Close -->
  <testcase classname="CriticalTestCases.CFOlogin" name="@BeforeMethod Login" time="-1.707715593006E9">
    <skipped/>
  </testcase> <!-- @BeforeMethod Login -->
  <testcase classname="CriticalTestCases.CFOlogin" name="@AfterMethod Close" time="-1.707715593014E9">
    <skipped/>
  </testcase> <!-- @AfterMethod Close -->
  <testcase classname="CriticalTestCases.CFOlogin" name="@BeforeMethod Login" time="-1.707715593016E9">
    <skipped/>
  </testcase> <!-- @BeforeMethod Login -->
  <testcase classname="CriticalTestCases.CFOlogin" name="@AfterMethod Close" time="-1.707715593035E9">
    <skipped/>
  </testcase> <!-- @AfterMethod Close -->
  <testcase classname="CriticalTestCases.CFOlogin" name="@BeforeMethod Login" time="-1.707715593069E9">
    <skipped/>
  </testcase> <!-- @BeforeMethod Login -->
  <testcase classname="CriticalTestCases.CFOlogin" name="@AfterMethod Close" time="-1.707715593075E9">
    <skipped/>
  </testcase> <!-- @AfterMethod Close -->
  <testcase classname="CriticalTestCases.CFOlogin" name="@BeforeMethod Login" time="-1.707715593079E9">
    <skipped/>
  </testcase> <!-- @BeforeMethod Login -->
  <testcase classname="CriticalTestCases.CFOlogin" name="@AfterMethod Close" time="-1.707715593084E9">
    <skipped/>
  </testcase> <!-- @AfterMethod Close -->
  <testcase classname="CriticalTestCases.CFOlogin" name="@BeforeMethod Login" time="-1.707715593085E9">
    <skipped/>
  </testcase> <!-- @BeforeMethod Login -->
  <testcase classname="CriticalTestCases.CFOlogin" name="@AfterMethod Close" time="-1.707715593088E9">
    <skipped/>
  </testcase> <!-- @AfterMethod Close -->
  <testcase classname="CriticalTestCases.CFOlogin" name="@BeforeMethod Login" time="-1.707715593089E9">
    <skipped/>
  </testcase> <!-- @BeforeMethod Login -->
  <testcase classname="CriticalTestCases.CFOlogin" name="@AfterMethod Close" time="-1.707715593096E9">
    <skipped/>
  </testcase> <!-- @AfterMethod Close -->
  <testcase classname="CriticalTestCases.CFOlogin" name="@BeforeMethod Login" time="-1.707715593098E9">
    <skipped/>
  </testcase> <!-- @BeforeMethod Login -->
  <testcase classname="CriticalTestCases.CFOlogin" name="@AfterMethod Close" time="-1.707715593103E9">
    <skipped/>
  </testcase> <!-- @AfterMethod Close -->
  <testcase classname="CriticalTestCases.CFOlogin" name="@BeforeMethod Login" time="-1.707715593105E9">
    <skipped/>
  </testcase> <!-- @BeforeMethod Login -->
  <testcase classname="CriticalTestCases.CFOlogin" name="@AfterMethod Close" time="-1.70771559311E9">
    <skipped/>
  </testcase> <!-- @AfterMethod Close -->
  <testcase classname="CriticalTestCases.CFOlogin" name="@BeforeMethod Login" time="-1.707715593113E9">
    <skipped/>
  </testcase> <!-- @BeforeMethod Login -->
  <testcase classname="CriticalTestCases.CFOlogin" name="@AfterMethod Close" time="-1.707715593146E9">
    <skipped/>
  </testcase> <!-- @AfterMethod Close -->
  <testcase classname="CriticalTestCases.CFOlogin" name="@BeforeMethod Login" time="-1.707715593147E9">
    <skipped/>
  </testcase> <!-- @BeforeMethod Login -->
  <testcase classname="CriticalTestCases.CFOlogin" name="@AfterMethod Close" time="-1.707715593153E9">
    <skipped/>
  </testcase> <!-- @AfterMethod Close -->
  <testcase classname="CriticalTestCases.CFOlogin" name="@BeforeMethod Login" time="-1.707715593154E9">
    <skipped/>
  </testcase> <!-- @BeforeMethod Login -->
  <testcase classname="CriticalTestCases.CFOlogin" name="@AfterMethod Close" time="-1.707715593158E9">
    <skipped/>
  </testcase> <!-- @AfterMethod Close -->
  <testcase classname="CriticalTestCases.CFOlogin" name="@BeforeMethod Login" time="-1.707715593164E9">
    <skipped/>
  </testcase> <!-- @BeforeMethod Login -->
  <testcase classname="CriticalTestCases.CFOlogin" name="@AfterMethod Close" time="-1.707715593169E9">
    <skipped/>
  </testcase> <!-- @AfterMethod Close -->
  <testcase classname="CriticalTestCases.CFOlogin" name="@BeforeMethod Login" time="-1.70771559317E9">
    <skipped/>
  </testcase> <!-- @BeforeMethod Login -->
  <testcase classname="CriticalTestCases.CFOlogin" name="@AfterMethod Close" time="-1.707715593175E9">
    <skipped/>
  </testcase> <!-- @AfterMethod Close -->
  <testcase classname="CriticalTestCases.CFOlogin" name="@BeforeMethod Login" time="-1.707715593179E9">
    <skipped/>
  </testcase> <!-- @BeforeMethod Login -->
  <testcase classname="CriticalTestCases.CFOlogin" name="@AfterMethod Close" time="-1.707715593187E9">
    <skipped/>
  </testcase> <!-- @AfterMethod Close -->
  <testcase classname="CriticalTestCases.CFOlogin" name="@BeforeMethod Login" time="-1.707715593189E9">
    <skipped/>
  </testcase> <!-- @BeforeMethod Login -->
  <testcase classname="CriticalTestCases.CFOlogin" name="@AfterMethod Close" time="-1.707715593196E9">
    <skipped/>
  </testcase> <!-- @AfterMethod Close -->
  <testcase classname="CriticalTestCases.CFOlogin" name="@BeforeMethod Login" time="-1.707715593233E9">
    <skipped/>
  </testcase> <!-- @BeforeMethod Login -->
  <testcase classname="CriticalTestCases.CFOlogin" name="@AfterMethod Close" time="-1.707715593236E9">
    <skipped/>
  </testcase> <!-- @AfterMethod Close -->
  <testcase classname="CriticalTestCases.CFOlogin" name="@BeforeMethod Login" time="-1.70771559324E9">
    <skipped/>
  </testcase> <!-- @BeforeMethod Login -->
  <testcase classname="CriticalTestCases.CFOlogin" name="@AfterMethod Close" time="-1.707715593249E9">
    <skipped/>
  </testcase> <!-- @AfterMethod Close -->
  <testcase classname="CriticalTestCases.CFOlogin" name="@BeforeMethod Login" time="-1.707715593253E9">
    <skipped/>
  </testcase> <!-- @BeforeMethod Login -->
  <testcase classname="CriticalTestCases.CFOlogin" name="@AfterMethod Close" time="-1.70771559327E9">
    <skipped/>
  </testcase> <!-- @AfterMethod Close -->
  <testcase classname="CriticalTestCases.CFOlogin" name="@BeforeMethod Login" time="-1.707715593272E9">
    <skipped/>
  </testcase> <!-- @BeforeMethod Login -->
  <testcase classname="CriticalTestCases.CFOlogin" name="@AfterMethod Close" time="-1.707715593277E9">
    <skipped/>
  </testcase> <!-- @AfterMethod Close -->
  <testcase classname="CriticalTestCases.CFOlogin" name="@BeforeMethod Login" time="-1.707715593279E9">
    <skipped/>
  </testcase> <!-- @BeforeMethod Login -->
  <testcase classname="CriticalTestCases.CFOlogin" name="@AfterMethod Close" time="-1.707715593284E9">
    <skipped/>
  </testcase> <!-- @AfterMethod Close -->
  <testcase classname="CriticalTestCases.CFOlogin" name="@BeforeMethod Login" time="-1.707715593286E9">
    <skipped/>
  </testcase> <!-- @BeforeMethod Login -->
  <testcase classname="CriticalTestCases.CFOlogin" name="@AfterMethod Close" time="-1.70771559329E9">
    <skipped/>
  </testcase> <!-- @AfterMethod Close -->
  <testcase classname="CriticalTestCases.CFOlogin" name="@BeforeMethod Login" time="-1.707715593295E9">
    <skipped/>
  </testcase> <!-- @BeforeMethod Login -->
  <testcase classname="CriticalTestCases.CFOlogin" name="@AfterMethod Close" time="-1.7077155933E9">
    <skipped/>
  </testcase> <!-- @AfterMethod Close -->
  <testcase classname="CriticalTestCases.CFOlogin" name="@BeforeMethod Login" time="-1.707715593303E9">
    <skipped/>
  </testcase> <!-- @BeforeMethod Login -->
  <testcase classname="CriticalTestCases.CFOlogin" name="@AfterMethod Close" time="-1.707715593307E9">
    <skipped/>
  </testcase> <!-- @AfterMethod Close -->
  <testcase classname="CriticalTestCases.CFOlogin" name="@BeforeMethod Login" time="-1.707715593309E9">
    <skipped/>
  </testcase> <!-- @BeforeMethod Login -->
  <testcase classname="CriticalTestCases.CFOlogin" name="@AfterMethod Close" time="-1.707715593317E9">
    <skipped/>
  </testcase> <!-- @AfterMethod Close -->
  <testcase classname="CriticalTestCases.CFOlogin" name="@BeforeMethod Login" time="-1.707715593321E9">
    <skipped/>
  </testcase> <!-- @BeforeMethod Login -->
  <testcase classname="CriticalTestCases.CFOlogin" name="@AfterMethod Close" time="-1.707715593327E9">
    <skipped/>
  </testcase> <!-- @AfterMethod Close -->
  <testcase classname="CriticalTestCases.CFOlogin" name="@BeforeMethod Login" time="-1.707715593329E9">
    <skipped/>
  </testcase> <!-- @BeforeMethod Login -->
  <testcase classname="CriticalTestCases.CFOlogin" name="@AfterMethod Close" time="-1.707715593338E9">
    <skipped/>
  </testcase> <!-- @AfterMethod Close -->
  <testcase classname="CriticalTestCases.CFOlogin" name="@BeforeMethod Login" time="-1.70771559334E9">
    <skipped/>
  </testcase> <!-- @BeforeMethod Login -->
  <testcase classname="CriticalTestCases.CFOlogin" name="@AfterMethod Close" time="-1.707715593348E9">
    <skipped/>
  </testcase> <!-- @AfterMethod Close -->
  <testcase classname="CriticalTestCases.CFOlogin" name="@BeforeMethod Login" time="-1.707715593351E9">
    <skipped/>
  </testcase> <!-- @BeforeMethod Login -->
  <testcase classname="CriticalTestCases.CFOlogin" name="@AfterMethod Close" time="-1.707715593365E9">
    <skipped/>
  </testcase> <!-- @AfterMethod Close -->
  <testcase classname="CriticalTestCases.CFOlogin" name="@BeforeMethod Login" time="-1.707715593367E9">
    <skipped/>
  </testcase> <!-- @BeforeMethod Login -->
  <testcase classname="CriticalTestCases.CFOlogin" name="@AfterMethod Close" time="-1.707715593371E9">
    <skipped/>
  </testcase> <!-- @AfterMethod Close -->
  <testcase classname="CriticalTestCases.CFOlogin" name="@BeforeMethod Login" time="-1.707715593378E9">
    <skipped/>
  </testcase> <!-- @BeforeMethod Login -->
  <testcase classname="CriticalTestCases.CFOlogin" name="@AfterMethod Close" time="-1.707715593386E9">
    <skipped/>
  </testcase> <!-- @AfterMethod Close -->
  <testcase classname="CriticalTestCases.CFOlogin" name="@BeforeMethod Login" time="-1.707715593388E9">
    <skipped/>
  </testcase> <!-- @BeforeMethod Login -->
  <testcase classname="CriticalTestCases.CFOlogin" name="@AfterMethod Close" time="-1.707715593391E9">
    <skipped/>
  </testcase> <!-- @AfterMethod Close -->
  <testcase classname="CriticalTestCases.CFOlogin" name="@BeforeMethod Login" time="-1.707715593395E9">
    <skipped/>
  </testcase> <!-- @BeforeMethod Login -->
  <testcase classname="CriticalTestCases.CFOlogin" name="@AfterMethod Close" time="-1.7077155934E9">
    <skipped/>
  </testcase> <!-- @AfterMethod Close -->
  <testcase classname="CriticalTestCases.CFOlogin" name="@BeforeMethod Login" time="-1.707715593404E9">
    <skipped/>
  </testcase> <!-- @BeforeMethod Login -->
  <testcase classname="CriticalTestCases.CFOlogin" name="@AfterMethod Close" time="-1.707715593408E9">
    <skipped/>
  </testcase> <!-- @AfterMethod Close -->
  <testcase classname="CriticalTestCases.CFOlogin" name="@BeforeMethod Login" time="-1.707715593411E9">
    <skipped/>
  </testcase> <!-- @BeforeMethod Login -->
  <testcase classname="CriticalTestCases.CFOlogin" name="@AfterMethod Close" time="-1.707715593419E9">
    <skipped/>
  </testcase> <!-- @AfterMethod Close -->
  <testcase classname="CriticalTestCases.CFOlogin" name="@BeforeMethod Login" time="-1.707715593423E9">
    <skipped/>
  </testcase> <!-- @BeforeMethod Login -->
  <testcase classname="CriticalTestCases.CFOlogin" name="@AfterMethod Close" time="-1.707715593428E9">
    <skipped/>
  </testcase> <!-- @AfterMethod Close -->
  <testcase classname="CriticalTestCases.CFOlogin" name="HearingCalender" time="0.0">
    <skipped/>
  </testcase> <!-- HearingCalender -->
  <testcase classname="CriticalTestCases.CFOlogin" name="CaseNoticeTypeGraph" time="0.0">
    <skipped/>
  </testcase> <!-- CaseNoticeTypeGraph -->
  <testcase classname="CriticalTestCases.CFOlogin" name="CaseNoticeStageGraph" time="0.0">
    <skipped/>
  </testcase> <!-- CaseNoticeStageGraph -->
  <testcase classname="CriticalTestCases.CFOlogin" name="RiskSummaryGraph" time="0.0">
    <skipped/>
  </testcase> <!-- RiskSummaryGraph -->
  <testcase classname="CriticalTestCases.CFOlogin" name="DepartmentSummaryGraph" time="0.0">
    <skipped/>
  </testcase> <!-- DepartmentSummaryGraph -->
  <testcase classname="CriticalTestCases.CFOlogin" name="LocationSummaryGraph" time="0.0">
    <skipped/>
  </testcase> <!-- LocationSummaryGraph -->
  <testcase classname="CriticalTestCases.CFOlogin" name="CategorySummaryGraph" time="0.0">
    <skipped/>
  </testcase> <!-- CategorySummaryGraph -->
  <testcase classname="CriticalTestCases.CFOlogin" name="InwardDefendantAgeingGraph" time="0.0">
    <skipped/>
  </testcase> <!-- InwardDefendantAgeingGraph -->
  <testcase classname="CriticalTestCases.CFOlogin" name="ComplainantAgeingGraph" time="0.0">
    <skipped/>
  </testcase> <!-- ComplainantAgeingGraph -->
  <testcase classname="CriticalTestCases.CFOlogin" name="ApplicantAgeingGraph" time="0.0">
    <skipped/>
  </testcase> <!-- ApplicantAgeingGraph -->
  <testcase classname="CriticalTestCases.CFOlogin" name="OutwardPlaintiffAgeingGraph" time="0.0">
    <skipped/>
  </testcase> <!-- OutwardPlaintiffAgeingGraph -->
  <testcase classname="CriticalTestCases.CFOlogin" name="PetitionerAgeingGraph" time="0.0">
    <skipped/>
  </testcase> <!-- PetitionerAgeingGraph -->
  <testcase classname="CriticalTestCases.CFOlogin" name="RespondentAgeingGraph" time="0.0">
    <skipped/>
  </testcase> <!-- RespondentAgeingGraph -->
  <testcase classname="CriticalTestCases.CFOlogin" name="ComplainantAgeingGraph1to2years" time="0.0">
    <skipped/>
  </testcase> <!-- ComplainantAgeingGraph1to2years -->
  <testcase classname="CriticalTestCases.CFOlogin" name="InwardDefendentAgeingGraph1to2years" time="0.0">
    <skipped/>
  </testcase> <!-- InwardDefendentAgeingGraph1to2years -->
  <testcase classname="CriticalTestCases.CFOlogin" name="OutwardPlaintiffAgeingGraph1to2years" time="0.0">
    <skipped/>
  </testcase> <!-- OutwardPlaintiffAgeingGraph1to2years -->
  <testcase classname="CriticalTestCases.CFOlogin" name="RespondentAgeingGraph1to2yearsAgeingGraph1to2years" time="0.0">
    <skipped/>
  </testcase> <!-- RespondentAgeingGraph1to2yearsAgeingGraph1to2years -->
  <testcase classname="CriticalTestCases.CFOlogin" name="InwardDefendentAgeingGraph2to3years" time="0.0">
    <skipped/>
  </testcase> <!-- InwardDefendentAgeingGraph2to3years -->
  <testcase classname="CriticalTestCases.CFOlogin" name="CaseNoticeTypeGraph1" time="0.0">
    <skipped/>
  </testcase> <!-- CaseNoticeTypeGraph1 -->
  <testcase classname="CriticalTestCases.CFOlogin" name="CaseNoticeStageGraph1" time="0.0">
    <skipped/>
  </testcase> <!-- CaseNoticeStageGraph1 -->
  <testcase classname="CriticalTestCases.CFOlogin" name="RiskSummaryGraph1" time="0.0">
    <skipped/>
  </testcase> <!-- RiskSummaryGraph1 -->
  <testcase classname="CriticalTestCases.CFOlogin" name="DepartmentSummaryGraph1" time="0.0">
    <skipped/>
  </testcase> <!-- DepartmentSummaryGraph1 -->
  <testcase classname="CriticalTestCases.CFOlogin" name="LocationSummaryGraph1" time="0.0">
    <skipped/>
  </testcase> <!-- LocationSummaryGraph1 -->
  <testcase classname="CriticalTestCases.CFOlogin" name="CategorySummaryGraph1" time="0.0">
    <skipped/>
  </testcase> <!-- CategorySummaryGraph1 -->
  <testcase classname="CriticalTestCases.CFOlogin" name="ExpensesCaseGraph" time="0.0">
    <skipped/>
  </testcase> <!-- ExpensesCaseGraph -->
  <testcase classname="CriticalTestCases.CFOlogin" name="ExpensesCategoryWiseCaseGraph" time="0.0">
    <skipped/>
  </testcase> <!-- ExpensesCategoryWiseCaseGraph -->
  <testcase classname="CriticalTestCases.CFOlogin" name="ExpensesCounselWiseCaseGraph" time="0.0">
    <skipped/>
  </testcase> <!-- ExpensesCounselWiseCaseGraph -->
  <testcase classname="CriticalTestCases.CFOlogin" name="UtilizedBudgetGraph" time="0.0">
    <skipped/>
  </testcase> <!-- UtilizedBudgetGraph -->
  <testcase classname="CriticalTestCases.CFOlogin" name="InwardDefendantAgeingGraphCase" time="0.0">
    <skipped/>
  </testcase> <!-- InwardDefendantAgeingGraphCase -->
  <testcase classname="CriticalTestCases.CFOlogin" name="OutwardPlaintiffAgeingGraphCase" time="0.0">
    <skipped/>
  </testcase> <!-- OutwardPlaintiffAgeingGraphCase -->
  <testcase classname="CriticalTestCases.CFOlogin" name="PetitionerAgeingGraphCase" time="0.0">
    <skipped/>
  </testcase> <!-- PetitionerAgeingGraphCase -->
  <testcase classname="CriticalTestCases.CFOlogin" name="NoticeOpen" time="0.0">
    <skipped/>
  </testcase> <!-- NoticeOpen -->
  <testcase classname="CriticalTestCases.CFOlogin" name="CaseOpen" time="0.0">
    <skipped/>
  </testcase> <!-- CaseOpen -->
  <testcase classname="CriticalTestCases.CFOlogin" name="TaskOpen" time="0.0">
    <skipped/>
  </testcase> <!-- TaskOpen -->
  <testcase classname="CriticalTestCases.CFOlogin" name="TaskDelete" time="0.0">
    <skipped/>
  </testcase> <!-- TaskDelete -->
  <testcase classname="CriticalTestCases.CFOlogin" name="NoticeClosed" time="0.0">
    <skipped/>
  </testcase> <!-- NoticeClosed -->
  <testcase classname="CriticalTestCases.CFOlogin" name="CaseClose" time="0.0">
    <skipped/>
  </testcase> <!-- CaseClose -->
  <testcase classname="CriticalTestCases.CFOlogin" name="CloseNotice" time="0.0">
    <skipped/>
  </testcase> <!-- CloseNotice -->
  <testcase classname="CriticalTestCases.CFOlogin" name="CloseCase" time="0.0">
    <skipped/>
  </testcase> <!-- CloseCase -->
  <testcase classname="CriticalTestCases.CFOlogin" name="TaskClosed" time="0.0">
    <skipped/>
  </testcase> <!-- TaskClosed -->
  <testcase classname="CriticalTestCases.CFOlogin" name="ClosedTask" time="0.0">
    <skipped/>
  </testcase> <!-- ClosedTask -->
  <testcase classname="CriticalTestCases.CFOlogin" name="NoticeDocument" time="0.0">
    <skipped/>
  </testcase> <!-- NoticeDocument -->
  <testcase classname="CriticalTestCases.CFOlogin" name="NoticeTaskActivity" time="0.0">
    <skipped/>
  </testcase> <!-- NoticeTaskActivity -->
  <testcase classname="CriticalTestCases.CFOlogin" name="NoticeResponse" time="0.0">
    <skipped/>
  </testcase> <!-- NoticeResponse -->
  <testcase classname="CriticalTestCases.CFOlogin" name="NoticePayment" time="0.0">
    <skipped/>
  </testcase> <!-- NoticePayment -->
  <testcase classname="CriticalTestCases.CFOlogin" name="NoticeExternalLawyer" time="0.0">
    <skipped/>
  </testcase> <!-- NoticeExternalLawyer -->
  <testcase classname="CriticalTestCases.CFOlogin" name="NoticeAuditLog" time="0.0">
    <skipped/>
  </testcase> <!-- NoticeAuditLog -->
  <testcase classname="CriticalTestCases.CFOlogin" name="CaseDocument" time="0.0">
    <skipped/>
  </testcase> <!-- CaseDocument -->
  <testcase classname="CriticalTestCases.CFOlogin" name="CaseTaskActivity" time="0.0">
    <skipped/>
  </testcase> <!-- CaseTaskActivity -->
  <testcase classname="CriticalTestCases.CFOlogin" name="CaseHearingcfo" time="0.0">
    <skipped/>
  </testcase> <!-- CaseHearingcfo -->
  <testcase classname="CriticalTestCases.CFOlogin" name="CaseOrder" time="0.0">
    <skipped/>
  </testcase> <!-- CaseOrder -->
  <testcase classname="CriticalTestCases.CFOlogin" name="CaseStatusPayment" time="0.0">
    <skipped/>
  </testcase> <!-- CaseStatusPayment -->
  <testcase classname="CriticalTestCases.CFOlogin" name="CaseExternalLawyerRating" time="0.0">
    <skipped/>
  </testcase> <!-- CaseExternalLawyerRating -->
  <testcase classname="CriticalTestCases.CFOlogin" name="CaseAuditLog" time="0.0">
    <skipped/>
  </testcase> <!-- CaseAuditLog -->
  <testcase classname="CriticalTestCases.CFOlogin" name="MyDocument" time="0.0">
    <skipped/>
  </testcase> <!-- MyDocument -->
  <testcase classname="CriticalTestCases.CFOlogin" name="MyReports" time="0.0">
    <skipped/>
  </testcase> <!-- MyReports -->
  <testcase classname="CriticalTestCases.CFOlogin" name="MoreReports" time="0.0">
    <skipped/>
  </testcase> <!-- MoreReports -->
  <testcase classname="CriticalTestCases.CFOlogin" name="MyReminder" time="0.0">
    <skipped/>
  </testcase> <!-- MyReminder -->
  <testcase classname="CriticalTestCases.CFOlogin" name="ImportUtility" time="0.0">
    <skipped/>
  </testcase> <!-- ImportUtility -->
  <testcase classname="CriticalTestCases.CFOlogin" name="CaseUpdationImportUtility" time="0.0">
    <skipped/>
  </testcase> <!-- CaseUpdationImportUtility -->
  <testcase classname="CriticalTestCases.CFOlogin" name="Masters" time="0.0">
    <skipped/>
  </testcase> <!-- Masters -->
  <testcase classname="CriticalTestCases.CFOlogin" name="Masters1" time="0.0">
    <skipped/>
  </testcase> <!-- Masters1 -->
  <testcase classname="CriticalTestCases.CFOlogin" name="NoticeUpdation" time="0.0">
    <skipped/>
  </testcase> <!-- NoticeUpdation -->
  <testcase classname="CriticalTestCases.CFOlogin" name="Masters2" time="0.0">
    <skipped/>
  </testcase> <!-- Masters2 -->
  <testcase classname="CriticalTestCases.CFOlogin" name="Masters3" time="0.0">
    <skipped/>
  </testcase> <!-- Masters3 -->
  <testcase classname="CriticalTestCases.CFOlogin" name="Masters4" time="0.0">
    <skipped/>
  </testcase> <!-- Masters4 -->
  <testcase classname="CriticalTestCases.CFOlogin" name="Masters5" time="0.0">
    <skipped/>
  </testcase> <!-- Masters5 -->
  <testcase classname="CriticalTestCases.CFOlogin" name="Masters6" time="0.0">
    <skipped/>
  </testcase> <!-- Masters6 -->
  <testcase classname="CriticalTestCases.CFOlogin" name="Masters7" time="0.0">
    <skipped/>
  </testcase> <!-- Masters7 -->
  <testcase classname="CriticalTestCases.CFOlogin" name="Masters8" time="0.0">
    <skipped/>
  </testcase> <!-- Masters8 -->
  <testcase classname="CriticalTestCases.CFOlogin" name="Masters9" time="0.0">
    <skipped/>
  </testcase> <!-- Masters9 -->
  <testcase classname="CriticalTestCases.CFOlogin" name="Masters10" time="0.0">
    <skipped/>
  </testcase> <!-- Masters10 -->
  <testcase classname="CriticalTestCases.CFOlogin" name="Masters12" time="0.0">
    <skipped/>
  </testcase> <!-- Masters12 -->
  <testcase classname="CriticalTestCases.CFOlogin" name="Masters11" time="0.0">
    <skipped/>
  </testcase> <!-- Masters11 -->
  <testcase classname="CriticalTestCases.CFOlogin" name="CaseHearing" time="0.0">
    <skipped/>
  </testcase> <!-- CaseHearing -->
</testsuite> <!-- FirefoxTest -->
